0,4670177
0,4484579
0,4427978
0,4208823
0.01,3973636
0.01,3812539
0.01,3723965
0.01,3592229
0.01,3524681
0.01,3448741
0.02,3354065
0.02,3349479
0.02,3269533
0.02,3269271
0.02,3259556
0.02,3167109
0.03,3158790
0.03,3121306
0.03,3091047
0.03,3016561
0.03,3016378
0.03,2942714
0.04,2912767
0.04,2867715
0.04,2803419
0.05,2790380
0.05,2688251
0.05,2598016
0.05,2468590
0.06,2446142
0.06,2406541
0.06,2384634
0.06,2372901
0.06,2347744
0.07,2341006
0.08,2317492
0.08,2305096
0.09,2300659
0.09,2284184
0.1,2259947
0.1,2256515
0.1,2251034
0.11,2219545
0.11,2210322
0.11,2120012
0.11,2117046
0.12,2101312
0.12,2087371
0.13,2069488
0.14,2066392
0.17,2053249
0.22,2039669
0.26,2032561
0.28,2016322
0.84,2003763
0,4670177
0,4484579
0,4427978
0.01,4208823
0.01,3973636
0.01,3812539
0.01,3723965
0.01,3592229
0.02,3524681
0.02,3448741
0.02,3354065
0.02,3349479
0.02,3269533
0.03,3269271
0.03,3259556
0.03,3167109
0.04,3158790
0.04,3121306
0.04,3091047
0.04,3016561
0.05,3016378
0.05,2942714
0.05,2912767
0.05,2867715
0.05,2803419
0.06,2790380
0.06,2688251
0.07,2598016
0.07,2468590
0.08,2446142
0.08,2406541
0.08,2384634
0.08,2372901
0.08,2347744
0.1,2341006
0.11,2317492
0.11,2305096
0.12,2300659
0.12,2284184
0.13,2259947
0.14,2256515
0.14,2251034
0.14,2219545
0.15,2210322
0.15,2120012
0.15,2117046
0.16,2101312
0.16,2087371
0.18,2069488
0.2,2066392
0.24,2053249
0.32,2039669
0.37,2032561
0.4,2016322
1.19,2003763
