0,4695418
0,4354909
0,4183888
0,4080880
0,4009138
0.01,3914231
0.01,3826334
0.01,3647163
0.01,3438694
0.01,3435995
0.01,3220820
0.01,3189770
0.02,3057997
0.02,2919244
0.02,2841009
0.02,2840401
0.02,2830097
0.02,2799915
0.03,2782840
0.03,2573151
0.03,2527610
0.04,2468660
0.04,2456128
0.05,2422860
0.05,2319946
0.06,2317355
0.06,2255070
0.06,2234163
0.06,2231300
0.07,2224476
0.07,2209649
0.07,2143836
0.09,2143188
0.09,2142958
0.09,2141505
0.1,2116801
0.12,2083136
0.12,2073449
0.14,2052219
0.16,2045364
0.17,2031423
0,4695418
0.01,4354909
0.01,4183888
0.01,4080880
0.01,4009138
0.01,3914231
0.02,3826334
0.02,3647163
0.02,3438694
0.03,3435995
0.03,3220820
0.04,3189770
0.04,3057997
0.04,2919244
0.04,2841009
0.05,2840401
0.05,2830097
0.05,2799915
0.06,2782840
0.07,2573151
0.08,2527610
0.08,2468660
0.1,2456128
0.12,2422860
0.12,2319946
0.14,2317355
0.14,2255070
0.15,2234163
0.15,2231300
0.16,2224476
0.16,2209649
0.17,2143836
0.22,2143188
0.23,2142958
0.23,2141505
0.23,2116801
0.27,2083136
0.27,2073449
0.31,2052219
0.34,2045364
0.36,2031423
