0,3888812
0,3673824
0,3456389
0.01,3299466
0.01,3203201
0.01,3185850
0.01,3058800
0.02,3053890
0.02,3046514
0.02,3041381
0.02,3028469
0.02,2985004
0.02,2937505
0.02,2919385
0.02,2644580
0.03,2631083
0.03,2560979
0.03,2513062
0.03,2392691
0.03,2374041
0.04,2371082
0.04,2365638
0.04,2354174
0.04,2334214
0.04,2293151
0.05,2289051
0.06,2261438
0.06,2258096
0.06,2248606
0.06,2213123
0.07,2197826
0.07,2149840
0.08,2126964
0.09,2108466
0.1,2080588
0.14,2034414
0.83,2034195
1.01,2023779
0,3888812
0.01,3673824
0.01,3456389
0.02,3299466
0.02,3203201
0.02,3185850
0.03,3058800
0.03,3053890
0.03,3046514
0.03,3041381
0.03,3028469
0.03,2985004
0.03,2937505
0.04,2919385
0.04,2644580
0.05,2631083
0.05,2560979
0.05,2513062
0.05,2392691
0.05,2374041
0.06,2371082
0.07,2365638
0.07,2354174
0.07,2334214
0.07,2293151
0.12,2289051
0.14,2261438
0.27,2258096
0.27,2248606
0.27,2213123
0.37,2197826
0.37,2149840
0.38,2126964
0.42,2108466
0.44,2080588
0.6,2034414
4.45,2034195
6.51,2023779
