0,4718633
0,4608034
0,4551797
0,4481518
0.01,4454513
0.01,4416270
0.01,4354367
0.01,4270685
0.01,3940112
0.01,3859580
0.01,3819330
0.01,3652837
0.01,3622452
0.01,3437578
0.01,3321293
0.02,3267928
0.02,3171356
0.02,3116416
0.02,2983610
0.03,2930162
0.03,2740242
0.04,2714776
0.04,2627538
0.04,2558658
0.04,2416835
0.05,2294993
0.06,2290115
0.06,2278593
0.06,2273616
0.06,2263987
0.07,2257014
0.07,2213425
0.07,2162759
0.07,2153130
0.07,2146157
0.08,2129757
0.08,2092640
0.09,2088237
0.1,2071330
0.12,2062148
0.14,2045909
0.22,2038449
0.22,2024508
0.23,2017704
0.25,2003763
0,4718633
0,4608034
0,4551797
0.01,4481518
0.01,4454513
0.01,4416270
0.01,4354367
0.01,4270685
0.01,3940112
0.01,3859580
0.01,3819330
0.01,3652837
0.01,3622452
0.01,3437578
0.02,3321293
0.02,3267928
0.02,3171356
0.02,3116416
0.02,2983610
0.03,2930162
0.03,2740242
0.04,2714776
0.04,2627538
0.04,2558658
0.05,2416835
0.06,2294993
0.06,2290115
0.06,2278593
0.06,2273616
0.07,2263987
0.07,2257014
0.07,2213425
0.07,2162759
0.08,2153130
0.08,2146157
0.08,2129757
0.08,2092640
0.09,2088237
0.11,2071330
0.12,2062148
0.14,2045909
0.22,2038449
0.22,2024508
0.22,2017704
0.24,2003763
