0,4550918
0,4485432
0,4449652
0,4431206
0.01,4132386
0.01,3980014
0.01,3878981
0.01,3821682
0.01,3645680
0.01,3572803
0.01,3430595
0.01,3412728
0.01,3371213
0.01,3127874
0.02,2954655
0.02,2942332
0.02,2888102
0.02,2811732
0.02,2800375
0.02,2771270
0.03,2612728
0.03,2584715
0.03,2560157
0.03,2543381
0.03,2525895
0.03,2512568
0.04,2312438
0.04,2264594
0.04,2226702
0.05,2215090
0.06,2190351
0.06,2171701
0.06,2121987
0.07,2095193
0.08,2089898
0.09,2078789
0.1,2073494
0.13,2051736
0.16,2049407
0.19,2044566
0.24,2031423
0,4550918
0,4485432
0,4449652
0,4431206
0.01,4132386
0.01,3980014
0.01,3878981
0.01,3821682
0.01,3645680
0.01,3572803
0.01,3430595
0.01,3412728
0.01,3371213
0.02,3127874
0.02,2954655
0.02,2942332
0.02,2888102
0.02,2811732
0.02,2800375
0.03,2771270
0.03,2612728
0.03,2584715
0.03,2560157
0.04,2543381
0.04,2525895
0.04,2512568
0.05,2312438
0.06,2264594
0.06,2226702
0.07,2215090
0.07,2190351
0.08,2171701
0.08,2121987
0.1,2095193
0.12,2089898
0.14,2078789
0.16,2073494
0.36,2051736
0.4,2049407
0.49,2044566
0.74,2031423
