0,4692441
0,4322818
0,4297112
0.01,4273315
0.01,4086017
0.01,4036515
0.01,3950153
0.01,3911123
0.01,3833035
0.01,3739308
0.01,3722302
0.01,3305394
0.02,3094218
0.02,2962610
0.02,2935220
0.02,2916809
0.02,2804432
0.03,2784240
0.03,2750035
0.03,2721524
0.03,2638523
0.03,2636579
0.03,2422596
0.04,2409630
0.04,2369464
0.04,2291374
0.04,2232233
0.05,2194630
0.05,2192320
0.06,2171296
0.06,2166720
0.06,2141780
0.07,2138362
0.07,2136020
0.07,2118164
0.08,2072409
0.09,2071330
0.09,2058468
0.13,2045909
0.16,2031423
0,4692441
0,4322818
0,4297112
0.01,4273315
0.01,4086017
0.01,4036515
0.01,3950153
0.01,3911123
0.01,3833035
0.01,3739308
0.01,3722302
0.01,3305394
0.02,3094218
0.02,2962610
0.03,2935220
0.03,2916809
0.03,2804432
0.03,2784240
0.03,2750035
0.03,2721524
0.03,2638523
0.03,2636579
0.03,2422596
0.04,2409630
0.04,2369464
0.04,2291374
0.05,2232233
0.06,2194630
0.06,2192320
0.06,2171296
0.06,2166720
0.07,2141780
0.07,2138362
0.07,2136020
0.07,2118164
0.08,2072409
0.09,2071330
0.09,2058468
0.14,2045909
0.16,2031423
