0,4244960
0,4173081
0,4126652
0,4044326
0,3830989
0.01,3790896
0.01,3758050
0.01,3607814
0.01,3598179
0.01,3446968
0.01,3422866
0.01,3421119
0.02,3419639
0.02,3197151
0.02,3189610
0.02,3069338
0.02,2927903
0.03,2875546
0.03,2784790
0.03,2736714
0.03,2731308
0.03,2719031
0.04,2696310
0.04,2665454
0.04,2574424
0.06,2467418
0.07,2466977
0.07,2311522
0.08,2290112
0.08,2272455
0.08,2218303
0.09,2204782
0.1,2198975
0.11,2186487
0.12,2168089
0.12,2105389
0.13,2096077
0.14,2079968
0.14,2075714
0.14,2070829
0.14,2062931
0.15,2059475
0.16,2054590
0.24,2045745
0.46,2044566
0.48,2031423
0,4244960
0,4173081
0,4126652
0.01,4044326
0.01,3830989
0.01,3790896
0.01,3758050
0.01,3607814
0.01,3598179
0.01,3446968
0.01,3422866
0.01,3421119
0.02,3419639
0.02,3197151
0.02,3189610
0.02,3069338
0.02,2927903
0.03,2875546
0.03,2784790
0.03,2736714
0.03,2731308
0.04,2719031
0.04,2696310
0.04,2665454
0.04,2574424
0.06,2467418
0.07,2466977
0.07,2311522
0.08,2290112
0.08,2272455
0.09,2218303
0.1,2204782
0.11,2198975
0.12,2186487
0.13,2168089
0.13,2105389
0.14,2096077
0.14,2079968
0.14,2075714
0.15,2070829
0.15,2062931
0.15,2059475
0.17,2054590
0.25,2045745
0.47,2044566
0.5,2031423
