0,4639964
0,4354771
0,4270198
0.01,4179319
0.01,4169438
0.01,4085021
0.01,4051488
0.01,3994142
0.01,3878570
0.01,3809663
0.01,3747189
0.01,3739105
0.01,3432415
0.01,3305152
0.01,3277572
0.01,3239743
0.02,3239735
0.02,3200353
0.02,3192016
0.02,3165919
0.03,3162169
0.03,3161107
0.03,3095524
0.03,3055431
0.03,3024967
0.03,3005625
0.03,2811600
0.04,2797493
0.04,2778223
0.04,2768117
0.04,2763389
0.04,2746480
0.05,2716168
0.05,2637188
0.05,2599839
0.05,2558964
0.06,2541540
0.06,2523968
0.06,2426131
0.07,2422389
0.08,2388908
0.09,2216196
0.1,2146365
0.11,2092842
0.11,2088209
0.13,2084745
0.14,2060178
0.18,2054702
0.21,2050062
0.21,2042058
0.39,2041839
0.77,2031423
0,4639964
0,4354771
0.01,4270198
0.01,4179319
0.01,4169438
0.01,4085021
0.01,4051488
0.01,3994142
0.01,3878570
0.01,3809663
0.01,3747189
0.01,3739105
0.01,3432415
0.01,3305152
0.01,3277572
0.02,3239743
0.02,3239735
0.02,3200353
0.02,3192016
0.02,3165919
0.03,3162169
0.03,3161107
0.03,3095524
0.03,3055431
0.03,3024967
0.03,3005625
0.03,2811600
0.04,2797493
0.04,2778223
0.04,2768117
0.04,2763389
0.04,2746480
0.05,2716168
0.05,2637188
0.05,2599839
0.05,2558964
0.05,2541540
0.06,2523968
0.06,2426131
0.06,2422389
0.08,2388908
0.08,2216196
0.09,2146365
0.1,2092842
0.11,2088209
0.12,2084745
0.13,2060178
0.17,2054702
0.2,2050062
0.2,2042058
0.39,2041839
0.77,2031423
