0,4925583
0,4921706
0,4878803
0,4699464
0,4653741
0,4518396
0,4429546
0,4389260
0,4366331
0.01,4294834
0.01,4285232
0.01,4281355
0.01,4259266
0.02,4245615
0.02,4204446
0.02,4182400
0.02,4164878
0.04,4148280
0.04,4138678
0.04,4109868
0.06,4090106
0.07,4080693
0.07,4008267
0.07,3945052
0.09,3937993
0.09,3835321
0.1,3826996
0.1,3816910
0.1,3815293
0.1,3805207
0.12,3793365
0.13,3775843
0.15,3774963
0.15,3762348
0.15,3761107
0.15,3760995
0.15,3749643
0.15,3743624
0.16,3733538
0.16,3720833
0.18,3683696
0.18,3661650
0.18,3653325
0.18,3643239
0.18,3630534
0.33,3626586
0.36,3617173
0.36,3594461
0.36,3544747
0.36,3531246
0.36,3481532
0.39,3474473
0.41,3421515
0.41,3371801
0.41,3363476
0.41,3353390
0.43,3321711
0.48,3284326
0.48,3268608
0.59,3265048
0.64,3254566
0.64,3238848
0.7,3231112
0.7,3218442
0.7,3212701
0.71,3210038
0.78,3206903
0.78,3184857
0.78,3169139
0.78,3162859
0.78,3140813
0.78,3128143
0.78,3122402
0.78,3119739
1.72,3017391
1.78,2917587
2.21,2835738
2.23,2754895
4.61,2662147
5.95,2575079
8.22,2497224
10.15,2423397
11.72,2347465
12.43,2275460
12.43,2179990
13.98,2087242
42.25,2003763
