0,4718633
0,4608034
0,4551797
0,4481518
0,4454513
0,4416270
0.01,4354367
0.01,4270685
0.01,3940112
0.01,3859580
0.01,3819330
0.01,3652837
0.01,3622452
0.02,3437578
0.02,3321293
0.02,3267928
0.02,3171356
0.03,3116416
0.03,2983610
0.04,2930162
0.04,2740242
0.04,2714776
0.04,2627538
0.05,2558658
0.05,2416835
0.07,2294993
0.07,2290115
0.07,2278593
0.08,2273616
0.08,2263987
0.08,2257014
0.09,2213425
0.09,2162759
0.09,2153130
0.09,2146157
0.09,2129757
0.1,2092640
0.11,2088237
0.12,2071330
0.14,2062148
0.15,2045909
0.23,2038449
0.24,2024508
0.24,2017704
0.26,2003763
0,4718633
0,4608034
0.01,4551797
0.01,4481518
0.01,4454513
0.01,4416270
0.01,4354367
0.01,4270685
0.01,3940112
0.02,3859580
0.02,3819330
0.03,3652837
0.03,3622452
0.03,3437578
0.03,3321293
0.03,3267928
0.03,3171356
0.05,3116416
0.05,2983610
0.06,2930162
0.06,2740242
0.06,2714776
0.07,2627538
0.07,2558658
0.08,2416835
0.12,2294993
0.14,2290115
0.14,2278593
0.14,2273616
0.15,2263987
0.16,2257014
0.16,2213425
0.16,2162759
0.16,2153130
0.16,2146157
0.17,2129757
0.17,2092640
0.19,2088237
0.2,2071330
0.23,2062148
0.25,2045909
0.34,2038449
0.34,2024508
0.35,2017704
0.37,2003763
0,4718633
0,4608034
0,4551797
0,4481518
0,4454513
0.01,4416270
0.01,4354367
0.01,4270685
0.01,3940112
0.01,3859580
0.01,3819330
0.02,3652837
0.02,3622452
0.02,3437578
0.02,3321293
0.02,3267928
0.03,3171356
0.04,3116416
0.04,2983610
0.05,2930162
0.05,2740242
0.05,2714776
0.05,2627538
0.06,2558658
0.06,2416835
0.07,2294993
0.08,2290115
0.08,2278593
0.08,2273616
0.08,2263987
0.09,2257014
0.09,2213425
0.09,2162759
0.1,2153130
0.1,2146157
0.1,2129757
0.11,2092640
0.12,2088237
0.14,2071330
0.15,2062148
0.17,2045909
0.25,2038449
0.26,2024508
0.26,2017704
0.28,2003763
