0,4639964
0,4354771
0.01,4270198
0.01,4179319
0.01,4169438
0.01,4085021
0.01,4051488
0.01,3994142
0.01,3878570
0.01,3809663
0.01,3747189
0.01,3739105
0.01,3432415
0.02,3305152
0.02,3277572
0.02,3239743
0.02,3239735
0.02,3200353
0.03,3192016
0.03,3165919
0.03,3162169
0.04,3161107
0.04,3095524
0.04,3055431
0.04,3024967
0.04,3005625
0.04,2811600
0.04,2797493
0.05,2778223
0.05,2768117
0.05,2763389
0.05,2746480
0.05,2716168
0.05,2637188
0.06,2599839
0.06,2558964
0.06,2541540
0.06,2523968
0.07,2426131
0.07,2422389
0.09,2388908
0.09,2216196
0.1,2146365
0.11,2092842
0.11,2088209
0.13,2084745
0.14,2060178
0.18,2054702
0.2,2050062
0.2,2042058
0.38,2041839
0.74,2031423
0,4639964
0,4354771
0.01,4270198
0.01,4179319
0.01,4169438
0.01,4085021
0.01,4051488
0.01,3994142
0.01,3878570
0.01,3809663
0.01,3747189
0.01,3739105
0.02,3432415
0.02,3305152
0.03,3277572
0.03,3239743
0.03,3239735
0.03,3200353
0.04,3192016
0.04,3165919
0.04,3162169
0.04,3161107
0.05,3095524
0.05,3055431
0.05,3024967
0.06,3005625
0.06,2811600
0.06,2797493
0.07,2778223
0.07,2768117
0.07,2763389
0.07,2746480
0.08,2716168
0.08,2637188
0.09,2599839
0.09,2558964
0.09,2541540
0.09,2523968
0.1,2426131
0.11,2422389
0.13,2388908
0.13,2216196
0.15,2146365
0.16,2092842
0.17,2088209
0.19,2084745
0.2,2060178
0.25,2054702
0.27,2050062
0.28,2042058
0.47,2041839
0.86,2031423
0,4639964
0,4354771
0.01,4270198
0.01,4179319
0.01,4169438
0.01,4085021
0.01,4051488
0.01,3994142
0.01,3878570
0.01,3809663
0.01,3747189
0.01,3739105
0.02,3432415
0.02,3305152
0.02,3277572
0.03,3239743
0.03,3239735
0.03,3200353
0.04,3192016
0.05,3165919
0.05,3162169
0.05,3161107
0.05,3095524
0.06,3055431
0.06,3024967
0.06,3005625
0.06,2811600
0.07,2797493
0.07,2778223
0.07,2768117
0.07,2763389
0.07,2746480
0.08,2716168
0.08,2637188
0.08,2599839
0.09,2558964
0.09,2541540
0.09,2523968
0.1,2426131
0.12,2422389
0.15,2388908
0.15,2216196
0.16,2146365
0.17,2092842
0.18,2088209
0.2,2084745
0.2,2060178
0.24,2054702
0.27,2050062
0.27,2042058
0.47,2041839
0.86,2031423
