0,3995465
0,3936654
0,3815958
0.01,3675619
0.01,3532949
0.01,3436083
0.01,3386299
0.01,3075606
0.02,2990240
0.02,2873892
0.02,2860402
0.02,2822017
0.03,2794160
0.03,2716706
0.04,2642810
0.04,2518614
0.04,2495787
0.05,2492783
0.05,2445537
0.06,2417602
0.07,2369287
0.08,2291906
0.08,2251194
0.11,2182123
0.12,2176352
0.12,2169671
0.13,2142173
0.13,2136891
0.15,2120652
0.17,2090900
0.18,2074500
0.24,2056380
0.28,2054590
0.31,2045909
0.38,2024508
0.4,2003763
0,3995465
0,3936654
0,3815958
0.01,3675619
0.01,3532949
0.01,3436083
0.01,3386299
0.01,3075606
0.02,2990240
0.02,2873892
0.02,2860402
0.02,2822017
0.02,2794160
0.02,2716706
0.03,2642810
0.04,2518614
0.04,2495787
0.04,2492783
0.05,2445537
0.05,2417602
0.06,2369287
0.07,2291906
0.08,2251194
0.11,2182123
0.12,2176352
0.12,2169671
0.12,2142173
0.13,2136891
0.15,2120652
0.16,2090900
0.18,2074500
0.25,2056380
0.29,2054590
0.32,2045909
0.39,2024508
0.41,2003763
