0,4209719
0,4141929
0,4090402
0.01,4067946
0.01,3983742
0.01,3954913
0.01,3950216
0.01,3727005
0.01,3641655
0.01,3568834
0.01,3341998
0.01,3268232
0.02,3244500
0.02,3173562
0.02,3171473
0.03,2999843
0.03,2998927
0.03,2955867
0.03,2917579
0.03,2811288
0.04,2801887
0.04,2765985
0.04,2761728
0.04,2550074
0.04,2518103
0.05,2464971
0.05,2420532
0.05,2395169
0.06,2318177
0.07,2258303
0.08,2233395
0.08,2219286
0.08,2202379
0.09,2169043
0.09,2161227
0.1,2085385
0.15,2066463
0.16,2063368
0.18,2061392
0.18,2045153
0.2,2042058
0.23,2025073
0.24,2003763
0,4209719
0,4141929
0,4090402
0.01,4067946
0.01,3983742
0.01,3954913
0.01,3950216
0.01,3727005
0.01,3641655
0.01,3568834
0.01,3341998
0.01,3268232
0.01,3244500
0.02,3173562
0.02,3171473
0.02,2999843
0.03,2998927
0.03,2955867
0.03,2917579
0.03,2811288
0.03,2801887
0.04,2765985
0.04,2761728
0.04,2550074
0.04,2518103
0.04,2464971
0.04,2420532
0.05,2395169
0.05,2318177
0.07,2258303
0.07,2233395
0.07,2219286
0.07,2202379
0.08,2169043
0.09,2161227
0.09,2085385
0.14,2066463
0.15,2063368
0.17,2061392
0.17,2045153
0.19,2042058
0.22,2025073
0.24,2003763
0,4209719
0,4141929
0,4090402
0,4067946
0.01,3983742
0.01,3954913
0.01,3950216
0.01,3727005
0.01,3641655
0.01,3568834
0.01,3341998
0.01,3268232
0.01,3244500
0.02,3173562
0.02,3171473
0.02,2999843
0.03,2998927
0.03,2955867
0.03,2917579
0.03,2811288
0.03,2801887
0.04,2765985
0.04,2761728
0.04,2550074
0.04,2518103
0.04,2464971
0.05,2420532
0.05,2395169
0.05,2318177
0.07,2258303
0.07,2233395
0.07,2219286
0.07,2202379
0.08,2169043
0.09,2161227
0.09,2085385
0.15,2066463
0.15,2063368
0.17,2061392
0.17,2045153
0.19,2042058
0.22,2025073
0.24,2003763
