0,22205
0.01,20545
0.01,20536
0.01,20357
0.02,20317
0.02,20294
0.02,19808
0.03,19566
0.04,19309
0.04,19300
0.04,18681
0.05,18597
0.06,18232
0.07,17826
0.09,17507
0.11,17451
0.11,16558
0.11,16394
0.12,16361
0.12,16179
0.12,15968
0.12,15614
0.12,15471
0.12,15126
0.13,14995
0.14,14923
0.14,14873
0.14,14768
0.14,14502
0.14,14463
0.15,14292
0.18,14219
0.18,14135
0.18,13834
0.22,13724
0.23,13551
0.23,13539
0.23,13500
0.24,13408
0.24,13393
0.25,13188
0.26,12961
0.26,12836
0.28,12705
0.28,12586
0.29,12431
0.29,12363
0.3,12301
0.31,12028
0.31,12001
0.35,11841
0.36,11830
0.37,11530
0.37,11503
0.39,11407
0.39,11405
0.39,11202
0.4,11126
0.43,11068
0.44,11034
0.46,10983
0.49,10893
0.49,10779
0.5,10767
0.5,10757
0.5,10661
0.51,10484
0.52,10398
0.53,10397
0.54,10365
0.55,10343
0.55,10096
0.57,10069
0.58,9912
0.6,9908
0.62,9899
0.63,9867
0.64,9837
0.65,9834
0.66,9692
0.66,9680
0.69,9668
0.69,9533
0.71,9408
0.72,9395
0.73,9384
0.73,9373
0.79,9200
0.8,9164
0.81,9127
0.84,9125
0.84,9124
0.85,9110
0.87,9002
0.94,8963
0.98,8947
1.03,8943
1.03,8880
1.09,8861
1.11,8829
1.15,8786
1.18,8782
1.21,8763
1.23,8746
1.35,8734
1.39,8733
1.51,8702
1.58,8678
1.74,8547
1.93,8544
2.26,8529
2.39,8521
2.64,8506
2.8,8505
2.95,8463
3.34,8344
3.35,8330
3.59,8309
3.62,8308
3.63,8273
3.94,8259
4.53,8254
5.37,8226
5.76,8217
6.42,8150
7.4,8074
0.01,22205
0.01,20545
0.01,20536
0.02,20357
0.03,20317
0.03,20294
0.03,19808
0.04,19566
0.05,19309
0.06,19300
0.06,18681
0.06,18597
0.09,18232
0.1,17826
0.12,17507
0.15,17451
0.15,16558
0.16,16394
0.16,16361
0.16,16179
0.16,15968
0.16,15614
0.17,15471
0.17,15126
0.17,14995
0.19,14923
0.19,14873
0.19,14768
0.2,14502
0.2,14463
0.21,14292
0.24,14219
0.25,14135
0.25,13834
0.3,13724
0.31,13551
0.31,13539
0.31,13500
0.33,13408
0.33,13393
0.33,13188
0.35,12961
0.36,12836
0.38,12705
0.38,12586
0.39,12431
0.39,12363
0.4,12301
0.41,12028
0.42,12001
0.46,11841
0.49,11830
0.49,11530
0.5,11503
0.51,11407
0.52,11405
0.52,11202
0.53,11126
0.57,11068
0.57,11034
0.6,10983
0.63,10893
0.64,10779
0.65,10767
0.65,10757
0.66,10661
0.66,10484
0.67,10398
0.68,10397
0.69,10365
0.71,10343
0.71,10096
0.73,10069
0.74,9912
0.76,9908
0.78,9899
0.79,9867
0.81,9837
0.81,9834
0.83,9692
0.83,9680
0.87,9668
0.87,9533
0.89,9408
0.91,9395
0.92,9384
0.93,9373
1,9200
1.01,9164
1.02,9127
1.07,9125
1.07,9124
1.08,9110
1.1,9002
1.17,8963
1.21,8947
1.26,8943
1.26,8880
1.32,8861
1.35,8829
1.39,8786
1.43,8782
1.47,8763
1.49,8746
1.63,8734
1.68,8733
1.82,8702
1.9,8678
2.08,8547
2.3,8544
2.73,8529
2.88,8521
3.07,8506
3.26,8505
3.43,8463
3.8,8344
3.8,8330
4.04,8309
4.06,8308
4.07,8273
4.36,8259
4.84,8254
5.64,8226
6.06,8217
6.75,8150
7.71,8074
