0.01,22205
0.01,22188
0.01,22034
0.01,22013
0.01,21936
0.02,21929
0.02,20658
0.02,20463
0.02,20175
0.02,20141
0.02,20126
0.03,19689
0.03,18971
0.03,18795
0.04,18485
0.04,18430
0.05,18262
0.05,17930
0.05,17831
0.06,17673
0.06,17524
0.07,17292
0.07,17230
0.07,16445
0.07,16434
0.08,16292
0.08,16231
0.09,16222
0.09,16186
0.1,16153
0.1,16026
0.11,15748
0.12,15658
0.14,15557
0.14,15069
0.15,14911
0.18,14907
0.18,14622
0.19,14535
0.21,14465
0.21,14228
0.21,14155
0.22,14061
0.22,14057
0.23,14016
0.24,13957
0.24,13916
0.24,13783
0.25,13766
0.26,13720
0.27,13532
0.29,12922
0.29,12918
0.3,12829
0.31,12743
0.32,12714
0.33,12673
0.33,12650
0.34,12637
0.34,12602
0.35,12576
0.35,12493
0.38,12474
0.4,12450
0.41,12427
0.41,12384
0.42,12308
0.44,12265
0.44,12249
0.46,12215
0.47,12198
0.47,12012
0.49,11880
0.52,11845
0.52,11832
0.54,11728
0.55,11656
0.56,11616
0.61,11323
0.65,11265
0.67,11126
0.68,11109
0.69,10978
0.7,10952
0.71,10942
0.72,10848
0.8,10779
0.8,10727
0.82,10677
0.82,10654
0.84,10619
0.86,10538
0.9,10514
0.93,10510
0.93,10497
0.94,10481
0.97,10471
0.99,10434
0.99,10253
1.06,9991
1.08,9855
1.09,9718
1.19,9563
1.19,9546
1.2,9545
1.22,9322
1.22,9316
1.23,9306
1.25,9303
1.26,9300
1.28,9218
1.29,9193
1.31,9186
1.34,9180
1.37,9177
1.4,9086
1.48,9078
1.49,9054
1.51,9052
1.55,9023
1.57,9018
1.61,9015
1.65,9005
1.68,8998
1.69,8995
1.7,8988
1.7,8969
1.71,8962
1.71,8928
1.73,8811
1.78,8808
1.78,8805
1.8,8747
1.84,8744
1.87,8740
1.9,8739
2.06,8708
2.13,8704
2.2,8703
2.21,8497
2.24,8474
2.31,8426
2.32,8397
2.32,8384
2.37,8379
2.39,8155
2.44,8107
2.5,8082
2.5,8070
2.52,8066
2.54,8059
2.54,8055
2.57,8037
2.74,8036
2.8,8032
2.89,8013
3.08,8008
3.38,8007
3.74,7987
3.86,7981
3.88,7980
3.89,7978
3.91,7977
3.99,7923
5.84,7885
6.05,7838
6.17,7837
8.82,7808
0.01,22205
0.01,22188
0.01,22034
0.01,22013
0.01,21936
0.02,21929
0.02,20658
0.02,20463
0.02,20175
0.02,20141
0.02,20126
0.03,19689
0.03,18971
0.03,18795
0.04,18485
0.04,18430
0.05,18262
0.05,17930
0.05,17831
0.06,17673
0.06,17524
0.07,17292
0.07,17230
0.07,16445
0.07,16434
0.08,16292
0.08,16231
0.09,16222
0.09,16186
0.09,16153
0.09,16026
0.1,15748
0.11,15658
0.12,15557
0.12,15069
0.13,14911
0.15,14907
0.15,14622
0.16,14535
0.17,14465
0.17,14228
0.18,14155
0.18,14061
0.19,14057
0.19,14016
0.2,13957
0.2,13916
0.21,13783
0.21,13766
0.22,13720
0.24,13532
0.26,12922
0.26,12918
0.27,12829
0.28,12743
0.29,12714
0.31,12673
0.32,12650
0.32,12637
0.33,12602
0.33,12576
0.34,12493
0.37,12474
0.39,12450
0.4,12427
0.41,12384
0.41,12308
0.43,12265
0.44,12249
0.45,12215
0.46,12198
0.47,12012
0.49,11880
0.51,11845
0.52,11832
0.53,11728
0.56,11656
0.58,11616
0.63,11323
0.7,11265
0.74,11126
0.74,11109
0.76,10978
0.78,10952
0.78,10942
0.8,10848
0.9,10779
0.91,10727
0.92,10677
0.93,10654
0.95,10619
0.96,10538
1.01,10514
1.04,10510
1.04,10497
1.05,10481
1.08,10471
1.11,10434
1.11,10253
1.18,9991
1.2,9855
1.21,9718
1.3,9563
1.3,9546
1.31,9545
1.33,9322
1.33,9316
1.34,9306
1.36,9303
1.37,9300
1.4,9218
1.41,9193
1.43,9186
1.45,9180
1.48,9177
1.51,9086
1.6,9078
1.63,9054
1.65,9052
1.71,9023
1.73,9018
1.78,9015
1.84,9005
1.87,8998
1.9,8995
1.9,8988
1.9,8969
1.92,8962
1.92,8928
1.95,8811
2.03,8808
2.03,8805
2.06,8747
2.12,8744
2.14,8740
2.17,8739
2.34,8708
2.55,8704
2.64,8703
2.64,8497
2.68,8474
2.75,8426
2.76,8397
2.77,8384
2.81,8379
2.84,8155
2.89,8107
2.97,8082
2.97,8070
3,8066
3.02,8059
3.02,8055
3.05,8037
3.21,8036
3.26,8032
3.35,8013
3.52,8008
3.89,8007
4.39,7987
4.52,7981
4.54,7980
4.55,7978
4.58,7977
4.67,7923
7.29,7885
7.48,7838
7.6,7837
10.32,7808
