0,22205
0.02,21314
0.02,20761
0.03,20669
0.03,20650
0.03,20239
0.04,20096
0.04,19968
0.05,19633
0.05,19621
0.06,19535
0.07,18480
0.07,18227
0.08,18214
0.08,18053
0.08,17943
0.08,17877
0.08,17695
0.08,17594
0.09,17587
0.09,17240
0.1,16925
0.1,16747
0.1,16548
0.11,16507
0.11,16443
0.11,16302
0.11,15958
0.12,15663
0.12,15554
0.14,15416
0.14,15279
0.14,15207
0.14,15184
0.15,14878
0.16,14711
0.17,14697
0.17,14478
0.19,14463
0.2,14421
0.2,14212
0.2,13905
0.22,13770
0.22,13767
0.22,13446
0.23,13413
0.23,13221
0.23,13136
0.24,13115
0.24,13102
0.25,12988
0.25,12932
0.25,12872
0.26,12871
0.27,12853
0.27,12797
0.28,12790
0.28,12569
0.28,12445
0.29,12336
0.3,12244
0.31,12011
0.32,11885
0.32,11849
0.32,11834
0.33,11627
0.33,11506
0.33,11497
0.36,11423
0.37,11410
0.37,11401
0.37,11353
0.37,11164
0.39,10938
0.4,10912
0.41,10810
0.42,10763
0.43,10748
0.44,10580
0.47,10567
0.48,10539
0.48,10465
0.5,10424
0.54,10418
0.57,10315
0.57,10263
0.6,10240
0.6,10179
0.61,10078
0.62,10060
0.62,9932
0.63,9922
0.63,9920
0.64,9913
0.66,9902
0.68,9868
0.69,9850
0.69,9842
0.7,9464
0.72,9446
0.74,9438
0.75,9433
0.75,9432
0.76,9431
0.76,9425
0.76,9419
0.77,9188
0.82,9081
0.85,9076
0.86,9075
0.86,8827
0.91,8825
0.95,8782
0.96,8775
0.98,8711
1.04,8707
1.06,8671
1.06,8664
1.15,8662
1.18,8642
1.23,8614
1.33,8605
1.34,8583
1.5,8318
1.73,8306
1.94,8296
2.02,8269
2.12,8173
2.22,8155
2.23,8151
2.27,8137
2.28,8119
2.37,8116
2.43,8113
2.46,8077
2.6,8068
2.61,8063
2.64,8060
2.69,8055
2.7,8040
2.76,8025
3.07,8020
3.18,7986
3.29,7976
0.01,22205
0.02,21314
0.02,20761
0.03,20669
0.03,20650
0.03,20239
0.04,20096
0.04,19968
0.05,19633
0.06,19621
0.07,19535
0.07,18480
0.07,18227
0.08,18214
0.08,18053
0.09,17943
0.09,17877
0.09,17695
0.09,17594
0.1,17587
0.1,17240
0.1,16925
0.11,16747
0.11,16548
0.11,16507
0.11,16443
0.11,16302
0.12,15958
0.12,15663
0.12,15554
0.14,15416
0.14,15279
0.14,15207
0.14,15184
0.15,14878
0.16,14711
0.17,14697
0.17,14478
0.19,14463
0.2,14421
0.2,14212
0.2,13905
0.22,13770
0.22,13767
0.22,13446
0.22,13413
0.23,13221
0.23,13136
0.23,13115
0.23,13102
0.24,12988
0.25,12932
0.25,12872
0.26,12871
0.27,12853
0.27,12797
0.28,12790
0.28,12569
0.28,12445
0.29,12336
0.29,12244
0.3,12011
0.31,11885
0.32,11849
0.32,11834
0.32,11627
0.32,11506
0.32,11497
0.35,11423
0.37,11410
0.37,11401
0.37,11353
0.37,11164
0.39,10938
0.4,10912
0.4,10810
0.41,10763
0.42,10748
0.43,10580
0.47,10567
0.47,10539
0.47,10465
0.49,10424
0.52,10418
0.56,10315
0.56,10263
0.59,10240
0.59,10179
0.6,10078
0.61,10060
0.61,9932
0.62,9922
0.62,9920
0.63,9913
0.65,9902
0.67,9868
0.68,9850
0.68,9842
0.69,9464
0.71,9446
0.73,9438
0.74,9433
0.75,9432
0.75,9431
0.75,9425
0.76,9419
0.77,9188
0.82,9081
0.84,9076
0.86,9075
0.86,8827
0.9,8825
0.94,8782
0.95,8775
0.97,8711
1.02,8707
1.05,8671
1.05,8664
1.14,8662
1.17,8642
1.22,8614
1.32,8605
1.33,8583
1.5,8318
1.73,8306
1.96,8296
2.03,8269
2.13,8173
2.22,8155
2.23,8151
2.28,8137
2.28,8119
2.36,8116
2.41,8113
2.43,8077
2.55,8068
2.57,8063
2.59,8060
2.65,8055
2.65,8040
2.71,8025
3.01,8020
3.12,7986
3.22,7976
