0.01,22205
0.01,21788
0.01,21038
0.01,20981
0.01,20932
0.01,20928
0.01,20574
0.02,20160
0.02,20106
0.03,20077
0.03,20050
0.03,19843
0.03,19491
0.03,19424
0.04,19182
0.04,18164
0.04,17999
0.04,17695
0.05,17535
0.06,17346
0.06,17248
0.07,16662
0.07,16523
0.07,16289
0.07,16253
0.09,16057
0.1,16044
0.1,15983
0.11,15971
0.12,15794
0.12,15720
0.13,15595
0.15,14685
0.16,14650
0.17,14544
0.18,14523
0.19,14487
0.19,14296
0.2,13947
0.21,13898
0.22,13847
0.22,13706
0.24,13393
0.25,13283
0.27,12971
0.28,12869
0.3,12849
0.31,12323
0.31,12273
0.31,11719
0.32,11696
0.33,11588
0.35,11507
0.35,11493
0.36,11377
0.37,11322
0.37,11205
0.39,11124
0.39,10827
0.4,10742
0.41,10683
0.42,10565
0.42,10519
0.43,10517
0.43,10413
0.43,10391
0.43,10390
0.44,10381
0.44,10277
0.45,10267
0.47,10247
0.48,10212
0.49,10197
0.49,10188
0.51,10151
0.51,9993
0.52,9954
0.54,9875
0.56,9863
0.59,9817
0.6,9763
0.66,9746
0.71,9673
0.72,9554
0.79,9545
0.81,9509
0.83,9475
0.85,9418
0.9,9412
0.92,9339
0.96,9241
0.98,9215
1.03,9182
1.04,9178
1.06,9177
1.07,9176
1.09,9173
1.13,9168
1.14,9163
1.15,9153
1.2,9062
1.29,9055
1.31,9032
1.37,9020
1.4,8853
1.44,8840
1.46,8770
1.58,8708
1.61,8639
1.65,8634
1.66,8632
1.68,8615
1.76,8583
1.77,8475
1.81,8467
1.84,8462
1.85,8422
1.93,8369
2,8329
2.23,8162
2.31,8161
2.34,8155
2.37,8147
2.51,8140
5.21,8135
5.57,8133
5.68,8128
0.01,22205
0.01,21788
0.01,21038
0.01,20981
0.01,20932
0.01,20928
0.02,20574
0.03,20160
0.03,20106
0.04,20077
0.04,20050
0.04,19843
0.04,19491
0.04,19424
0.05,19182
0.05,18164
0.05,17999
0.05,17695
0.06,17535
0.06,17346
0.07,17248
0.08,16662
0.08,16523
0.08,16289
0.08,16253
0.1,16057
0.11,16044
0.12,15983
0.12,15971
0.13,15794
0.14,15720
0.14,15595
0.16,14685
0.17,14650
0.19,14544
0.2,14523
0.2,14487
0.21,14296
0.22,13947
0.23,13898
0.24,13847
0.24,13706
0.26,13393
0.28,13283
0.3,12971
0.31,12869
0.33,12849
0.33,12323
0.34,12273
0.34,11719
0.35,11696
0.36,11588
0.38,11507
0.38,11493
0.39,11377
0.39,11322
0.4,11205
0.42,11124
0.42,10827
0.43,10742
0.43,10683
0.44,10565
0.45,10519
0.46,10517
0.46,10413
0.46,10391
0.46,10390
0.46,10381
0.47,10277
0.48,10267
0.5,10247
0.51,10212
0.52,10197
0.52,10188
0.54,10151
0.54,9993
0.55,9954
0.57,9875
0.59,9863
0.62,9817
0.63,9763
0.7,9746
0.75,9673
0.76,9554
0.82,9545
0.85,9509
0.87,9475
0.89,9418
0.94,9412
0.96,9339
1,9241
1.02,9215
1.07,9182
1.08,9178
1.1,9177
1.11,9176
1.13,9173
1.17,9168
1.19,9163
1.19,9153
1.24,9062
1.34,9055
1.36,9032
1.42,9020
1.46,8853
1.5,8840
1.52,8770
1.64,8708
1.68,8639
1.71,8634
1.73,8632
1.75,8615
1.84,8583
1.84,8475
1.89,8467
1.92,8462
1.94,8422
2.02,8369
2.09,8329
2.33,8162
2.41,8161
2.44,8155
2.49,8147
2.66,8140
6.23,8135
6.72,8133
6.99,8128
