0,29268
0,28069
0.01,27849
0.02,26867
0.06,25655
0.07,24547
0.07,24503
0.07,22648
0.08,21253
0.08,20786
0.09,19966
0.09,19443
0.09,19183
0.09,15664
0.1,15414
0.1,14741
0.1,14647
0.11,13159
0.11,12480
0.11,11885
0.11,11358
0.12,11185
0.12,10793
0.12,10729
0.12,10636
0.12,10602
0.12,10398
0.13,10267
0.13,10076
0.13,9976
0.13,9690
0.13,9663
0.13,9481
0.14,9422
0.14,9413
0.14,9359
0.15,9348
0.16,9332
0.17,9331
0.17,9316
0.17,9312
0.17,9278
0.18,9276
0.19,9246
0.21,9239
0.21,9238
0.21,9233
0.22,9211
