0.01,22205
0.01,21858
0.01,21258
0.02,20723
0.02,20708
0.02,20436
0.02,19919
0.03,19775
0.04,19576
0.04,19432
0.04,19422
0.04,19420
0.04,19250
0.05,19231
0.05,19225
0.05,19201
0.05,18113
0.06,18088
0.06,17516
0.06,17370
0.07,17153
0.07,17108
0.07,16580
0.08,16019
0.08,15997
0.09,15786
0.1,15771
0.11,15478
0.11,15452
0.11,15201
0.11,14954
0.11,14846
0.12,14801
0.12,14743
0.14,14617
0.15,14525
0.16,14437
0.17,14229
0.18,14204
0.18,14086
0.19,14010
0.2,13892
0.2,13825
0.2,13812
0.2,13774
0.22,12969
0.24,12927
0.24,12843
0.25,12799
0.26,12753
0.26,12726
0.27,12573
0.27,12568
0.31,12350
0.33,12203
0.34,12083
0.35,12074
0.35,11920
0.36,11877
0.37,11843
0.37,11541
0.38,11492
0.38,11391
0.41,11093
0.43,11050
0.45,11016
0.45,10942
0.46,10934
0.46,10770
0.48,10679
0.51,10677
0.52,10674
0.52,10608
0.54,10572
0.55,10492
0.55,10336
0.6,10234
0.6,9980
0.62,9975
0.62,9940
0.63,9938
0.64,9928
0.65,9849
0.66,9838
0.66,9824
0.67,9810
0.71,9797
0.72,9794
0.73,9692
0.76,9670
0.77,9662
0.84,9659
0.85,9656
0.86,9595
0.86,9592
0.89,9571
0.89,9566
0.9,9477
0.9,9375
0.94,9347
0.94,9321
0.95,9246
0.96,9242
0.97,9200
0.99,9118
1.01,9066
1.05,9040
1.05,9038
1.06,8942
1.08,8930
1.09,8908
1.14,8884
1.14,8840
1.14,8829
1.17,8763
1.18,8759
1.18,8588
1.24,8524
1.42,8488
1.44,8460
1.49,8457
1.52,8438
1.58,8436
1.62,8389
1.66,8333
1.72,8308
1.8,8259
1.81,8137
1.88,8127
1.93,8114
2,8072
2.01,8062
2.04,8049
2.1,8047
2.13,8041
2.32,7979
2.42,7978
2.45,7973
2.6,7968
3.33,7959
5.83,7949
6.59,7947
6.74,7942
0,22205
0.01,21858
0.02,21258
0.02,20723
0.02,20708
0.02,20436
0.03,19919
0.03,19775
0.04,19576
0.04,19432
0.04,19422
0.04,19420
0.05,19250
0.05,19231
0.05,19225
0.05,19201
0.06,18113
0.06,18088
0.06,17516
0.06,17370
0.07,17153
0.07,17108
0.08,16580
0.08,16019
0.09,15997
0.1,15786
0.1,15771
0.11,15478
0.11,15452
0.12,15201
0.12,14954
0.12,14846
0.13,14801
0.13,14743
0.15,14617
0.15,14525
0.16,14437
0.17,14229
0.19,14204
0.19,14086
0.19,14010
0.2,13892
0.2,13825
0.2,13812
0.21,13774
0.23,12969
0.24,12927
0.25,12843
0.26,12799
0.27,12753
0.27,12726
0.28,12573
0.28,12568
0.32,12350
0.35,12203
0.36,12083
0.37,12074
0.38,11920
0.39,11877
0.39,11843
0.39,11541
0.41,11492
0.41,11391
0.44,11093
0.46,11050
0.48,11016
0.48,10942
0.49,10934
0.49,10770
0.51,10679
0.54,10677
0.55,10674
0.55,10608
0.58,10572
0.6,10492
0.6,10336
0.66,10234
0.66,9980
0.68,9975
0.69,9940
0.71,9938
0.71,9928
0.73,9849
0.75,9838
0.75,9824
0.76,9810
0.79,9797
0.8,9794
0.82,9692
0.85,9670
0.85,9662
0.92,9659
0.93,9656
0.94,9595
0.94,9592
0.97,9571
0.98,9566
0.99,9477
0.99,9375
1.03,9347
1.03,9321
1.04,9246
1.06,9242
1.07,9200
1.09,9118
1.11,9066
1.15,9040
1.16,9038
1.17,8942
1.18,8930
1.2,8908
1.24,8884
1.25,8840
1.25,8829
1.28,8763
1.28,8759
1.29,8588
1.35,8524
1.54,8488
1.56,8460
1.62,8457
1.65,8438
1.73,8436
1.77,8389
1.82,8333
1.9,8308
2,8259
2.02,8137
2.1,8127
2.15,8114
2.22,8072
2.23,8062
2.26,8049
2.31,8047
2.34,8041
2.55,7979
2.65,7978
2.68,7973
2.83,7968
3.54,7959
6.62,7949
7.34,7947
7.49,7942
