0.01,22205
0.01,22134
0.01,22015
0.01,21975
0.01,21971
0.02,20980
0.02,20685
0.03,20492
0.04,19946
0.05,19904
0.05,19888
0.05,19750
0.06,19300
0.06,19106
0.07,18701
0.09,18348
0.09,18217
0.1,17991
0.11,17897
0.13,17809
0.14,17773
0.15,17494
0.15,17445
0.15,17357
0.15,17277
0.16,17233
0.17,17173
0.18,17156
0.18,16680
0.19,16678
0.2,16505
0.2,16102
0.21,16050
0.21,15985
0.22,15891
0.22,15464
0.22,15302
0.23,15296
0.23,14935
0.23,14899
0.24,14781
0.25,14766
0.26,14750
0.27,14657
0.29,14637
0.3,14150
0.31,14116
0.31,14100
0.32,14078
0.32,14017
0.35,13963
0.36,13916
0.36,13733
0.38,13731
0.38,13479
0.39,13449
0.4,13445
0.4,13438
0.42,13425
0.42,13414
0.42,13097
0.43,12974
0.44,12953
0.44,12901
0.45,12866
0.45,12851
0.45,12842
0.46,12621
0.47,12600
0.47,12300
0.48,12130
0.49,11814
0.53,11455
0.55,11445
0.55,11426
0.55,11392
0.56,11352
0.57,11206
0.6,11155
0.62,11145
0.63,11115
0.65,11083
0.67,11053
0.73,11019
0.78,10967
0.81,10960
0.83,10937
0.85,10926
0.86,10919
0.89,10910
0.9,10857
0.9,10792
0.92,10781
0.96,10287
0.97,10267
0.98,10266
0.98,10264
0.98,10207
0.99,10149
1.01,10044
1.03,9971
1.06,9970
1.07,9913
1.1,9720
1.15,9610
1.18,9565
1.23,9549
1.27,9539
1.28,9534
1.3,9489
1.39,9426
1.44,9346
1.47,9318
1.49,9214
1.57,9204
1.61,9159
1.62,9148
1.63,9114
1.71,9101
1.8,9069
1.87,9060
1.87,9046
1.93,9036
1.95,9032
1.97,9025
2,9022
2,8984
2.05,8977
2.06,8967
2.11,8944
2.49,8941
2.6,8900
2.67,8898
2.75,8896
2.77,8875
2.83,8861
2.93,8859
3.03,8852
3.03,8849
3.55,8831
3.61,8819
3.76,8733
3.81,8697
3.84,8657
3.88,8621
4.63,8612
4.81,8569
4.85,8552
4.93,8536
5.65,8534
5.7,8529
6.63,8524
0.01,22205
0.01,22134
0.01,22015
0.01,21975
0.01,21971
0.01,20980
0.02,20685
0.03,20492
0.03,19946
0.04,19904
0.04,19888
0.05,19750
0.05,19300
0.05,19106
0.06,18701
0.07,18348
0.07,18217
0.09,17991
0.1,17897
0.11,17809
0.12,17773
0.12,17494
0.13,17445
0.13,17357
0.13,17277
0.14,17233
0.16,17173
0.16,17156
0.16,16680
0.18,16678
0.18,16505
0.19,16102
0.19,16050
0.2,15985
0.21,15891
0.21,15464
0.21,15302
0.22,15296
0.22,14935
0.23,14899
0.23,14781
0.24,14766
0.26,14750
0.27,14657
0.29,14637
0.3,14150
0.31,14116
0.31,14100
0.32,14078
0.33,14017
0.36,13963
0.37,13916
0.38,13733
0.39,13731
0.39,13479
0.4,13449
0.41,13445
0.42,13438
0.43,13425
0.43,13414
0.43,13097
0.44,12974
0.45,12953
0.46,12901
0.46,12866
0.47,12851
0.47,12842
0.47,12621
0.48,12600
0.48,12300
0.49,12130
0.5,11814
0.54,11455
0.56,11445
0.57,11426
0.57,11392
0.57,11352
0.58,11206
0.62,11155
0.65,11145
0.65,11115
0.69,11083
0.71,11053
0.8,11019
0.87,10967
0.91,10960
0.94,10937
0.96,10926
0.97,10919
1,10910
1.02,10857
1.03,10792
1.05,10781
1.09,10287
1.1,10267
1.1,10266
1.1,10264
1.11,10207
1.12,10149
1.13,10044
1.16,9971
1.2,9970
1.21,9913
1.26,9720
1.37,9610
1.44,9565
1.5,9549
1.53,9539
1.54,9534
1.56,9489
1.66,9426
1.71,9346
1.74,9318
1.76,9214
1.84,9204
1.9,9159
1.94,9148
1.95,9114
2.12,9101
2.28,9069
2.37,9060
2.37,9046
2.44,9036
2.47,9032
2.48,9025
2.51,9022
2.52,8984
2.58,8977
2.58,8967
2.63,8944
3.05,8941
3.13,8900
3.2,8898
3.26,8896
3.28,8875
3.3,8861
3.35,8859
3.41,8852
3.42,8849
3.76,8831
3.79,8819
3.88,8733
3.92,8697
3.95,8657
3.99,8621
4.54,8612
4.73,8569
4.78,8552
4.88,8536
5.51,8534
5.55,8529
7.06,8524
