0.01,22205
0.01,22189
0.01,21807
0.02,21476
0.02,21208
0.02,20763
0.02,20756
0.02,20623
0.03,20528
0.03,20179
0.03,20162
0.04,19981
0.04,19620
0.05,19433
0.05,19339
0.05,19220
0.05,18962
0.06,18935
0.06,18808
0.06,18647
0.07,18541
0.07,18169
0.07,18148
0.07,17935
0.07,17860
0.08,17735
0.08,17601
0.08,17471
0.08,17414
0.09,17320
0.09,17220
0.1,17039
0.1,16747
0.11,16551
0.13,16488
0.13,16341
0.15,16195
0.15,16061
0.16,16057
0.16,15884
0.17,15596
0.17,15115
0.17,15091
0.18,14999
0.19,14997
0.19,14833
0.19,14810
0.19,14579
0.19,14476
0.2,14464
0.2,14433
0.21,14316
0.21,13714
0.21,13578
0.22,13508
0.23,13377
0.24,13348
0.25,13338
0.25,13268
0.26,13198
0.26,13182
0.27,13157
0.27,12747
0.27,12740
0.28,12702
0.28,12682
0.28,12316
0.29,12294
0.29,12274
0.3,12138
0.31,12006
0.31,11906
0.31,11872
0.32,11629
0.34,11586
0.36,11529
0.37,11492
0.38,11411
0.38,11351
0.39,10990
0.47,10986
0.48,10900
0.48,10765
0.48,10617
0.54,10536
0.55,10456
0.57,10365
0.59,10364
0.59,10318
0.61,10233
0.63,10043
0.64,10000
0.65,9962
0.67,9900
0.69,9871
0.7,9870
0.71,9721
0.71,9715
0.71,9709
0.72,9580
0.73,9568
0.73,9438
0.74,9420
0.75,9419
0.79,9415
0.79,9383
0.8,9378
0.82,9321
0.83,9319
0.86,9224
0.89,9162
1.01,9156
1.01,9076
1.02,9003
1.04,8981
1.06,8943
1.12,8930
1.14,8863
1.15,8430
1.23,8429
1.26,8427
1.27,8380
1.29,8296
1.4,8258
1.43,8257
1.46,8165
1.53,8159
1.63,8158
2.21,8157
2.49,8054
2.57,7942
2.84,7864
2.88,7863
3.17,7857
3.26,7856
3.29,7852
3.37,7851
5.59,7804
6.09,7799
0.01,22205
0.02,22189
0.02,21807
0.02,21476
0.02,21208
0.03,20763
0.03,20756
0.03,20623
0.04,20528
0.05,20179
0.05,20162
0.06,19981
0.06,19620
0.07,19433
0.08,19339
0.09,19220
0.09,18962
0.09,18935
0.1,18808
0.1,18647
0.11,18541
0.11,18169
0.11,18148
0.12,17935
0.12,17860
0.12,17735
0.12,17601
0.12,17471
0.13,17414
0.14,17320
0.15,17220
0.15,17039
0.16,16747
0.17,16551
0.2,16488
0.2,16341
0.22,16195
0.23,16061
0.24,16057
0.24,15884
0.25,15596
0.26,15115
0.26,15091
0.26,14999
0.28,14997
0.29,14833
0.29,14810
0.3,14579
0.3,14476
0.31,14464
0.32,14433
0.32,14316
0.32,13714
0.33,13578
0.35,13508
0.39,13377
0.41,13348
0.45,13338
0.48,13268
0.51,13198
0.52,13182
0.54,13157
0.54,12747
0.54,12740
0.57,12702
0.57,12682
0.57,12316
0.59,12294
0.59,12274
0.62,12138
0.64,12006
0.64,11906
0.64,11872
0.65,11629
0.68,11586
0.71,11529
0.73,11492
0.75,11411
0.76,11351
0.78,10990
0.9,10986
0.91,10900
0.92,10765
0.92,10617
1.08,10536
1.13,10456
1.17,10365
1.28,10364
1.28,10318
1.33,10233
1.43,10043
1.45,10000
1.49,9962
1.56,9900
1.61,9871
1.66,9870
1.67,9721
1.68,9715
1.68,9709
1.7,9580
1.72,9568
1.73,9438
1.75,9420
1.79,9419
1.88,9415
1.89,9383
1.92,9378
1.96,9321
1.97,9319
2.07,9224
2.14,9162
2.3,9156
2.3,9076
2.31,9003
2.35,8981
2.37,8943
2.51,8930
2.55,8863
2.56,8430
2.7,8429
2.74,8427
2.76,8380
2.8,8296
2.97,8258
3.02,8257
3.06,8165
3.15,8159
3.53,8158
4.35,8157
4.67,8054
4.76,7942
5.1,7864
5.14,7863
5.41,7857
5.49,7856
5.53,7852
5.6,7851
8.44,7804
9.6,7799
