0,22205
0,22095
0,22000
0,21965
0,21867
0,21668
0,21632
0,21392
0,21357
0,20851
0,20816
0.01,20704
0.01,20658
0.01,20623
0.01,20618
0.02,20519
0.02,20446
0.02,20430
0.04,20411
0.05,20287
0.06,20260
0.07,20227
0.07,20181
0.17,20162
0.17,20145
0.17,20080
0.17,20064
0.17,20033
0.19,20003
0.22,19971
0.22,19914
0.22,19898
0.22,19895
0.22,19859
0.22,19824
0.24,19786
0.26,19762
0.29,19728
0.49,19718
0.54,19654
0.54,19603
0.54,19511
0.55,19448
1.73,19380
1.86,19361
1.86,19249
5,19233
9.55,19149
21.21,19086
22.06,19057
22.16,19032
193.83,19023
