0.01,22205
0.02,21824
0.02,21784
0.03,20666
0.03,20412
0.03,20400
0.03,20122
0.04,19999
0.04,19938
0.05,19854
0.05,19738
0.05,19633
0.05,19440
0.05,19360
0.06,18357
0.06,18035
0.06,18010
0.07,17961
0.07,17952
0.08,17712
0.08,17609
0.09,17602
0.1,17298
0.1,17193
0.11,17094
0.12,16993
0.12,16929
0.12,16743
0.12,16524
0.13,16356
0.14,15897
0.16,15836
0.16,15786
0.16,15674
0.16,15540
0.17,15488
0.17,15486
0.17,14967
0.19,14725
0.21,14686
0.22,14615
0.23,14577
0.24,14557
0.25,14545
0.26,14542
0.26,14447
0.31,13901
0.31,13871
0.32,13713
0.33,13248
0.34,13218
0.34,13132
0.35,13127
0.37,13117
0.38,13040
0.39,13007
0.39,12989
0.41,12462
0.42,12342
0.43,12288
0.45,12180
0.46,12078
0.46,11907
0.48,11788
0.48,11751
0.48,11725
0.48,11723
0.48,11710
0.49,11709
0.49,11270
0.52,11231
0.53,11103
0.53,10977
0.54,10962
0.54,10942
0.55,10844
0.56,10817
0.58,10792
0.59,10775
0.59,10715
0.61,10702
0.63,10674
0.63,10660
0.64,10564
0.66,10468
0.68,10436
0.68,10392
0.68,10318
0.68,10315
0.69,10219
0.71,10186
0.72,10180
0.73,10121
0.77,10120
0.77,10074
0.77,10051
0.78,10027
0.8,9810
0.82,9807
0.84,9801
0.84,9770
0.84,9769
0.87,9667
0.91,9661
0.93,9480
0.98,9448
1.1,9373
1.13,9332
1.17,9326
1.17,9313
1.18,9284
1.27,9259
1.32,9235
1.33,9226
1.33,9210
1.39,9079
1.41,9044
1.42,8889
1.53,8763
1.57,8727
1.61,8651
1.62,8639
1.73,8632
1.73,8619
1.86,8561
1.88,8524
1.97,8519
2.12,8513
2.33,8472
2.36,8461
2.36,8456
2.41,8447
2.86,8424
3.58,8423
3.94,8420
5.14,8419
6.12,8357
6.74,8314
6.79,8304
7.07,8299
7.27,8297
7.56,8292
7.74,8224
7.76,8104
7.87,8028
8,8023
8.26,8003
8.33,8001
8.47,7996
8.61,7993
8.7,7986
8.81,7980
8.84,7970
9.59,7966
10.64,7953
12.25,7950
12.4,7943
12.87,7926
0.01,22205
0.02,21824
0.02,21784
0.03,20666
0.03,20412
0.03,20400
0.03,20122
0.04,19999
0.04,19938
0.05,19854
0.05,19738
0.05,19633
0.05,19440
0.05,19360
0.06,18357
0.06,18035
0.06,18010
0.07,17961
0.07,17952
0.08,17712
0.08,17609
0.09,17602
0.1,17298
0.1,17193
0.11,17094
0.12,16993
0.12,16929
0.12,16743
0.12,16524
0.13,16356
0.14,15897
0.16,15836
0.16,15786
0.16,15674
0.16,15540
0.17,15488
0.17,15486
0.17,14967
0.19,14725
0.2,14686
0.21,14615
0.23,14577
0.23,14557
0.25,14545
0.25,14542
0.25,14447
0.29,13901
0.29,13871
0.3,13713
0.31,13248
0.32,13218
0.32,13132
0.34,13127
0.35,13117
0.36,13040
0.37,13007
0.37,12989
0.39,12462
0.4,12342
0.42,12288
0.43,12180
0.44,12078
0.44,11907
0.46,11788
0.46,11751
0.46,11725
0.47,11723
0.47,11710
0.47,11709
0.47,11270
0.5,11231
0.51,11103
0.51,10977
0.52,10962
0.52,10942
0.54,10844
0.54,10817
0.56,10792
0.57,10775
0.57,10715
0.59,10702
0.6,10674
0.6,10660
0.61,10564
0.63,10468
0.64,10436
0.64,10392
0.65,10318
0.65,10315
0.66,10219
0.68,10186
0.68,10180
0.69,10121
0.73,10120
0.73,10074
0.74,10051
0.74,10027
0.77,9810
0.78,9807
0.79,9801
0.79,9770
0.8,9769
0.83,9667
0.86,9661
0.88,9480
0.93,9448
1.04,9373
1.07,9332
1.11,9326
1.11,9313
1.12,9284
1.21,9259
1.26,9235
1.27,9226
1.27,9210
1.32,9079
1.35,9044
1.36,8889
1.47,8763
1.51,8727
1.54,8651
1.56,8639
1.66,8632
1.66,8619
1.79,8561
1.81,8524
1.89,8519
2.04,8513
2.25,8472
2.28,8461
2.28,8456
2.33,8447
2.76,8424
3.47,8423
3.82,8420
5,8419
5.96,8357
6.59,8314
6.64,8304
6.91,8299
7.11,8297
7.35,8292
7.52,8224
7.53,8104
7.63,8028
7.73,8023
7.94,8003
8,8001
8.11,7996
8.24,7993
8.31,7986
8.41,7980
8.43,7970
9.11,7966
10.01,7953
11.54,7950
11.68,7943
12.15,7926
