0,22205
0.01,22119
0.02,21617
0.02,20732
0.02,20569
0.03,20342
0.03,20062
0.03,19832
0.04,19093
0.04,18896
0.04,18862
0.04,18781
0.05,18484
0.05,18443
0.05,18418
0.06,18210
0.06,18188
0.06,18163
0.07,18093
0.08,17898
0.08,17876
0.08,17565
0.09,17294
0.1,16989
0.12,16801
0.13,16799
0.13,16643
0.13,16471
0.13,16323
0.14,16268
0.14,16243
0.14,15969
0.15,15926
0.16,15769
0.17,15744
0.18,15109
0.19,15102
0.2,14802
0.2,14795
0.2,14657
0.23,14537
0.24,14223
0.26,14163
0.26,14140
0.27,14121
0.28,14009
0.28,13791
0.29,13744
0.3,13737
0.3,13684
0.3,13574
0.32,13468
0.33,13428
0.34,13321
0.34,13269
0.34,13222
0.35,12874
0.38,12872
0.38,12863
0.38,12617
0.4,12461
0.4,12388
0.4,12377
0.41,12335
0.43,12318
0.44,12257
0.45,12211
0.46,12144
0.47,12078
0.47,12009
0.47,12000
0.48,11997
0.48,11995
0.49,11948
0.5,11919
0.51,11691
0.53,11627
0.53,11622
0.55,11574
0.56,11488
0.58,11232
0.59,11145
0.6,10965
0.62,10920
0.63,10648
0.67,10584
0.7,10575
0.7,10543
0.71,10505
0.72,10502
0.76,10011
0.76,10005
0.77,9972
0.78,9957
0.79,9946
0.81,9932
0.81,9925
0.81,9912
0.82,9745
0.85,9595
0.86,9583
0.91,9580
0.92,9567
0.92,9562
0.93,9558
0.94,9504
0.95,9365
0.96,9331
0.98,9320
0.98,9257
0.99,9110
0.99,9078
1.03,9052
1.05,9013
1.07,8936
1.08,8877
1.08,8846
1.1,8841
1.11,8821
1.12,8812
1.15,8699
1.15,8646
1.18,8640
1.22,8548
1.26,8533
1.32,8522
1.53,8513
1.7,8478
1.92,8459
2.19,8417
2.27,8411
3.04,8271
3.18,8176
3.38,8170
3.45,8165
3.59,8164
4.18,8142
4.21,8135
4.38,8124
0.01,22205
0.02,22119
0.02,21617
0.03,20732
0.03,20569
0.04,20342
0.04,20062
0.04,19832
0.05,19093
0.05,18896
0.06,18862
0.06,18781
0.07,18484
0.07,18443
0.08,18418
0.08,18210
0.08,18188
0.09,18163
0.1,18093
0.1,17898
0.11,17876
0.11,17565
0.13,17294
0.14,16989
0.16,16801
0.17,16799
0.17,16643
0.17,16471
0.17,16323
0.18,16268
0.18,16243
0.18,15969
0.19,15926
0.2,15769
0.21,15744
0.21,15109
0.22,15102
0.23,14802
0.25,14795
0.25,14657
0.28,14537
0.3,14223
0.31,14163
0.31,14140
0.32,14121
0.33,14009
0.33,13791
0.34,13744
0.35,13737
0.35,13684
0.35,13574
0.36,13468
0.38,13428
0.38,13321
0.38,13269
0.39,13222
0.39,12874
0.42,12872
0.42,12863
0.42,12617
0.43,12461
0.43,12388
0.44,12377
0.45,12335
0.46,12318
0.47,12257
0.48,12211
0.49,12144
0.5,12078
0.5,12009
0.5,12000
0.51,11997
0.52,11995
0.52,11948
0.53,11919
0.54,11691
0.56,11627
0.56,11622
0.58,11574
0.59,11488
0.61,11232
0.62,11145
0.63,10965
0.65,10920
0.66,10648
0.7,10584
0.72,10575
0.72,10543
0.73,10505
0.74,10502
0.79,10011
0.8,10005
0.81,9972
0.83,9957
0.84,9946
0.86,9932
0.87,9925
0.87,9912
0.88,9745
0.91,9595
0.93,9583
0.97,9580
0.98,9567
0.98,9562
0.98,9558
1,9504
1,9365
1.01,9331
1.04,9320
1.04,9257
1.05,9110
1.05,9078
1.09,9052
1.1,9013
1.13,8936
1.14,8877
1.14,8846
1.16,8841
1.17,8821
1.19,8812
1.21,8699
1.21,8646
1.25,8640
1.3,8548
1.35,8533
1.42,8522
1.62,8513
1.78,8478
2.02,8459
2.29,8417
2.38,8411
3.43,8271
3.57,8176
3.75,8170
3.81,8165
3.95,8164
4.59,8142
4.61,8135
4.77,8124
