0,2405366
0.01,2373450
0.01,2367808
0.01,2294058
0.01,2286041
0.01,2280176
0.02,2242371
0.02,2215857
0.02,2195269
0.02,2013233
0.02,2009658
0.03,1938158
0.03,1877123
0.03,1874305
0.03,1846428
0.03,1810553
0.04,1806920
0.04,1791795
0.04,1754701
0.05,1731374
0.05,1700676
0.05,1697740
0.05,1675729
0.05,1672687
0.06,1651552
0.06,1645056
0.06,1625483
0.06,1611774
0.07,1609678
0.07,1559881
0.07,1537730
0.08,1509863
0.09,1502292
0.09,1465565
0.1,1462682
0.11,1438800
0.11,1400387
0.11,1396801
0.11,1396339
0.12,1390130
0.12,1373254
0.13,1372088
0.13,1367569
0.13,1348913
0.13,1347456
0.14,1340159
0.14,1310999
0.15,1291106
0.16,1289261
0.17,1288543
0.17,1288501
0.17,1285818
0.18,1244023
0.18,1238901
0.18,1227170
0.19,1157174
0.19,1152330
0.19,1147109
0.21,1144753
0.21,1125975
0.22,1103157
0.23,1100124
0.24,1097960
0.24,1097891
0.25,1097847
0.25,1096543
0.25,1084817
0.26,1082618
0.26,1066167
0.27,1059239
0.27,1046533
0.3,1045258
0.3,1042968
0.31,1040354
0.31,1033993
0.31,1028488
0.32,1024442
0.32,1013051
0.35,1009625
0.36,1008784
0.36,999682
0.37,999549
0.39,997380
0.4,994998
0.42,994396
0.42,987544
0.43,980507
0.48,979631
0.48,978422
0.51,971009
0.52,970796
0.52,967675
0.54,967281
0.62,954542
0.64,947876
0.72,929451
0.78,928241
0.81,921288
0.82,920624
0.89,920286
1.1,920073
1.53,919888
0,2405366
0.01,2373450
0.01,2367808
0.01,2294058
0.01,2286041
0.02,2280176
0.02,2242371
0.02,2215857
0.02,2195269
0.02,2013233
0.03,2009658
0.03,1938158
0.03,1877123
0.03,1874305
0.04,1846428
0.04,1810553
0.05,1806920
0.05,1791795
0.05,1754701
0.05,1731374
0.05,1700676
0.05,1697740
0.05,1675729
0.06,1672687
0.06,1651552
0.06,1645056
0.07,1625483
0.07,1611774
0.07,1609678
0.07,1559881
0.08,1537730
0.09,1509863
0.09,1502292
0.1,1465565
0.11,1462682
0.11,1438800
0.12,1400387
0.12,1396801
0.12,1396339
0.13,1390130
0.13,1373254
0.14,1372088
0.14,1367569
0.14,1348913
0.14,1347456
0.15,1340159
0.15,1310999
0.16,1291106
0.17,1289261
0.18,1288543
0.18,1288501
0.18,1285818
0.19,1244023
0.19,1238901
0.2,1227170
0.2,1157174
0.21,1152330
0.22,1147109
0.24,1144753
0.25,1125975
0.26,1103157
0.27,1100124
0.28,1097960
0.29,1097891
0.29,1097847
0.3,1096543
0.3,1084817
0.3,1082618
0.3,1066167
0.31,1059239
0.31,1046533
0.35,1045258
0.35,1042968
0.36,1040354
0.37,1033993
0.37,1028488
0.37,1024442
0.38,1013051
0.41,1009625
0.42,1008784
0.42,999682
0.43,999549
0.45,997380
0.47,994998
0.5,994396
0.5,987544
0.52,980507
0.57,979631
0.57,978422
0.61,971009
0.61,970796
0.61,967675
0.64,967281
0.72,954542
0.75,947876
0.83,929451
0.92,928241
0.94,921288
0.96,920624
1.04,920286
1.26,920073
1.74,919888
