0,2405366
0.01,2275127
0.01,2262489
0.01,2124827
0.01,2049886
0.02,2025873
0.02,2018491
0.02,2008743
0.03,1994885
0.03,1964303
0.03,1840447
0.03,1839095
0.03,1826783
0.04,1826715
0.04,1818965
0.04,1761974
0.04,1747617
0.05,1684429
0.05,1683206
0.05,1665896
0.06,1615846
0.06,1607535
0.06,1549777
0.06,1541021
0.07,1532108
0.07,1527201
0.07,1523132
0.07,1515664
0.08,1511309
0.08,1509281
0.08,1493088
0.09,1485158
0.1,1478774
0.11,1473324
0.11,1448970
0.12,1446721
0.13,1440262
0.14,1438132
0.14,1431562
0.16,1409626
0.17,1402740
0.17,1397373
0.17,1370439
0.18,1368313
0.2,1367291
0.21,1327517
0.21,1320731
0.21,1299775
0.25,1294448
0.26,1278326
0.27,1247324
0.29,1214304
0.3,1213885
0.31,1212429
0.31,1206969
0.31,1195437
0.33,1188063
0.35,1181265
0.36,1178742
0.36,1162433
0.36,1154731
0.38,1152334
0.39,1137234
0.4,1136296
0.41,1132162
0.41,1118911
0.42,1087543
0.44,1079948
0.45,1072361
0.46,1071636
0.46,1064743
0.48,1061837
0.5,1060190
0.51,1058412
0.51,1056984
0.51,1054897
0.51,1054688
0.52,1054346
0.52,1054197
0.52,1053249
0.53,1030835
0.54,1021183
0.57,1016454
0.6,1005519
0.64,1001788
0.65,995030
0.67,991372
0.68,975809
0.69,974663
0.74,972308
0.77,971018
0.8,969925
0.9,968472
0.9,967461
0.91,966215
0.91,964518
0.96,964337
1.02,963967
1.04,963786
1.15,963476
1.2,962925
0,2405366
0.01,2275127
0.02,2262489
0.02,2124827
0.02,2049886
0.02,2025873
0.02,2018491
0.03,2008743
0.03,1994885
0.03,1964303
0.03,1840447
0.04,1839095
0.04,1826783
0.04,1826715
0.04,1818965
0.04,1761974
0.05,1747617
0.05,1684429
0.05,1683206
0.06,1665896
0.06,1615846
0.07,1607535
0.07,1549777
0.07,1541021
0.07,1532108
0.07,1527201
0.08,1523132
0.08,1515664
0.09,1511309
0.09,1509281
0.09,1493088
0.1,1485158
0.11,1478774
0.12,1473324
0.12,1448970
0.13,1446721
0.14,1440262
0.15,1438132
0.16,1431562
0.17,1409626
0.18,1402740
0.18,1397373
0.18,1370439
0.2,1368313
0.21,1367291
0.22,1327517
0.22,1320731
0.23,1299775
0.26,1294448
0.28,1278326
0.29,1247324
0.31,1214304
0.32,1213885
0.33,1212429
0.33,1206969
0.33,1195437
0.36,1188063
0.4,1181265
0.42,1178742
0.42,1162433
0.43,1154731
0.49,1152334
0.51,1137234
0.52,1136296
0.54,1132162
0.54,1118911
0.56,1087543
0.57,1079948
0.59,1072361
0.6,1071636
0.61,1064743
0.63,1061837
0.66,1060190
0.67,1058412
0.67,1056984
0.67,1054897
0.67,1054688
0.68,1054346
0.68,1054197
0.69,1053249
0.69,1030835
0.71,1021183
0.75,1016454
0.78,1005519
0.83,1001788
0.84,995030
0.87,991372
0.87,975809
0.89,974663
0.94,972308
0.97,971018
1.02,969925
1.25,968472
1.26,967461
1.27,966215
1.28,964518
1.42,964337
1.58,963967
1.62,963786
1.78,963476
1.86,962925
