0,2739047
0.01,2644722
0.02,2346820
0.02,2314671
0.04,2291102
0.04,2175062
0.04,2002682
0.04,1865969
0.04,1865111
0.04,1673392
0.05,1597180
0.05,1529552
0.05,1506193
0.05,1300711
0.05,1254378
0.05,1205228
0.05,1183676
0.05,1170621
0.06,1116531
0.06,1095332
0.06,1073621
0.06,1072989
0.06,1072320
0.06,1065471
0.06,1038621
0.07,1036074
0.07,1014514
0.07,1013557
0.07,1007959
0.07,1006780
0.07,1006134
0.07,1006078
0.07,998016
0.07,986618
0.07,965056
0.07,963809
0.07,958041
0.07,953363
0.07,953053
0.08,952662
0.08,948766
0.08,948056
