0,2405366
0.01,2375148
0.01,2262796
0.01,2215426
0.01,2182279
0.01,2126769
0.02,2051749
0.02,1998656
0.02,1981243
0.03,1975160
0.03,1974136
0.04,1952635
0.04,1935733
0.04,1889225
0.05,1885454
0.05,1836484
0.05,1790362
0.05,1779121
0.05,1770884
0.06,1683671
0.07,1679916
0.07,1677829
0.07,1668084
0.07,1664158
0.08,1650096
0.08,1609683
0.09,1608108
0.09,1602510
0.09,1528124
0.09,1504950
0.1,1491789
0.1,1436522
0.12,1431226
0.13,1372565
0.14,1357693
0.15,1354445
0.15,1353149
0.15,1344712
0.15,1338621
0.18,1334614
0.18,1332636
0.19,1323105
0.19,1298508
0.23,1283132
0.24,1278257
0.24,1271235
0.24,1269473
0.25,1266360
0.26,1244748
0.27,1229091
0.28,1138167
0.29,1137864
0.3,1125995
0.3,1124547
0.33,1118755
0.33,1100682
0.4,1099752
0.41,1099131
0.42,1094425
0.42,1093577
0.44,1090553
0.45,1088456
0.46,1085248
0.46,1081191
0.49,1079736
0.49,1061702
0.51,1058657
0.52,1058615
0.54,1055929
0.54,1051823
0.56,1049095
0.56,1044774
0.58,1044743
0.59,1036002
0.61,1032670
0.7,1030128
0.72,1012265
0.74,1000597
0.8,976765
0.89,965955
0.98,957520
1.11,957027
1.14,955453
1.18,950874
1.26,935746
1.3,935045
1.51,924998
1.61,924447
1.64,923723
1.72,921523
1.75,921205
1.98,920818
2.16,920654
2.36,919953
0,2405366
0.01,2375148
0.01,2262796
0.01,2215426
0.01,2182279
0.02,2126769
0.02,2051749
0.02,1998656
0.02,1981243
0.03,1975160
0.03,1974136
0.04,1952635
0.04,1935733
0.04,1889225
0.05,1885454
0.05,1836484
0.05,1790362
0.05,1779121
0.06,1770884
0.06,1683671
0.07,1679916
0.07,1677829
0.07,1668084
0.07,1664158
0.09,1650096
0.09,1609683
0.09,1608108
0.09,1602510
0.09,1528124
0.09,1504950
0.11,1491789
0.11,1436522
0.12,1431226
0.13,1372565
0.15,1357693
0.15,1354445
0.15,1353149
0.15,1344712
0.16,1338621
0.18,1334614
0.19,1332636
0.19,1323105
0.2,1298508
0.23,1283132
0.24,1278257
0.24,1271235
0.24,1269473
0.25,1266360
0.26,1244748
0.27,1229091
0.29,1138167
0.3,1137864
0.3,1125995
0.3,1124547
0.33,1118755
0.34,1100682
0.41,1099752
0.43,1099131
0.43,1094425
0.43,1093577
0.46,1090553
0.46,1088456
0.47,1085248
0.48,1081191
0.5,1079736
0.5,1061702
0.52,1058657
0.53,1058615
0.55,1055929
0.56,1051823
0.57,1049095
0.58,1044774
0.6,1044743
0.61,1036002
0.63,1032670
0.72,1030128
0.74,1012265
0.75,1000597
0.81,976765
0.89,965955
0.99,957520
1.13,957027
1.16,955453
1.2,950874
1.29,935746
1.33,935045
1.53,924998
1.64,924447
1.68,923723
1.76,921523
1.79,921205
2.2,920818
2.42,920654
2.78,919953
