0,2405366
0.01,2392615
0.01,2391964
0.01,2339243
0.01,2325879
0.01,2321325
0.01,2309512
0.02,2286301
0.02,2278114
0.02,2200031
0.02,2186535
0.02,2165069
0.02,2089119
0.03,2057661
0.03,1945625
0.04,1922659
0.04,1881350
0.04,1872119
0.05,1855073
0.05,1834186
0.06,1830101
0.06,1763124
0.06,1760562
0.06,1652584
0.07,1649119
0.07,1636089
0.07,1628948
0.08,1584618
0.08,1577466
0.09,1556644
0.09,1513294
0.09,1496262
0.1,1472096
0.11,1463555
0.12,1463447
0.12,1462795
0.12,1415728
0.13,1408647
0.13,1405398
0.14,1378200
0.14,1335941
0.15,1318104
0.15,1315939
0.15,1278707
0.16,1276449
0.16,1276350
0.16,1268528
0.16,1256349
0.18,1255643
0.18,1253860
0.18,1226802
0.2,1226283
0.2,1220727
0.2,1200155
0.21,1194380
0.22,1166837
0.23,1166427
0.23,1160802
0.24,1144711
0.24,1142635
0.24,1125508
0.24,1120717
0.25,1111535
0.26,1109134
0.26,1104688
0.27,1090269
0.28,1066541
0.29,1060869
0.3,1055680
0.32,1055097
0.33,1054680
0.33,1039827
0.33,1038598
0.34,1038287
0.34,1036802
0.34,1035702
0.35,1019777
0.4,1007586
0.43,1003011
0.45,987404
0.52,986814
0.61,982370
0.66,981941
0.81,977987
0.92,976439
0.95,974742
1,971168
1.08,966162
1.14,964465
1.17,962849
1.22,961438
1.54,955153
1.67,953831
1.74,953121
1.77,952570
3.29,951869
0,2405366
0.01,2392615
0.01,2391964
0.01,2339243
0.01,2325879
0.01,2321325
0.01,2309512
0.02,2286301
0.02,2278114
0.02,2200031
0.02,2186535
0.02,2165069
0.02,2089119
0.03,2057661
0.03,1945625
0.04,1922659
0.04,1881350
0.04,1872119
0.05,1855073
0.05,1834186
0.06,1830101
0.06,1763124
0.06,1760562
0.06,1652584
0.07,1649119
0.07,1636089
0.07,1628948
0.08,1584618
0.08,1577466
0.08,1556644
0.09,1513294
0.09,1496262
0.1,1472096
0.1,1463555
0.11,1463447
0.11,1462795
0.11,1415728
0.12,1408647
0.12,1405398
0.13,1378200
0.13,1335941
0.14,1318104
0.14,1315939
0.14,1278707
0.15,1276449
0.15,1276350
0.15,1268528
0.15,1256349
0.17,1255643
0.17,1253860
0.17,1226802
0.18,1226283
0.19,1220727
0.19,1200155
0.2,1194380
0.21,1166837
0.21,1166427
0.22,1160802
0.22,1144711
0.22,1142635
0.22,1125508
0.23,1120717
0.24,1111535
0.24,1109134
0.24,1104688
0.25,1090269
0.25,1066541
0.27,1060869
0.28,1055680
0.29,1055097
0.3,1054680
0.31,1039827
0.31,1038598
0.31,1038287
0.31,1036802
0.31,1035702
0.32,1019777
0.37,1007586
0.39,1003011
0.41,987404
0.48,986814
0.55,982370
0.59,981941
0.73,977987
0.83,976439
0.86,974742
0.91,971168
0.98,966162
1.04,964465
1.08,962849
1.12,961438
1.26,955153
1.32,953831
1.38,953121
1.41,952570
2.76,951869
