0,2405366
0.01,2373450
0.01,2361016
0.01,2305702
0.01,2303357
0.01,2219221
0.02,2164974
0.02,2117269
0.02,2081639
0.02,2045907
0.03,2030967
0.03,1992209
0.03,1959892
0.04,1951610
0.04,1943745
0.05,1918379
0.05,1818278
0.05,1795929
0.05,1792655
0.05,1772978
0.05,1745067
0.06,1709887
0.07,1693025
0.07,1682581
0.07,1682263
0.07,1651150
0.08,1642287
0.08,1614305
0.08,1582527
0.08,1577310
0.09,1574316
0.09,1574285
0.1,1573723
0.1,1559885
0.1,1559854
0.11,1503229
0.11,1497847
0.11,1489864
0.11,1483789
0.11,1471753
0.12,1463833
0.12,1462323
0.12,1422135
0.12,1421805
0.12,1416952
0.13,1402212
0.14,1363260
0.14,1348399
0.15,1341441
0.15,1308770
0.16,1294900
0.17,1278461
0.17,1264410
0.18,1263677
0.18,1247872
0.19,1211639
0.19,1210745
0.2,1208643
0.21,1206385
0.22,1190373
0.23,1150770
0.23,1148144
0.24,1146804
0.25,1116699
0.26,1116230
0.26,1110504
0.26,1108041
0.28,1107654
0.29,1103340
0.31,1100877
0.31,1090281
0.34,1089571
0.35,1087757
0.41,1084505
0.45,1083611
0.51,1081944
0.52,1069191
0.54,1067494
0.57,1059525
0.62,1046279
0.65,1044582
0.68,1042002
0.7,1037913
0.72,1020759
0.73,1016727
0.74,1013483
0.78,1006739
0.8,1003899
0.8,979845
0.82,959550
0.83,959129
0.88,955121
0.89,954021
0.94,953470
1,950399
1.08,938306
1.1,924955
1.12,923381
1.15,921959
1.17,920267
1.24,916259
1.24,915558
1.36,915007
0.01,2405366
0.01,2373450
0.01,2361016
0.01,2305702
0.01,2303357
0.02,2219221
0.02,2164974
0.02,2117269
0.03,2081639
0.03,2045907
0.03,2030967
0.04,1992209
0.04,1959892
0.04,1951610
0.05,1943745
0.05,1918379
0.06,1818278
0.06,1795929
0.06,1792655
0.06,1772978
0.06,1745067
0.07,1709887
0.08,1693025
0.08,1682581
0.08,1682263
0.09,1651150
0.09,1642287
0.09,1614305
0.09,1582527
0.1,1577310
0.1,1574316
0.1,1574285
0.11,1573723
0.11,1559885
0.11,1559854
0.12,1503229
0.12,1497847
0.12,1489864
0.12,1483789
0.13,1471753
0.13,1463833
0.13,1462323
0.13,1422135
0.14,1421805
0.14,1416952
0.14,1402212
0.15,1363260
0.16,1348399
0.17,1341441
0.17,1308770
0.18,1294900
0.19,1278461
0.2,1264410
0.21,1263677
0.21,1247872
0.22,1211639
0.22,1210745
0.24,1208643
0.24,1206385
0.25,1190373
0.26,1150770
0.27,1148144
0.28,1146804
0.29,1116699
0.3,1116230
0.3,1110504
0.3,1108041
0.33,1107654
0.34,1103340
0.35,1100877
0.35,1090281
0.39,1089571
0.4,1087757
0.46,1084505
0.5,1083611
0.54,1081944
0.55,1069191
0.57,1067494
0.58,1059525
0.59,1046279
0.62,1044582
0.65,1042002
0.67,1037913
0.7,1020759
0.7,1016727
0.71,1013483
0.75,1006739
0.77,1003899
0.78,979845
0.8,959550
0.81,959129
0.85,955121
0.86,954021
0.91,953470
0.98,950399
1.07,938306
1.09,924955
1.11,923381
1.13,921959
1.14,920267
1.19,916259
1.19,915558
1.29,915007
