0,2405366
0,2373450
0,2361016
0,2355563
0,2341783
0,2340415
0,2310168
0,2297734
0,2292281
0,2290617
0,2271107
0.01,2270745
0.01,2270525
0.03,2262509
0.05,2261063
0.06,2254558
0.07,2246134
0.17,2244804
0.28,2241542
0.29,2235037
0.3,2234116
0.44,2227323
0.65,2226767
1.28,2220896
3.26,2219399
3.27,2217960
3.29,2212355
3.29,2211455
3.33,2211434
3.33,2210534
4.03,2204641
4.03,2203741
26.24,2200803
26.24,2200186
31.52,2195020
31.52,2194120
31.52,2194099
31.52,2193199
31.56,2187306
31.56,2186406
39.56,2184696
39.59,2184140
39.69,2178269
39.94,2176772
39.94,2175333
39.94,2169728
39.94,2168828
39.95,2168807
39.95,2167907
40.04,2162014
40.04,2161114
45.2,2160915
46.19,2155152
46.31,2153822
46.49,2150560
46.51,2144055
46.52,2143134
46.71,2136341
46.93,2135785
47.67,2129914
49.71,2128417
49.71,2126978
49.75,2121373
49.75,2120473
49.8,2120452
49.8,2119552
50.48,2113659
50.48,2112759
58.94,2111995
62.47,2108346
62.47,2106418
62.85,2105877
66.95,2098966
66.95,2097757
77.62,2091208
77.62,2089999
77.67,2089570
77.72,2087341
77.72,2086132
77.74,2085422
110.51,2084569
110.51,2083669
110.52,2082986
110.52,2082086
165.14,2082003
165.14,2080794
167.68,2080420
167.68,2079211
206.17,2077910
206.25,2076327
231.66,2076104
231.66,2074895
231.69,2074278
439.15,2069737
439.15,2068528
439.23,2065841
439.23,2064632
439.24,2063922
