0,2405366
0.01,2398337
0.01,2388273
0.01,2316862
0.01,2278835
0.01,2226209
0.01,2185140
0.02,1991765
0.02,1937811
0.02,1922606
0.02,1881599
0.02,1876535
0.03,1872930
0.03,1869065
0.03,1858100
0.03,1845310
0.04,1819054
0.04,1815221
0.04,1733834
0.05,1716739
0.06,1716443
0.06,1652167
0.07,1642658
0.08,1628023
0.08,1621065
0.09,1579034
0.1,1565391
0.1,1551838
0.11,1517321
0.12,1516023
0.13,1487468
0.13,1462590
0.13,1460729
0.15,1454457
0.15,1448440
0.15,1442664
0.15,1416519
0.16,1404502
0.16,1383452
0.16,1368196
0.17,1361542
0.17,1360087
0.18,1352095
0.18,1342720
0.19,1323893
0.2,1293544
0.21,1288796
0.21,1227966
0.21,1227256
0.21,1211475
0.21,1209048
0.22,1204090
0.22,1194269
0.23,1156454
0.23,1151648
0.23,1151041
0.24,1127665
0.26,1120872
0.26,1114169
0.26,1110600
0.28,1109696
0.28,1107886
0.3,1103511
0.31,1096836
0.31,1090706
0.34,1081328
0.36,1076882
0.37,1061479
0.38,1057338
0.38,1049082
0.4,1047168
0.42,1046504
0.42,1044923
0.43,1036414
0.43,1029360
0.44,1027181
0.45,1009591
0.47,1009086
0.48,1005450
0.53,982939
0.58,982692
0.59,979134
0.6,977538
0.65,965975
0.68,958962
0.69,957152
0.69,955006
0.74,954838
0.76,952380
0.77,952110
0.79,950665
0.79,950641
0.8,949961
0.81,946513
0.81,944703
0.88,944446
0.92,944265
0.94,941624
1,935067
1,931394
1.03,929972
1.13,929498
1.21,928269
1.29,928088
1.45,927942
2.01,924178
2.34,923078
3.11,921077
3.53,903208
3.74,901979
3.8,901769
3.98,901428
4.04,901218
4.07,900999
4.08,900718
4.23,900508
0,2405366
0.01,2398337
0.01,2388273
0.01,2316862
0.01,2278835
0.01,2226209
0.01,2185140
0.02,1991765
0.02,1937811
0.02,1922606
0.02,1881599
0.03,1876535
0.03,1872930
0.03,1869065
0.04,1858100
0.04,1845310
0.05,1819054
0.05,1815221
0.05,1733834
0.06,1716739
0.06,1716443
0.07,1652167
0.08,1642658
0.09,1628023
0.09,1621065
0.1,1579034
0.11,1565391
0.11,1551838
0.12,1517321
0.13,1516023
0.14,1487468
0.14,1462590
0.14,1460729
0.16,1454457
0.16,1448440
0.16,1442664
0.17,1416519
0.17,1404502
0.17,1383452
0.17,1368196
0.18,1361542
0.19,1360087
0.19,1352095
0.19,1342720
0.21,1323893
0.21,1293544
0.23,1288796
0.23,1227966
0.23,1227256
0.23,1211475
0.23,1209048
0.24,1204090
0.24,1194269
0.25,1156454
0.25,1151648
0.25,1151041
0.27,1127665
0.28,1120872
0.29,1114169
0.29,1110600
0.31,1109696
0.31,1107886
0.33,1103511
0.34,1096836
0.34,1090706
0.38,1081328
0.4,1076882
0.41,1061479
0.41,1057338
0.42,1049082
0.44,1047168
0.46,1046504
0.47,1044923
0.47,1036414
0.48,1029360
0.48,1027181
0.5,1009591
0.52,1009086
0.53,1005450
0.58,982939
0.64,982692
0.65,979134
0.66,977538
0.71,965975
0.74,958962
0.75,957152
0.76,955006
0.81,954838
0.83,952380
0.84,952110
0.86,950665
0.86,950641
0.88,949961
0.88,946513
0.88,944703
0.96,944446
1.01,944265
1.03,941624
1.09,935067
1.09,931394
1.12,929972
1.22,929498
1.31,928269
1.39,928088
1.57,927942
2.18,924178
2.54,923078
3.4,921077
3.83,903208
4.05,901979
4.11,901769
4.28,901428
4.34,901218
4.38,900999
4.39,900718
4.53,900508
