0.01,2405366
0.01,2337624
0.01,2317843
0.01,2283141
0.01,2205661
0.02,2165406
0.02,2134159
0.02,2072448
0.03,2064054
0.03,2047961
0.03,1984027
0.03,1968733
0.03,1934150
0.04,1885236
0.04,1822699
0.05,1790049
0.05,1787250
0.05,1758053
0.05,1751235
0.05,1704342
0.06,1698537
0.06,1686111
0.06,1680283
0.06,1665006
0.08,1655913
0.09,1633299
0.09,1633153
0.1,1601096
0.12,1529307
0.12,1520289
0.14,1501570
0.14,1489120
0.15,1469632
0.15,1461929
0.15,1461707
0.16,1454607
0.17,1453794
0.17,1444739
0.18,1438265
0.18,1419284
0.19,1417352
0.19,1408376
0.22,1403526
0.22,1401594
0.22,1401137
0.23,1382363
0.23,1379281
0.23,1375834
0.23,1365984
0.24,1354438
0.24,1332490
0.24,1332209
0.26,1331594
0.27,1331448
0.27,1321630
0.28,1321247
0.29,1321071
0.29,1310324
0.29,1296741
0.29,1296710
0.3,1295607
0.3,1283833
0.32,1262891
0.34,1262340
0.35,1259883
0.38,1253859
0.39,1235162
0.39,1216016
0.4,1208093
0.4,1204948
0.4,1136135
0.43,1132990
0.44,1132332
0.45,1081430
0.46,1079840
0.47,1077432
0.48,1075234
0.5,1056927
0.5,1043304
0.52,1041948
0.52,1032768
0.53,1032288
0.53,1018044
0.61,1017285
0.65,1015973
0.66,1013929
0.69,1007525
0.7,1006516
0.72,1001182
0.74,995400
0.81,990777
0.81,989914
0.83,988132
0.87,986922
0.91,985660
0.97,985231
1,969332
1.03,964726
1.26,961867
1.3,958244
1.41,957693
1.46,956409
1.47,954834
1.54,944337
1.6,939182
1.66,938609
1.66,936411
1.68,922716
1.69,922165
1.7,921100
1.71,920549
1.76,919678
1.97,918714
2.04,918433
2.06,917392
2.12,916841
2.52,916560
0,2405366
0.01,2337624
0.01,2317843
0.01,2283141
0.01,2205661
0.02,2165406
0.02,2134159
0.02,2072448
0.02,2064054
0.03,2047961
0.03,1984027
0.03,1968733
0.03,1934150
0.04,1885236
0.04,1822699
0.05,1790049
0.05,1787250
0.05,1758053
0.05,1751235
0.05,1704342
0.06,1698537
0.06,1686111
0.06,1680283
0.06,1665006
0.08,1655913
0.09,1633299
0.09,1633153
0.1,1601096
0.12,1529307
0.13,1520289
0.14,1501570
0.14,1489120
0.15,1469632
0.15,1461929
0.15,1461707
0.16,1454607
0.17,1453794
0.18,1444739
0.18,1438265
0.19,1419284
0.19,1417352
0.19,1408376
0.21,1403526
0.22,1401594
0.22,1401137
0.22,1382363
0.23,1379281
0.23,1375834
0.23,1365984
0.23,1354438
0.23,1332490
0.24,1332209
0.26,1331594
0.26,1331448
0.26,1321630
0.28,1321247
0.29,1321071
0.29,1310324
0.29,1296741
0.29,1296710
0.3,1295607
0.3,1283833
0.32,1262891
0.34,1262340
0.35,1259883
0.38,1253859
0.39,1235162
0.4,1216016
0.4,1208093
0.41,1204948
0.41,1136135
0.44,1132990
0.45,1132332
0.46,1081430
0.47,1079840
0.48,1077432
0.49,1075234
0.5,1056927
0.5,1043304
0.52,1041948
0.52,1032768
0.54,1032288
0.54,1018044
0.62,1017285
0.65,1015973
0.66,1013929
0.69,1007525
0.71,1006516
0.72,1001182
0.74,995400
0.8,990777
0.8,989914
0.82,988132
0.86,986922
0.9,985660
0.96,985231
1,969332
1.02,964726
1.27,961867
1.3,958244
1.4,957693
1.44,956409
1.45,954834
1.54,944337
1.6,939182
1.66,938609
1.66,936411
1.68,922716
1.69,922165
1.7,921100
1.71,920549
1.77,919678
1.98,918714
2.05,918433
2.08,917392
2.13,916841
2.52,916560
