0,2405366
0.01,2400848
0.01,2341501
0.01,2323813
0.01,2271293
0.01,2234915
0.01,2209070
0.02,2194034
0.02,2174854
0.02,2085040
0.02,2064424
0.02,2031561
0.03,2024077
0.03,2020905
0.03,1950917
0.03,1935758
0.04,1919205
0.04,1910786
0.04,1908015
0.05,1905898
0.05,1903036
0.05,1836711
0.06,1835608
0.06,1826252
0.06,1819535
0.07,1792617
0.07,1778642
0.07,1746576
0.08,1718761
0.09,1707561
0.09,1692488
0.09,1690855
0.09,1687390
0.09,1680785
0.1,1658650
0.1,1652289
0.1,1650547
0.11,1464318
0.11,1454864
0.11,1448886
0.12,1438491
0.12,1432045
0.13,1411980
0.15,1409314
0.15,1405057
0.15,1397470
0.15,1391249
0.16,1352480
0.18,1351482
0.18,1327644
0.19,1324998
0.2,1310096
0.2,1303960
0.2,1294464
0.21,1284223
0.21,1269659
0.22,1262578
0.22,1239538
0.24,1238362
0.25,1238101
0.25,1227904
0.25,1221061
0.25,1219923
0.25,1180731
0.27,1160682
0.27,1153385
0.28,1147323
0.29,1143268
0.29,1140240
0.29,1117681
0.29,1064994
0.3,1063533
0.31,1026196
0.32,1024499
0.34,1023716
0.35,1012046
0.37,1005862
0.38,1004757
0.38,996373
0.39,983645
0.39,979585
0.4,974206
0.4,972217
0.42,971855
0.45,967591
0.47,967330
0.48,963795
0.48,955005
0.48,953308
0.52,942364
0.53,941656
0.53,937113
0.54,936894
0.54,936449
0.54,929073
0.63,927376
0.65,926869
0.69,925172
0.73,921211
0.75,921030
0.79,918429
0.79,917805
0.88,914166
1.03,913333
1.03,912744
1.13,912469
1.18,911918
1.18,911047
1.25,910496
1.3,908386
1.32,908205
1.36,907654
1.39,906232
1.81,906082
1.84,905531
0,2405366
0.01,2400848
0.01,2341501
0.01,2323813
0.01,2271293
0.01,2234915
0.01,2209070
0.02,2194034
0.02,2174854
0.02,2085040
0.02,2064424
0.03,2031561
0.03,2024077
0.03,2020905
0.04,1950917
0.04,1935758
0.04,1919205
0.05,1910786
0.05,1908015
0.05,1905898
0.05,1903036
0.05,1836711
0.06,1835608
0.06,1826252
0.06,1819535
0.07,1792617
0.07,1778642
0.07,1746576
0.09,1718761
0.09,1707561
0.09,1692488
0.09,1690855
0.1,1687390
0.1,1680785
0.1,1658650
0.1,1652289
0.11,1650547
0.11,1464318
0.11,1454864
0.11,1448886
0.13,1438491
0.13,1432045
0.14,1411980
0.15,1409314
0.15,1405057
0.15,1397470
0.16,1391249
0.17,1352480
0.18,1351482
0.19,1327644
0.2,1324998
0.2,1310096
0.2,1303960
0.21,1294464
0.21,1284223
0.22,1269659
0.22,1262578
0.23,1239538
0.24,1238362
0.25,1238101
0.25,1227904
0.26,1221061
0.26,1219923
0.26,1180731
0.27,1160682
0.28,1153385
0.28,1147323
0.29,1143268
0.29,1140240
0.3,1117681
0.3,1064994
0.31,1063533
0.31,1026196
0.32,1024499
0.34,1023716
0.35,1012046
0.38,1005862
0.38,1004757
0.39,996373
0.39,983645
0.39,979585
0.4,974206
0.41,972217
0.42,971855
0.45,967591
0.48,967330
0.48,963795
0.48,955005
0.49,953308
0.53,942364
0.53,941656
0.53,937113
0.54,936894
0.54,936449
0.55,929073
0.63,927376
0.65,926869
0.7,925172
0.74,921211
0.76,921030
0.79,918429
0.8,917805
0.89,914166
1.03,913333
1.04,912744
1.14,912469
1.19,911918
1.19,911047
1.26,910496
1.31,908386
1.32,908205
1.37,907654
1.4,906232
1.83,906082
1.85,905531
