0,2322176
0,2310931
0.01,2287739
0.01,2268861
0.01,2247074
0.01,2170519
0.01,2166787
0.02,2162996
0.02,2150827
0.02,2129957
0.02,2108986
0.02,2100756
0.02,2034650
0.03,2026784
0.03,1995176
0.03,1976337
0.03,1942073
0.03,1929753
0.04,1745313
0.04,1720317
0.05,1719914
0.05,1717683
0.05,1688925
0.05,1670870
0.06,1663740
0.06,1663490
0.06,1658419
0.06,1647524
0.06,1643847
0.06,1625724
0.06,1623888
0.07,1613652
0.07,1596905
0.07,1588172
0.08,1574113
0.08,1522002
0.09,1491174
0.1,1486514
0.1,1455910
0.1,1447358
0.11,1424122
0.11,1389478
0.11,1385020
0.12,1384554
0.12,1382971
0.13,1382918
0.13,1381242
0.13,1352777
0.15,1311612
0.18,1304743
0.18,1303989
0.18,1302231
0.18,1237237
0.19,1234529
0.21,1220223
0.23,1219701
0.24,1201487
0.25,1173188
0.26,1165807
0.26,1165483
0.26,1160843
0.27,1155006
0.27,1138335
0.3,1128353
0.32,1116238
0.38,1115043
0.38,1107226
0.39,1100419
0.46,1098618
0.46,1097030
0.47,1089530
0.48,1089070
0.52,1068766
0.54,1059263
0.55,1057953
0.56,1028072
0.57,1024245
0.6,1010228
0.69,1009652
0.69,1008393
0.7,1007183
0.73,1005873
0.78,1005680
0.79,1005333
0.88,967155
0.97,966186
1,948069
1.03,945073
1.06,938915
1.07,936716
1.08,929065
1.08,925301
1.09,923840
1.11,909525
1.14,907629
1.26,907107
0.01,2322176
0.01,2310931
0.01,2287739
0.01,2268861
0.01,2247074
0.01,2170519
0.02,2166787
0.02,2162996
0.02,2150827
0.02,2129957
0.02,2108986
0.03,2100756
0.03,2034650
0.03,2026784
0.04,1995176
0.04,1976337
0.04,1942073
0.04,1929753
0.05,1745313
0.05,1720317
0.06,1719914
0.06,1717683
0.06,1688925
0.07,1670870
0.07,1663740
0.07,1663490
0.07,1658419
0.08,1647524
0.08,1643847
0.08,1625724
0.08,1623888
0.08,1613652
0.09,1596905
0.09,1588172
0.1,1574113
0.11,1522002
0.12,1491174
0.12,1486514
0.12,1455910
0.13,1447358
0.14,1424122
0.14,1389478
0.14,1385020
0.15,1384554
0.15,1382971
0.16,1382918
0.16,1381242
0.17,1352777
0.19,1311612
0.22,1304743
0.23,1303989
0.23,1302231
0.23,1237237
0.23,1234529
0.25,1220223
0.27,1219701
0.28,1201487
0.28,1173188
0.29,1165807
0.29,1165483
0.3,1160843
0.31,1155006
0.31,1138335
0.33,1128353
0.34,1116238
0.37,1115043
0.38,1107226
0.38,1100419
0.4,1098618
0.41,1097030
0.41,1089530
0.42,1089070
0.46,1068766
0.49,1059263
0.5,1057953
0.51,1028072
0.52,1024245
0.56,1010228
0.68,1009652
0.68,1008393
0.69,1007183
0.73,1005873
0.78,1005680
0.8,1005333
0.88,967155
0.92,966186
0.94,948069
0.95,945073
0.98,938915
0.98,936716
0.99,929065
1,925301
1,923840
1.02,909525
1.06,907629
1.24,907107
