0.01,198870
0.01,198674
0.01,188949
0.02,188399
0.02,181940
0.02,176988
0.02,175885
0.03,174439
0.03,172640
0.03,171944
0.03,171831
0.03,166095
0.04,165549
0.04,165423
0.04,165414
0.04,164187
0.04,163540
0.05,160509
0.05,155666
0.05,152859
0.06,151101
0.07,150341
0.07,148780
0.08,146839
0.08,146105
0.08,145985
0.09,144213
0.09,144118
0.1,142906
0.1,142244
0.1,138845
0.12,138572
0.12,136023
0.13,133120
0.14,133039
0.14,132888
0.14,130226
0.14,129502
0.14,127771
0.15,127215
0.15,125619
0.16,123245
0.17,122094
0.18,122011
0.18,121416
0.18,121176
0.19,119087
0.19,118963
0.19,118893
0.2,116751
0.2,116204
0.22,115300
0.22,114005
0.22,113329
0.23,112864
0.23,112560
0.23,112500
0.24,112458
0.24,112193
0.24,110779
0.26,110569
0.27,110215
0.28,109626
0.28,109467
0.28,108306
0.28,108190
0.29,105477
0.3,104653
0.3,103389
0.3,102959
0.31,102937
0.31,102711
0.31,100960
0.32,99357
0.34,98452
0.34,97611
0.37,97006
0.37,95414
0.37,95002
0.39,92913
0.4,89818
0.41,89582
0.41,89537
0.41,88578
0.43,88211
0.44,88118
0.44,87820
0.45,87149
0.46,86254
0.46,85082
0.48,84539
0.5,84537
0.54,83300
0.57,82026
0.59,81847
0.61,81840
0.61,80514
0.61,79598
0.65,77954
0.66,77320
0.67,77130
0.67,76562
0.7,76556
0.71,75749
0.74,74776
0.76,74457
0.86,73944
0.86,73796
0.88,73712
0.9,73508
0.91,73502
0.92,72978
0.95,72092
1,71121
1.01,70847
1.01,70245
1.01,70163
1.01,70020
1.02,69700
1.07,69482
1.12,68490
1.12,68114
1.13,67757
1.19,67614
1.2,66487
1.2,66020
1.24,65662
1.25,65440
1.27,65158
1.3,64778
1.31,64752
1.32,64750
1.33,64076
1.34,63401
1.35,63165
1.36,63151
1.36,62424
1.4,61994
1.44,61605
1.53,61225
1.53,60650
1.54,60074
1.6,59546
1.61,59398
1.68,59038
1.69,58994
1.74,58434
1.74,58166
1.81,58145
1.82,57779
1.92,57775
2.01,57572
2.03,57464
2.06,57430
2.2,57416
2.26,57382
2.27,57166
2.39,56898
2.42,56778
2.45,56744
2.52,56638
2.53,56604
2.54,56603
2.61,56430
2.65,56379
2.67,56282
2.68,55965
2.8,55914
2.83,55533
2.91,55501
2.91,54934
3.01,54712
3.21,54660
3.5,54260
3.5,54225
3.56,54224
3.67,54118
3.86,54083
3.88,52923
4.45,52875
0.01,198870
0.01,198674
0.01,188949
0.01,188399
0.01,181940
0.02,176988
0.02,175885
0.02,174439
0.03,172640
0.03,171944
0.03,171831
0.03,166095
0.04,165549
0.04,165423
0.04,165414
0.04,164187
0.04,163540
0.05,160509
0.05,155666
0.05,152859
0.05,151101
0.06,150341
0.07,148780
0.07,146839
0.07,146105
0.08,145985
0.09,144213
0.09,144118
0.09,142906
0.09,142244
0.1,138845
0.11,138572
0.11,136023
0.12,133120
0.13,133039
0.13,132888
0.13,130226
0.13,129502
0.13,127771
0.14,127215
0.14,125619
0.15,123245
0.16,122094
0.16,122011
0.17,121416
0.17,121176
0.17,119087
0.17,118963
0.18,118893
0.19,116751
0.19,116204
0.2,115300
0.2,114005
0.2,113329
0.21,112864
0.21,112560
0.22,112500
0.22,112458
0.22,112193
0.22,110779
0.24,110569
0.25,110215
0.25,109626
0.26,109467
0.26,108306
0.26,108190
0.26,105477
0.27,104653
0.28,103389
0.28,102959
0.28,102937
0.28,102711
0.29,100960
0.3,99357
0.32,98452
0.32,97611
0.34,97006
0.34,95414
0.35,95002
0.36,92913
0.37,89818
0.39,89582
0.39,89537
0.39,88578
0.41,88211
0.42,88118
0.42,87820
0.42,87149
0.43,86254
0.44,85082
0.46,84539
0.47,84537
0.52,83300
0.55,82026
0.57,81847
0.59,81840
0.59,80514
0.59,79598
0.63,77954
0.64,77320
0.65,77130
0.65,76562
0.68,76556
0.69,75749
0.71,74776
0.74,74457
0.83,73944
0.84,73796
0.85,73712
0.88,73508
0.89,73502
0.9,72978
0.92,72092
0.97,71121
0.98,70847
0.98,70245
0.98,70163
0.98,70020
0.99,69700
1.03,69482
1.09,68490
1.09,68114
1.1,67757
1.16,67614
1.16,66487
1.17,66020
1.2,65662
1.21,65440
1.23,65158
1.26,64778
1.28,64752
1.28,64750
1.29,64076
1.3,63401
1.31,63165
1.32,63151
1.33,62424
1.36,61994
1.41,61605
1.5,61225
1.5,60650
1.51,60074
1.57,59546
1.57,59398
1.65,59038
1.65,58994
1.7,58434
1.7,58166
1.77,58145
1.78,57779
1.88,57775
1.97,57572
1.99,57464
2.02,57430
2.16,57416
2.22,57382
2.23,57166
2.35,56898
2.38,56778
2.41,56744
2.47,56638
2.48,56604
2.49,56603
2.57,56430
2.61,56379
2.62,56282
2.64,55965
2.76,55914
2.79,55533
2.86,55501
2.86,54934
2.96,54712
3.16,54660
3.45,54260
3.45,54225
3.51,54224
3.62,54118
3.82,54083
3.83,52923
4.39,52875
