0.01,210535
0.01,194135
0.01,193350
0.01,184307
0.02,181515
0.02,180629
0.02,178209
0.02,178158
0.02,173653
0.02,173345
0.03,172446
0.03,171568
0.03,171161
0.04,169206
0.04,168223
0.04,168104
0.04,165770
0.05,163949
0.05,162469
0.05,162188
0.06,160086
0.06,159729
0.06,159585
0.06,158718
0.07,156352
0.07,154587
0.07,154435
0.08,154102
0.08,150190
0.08,148491
0.08,148314
0.09,148143
0.09,143719
0.1,139797
0.12,138521
0.12,138504
0.13,138401
0.14,137795
0.15,129897
0.16,129729
0.16,128168
0.16,128090
0.16,128089
0.17,125263
0.17,124425
0.18,124106
0.18,123075
0.19,122438
0.2,122297
0.2,121650
0.22,120943
0.24,120939
0.25,120892
0.26,119500
0.26,118993
0.26,118617
0.26,117404
0.28,116887
0.28,114453
0.29,114414
0.29,113960
0.29,110579
0.29,110455
0.3,109635
0.31,109615
0.32,109294
0.32,108788
0.32,107878
0.33,107196
0.33,104285
0.34,101063
0.34,100917
0.35,100804
0.35,99890
0.35,98732
0.37,97406
0.38,96387
0.38,96324
0.38,95818
0.39,95736
0.4,95248
0.42,95008
0.43,94907
0.44,93881
0.52,93463
0.53,93425
0.54,93344
0.56,92714
0.59,92217
0.61,91386
0.64,91380
0.65,90969
0.65,89861
0.67,89311
0.67,88654
0.68,86133
0.68,84895
0.69,83207
0.7,83128
0.7,81552
0.72,80823
0.72,79773
0.72,79609
0.73,79109
0.75,78972
0.76,78888
0.76,77204
0.78,76826
0.81,76169
0.83,76159
0.83,76092
0.87,75942
0.9,75929
0.92,75874
0.94,75353
0.94,75152
0.95,74690
0.98,73911
0.99,73899
1,73560
1.04,73154
1.06,72895
1.07,72470
1.08,72101
1.14,71586
1.15,71525
1.18,71200
1.19,71073
1.23,71071
1.23,70356
1.23,70078
1.27,69702
1.29,69613
1.3,68353
1.4,68307
1.4,68153
1.43,68011
1.46,67843
1.46,67769
1.47,67608
1.47,67513
1.49,66945
1.52,66180
1.54,66160
1.55,65978
1.56,65947
1.58,65565
1.59,65191
1.63,64991
1.63,64491
1.63,64248
1.66,64142
1.7,63913
1.7,63791
1.76,63299
1.78,62132
1.81,59009
1.98,58984
2.03,58892
2.08,58724
2.19,58669
2.2,58303
2.25,58291
2.28,57866
2.3,57476
2.38,56940
2.89,56873
3.02,56532
3.03,56453
3.1,56336
3.34,56149
3.49,56115
3.72,56082
3.72,55928
3.91,55911
3.94,55767
4.03,55700
6.85,55691
7.3,55627
8.26,54456
9.01,54416
9.44,54335
9.8,54193
0.01,210535
0.01,194135
0.02,193350
0.02,184307
0.03,181515
0.03,180629
0.03,178209
0.03,178158
0.04,173653
0.04,173345
0.04,172446
0.05,171568
0.05,171161
0.06,169206
0.06,168223
0.06,168104
0.07,165770
0.07,163949
0.08,162469
0.08,162188
0.09,160086
0.09,159729
0.09,159585
0.09,158718
0.1,156352
0.1,154587
0.11,154435
0.11,154102
0.11,150190
0.12,148491
0.12,148314
0.13,148143
0.14,143719
0.15,139797
0.17,138521
0.18,138504
0.19,138401
0.2,137795
0.21,129897
0.22,129729
0.22,128168
0.23,128090
0.23,128089
0.24,125263
0.24,124425
0.24,124106
0.25,123075
0.25,122438
0.26,122297
0.27,121650
0.29,120943
0.31,120939
0.32,120892
0.33,119500
0.33,118993
0.33,118617
0.34,117404
0.35,116887
0.36,114453
0.37,114414
0.37,113960
0.37,110579
0.38,110455
0.4,109635
0.42,109615
0.43,109294
0.43,108788
0.44,107878
0.45,107196
0.47,104285
0.47,101063
0.49,100917
0.49,100804
0.5,99890
0.5,98732
0.53,97406
0.54,96387
0.55,96324
0.55,95818
0.57,95736
0.58,95248
0.61,95008
0.62,94907
0.64,93881
0.75,93463
0.77,93425
0.79,93344
0.8,92714
0.84,92217
0.89,91386
0.93,91380
0.94,90969
0.95,89861
0.96,89311
0.97,88654
0.98,86133
0.99,84895
0.99,83207
1.01,83128
1.01,81552
1.03,80823
1.04,79773
1.04,79609
1.05,79109
1.08,78972
1.08,78888
1.08,77204
1.11,76826
1.15,76169
1.17,76159
1.17,76092
1.22,75942
1.26,75929
1.29,75874
1.32,75353
1.33,75152
1.34,74690
1.37,73911
1.39,73899
1.4,73560
1.44,73154
1.46,72895
1.47,72470
1.49,72101
1.56,71586
1.57,71525
1.6,71200
1.62,71073
1.67,71071
1.67,70356
1.68,70078
1.72,69702
1.75,69613
1.76,68353
1.87,68307
1.87,68153
1.9,68011
1.93,67843
1.93,67769
1.94,67608
1.94,67513
1.96,66945
1.99,66180
2.03,66160
2.04,65978
2.05,65947
2.08,65565
2.09,65191
2.14,64991
2.14,64491
2.15,64248
2.18,64142
2.23,63913
2.23,63791
2.3,63299
2.34,62132
2.38,59009
2.62,58984
2.69,58892
2.77,58724
2.91,58669
2.92,58303
2.97,58291
2.99,57866
3.01,57476
3.09,56940
3.79,56873
3.9,56532
3.91,56453
4,56336
4.42,56149
4.67,56115
4.95,56082
4.95,55928
5.26,55911
5.34,55767
5.51,55700
9.36,55691
10.03,55627
11.23,54456
12.02,54416
12.48,54335
12.82,54193
