0,227486
0,227374
0,227177
0,227174
0,223493
0.01,223242
0.01,222819
0.01,221302
0.01,220645
0.01,220607
0.06,220591
0.07,220387
0.07,220349
0.08,220070
0.08,219727
0.11,219339
0.12,219301
0.38,219290
0.38,219252
0.86,219166
0.9,218823
1.84,218807
1.84,218734
1.84,218696
1.85,218417
1.85,218074
3.27,217992
3.59,217784
3.6,217746
3.76,217730
3.8,217526
3.81,217488
3.82,217209
3.84,216866
3.95,216478
3.99,216440
5.1,216429
5.1,216391
6.29,215798
6.33,215760
7.34,215613
7.45,215540
7.46,215502
7.51,215223
7.63,214880
8.52,214637
8.67,214608
8.67,214002
8.67,213868
8.67,213643
8.67,212895
8.87,212857
12.07,212224
12.09,212077
12.1,211966
12.1,211870
12.1,211344
12.14,211086
12.14,210952
12.14,210727
12.14,209979
12.3,209943
25.51,209646
27.36,209376
29.95,209217
29.96,209177
29.96,208582
29.96,208448
29.96,208223
29.96,207475
46.39,207458
46.39,207449
46.39,207407
49.43,207248
49.43,207205
49.43,207111
49.44,206935
49.44,206919
49.44,206514
51.34,206216
57.33,206167
66.58,205887
67.07,205795
67.13,205738
82.37,205722
82.53,205611
82.53,205473
82.62,205138
82.72,205046
82.73,204989
247.98,204850
252.58,204607
253.36,204539
253.36,203972
253.36,203500
253.36,202865
254.18,202827
279.97,202194
280.08,202047
280.1,201936
280.12,201840
280.12,201314
280.3,201056
280.3,200584
280.3,199949
280.98,199913
346.5,199616
356.58,199346
376.62,199187
376.7,199147
376.72,199119
376.72,198552
376.72,198080
376.72,197445
419.22,197277
419.23,197226
582.78,196763
