0.07,179760
0.3,172955
0.4,166623
0.41,164242
0.43,153334
0.44,145775
0.46,128584
0.47,127943
0.5,127537
0.51,127109
0.53,117853
0.54,112202
0.56,112188
0.56,108990
0.57,97039
0.59,96206
0.6,92974
0.61,90210
0.62,83026
0.65,77768
0.66,75998
0.67,74479
0.68,74389
0.69,74288
0.7,73983
0.7,71140
0.71,69967
0.73,68942
0.74,68484
0.75,67576
0.76,67391
0.77,67027
0.79,66398
0.79,65844
0.8,64899
0.82,64465
0.83,64115
0.83,63167
0.84,62976
0.85,62805
0.85,62301
0.86,61519
0.87,61155
0.87,61048
0.88,60563
0.9,60542
0.9,60347
0.91,60338
0.91,60152
0.95,59880
0.96,59402
1,59346
1.01,59144
1.02,59056
1.04,59030
1.12,58710
