0.01,204532
0.01,202214
0.01,197903
0.01,196508
0.01,196437
0.01,191647
0.01,186271
0.02,185396
0.02,184382
0.02,183589
0.02,183158
0.02,177311
0.03,173817
0.03,169186
0.03,165036
0.04,162814
0.05,161034
0.06,160398
0.06,154382
0.06,154196
0.07,154079
0.07,154026
0.07,150612
0.07,148663
0.07,146350
0.08,145362
0.08,144824
0.08,142257
0.09,140714
0.09,140406
0.09,139246
0.1,138126
0.1,137856
0.1,137502
0.11,137307
0.11,136555
0.11,134138
0.12,133488
0.12,132674
0.14,132020
0.14,130584
0.14,128874
0.15,126457
0.15,126411
0.15,125912
0.16,124757
0.17,123910
0.17,121496
0.17,120933
0.18,120357
0.19,120303
0.19,120011
0.2,119302
0.2,118907
0.21,118900
0.21,118328
0.22,115776
0.23,114408
0.24,111958
0.25,110148
0.26,110073
0.26,109926
0.26,109610
0.27,107969
0.27,105637
0.3,105574
0.31,105458
0.31,105063
0.32,103964
0.34,103963
0.34,103849
0.34,103723
0.35,103066
0.35,102889
0.36,102667
0.36,101296
0.36,101217
0.37,99122
0.38,97668
0.39,97203
0.4,96209
0.4,95562
0.41,95534
0.42,94428
0.42,93676
0.43,88237
0.44,88207
0.46,87170
0.46,86925
0.46,85620
0.48,85560
0.48,84505
0.49,83731
0.49,83696
0.5,83512
0.51,83363
0.51,83309
0.52,81865
0.52,79970
0.53,79199
0.55,78405
0.57,77876
0.57,77446
0.58,77076
0.59,76870
0.59,76857
0.59,76383
0.6,75267
0.61,74968
0.65,74776
0.66,74418
0.68,72842
0.68,72069
0.73,71483
0.74,69685
0.77,69633
0.78,69588
0.78,69349
0.8,68867
0.81,68365
0.81,67608
0.82,67147
0.84,67144
0.84,66753
0.85,66677
0.87,66560
0.89,66115
0.9,66042
0.91,64774
0.93,64627
0.93,64013
0.98,62551
1,62163
1.02,62051
1.03,61539
1.13,61281
1.15,60811
1.21,60479
1.33,59896
1.36,59701
1.47,59636
1.48,59326
1.53,58283
1.58,58045
1.62,57510
1.73,57461
1.75,57193
1.9,55671
2.29,55421
2.57,55353
3.09,55334
3.63,54940
3.68,54834
4.5,54660
5.06,54625
5.07,54186
7.46,53914
7.51,53879
7.87,53791
10.2,53588
0.01,204532
0.01,202214
0.01,197903
0.01,196508
0.02,196437
0.02,191647
0.02,186271
0.02,185396
0.02,184382
0.02,183589
0.03,183158
0.03,177311
0.03,173817
0.04,169186
0.04,165036
0.05,162814
0.06,161034
0.07,160398
0.07,154382
0.08,154196
0.08,154079
0.08,154026
0.08,150612
0.09,148663
0.09,146350
0.09,145362
0.1,144824
0.1,142257
0.11,140714
0.11,140406
0.11,139246
0.12,138126
0.12,137856
0.13,137502
0.13,137307
0.14,136555
0.14,134138
0.15,133488
0.16,132674
0.19,132020
0.19,130584
0.2,128874
0.2,126457
0.21,126411
0.21,125912
0.22,124757
0.23,123910
0.24,121496
0.24,120933
0.25,120357
0.26,120303
0.26,120011
0.27,119302
0.27,118907
0.29,118900
0.29,118328
0.3,115776
0.32,114408
0.35,111958
0.36,110148
0.37,110073
0.38,109926
0.38,109610
0.39,107969
0.4,105637
0.44,105574
0.44,105458
0.45,105063
0.45,103964
0.48,103963
0.48,103849
0.5,103723
0.52,103066
0.52,102889
0.53,102667
0.53,101296
0.54,101217
0.55,99122
0.57,97668
0.58,97203
0.59,96209
0.6,95562
0.6,95534
0.62,94428
0.63,93676
0.64,88237
0.65,88207
0.68,87170
0.68,86925
0.68,85620
0.7,85560
0.71,84505
0.71,83731
0.72,83696
0.74,83512
0.75,83363
0.75,83309
0.75,81865
0.76,79970
0.77,79199
0.81,78405
0.86,77876
0.87,77446
0.88,77076
0.9,76870
0.9,76857
0.91,76383
0.92,75267
0.93,74968
0.98,74776
1.01,74418
1.03,72842
1.04,72069
1.1,71483
1.12,69685
1.18,69633
1.18,69588
1.19,69349
1.22,68867
1.23,68365
1.23,67608
1.24,67147
1.28,67144
1.28,66753
1.29,66677
1.32,66560
1.34,66115
1.36,66042
1.37,64774
1.4,64627
1.4,64013
1.47,62551
1.5,62163
1.53,62051
1.54,61539
1.69,61281
1.71,60811
1.78,60479
1.96,59896
2,59701
2.15,59636
2.17,59326
2.24,58283
2.29,58045
2.35,57510
2.53,57461
2.56,57193
2.78,55671
3.28,55421
3.6,55353
4.13,55334
4.66,54940
4.71,54834
5.56,54660
6.13,54625
6.14,54186
8.91,53914
8.96,53879
9.31,53791
12.16,53588
