0,222119
0,210177
0,202068
0.01,195987
0.03,192014
0.04,188306
0.07,171023
0.08,166589
0.1,165243
0.1,158911
0.1,145511
0.1,143606
0.1,136530
0.11,135303
0.11,111982
0.12,103159
0.12,101121
0.12,97620
0.13,97341
0.13,95518
0.13,90758
0.14,81416
0.14,80329
0.14,76529
0.14,74349
0.14,70504
0.15,70168
0.15,69661
0.16,67348
0.16,66919
0.16,66779
0.16,66541
0.16,65286
0.17,64785
0.17,64603
0.17,64566
0.17,64183
0.18,63707
0.18,63399
0.19,63209
0.2,63089
0.2,62981
0.21,62934
0.22,62896
0.23,62828
0.24,62662
0.25,62436
0.26,62372
0.26,62060
0.26,61606
0.26,61560
0.26,61203
0.27,60945
