0.01,195567
0.01,195011
0.01,192623
0.01,191612
0.01,191555
0.02,190831
0.02,186530
0.02,186381
0.02,183694
0.02,182483
0.02,171455
0.02,168322
0.03,164821
0.03,155885
0.04,155578
0.04,155290
0.04,150204
0.06,149883
0.06,149557
0.08,147607
0.09,145902
0.09,143784
0.09,141703
0.09,141483
0.09,141466
0.1,141260
0.1,137148
0.1,135293
0.11,133922
0.11,133711
0.12,133594
0.12,133575
0.13,133287
0.14,132815
0.14,132265
0.14,131142
0.14,130799
0.15,130722
0.15,129802
0.15,129624
0.16,127480
0.17,126308
0.17,123536
0.18,122618
0.19,122528
0.2,121787
0.2,121197
0.2,120917
0.2,120420
0.21,120378
0.22,120185
0.22,120081
0.22,119963
0.23,118495
0.24,116591
0.26,116490
0.26,114614
0.27,114333
0.28,113534
0.29,112776
0.29,111104
0.31,110829
0.31,109477
0.31,108100
0.32,107026
0.33,106058
0.33,103145
0.33,102937
0.34,102918
0.34,102570
0.35,98574
0.35,98471
0.36,97494
0.36,96774
0.36,96291
0.37,96133
0.38,96078
0.38,95498
0.39,95075
0.41,94804
0.41,94607
0.42,93659
0.43,91647
0.43,89271
0.43,89106
0.46,88989
0.46,88694
0.46,88019
0.46,80896
0.48,79604
0.5,79469
0.52,79072
0.54,78964
0.56,77670
0.62,77249
0.63,77016
0.65,76923
0.66,76135
0.69,76134
0.69,76125
0.69,75925
0.7,74440
0.71,74134
0.71,73282
0.72,73092
0.73,72996
0.73,72204
0.75,71084
0.8,70590
0.81,70426
0.81,69935
0.84,69674
0.84,69542
0.86,68398
0.86,67877
0.98,67873
0.99,67356
1.07,67289
1.08,67223
1.08,66340
1.15,66336
1.17,65418
1.24,65271
1.26,64207
1.27,63933
1.3,63866
1.3,63837
1.31,63577
1.31,62785
1.36,62668
1.37,62632
1.37,62503
1.38,62326
1.39,61552
1.41,60513
1.44,60306
1.47,60116
1.49,60055
1.51,59933
1.58,59320
1.63,58718
1.75,58703
1.75,58667
1.75,58450
1.76,58382
1.82,58267
1.83,58139
1.95,57965
2.01,57308
2.11,57002
2.12,56756
2.14,56296
2.34,55703
2.52,55666
2.54,55634
2.63,55565
2.63,55547
2.65,55237
2.65,54904
2.72,54708
2.94,54645
3.04,54556
3.04,54469
3.14,54411
3.3,54349
3.32,54320
3.37,54216
3.52,53742
4.04,53717
4.17,53566
5.25,53223
6.73,53096
7.01,53071
9.05,52803
12.24,52789
0.01,195567
0.01,195011
0.01,192623
0.01,191612
0.01,191555
0.01,190831
0.02,186530
0.02,186381
0.02,183694
0.02,182483
0.02,171455
0.02,168322
0.02,164821
0.03,155885
0.03,155578
0.04,155290
0.04,150204
0.06,149883
0.06,149557
0.07,147607
0.08,145902
0.08,143784
0.08,141703
0.08,141483
0.08,141466
0.09,141260
0.09,137148
0.09,135293
0.09,133922
0.1,133711
0.11,133594
0.11,133575
0.12,133287
0.12,132815
0.12,132265
0.13,131142
0.13,130799
0.14,130722
0.14,129802
0.14,129624
0.14,127480
0.16,126308
0.16,123536
0.17,122618
0.18,122528
0.18,121787
0.18,121197
0.19,120917
0.19,120420
0.19,120378
0.2,120185
0.2,120081
0.21,119963
0.22,118495
0.22,116591
0.24,116490
0.25,114614
0.25,114333
0.26,113534
0.27,112776
0.27,111104
0.28,110829
0.28,109477
0.28,108100
0.29,107026
0.3,106058
0.3,103145
0.3,102937
0.31,102918
0.31,102570
0.31,98574
0.32,98471
0.33,97494
0.33,96774
0.33,96291
0.34,96133
0.35,96078
0.35,95498
0.36,95075
0.38,94804
0.38,94607
0.38,93659
0.39,91647
0.39,89271
0.39,89106
0.42,88989
0.42,88694
0.43,88019
0.43,80896
0.45,79604
0.46,79469
0.49,79072
0.51,78964
0.53,77670
0.59,77249
0.61,77016
0.63,76923
0.63,76135
0.66,76134
0.66,76125
0.67,75925
0.67,74440
0.68,74134
0.69,73282
0.7,73092
0.7,72996
0.7,72204
0.72,71084
0.76,70590
0.77,70426
0.78,69935
0.8,69674
0.8,69542
0.82,68398
0.82,67877
0.91,67873
0.91,67356
0.99,67289
0.99,67223
1,66340
1.06,66336
1.07,65418
1.14,65271
1.16,64207
1.17,63933
1.19,63866
1.2,63837
1.21,63577
1.21,62785
1.25,62668
1.26,62632
1.26,62503
1.27,62326
1.28,61552
1.3,60513
1.32,60306
1.35,60116
1.37,60055
1.38,59933
1.42,59320
1.43,58718
1.53,58703
1.53,58667
1.53,58450
1.54,58382
1.6,58267
1.6,58139
1.73,57965
1.79,57308
1.89,57002
1.9,56756
1.91,56296
2.12,55703
2.3,55666
2.32,55634
2.4,55565
2.4,55547
2.42,55237
2.42,54904
2.49,54708
2.69,54645
2.76,54556
2.76,54469
2.8,54411
2.88,54349
2.89,54320
2.94,54216
3.05,53742
3.8,53717
3.94,53566
4.9,53223
6.31,53096
6.58,53071
8.28,52803
11,52789
