0.01,186090
0.02,185978
0.02,185205
0.02,184659
0.02,182538
0.02,179986
0.03,178853
0.03,177954
0.03,172177
0.04,170714
0.04,169410
0.04,167906
0.05,165816
0.05,165380
0.06,164645
0.06,164134
0.07,164093
0.07,162518
0.07,160242
0.08,159597
0.1,157482
0.1,156571
0.1,156557
0.11,155972
0.11,155683
0.12,155319
0.12,154766
0.12,147523
0.13,145190
0.13,136971
0.14,134394
0.15,131606
0.15,131383
0.15,127573
0.15,124636
0.17,124555
0.18,123998
0.18,123736
0.19,121914
0.2,119932
0.22,115751
0.23,109547
0.26,104846
0.27,103464
0.28,101177
0.28,100096
0.3,99676
0.31,98705
0.32,98464
0.32,96552
0.34,96525
0.34,96380
0.34,93549
0.37,91926
0.37,91850
0.38,90540
0.43,89551
0.47,89545
0.47,86536
0.5,86304
0.53,86270
0.53,84939
0.54,84506
0.56,84399
0.56,84367
0.57,83594
0.57,82780
0.58,82715
0.58,82687
0.59,82282
0.6,82109
0.6,81711
0.61,80182
0.66,79533
0.67,79467
0.68,79100
0.7,78725
0.71,78600
0.71,77907
0.73,77764
0.73,77317
0.73,77186
0.74,76902
0.76,76198
0.8,76195
0.8,74894
0.81,74607
0.81,73785
0.84,73466
0.85,73189
0.89,71950
0.9,71334
0.91,70997
0.92,70323
0.99,69896
0.99,69413
1,68711
1.04,67426
1.18,67149
1.2,66857
1.23,66701
1.26,66519
1.3,66239
1.36,65864
1.52,65809
1.54,65557
1.55,65073
1.55,64665
1.63,64643
1.71,64300
1.76,63786
1.87,63275
1.9,62716
1.95,62710
1.97,62528
2.01,62292
2.15,60996
2.21,60688
2.31,60322
2.45,59510
2.53,59365
2.56,59357
2.61,59322
2.63,59253
2.66,59230
2.68,59163
2.75,58885
2.83,58818
2.88,58787
2.94,58781
3.02,57565
3.04,57395
3.04,57216
3.1,57179
3.24,57163
3.25,56593
3.34,56577
3.49,56423
3.55,56220
3.63,56056
3.73,55983
3.78,55952
3.99,55609
4.25,55578
4.4,55164
4.47,55097
4.52,55024
4.56,54920
4.82,54884
5.26,54853
13.67,54730
13.83,54683
13.85,53953
14.02,53881
14.26,53736
14.29,53660
15.49,53616
18.41,53198
0.01,186090
0.02,185978
0.02,185205
0.02,184659
0.02,182538
0.02,179986
0.02,178853
0.02,177954
0.03,172177
0.03,170714
0.03,169410
0.04,167906
0.04,165816
0.04,165380
0.05,164645
0.05,164134
0.05,164093
0.06,162518
0.06,160242
0.06,159597
0.07,157482
0.07,156571
0.08,156557
0.08,155972
0.08,155683
0.09,155319
0.09,154766
0.09,147523
0.1,145190
0.1,136971
0.11,134394
0.12,131606
0.12,131383
0.12,127573
0.12,124636
0.14,124555
0.15,123998
0.15,123736
0.16,121914
0.17,119932
0.19,115751
0.2,109547
0.24,104846
0.25,103464
0.25,101177
0.26,100096
0.28,99676
0.29,98705
0.29,98464
0.3,96552
0.32,96525
0.32,96380
0.32,93549
0.34,91926
0.35,91850
0.36,90540
0.38,89551
0.43,89545
0.43,86536
0.45,86304
0.48,86270
0.48,84939
0.49,84506
0.51,84399
0.51,84367
0.52,83594
0.52,82780
0.53,82715
0.54,82687
0.54,82282
0.55,82109
0.56,81711
0.57,80182
0.61,79533
0.63,79467
0.64,79100
0.66,78725
0.67,78600
0.67,77907
0.69,77764
0.7,77317
0.7,77186
0.7,76902
0.72,76198
0.77,76195
0.78,74894
0.78,74607
0.79,73785
0.81,73466
0.83,73189
0.86,71950
0.87,71334
0.87,70997
0.88,70323
0.95,69896
0.96,69413
0.97,68711
1.01,67426
1.16,67149
1.17,66857
1.21,66701
1.25,66519
1.3,66239
1.36,65864
1.48,65809
1.5,65557
1.51,65073
1.52,64665
1.6,64643
1.68,64300
1.74,63786
1.85,63275
1.87,62716
1.94,62710
1.96,62528
2.01,62292
2.17,60996
2.21,60688
2.29,60322
2.41,59510
2.51,59365
2.55,59357
2.61,59322
2.63,59253
2.69,59230
2.7,59163
2.79,58885
2.87,58818
2.9,58787
2.95,58781
3.02,57565
3.03,57395
3.03,57216
3.09,57179
3.24,57163
3.26,56593
3.34,56577
3.49,56423
3.54,56220
3.6,56056
3.68,55983
3.74,55952
3.93,55609
4.17,55578
4.3,55164
4.37,55097
4.43,55024
4.47,54920
4.74,54884
5.22,54853
13.58,54730
13.74,54683
13.76,53953
13.92,53881
14.16,53736
14.18,53660
15.34,53616
18.07,53198
