0.01,193761
0.01,188289
0.01,185906
0.01,180662
0.02,180027
0.02,177556
0.03,172387
0.04,171716
0.04,168347
0.04,167809
0.05,162511
0.05,162250
0.05,162042
0.06,158867
0.06,158836
0.06,158153
0.06,156314
0.06,156126
0.07,153949
0.07,148033
0.07,145799
0.07,145037
0.08,144925
0.08,144861
0.1,143973
0.1,141523
0.1,138650
0.1,137823
0.12,137316
0.12,137113
0.13,135704
0.13,135158
0.13,135028
0.13,133604
0.14,133043
0.15,130882
0.15,130359
0.15,130233
0.16,125370
0.18,124690
0.18,122902
0.18,122710
0.18,122606
0.19,122211
0.19,121378
0.2,120566
0.22,119797
0.22,119636
0.23,119283
0.23,118740
0.24,118158
0.24,117829
0.25,114678
0.26,114524
0.26,114090
0.27,113910
0.27,113372
0.29,113190
0.29,112585
0.3,109177
0.31,107429
0.31,107113
0.31,106249
0.31,105719
0.32,105639
0.32,104809
0.33,99977
0.34,98577
0.35,97604
0.36,95089
0.38,92766
0.38,92591
0.41,90226
0.41,90172
0.42,89565
0.42,88619
0.44,88086
0.45,86467
0.47,85090
0.5,85048
0.5,85038
0.51,84828
0.52,84317
0.54,84197
0.54,84133
0.55,82957
0.6,82807
0.6,82614
0.61,82530
0.61,82099
0.62,81214
0.64,80985
0.66,80540
0.66,80430
0.7,79616
0.73,79556
0.73,79169
0.77,78413
0.77,77838
0.78,77564
0.8,77195
0.81,77152
0.81,76333
0.83,76108
0.87,75668
0.87,75528
0.88,75415
0.88,74875
0.91,74665
0.91,74552
0.92,74450
0.93,74391
0.94,74278
0.98,74171
0.98,74019
1,73451
1,73309
1.02,72897
1.03,72637
1.05,72587
1.07,72010
1.1,71948
1.1,71909
1.13,71811
1.14,71197
1.14,71121
1.14,70370
1.18,70354
1.19,69762
1.25,69394
1.26,68786
1.3,68759
1.33,68536
1.39,68431
1.39,68152
1.44,68121
1.45,68034
1.45,68025
1.48,67891
1.48,66905
1.49,66788
1.52,66718
1.52,66369
1.53,66034
1.62,65706
1.63,65552
1.64,65391
1.66,65144
1.67,64804
1.75,64690
1.8,64234
1.88,63152
2.02,63145
2.04,63034
2.05,62770
2.1,62639
2.17,62528
2.2,62091
2.21,61977
2.27,60507
2.31,60419
2.37,60369
2.38,60196
2.39,59579
2.42,59575
2.57,59427
2.59,59387
2.65,59383
2.8,59301
2.94,58932
3.09,58928
3.13,58639
3.22,58629
3.28,58403
3.31,58304
3.33,58296
3.37,57433
3.48,56979
3.56,56699
3.58,56606
3.59,55386
3.69,55293
3.75,55229
3.83,54964
3.89,54931
4.39,53724
9.97,53521
0.01,193761
0.01,188289
0.01,185906
0.01,180662
0.01,180027
0.01,177556
0.02,172387
0.02,171716
0.03,168347
0.03,167809
0.03,162511
0.04,162250
0.04,162042
0.04,158867
0.04,158836
0.04,158153
0.04,156314
0.04,156126
0.05,153949
0.05,148033
0.05,145799
0.05,145037
0.05,144925
0.06,144861
0.07,143973
0.07,141523
0.07,138650
0.07,137823
0.08,137316
0.08,137113
0.09,135704
0.09,135158
0.09,135028
0.09,133604
0.1,133043
0.11,130882
0.11,130359
0.11,130233
0.12,125370
0.14,124690
0.14,122902
0.14,122710
0.14,122606
0.14,122211
0.15,121378
0.15,120566
0.17,119797
0.17,119636
0.18,119283
0.18,118740
0.19,118158
0.2,117829
0.2,114678
0.21,114524
0.21,114090
0.22,113910
0.22,113372
0.24,113190
0.24,112585
0.25,109177
0.26,107429
0.26,107113
0.26,106249
0.26,105719
0.27,105639
0.27,104809
0.28,99977
0.29,98577
0.3,97604
0.31,95089
0.32,92766
0.33,92591
0.35,90226
0.35,90172
0.36,89565
0.36,88619
0.38,88086
0.4,86467
0.41,85090
0.44,85048
0.44,85038
0.44,84828
0.46,84317
0.47,84197
0.47,84133
0.49,82957
0.53,82807
0.53,82614
0.54,82530
0.54,82099
0.55,81214
0.57,80985
0.58,80540
0.59,80430
0.62,79616
0.65,79556
0.65,79169
0.69,78413
0.7,77838
0.7,77564
0.72,77195
0.73,77152
0.74,76333
0.75,76108
0.79,75668
0.79,75528
0.79,75415
0.8,74875
0.82,74665
0.82,74552
0.83,74450
0.84,74391
0.85,74278
0.89,74171
0.89,74019
0.91,73451
0.91,73309
0.93,72897
0.94,72637
0.95,72587
0.97,72010
1,71948
1,71909
1.03,71811
1.05,71197
1.05,71121
1.05,70370
1.09,70354
1.1,69762
1.15,69394
1.15,68786
1.19,68759
1.23,68536
1.28,68431
1.28,68152
1.33,68121
1.33,68034
1.33,68025
1.36,67891
1.36,66905
1.37,66788
1.4,66718
1.4,66369
1.41,66034
1.49,65706
1.51,65552
1.52,65391
1.54,65144
1.55,64804
1.62,64690
1.67,64234
1.75,63152
1.88,63145
1.9,63034
1.91,62770
1.96,62639
2.03,62528
2.06,62091
2.07,61977
2.12,60507
2.16,60419
2.21,60369
2.23,60196
2.23,59579
2.26,59575
2.39,59427
2.41,59387
2.47,59383
2.6,59301
2.73,58932
2.88,58928
2.92,58639
3.01,58629
3.07,58403
3.1,58304
3.13,58296
3.15,57433
3.27,56979
3.34,56699
3.36,56606
3.37,55386
3.46,55293
3.52,55229
3.61,54964
3.68,54931
4.18,53724
9.07,53521
