0.01,204094
0.01,202887
0.01,198717
0.01,193783
0.02,191839
0.02,189609
0.02,180097
0.02,177328
0.02,175233
0.02,172801
0.03,164063
0.03,160776
0.03,159754
0.04,158901
0.04,158896
0.04,158476
0.04,155420
0.04,154960
0.05,153329
0.06,152240
0.06,151828
0.06,146269
0.07,144805
0.07,144415
0.08,138985
0.09,137194
0.09,136100
0.09,134867
0.09,131292
0.11,130990
0.11,129054
0.12,128302
0.12,126211
0.13,123728
0.13,121585
0.13,119493
0.14,119326
0.14,119218
0.14,118855
0.17,118732
0.18,118021
0.2,117653
0.2,117541
0.21,117283
0.22,115293
0.23,114948
0.23,112962
0.24,110792
0.24,109784
0.25,109511
0.26,107765
0.27,107242
0.27,107056
0.27,106965
0.28,106454
0.28,106343
0.29,106312
0.31,106196
0.31,103790
0.31,100818
0.32,98734
0.33,98390
0.34,95525
0.35,95497
0.36,94580
0.37,90890
0.37,90552
0.37,89973
0.39,89034
0.4,86733
0.42,85891
0.42,85083
0.42,83377
0.48,82506
0.48,82309
0.48,82146
0.5,81711
0.5,81375
0.51,80846
0.52,80566
0.53,79824
0.54,78954
0.58,78843
0.63,78417
0.64,78198
0.65,77804
0.65,77034
0.69,76994
0.7,75396
0.72,75220
0.73,73811
0.76,72371
0.81,72312
0.84,72195
0.85,72011
0.88,70407
0.91,70271
0.92,70208
0.97,70165
0.98,70141
0.98,70022
1,69830
1,68631
1.02,68602
1.03,68221
1.07,67576
1.11,67557
1.11,67395
1.11,67104
1.11,66830
1.15,66554
1.21,66532
1.22,66454
1.25,65911
1.28,65433
1.38,65003
1.38,64960
1.4,64936
1.5,64300
1.5,63836
1.58,63538
1.64,63460
1.64,62717
1.66,62674
1.67,62493
1.67,62202
1.69,61510
1.76,61177
1.77,61167
1.8,60724
1.86,60693
1.91,60235
1.94,60204
1.96,60200
1.97,60164
2.11,60155
2.28,60088
2.45,60072
2.6,60027
2.68,59772
2.71,59749
2.79,59746
2.81,59134
2.85,59128
2.91,58927
2.98,58906
3.04,58900
3.07,58859
3.13,58764
3.17,58734
3.17,58708
3.26,58609
3.34,58577
3.38,58563
3.4,58541
3.46,58461
3.9,58329
3.9,58132
4.02,57900
4.12,56640
4.33,56512
4.4,56491
4.73,56286
4.89,56144
5.53,55502
5.56,55483
5.59,55349
5.82,55316
6.01,54826
6.14,54794
6.24,54764
6.48,54732
7.09,54617
7.21,54601
7.25,54569
8.82,54520
8.86,54278
9.01,54249
9.31,54153
9.36,54067
10.1,53812
10.11,53794
10.16,53782
10.52,53779
10.98,53615
11.27,53582
0.01,204094
0.01,202887
0.01,198717
0.01,193783
0.01,191839
0.02,189609
0.02,180097
0.02,177328
0.02,175233
0.02,172801
0.03,164063
0.03,160776
0.03,159754
0.04,158901
0.04,158896
0.04,158476
0.04,155420
0.04,154960
0.05,153329
0.05,152240
0.06,151828
0.06,146269
0.07,144805
0.07,144415
0.08,138985
0.09,137194
0.09,136100
0.09,134867
0.09,131292
0.11,130990
0.11,129054
0.12,128302
0.13,126211
0.13,123728
0.13,121585
0.14,119493
0.14,119326
0.15,119218
0.15,118855
0.18,118732
0.19,118021
0.2,117653
0.21,117541
0.22,117283
0.23,115293
0.23,114948
0.24,112962
0.25,110792
0.25,109784
0.26,109511
0.27,107765
0.28,107242
0.28,107056
0.28,106965
0.29,106454
0.29,106343
0.3,106312
0.32,106196
0.32,103790
0.32,100818
0.33,98734
0.35,98390
0.35,95525
0.36,95497
0.37,94580
0.37,90890
0.37,90552
0.38,89973
0.39,89034
0.39,86733
0.41,85891
0.41,85083
0.42,83377
0.47,82506
0.47,82309
0.47,82146
0.49,81711
0.49,81375
0.51,80846
0.51,80566
0.52,79824
0.54,78954
0.58,78843
0.63,78417
0.64,78198
0.65,77804
0.65,77034
0.69,76994
0.69,75396
0.72,75220
0.73,73811
0.75,72371
0.8,72312
0.83,72195
0.85,72011
0.87,70407
0.9,70271
0.91,70208
0.95,70165
0.97,70141
0.97,70022
0.98,69830
0.98,68631
1.01,68602
1.02,68221
1.05,67576
1.09,67557
1.09,67395
1.09,67104
1.09,66830
1.13,66554
1.19,66532
1.2,66454
1.23,65911
1.26,65433
1.35,65003
1.36,64960
1.38,64936
1.43,64300
1.44,63836
1.53,63538
1.59,63460
1.59,62717
1.62,62674
1.62,62493
1.63,62202
1.65,61510
1.71,61177
1.72,61167
1.76,60724
1.83,60693
1.88,60235
1.91,60204
1.92,60200
1.93,60164
2.03,60155
2.17,60088
2.31,60072
2.43,60027
2.51,59772
2.54,59749
2.63,59746
2.65,59134
2.68,59128
2.71,58927
2.77,58906
2.82,58900
2.85,58859
2.9,58764
2.94,58734
2.95,58708
3.04,58609
3.12,58577
3.16,58563
3.17,58541
3.23,58461
3.64,58329
3.64,58132
3.75,57900
3.83,56640
4.05,56512
4.12,56491
4.5,56286
4.7,56144
5.44,55502
5.47,55483
5.51,55349
5.73,55316
5.96,54826
6.11,54794
6.23,54764
6.5,54732
7.16,54617
7.32,54601
7.37,54569
8.94,54520
8.97,54278
9.11,54249
9.39,54153
9.44,54067
10.19,53812
10.2,53794
10.24,53782
10.58,53779
11.04,53615
11.31,53582
