0,218268
0,213582
0,208090
0.01,204673
0.01,204231
0.03,202792
0.03,200462
0.03,199388
0.04,191438
0.06,187282
0.08,183430
0.11,181319
0.12,176792
0.13,166557
0.15,156654
0.16,142108
0.17,136796
0.17,121428
0.19,118877
0.19,101454
0.21,98693
0.21,87151
0.23,86839
0.23,76533
0.23,70852
0.23,69026
0.24,67098
0.25,67057
0.26,66650
0.26,63566
0.26,62174
0.27,61355
0.27,60737
0.28,60638
0.28,60460
0.29,60333
0.29,59112
0.3,58970
0.3,58104
0.31,57912
0.31,57735
0.31,57617
0.32,57559
0.32,57181
0.33,57094
0.33,57010
0.33,56543
0.33,56349
0.34,55713
0.38,55676
0.39,55321
