0.01,187885
0.01,186640
0.01,185425
0.01,185379
0.01,185042
0.01,179446
0.02,173247
0.02,173220
0.02,172606
0.02,171585
0.02,168484
0.02,168167
0.03,164426
0.03,163674
0.03,161773
0.03,159843
0.03,153223
0.03,153027
0.04,151166
0.04,151077
0.04,150717
0.04,147284
0.05,144240
0.06,141299
0.06,140895
0.07,137371
0.08,135423
0.08,135306
0.08,134744
0.08,134522
0.08,133691
0.1,133633
0.1,131757
0.1,131524
0.1,130922
0.11,130877
0.11,129430
0.11,129029
0.12,128393
0.12,128358
0.12,128049
0.12,127961
0.12,126847
0.13,125974
0.13,124801
0.14,122743
0.14,121595
0.15,121122
0.15,120930
0.15,118425
0.15,116810
0.16,116808
0.16,116402
0.17,115828
0.17,115013
0.17,114188
0.18,113017
0.18,110720
0.19,110496
0.19,109303
0.2,109112
0.2,108883
0.2,108126
0.22,106359
0.22,106216
0.23,106151
0.23,105371
0.24,103578
0.25,102820
0.25,102591
0.26,101701
0.27,101059
0.27,100898
0.28,99718
0.28,98718
0.29,97665
0.29,96935
0.29,96878
0.3,96521
0.3,95662
0.31,94992
0.32,94264
0.32,93748
0.33,93344
0.34,91663
0.35,90696
0.38,90527
0.38,89713
0.38,89482
0.38,88940
0.39,88865
0.39,88535
0.39,83526
0.41,83025
0.43,82798
0.44,79734
0.45,78434
0.46,78277
0.47,77700
0.48,76503
0.52,76050
0.55,75941
0.56,75634
0.6,75135
0.63,73411
0.64,73010
0.65,71613
0.69,71464
0.72,70995
0.77,70743
0.78,70707
0.81,70403
0.81,69881
0.82,69476
0.85,69335
0.92,68916
0.93,68236
1,67941
1,67823
1.01,67819
1.04,67286
1.05,66798
1.07,66127
1.09,65813
1.14,65575
1.15,65292
1.17,64389
1.3,64362
1.3,63670
1.32,63539
1.35,63311
1.36,63235
1.37,63038
1.39,62867
1.43,62304
1.44,61806
1.53,61733
1.54,61473
1.57,61431
1.57,60728
1.6,60545
1.6,59712
1.64,59692
1.68,59685
1.69,59623
1.7,59543
1.74,59466
1.74,59227
1.88,59158
1.89,58907
1.94,58066
2.11,57602
2.48,57162
2.48,56952
2.56,56898
2.64,55717
2.86,55644
2.87,55613
2.88,54770
3.3,54697
3.86,54663
5.3,54643
5.66,54610
11.92,54455
12.11,53569
12.27,53276
0.01,187885
0.01,186640
0.01,185425
0.01,185379
0.02,185042
0.02,179446
0.02,173247
0.02,173220
0.03,172606
0.03,171585
0.03,168484
0.03,168167
0.04,164426
0.04,163674
0.04,161773
0.04,159843
0.05,153223
0.05,153027
0.05,151166
0.05,151077
0.06,150717
0.06,147284
0.07,144240
0.09,141299
0.09,140895
0.1,137371
0.11,135423
0.12,135306
0.12,134744
0.12,134522
0.12,133691
0.15,133633
0.15,131757
0.15,131524
0.16,130922
0.16,130877
0.16,129430
0.16,129029
0.17,128393
0.17,128358
0.18,128049
0.18,127961
0.18,126847
0.19,125974
0.2,124801
0.2,122743
0.21,121595
0.22,121122
0.22,120930
0.23,118425
0.23,116810
0.23,116808
0.24,116402
0.25,115828
0.25,115013
0.25,114188
0.26,113017
0.27,110720
0.28,110496
0.28,109303
0.29,109112
0.3,108883
0.3,108126
0.32,106359
0.33,106216
0.33,106151
0.34,105371
0.36,103578
0.36,102820
0.37,102591
0.38,101701
0.39,101059
0.4,100898
0.4,99718
0.41,98718
0.41,97665
0.42,96935
0.42,96878
0.44,96521
0.44,95662
0.44,94992
0.45,94264
0.46,93748
0.46,93344
0.47,91663
0.49,90696
0.52,90527
0.53,89713
0.53,89482
0.54,88940
0.54,88865
0.55,88535
0.55,83526
0.57,83025
0.6,82798
0.6,79734
0.63,78434
0.64,78277
0.65,77700
0.66,76503
0.72,76050
0.76,75941
0.76,75634
0.81,75135
0.86,73411
0.87,73010
0.89,71613
0.93,71464
0.97,70995
1.03,70743
1.05,70707
1.08,70403
1.08,69881
1.09,69476
1.13,69335
1.19,68916
1.2,68236
1.28,67941
1.28,67823
1.3,67819
1.34,67286
1.35,66798
1.37,66127
1.4,65813
1.45,65575
1.47,65292
1.49,64389
1.63,64362
1.64,63670
1.66,63539
1.7,63311
1.7,63235
1.71,63038
1.73,62867
1.77,62304
1.78,61806
1.87,61733
1.88,61473
1.91,61431
1.91,60728
1.95,60545
1.95,59712
1.99,59692
2.03,59685
2.04,59623
2.05,59543
2.09,59466
2.09,59227
2.22,59158
2.23,58907
2.29,58066
2.44,57602
2.84,57162
2.85,56952
2.94,56898
3.02,55717
3.27,55644
3.27,55613
3.29,54770
3.72,54697
4.26,54663
5.63,54643
6.01,54610
12.49,54455
12.72,53569
12.91,53276
