0,198369
0.01,187524
0.01,185391
0.02,185147
0.08,184065
0.09,168593
0.09,142120
0.11,138709
0.12,128911
0.13,121275
0.13,108077
0.14,101013
0.14,99928
0.14,96407
0.14,90408
0.15,84429
0.15,83324
0.16,82699
0.16,81290
0.16,78555
0.16,77973
0.16,77838
0.17,77709
0.17,75200
0.17,74890
0.17,73529
0.17,71331
0.18,71197
0.18,70996
0.18,70457
0.18,67884
0.19,67629
0.19,66654
0.19,66551
0.19,66466
0.19,66283
0.19,65995
0.2,65858
0.2,65477
0.2,64765
0.2,64267
0.2,64237
0.2,64179
0.21,63937
0.21,63241
0.21,63004
0.21,62927
0.22,62829
0.22,62729
0.22,62412
0.23,61993
0.23,61599
0.23,61305
0.24,61296
0.24,61230
0.25,60895
0.25,60854
0.25,60709
0.26,60645
0.27,60373
0.27,60335
0.27,59661
0.27,59596
0.3,59595
0.3,59219
0.3,58980
0.33,58660
0.38,58465
