0.01,210318
0.02,200833
0.08,192266
0.12,184994
0.21,160239
0.27,154351
0.28,144141
0.3,126150
0.32,119171
0.33,111676
0.34,107963
0.36,106632
0.36,100796
0.37,99293
0.37,93793
0.38,90583
0.38,85644
0.39,85261
0.39,84329
0.4,83299
0.4,79222
0.41,78663
0.42,78260
0.42,77508
0.43,76875
0.43,73789
0.43,72957
0.45,71380
0.45,70399
0.46,69751
0.46,69254
0.47,68315
0.47,67495
0.48,66711
0.48,65899
0.48,65168
0.5,65003
0.51,64785
0.53,64482
0.59,64472
0.59,64469
0.62,64292
0.63,63905
0.66,63828
0.67,63724
0.68,63632
0.7,63500
0.73,63494
