0,220843
0,217238
0,192782
0.01,180338
0.07,173909
0.08,170585
0.09,168693
0.09,168393
0.1,157893
0.1,149593
0.1,138762
0.1,135149
0.11,134901
0.11,134539
0.11,117143
0.12,105951
0.12,101647
0.12,92380
0.13,91041
0.13,87069
0.13,86438
0.14,77474
0.14,75335
0.14,74623
0.14,73884
0.15,72005
0.15,70116
0.15,68310
0.15,67633
0.16,65991
0.16,65618
0.16,65447
0.16,65190
0.17,65126
0.17,64512
0.17,63889
0.17,63367
0.17,62184
0.17,61699
0.18,61609
0.18,61108
0.18,61066
0.18,60814
0.19,60663
0.19,60547
0.19,60519
0.2,60515
0.2,60457
0.21,60422
0.21,60260
0.21,59992
0.23,59896
0.24,59861
0.29,59657
0.3,59595
0.3,59475
