0.01,219103
0.01,212214
0.01,209321
0.01,208989
0.02,206742
0.02,203056
0.02,202945
0.03,202859
0.03,201534
0.03,200017
0.03,194282
0.03,187636
0.03,185462
0.04,184076
0.04,183984
0.04,183484
0.04,182412
0.05,180941
0.05,177682
0.05,173833
0.05,172362
0.06,171975
0.06,171873
0.06,170586
0.06,167162
0.07,161250
0.08,159603
0.08,159147
0.09,159009
0.09,158915
0.09,154929
0.09,153885
0.1,152918
0.1,152127
0.1,152100
0.1,147769
0.12,145780
0.12,144265
0.12,143705
0.13,139575
0.13,138937
0.13,138927
0.13,138490
0.14,138220
0.14,137744
0.14,137556
0.14,137502
0.14,136848
0.15,135334
0.15,135271
0.15,133992
0.16,132645
0.16,131550
0.17,130755
0.17,129466
0.17,127080
0.18,126732
0.18,126628
0.2,125571
0.2,123982
0.2,123675
0.21,123166
0.21,121841
0.21,121170
0.22,121132
0.22,121111
0.22,120794
0.22,120504
0.23,119748
0.23,118292
0.23,116607
0.24,116409
0.24,116283
0.24,116221
0.24,115718
0.24,113076
0.25,112434
0.25,106905
0.25,106191
0.26,105275
0.26,103904
0.27,103517
0.27,103463
0.27,103452
0.28,102873
0.28,102669
0.29,101431
0.29,100974
0.29,100328
0.31,98926
0.32,98825
0.33,97126
0.35,97033
0.35,96818
0.35,96371
0.36,95590
0.36,95372
0.37,93952
0.39,92870
0.39,92488
0.4,92315
0.4,92176
0.4,91568
0.4,90756
0.4,90657
0.41,90357
0.43,89802
0.43,89602
0.45,88920
0.45,87529
0.46,87071
0.46,86813
0.47,86640
0.47,86200
0.48,84828
0.48,84409
0.49,84330
0.49,84048
0.49,83930
0.5,83425
0.51,83348
0.51,83182
0.53,82831
0.55,82044
0.57,81634
0.57,81263
0.59,81183
0.59,80022
0.6,79816
0.61,79679
0.61,79578
0.62,79487
0.62,79289
0.62,78382
0.63,78043
0.65,77064
0.69,76854
0.69,76850
0.7,76577
0.71,75187
0.71,75176
0.72,75116
0.72,74254
0.74,73806
0.74,72248
0.8,71350
0.81,71337
0.81,70980
0.82,70900
0.82,70812
0.82,70754
0.87,70234
0.88,69772
0.91,69353
0.94,69143
0.94,69099
0.94,68957
0.95,68570
0.95,68557
0.95,68551
0.95,68356
0.96,67843
0.96,67481
0.98,67059
1,66241
1.01,66011
1.01,65651
1.02,65539
1.05,65298
1.08,65292
1.08,64687
1.11,63734
1.13,62268
1.17,62162
1.2,61798
1.25,60907
1.29,60619
1.31,60035
1.45,59777
1.47,59216
1.47,59103
1.51,57838
1.57,57744
1.58,57528
1.58,57162
1.67,56745
1.74,56694
1.75,56603
1.86,56598
1.88,56588
2.04,56552
2.11,56190
2.16,56180
2.16,55896
2.27,55787
2.34,55666
2.34,55655
2.43,55610
2.43,55588
2.44,55434
2.46,55423
2.48,55316
2.51,54854
2.64,54852
2.65,54603
2.7,54585
2.71,54496
2.73,54141
2.89,54068
2.97,54033
2.99,53967
3.61,53898
3.98,53863
5.57,53525
6.44,53496
16.71,53268
17.36,53078
0.01,219103
0.01,212214
0.01,209321
0.01,208989
0.01,206742
0.02,203056
0.02,202945
0.03,202859
0.03,201534
0.03,200017
0.03,194282
0.04,187636
0.04,185462
0.04,184076
0.04,183984
0.05,183484
0.05,182412
0.05,180941
0.05,177682
0.06,173833
0.06,172362
0.07,171975
0.07,171873
0.08,170586
0.08,167162
0.08,161250
0.09,159603
0.1,159147
0.11,159009
0.11,158915
0.11,154929
0.11,153885
0.12,152918
0.12,152127
0.12,152100
0.13,147769
0.14,145780
0.14,144265
0.15,143705
0.16,139575
0.16,138937
0.16,138927
0.17,138490
0.17,138220
0.17,137744
0.17,137556
0.17,137502
0.18,136848
0.18,135334
0.19,135271
0.19,133992
0.19,132645
0.2,131550
0.2,130755
0.21,129466
0.21,127080
0.22,126732
0.23,126628
0.24,125571
0.25,123982
0.25,123675
0.25,123166
0.26,121841
0.26,121170
0.27,121132
0.27,121111
0.27,120794
0.27,120504
0.28,119748
0.28,118292
0.28,116607
0.29,116409
0.29,116283
0.29,116221
0.3,115718
0.3,113076
0.31,112434
0.31,106905
0.31,106191
0.31,105275
0.32,103904
0.33,103517
0.34,103463
0.34,103452
0.34,102873
0.35,102669
0.35,101431
0.36,100974
0.36,100328
0.38,98926
0.39,98825
0.4,97126
0.43,97033
0.43,96818
0.43,96371
0.44,95590
0.44,95372
0.45,93952
0.47,92870
0.48,92488
0.49,92315
0.49,92176
0.49,91568
0.49,90756
0.49,90657
0.5,90357
0.52,89802
0.52,89602
0.54,88920
0.55,87529
0.56,87071
0.56,86813
0.57,86640
0.57,86200
0.58,84828
0.59,84409
0.59,84330
0.59,84048
0.6,83930
0.61,83425
0.62,83348
0.62,83182
0.64,82831
0.66,82044
0.67,81634
0.68,81263
0.7,81183
0.7,80022
0.71,79816
0.71,79679
0.72,79578
0.73,79487
0.73,79289
0.73,78382
0.74,78043
0.76,77064
0.8,76854
0.8,76850
0.81,76577
0.82,75187
0.82,75176
0.83,75116
0.83,74254
0.85,73806
0.86,72248
0.92,71350
0.92,71337
0.93,70980
0.94,70900
0.94,70812
0.94,70754
1,70234
1.01,69772
1.03,69353
1.06,69143
1.06,69099
1.06,68957
1.07,68570
1.07,68557
1.07,68551
1.08,68356
1.08,67843
1.09,67481
1.11,67059
1.12,66241
1.14,66011
1.14,65651
1.15,65539
1.17,65298
1.2,65292
1.2,64687
1.23,63734
1.24,62268
1.28,62162
1.32,61798
1.37,60907
1.41,60619
1.44,60035
1.6,59777
1.62,59216
1.62,59103
1.67,57838
1.73,57744
1.74,57528
1.75,57162
1.84,56745
1.91,56694
1.92,56603
2.04,56598
2.07,56588
2.24,56552
2.32,56190
2.37,56180
2.38,55896
2.49,55787
2.58,55666
2.58,55655
2.67,55610
2.68,55588
2.68,55434
2.71,55423
2.73,55316
2.77,54854
2.9,54852
2.92,54603
2.97,54585
2.98,54496
3,54141
3.2,54068
3.28,54033
3.31,53967
3.94,53898
4.31,53863
5.85,53525
6.71,53496
17.23,53268
18.13,53078
