0,368168
0,366336
0,342359
0,334053
0,331700
0,330285
0,321562
0,316103
0.01,308226
0.01,299920
0.01,293389
0.01,291121
0.01,286258
0.01,283931
0.01,277952
0,368168
0,366336
0,342359
0,334053
0,331700
0,330285
0,321562
0.01,316103
0.01,308226
0.01,299920
0.02,293389
0.02,291121
0.02,286258
0.02,283931
0.02,277952
0,368168
0,366336
0,342359
0,334053
0,331700
0,330285
0,321562
0,316103
0,308226
0.01,299920
0.01,293389
0.01,291121
0.01,286258
0.02,283931
0.02,277952
0,368168
0,366336
0,342359
0,334053
0.01,331700
0.01,330285
0.01,321562
0.01,316103
0.01,308226
0.01,299920
0.01,293389
0.01,291121
0.01,286258
0.02,283931
0.02,277952
0,368168
0,366336
0,342359
0,334053
0,331700
0,330285
0,321562
0,316103
0,308226
0,299920
0.01,293389
0.01,291121
0.01,286258
0.01,283931
0.01,277952
