0,562927
0.01,534430
0.02,531451
0.04,528490
0.05,485448
0.2,485182
0.25,481781
0.27,454636
0.29,443269
0.3,434794
0.3,419815
0.32,418119
0.33,404374
0.34,378315
0.35,356668
0.36,348302
0.37,301385
0.38,287348
0.4,267215
0.41,246637
0.42,228661
0.43,190216
0.43,186387
0.45,182708
0.45,174597
0.46,171019
0.47,156000
0.49,153890
0.5,152134
0.5,150518
0.51,149541
0.52,149024
0.52,143695
0.52,140270
0.53,140117
0.54,139312
0.55,138578
0.56,137503
0.56,137116
0.56,136720
0.57,133825
0.57,133326
0.58,133170
0.58,133112
0.59,133039
0.59,132966
0.6,131932
0.6,131818
0.6,131503
0.61,131353
0.62,130525
0.62,129774
0.62,128971
0.63,128960
0.64,128793
0.64,128780
0.69,128609
0.7,128559
0.71,128219
0.72,127914
0.72,127624
0.73,126833
0.74,126397
0.74,125644
0.78,125232
0.79,124875
0.83,124826
0.95,124636
0.97,124470
1,124097
