0,600924
0,600083
0,599300
0,597391
0,586792
0.01,584610
0.01,582963
0.01,581639
0.01,580359
0.01,578737
0.01,578367
0.01,578306
0.03,578228
0.03,577921
0.03,575391
0.04,573744
0.04,572420
0.04,571140
0.04,569518
0.04,569148
0.05,568284
0.06,566960
0.06,566956
0.07,565595
0.08,564669
0.18,564287
0.19,563620
0.98,563337
0.98,562770
1.69,562622
1.69,562055
1.84,562042
1.84,561672
1.88,561226
1.88,558696
1.88,557049
1.88,555725
1.88,554445
1.89,552823
1.89,552453
1.9,551589
1.9,550265
1.91,550261
1.91,548900
1.93,547974
2.05,547592
2.07,546925
2.26,546699
2.62,545386
2.76,545058
2.82,544973
2.83,544603
2.83,543645
2.88,541542
2.88,540975
4.49,540885
4.49,540412
10.09,540235
20.95,539953
21.48,539828
23.39,539776
23.94,539456
25.97,539367
26.56,538890
26.63,538713
46.6,538672
51.47,538639
51.48,538449
51.48,537882
54.97,537747
55.17,537662
55.18,537292
55.18,536334
55.3,534231
55.31,533664
59.28,533574
59.28,533101
69.71,532924
76.55,532091
76.55,531721
76.63,531704
76.67,530380
76.72,530376
76.78,529015
76.92,528089
77.87,527707
78.07,527040
79.85,526814
82.26,525501
83.2,525173
83.81,525088
83.81,524718
83.84,523760
84.13,523019
84.14,521657
84.16,521090
86.81,520259
88.09,519549
88.18,519339
88.77,518251
88.84,518015
94.96,517970
94.98,517403
104.49,517375
106.35,517140
117.89,516436
117.93,515844
132.27,515334
190.61,515242
277.22,515065
419.86,514954
426.76,514920
443.35,514783
453.24,514658
476.2,514606
488.97,514286
516.81,514197
527.12,513720
529.08,513543
556.95,513066
