0.01,543027
0.02,541864
0.02,537717
0.03,496961
0.07,494825
0.16,473897
0.26,431022
0.31,380409
0.33,375704
0.33,354450
0.35,345409
0.35,333458
0.36,330236
0.37,308423
0.38,268738
0.4,264388
0.4,243011
0.41,223597
0.42,208692
0.42,207047
0.43,194152
0.44,180531
0.44,175555
0.45,173432
0.45,170626
0.46,155651
0.46,152016
0.47,149716
0.48,147877
0.49,143353
0.49,143208
0.49,140700
0.5,139923
0.51,138729
0.51,137884
0.52,136292
0.52,135080
0.53,133818
0.53,132093
0.54,129399
0.54,128808
0.54,128315
0.55,127623
0.56,126313
0.58,125876
0.59,125747
0.59,124968
0.61,124915
0.62,124484
0.63,123875
0.63,123124
0.64,122982
0.64,122594
0.65,122576
0.66,122472
0.67,122403
0.68,122309
0.71,121463
0.73,121385
0.73,121272
0.75,120939
0.78,120236
0.79,119814
