0.01,517688
0.02,505441
0.02,505335
0.02,504105
0.03,498061
0.03,496310
0.03,493207
0.03,483857
0.03,481271
0.04,480243
0.04,476002
0.04,474950
0.04,472671
0.04,472490
0.05,468416
0.05,466544
0.06,463435
0.07,461132
0.07,458558
0.07,457015
0.07,454586
0.08,453703
0.08,444783
0.09,438286
0.1,434848
0.1,433915
0.11,433310
0.11,420229
0.11,417771
0.11,411559
0.12,402788
0.13,394436
0.14,393108
0.14,386745
0.14,382793
0.14,381654
0.15,375546
0.15,371627
0.15,367751
0.16,363587
0.17,360603
0.17,360209
0.17,352854
0.18,350489
0.18,349268
0.2,343603
0.2,341358
0.21,338985
0.22,320543
0.23,319707
0.24,313794
0.26,311034
0.27,309953
0.27,309309
0.27,308511
0.27,304734
0.28,302577
0.29,301955
0.3,297446
0.3,297186
0.3,295329
0.3,295104
0.3,294557
0.31,294219
0.31,293105
0.31,291326
0.32,291299
0.32,291200
0.33,289686
0.34,288543
0.34,288073
0.34,287594
0.35,285412
0.35,280771
0.36,279662
0.36,277379
0.37,275636
0.43,275233
0.43,274082
0.44,270125
0.44,269780
0.45,269543
0.45,268540
0.47,268493
0.47,265083
0.47,264533
0.48,262535
0.49,259837
0.5,255060
0.51,254398
0.53,253211
0.54,253150
0.55,250982
0.56,250169
0.56,248733
0.59,247344
0.6,245143
0.6,244791
0.6,242729
0.61,240984
0.61,240912
0.63,238458
0.64,237655
0.64,237164
0.65,235157
0.68,234493
0.69,233884
0.7,230663
0.7,230662
0.73,230279
0.73,229915
0.73,229508
0.73,228591
0.74,226917
0.74,226612
0.75,226095
0.79,223685
0.79,222759
0.82,221401
0.82,220370
0.85,219630
0.87,219427
0.87,219271
0.88,212856
0.9,212094
0.91,211810
0.91,208319
0.91,206907
0.94,197824
0.98,197799
0.99,197002
0.99,196910
1,195225
1,195163
1.03,195024
1.03,193587
1.05,192371
1.06,188359
1.09,188036
1.09,187145
1.1,186495
1.12,186060
1.15,184356
1.15,183634
1.16,183605
1.19,183148
1.2,182000
1.22,181335
1.24,179953
1.26,179019
1.27,176905
1.3,176347
1.32,175297
1.36,174567
1.4,173073
1.42,171224
1.43,171012
1.46,170113
1.5,169578
1.5,168289
1.53,167335
1.57,165236
1.61,164480
1.67,163681
1.67,160469
1.72,159230
1.73,158755
1.76,158344
1.8,153298
1.87,152430
1.9,151003
1.96,150278
1.98,148420
1.98,148191
2,147664
2.02,146232
2.07,146170
2.1,145981
2.1,145853
2.12,145350
2.13,144417
2.15,144412
2.15,142651
2.2,142086
2.2,141901
2.26,139485
2.27,139016
2.42,138296
2.44,137750
2.47,136710
2.51,136187
2.51,135911
2.56,134695
2.57,133629
2.64,132980
2.73,132922
2.77,132765
2.81,132130
2.85,131778
2.94,131674
2.97,131395
3.02,129907
3.15,129372
3.21,129089
3.22,127913
3.29,127868
3.43,127462
3.48,127386
3.54,126505
3.62,125050
3.74,123648
3.75,123456
3.82,123443
3.86,122153
3.92,121367
3.99,121158
4,120037
4.16,120013
4.18,119297
4.25,119282
4.48,119071
4.6,118938
4.61,118724
4.71,118547
4.88,118449
4.95,118143
5.2,117291
5.42,117028
5.48,116767
6.04,116730
6.36,116660
6.36,116125
6.66,115764
6.99,115162
7.15,114288
7.3,114242
7.47,113789
7.74,113271
7.84,113041
8.02,112833
8.17,112121
8.37,112041
8.9,111810
8.99,111673
9,111471
9.42,111291
9.46,111139
9.59,111086
9.7,110937
10.13,109819
10.53,109745
10.59,109463
10.6,109383
12.53,109300
13.77,109265
14.26,109114
15.29,109062
19.43,109059
0.01,517688
0.02,505441
0.02,505335
0.02,504105
0.03,498061
0.03,496310
0.03,493207
0.03,483857
0.03,481271
0.04,480243
0.04,476002
0.04,474950
0.04,472671
0.04,472490
0.05,468416
0.05,466544
0.07,463435
0.07,461132
0.07,458558
0.07,457015
0.07,454586
0.08,453703
0.08,444783
0.09,438286
0.1,434848
0.1,433915
0.1,433310
0.11,420229
0.11,417771
0.11,411559
0.12,402788
0.13,394436
0.14,393108
0.14,386745
0.14,382793
0.14,381654
0.14,375546
0.15,371627
0.15,367751
0.16,363587
0.17,360603
0.17,360209
0.17,352854
0.18,350489
0.18,349268
0.2,343603
0.2,341358
0.21,338985
0.22,320543
0.23,319707
0.24,313794
0.26,311034
0.27,309953
0.27,309309
0.28,308511
0.28,304734
0.28,302577
0.29,301955
0.3,297446
0.3,297186
0.3,295329
0.3,295104
0.31,294557
0.31,294219
0.32,293105
0.32,291326
0.32,291299
0.33,291200
0.33,289686
0.35,288543
0.35,288073
0.35,287594
0.35,285412
0.36,280771
0.36,279662
0.37,277379
0.38,275636
0.44,275233
0.44,274082
0.45,270125
0.45,269780
0.46,269543
0.46,268540
0.48,268493
0.48,265083
0.48,264533
0.49,262535
0.5,259837
0.51,255060
0.52,254398
0.54,253211
0.55,253150
0.57,250982
0.57,250169
0.58,248733
0.61,247344
0.61,245143
0.62,244791
0.62,242729
0.63,240984
0.63,240912
0.64,238458
0.66,237655
0.66,237164
0.67,235157
0.69,234493
0.7,233884
0.71,230663
0.72,230662
0.74,230279
0.75,229915
0.75,229508
0.75,228591
0.75,226917
0.76,226612
0.76,226095
0.81,223685
0.81,222759
0.84,221401
0.84,220370
0.86,219630
0.88,219427
0.89,219271
0.9,212856
0.92,212094
0.93,211810
0.93,208319
0.93,206907
0.96,197824
1,197799
1.01,197002
1.01,196910
1.02,195225
1.03,195163
1.05,195024
1.05,193587
1.07,192371
1.08,188359
1.11,188036
1.11,187145
1.12,186495
1.14,186060
1.17,184356
1.17,183634
1.18,183605
1.21,183148
1.22,182000
1.24,181335
1.26,179953
1.28,179019
1.29,176905
1.32,176347
1.35,175297
1.39,174567
1.43,173073
1.46,171224
1.47,171012
1.5,170113
1.54,169578
1.54,168289
1.58,167335
1.61,165236
1.67,164480
1.74,163681
1.74,160469
1.79,159230
1.8,158755
1.83,158344
1.87,153298
1.93,152430
1.97,151003
2.02,150278
2.04,148420
2.04,148191
2.06,147664
2.08,146232
2.12,146170
2.16,145981
2.16,145853
2.17,145350
2.19,144417
2.2,144412
2.21,142651
2.26,142086
2.26,141901
2.32,139485
2.33,139016
2.49,138296
2.51,137750
2.53,136710
2.58,136187
2.58,135911
2.63,134695
2.64,133629
2.7,132980
2.8,132922
2.84,132765
2.89,132130
2.92,131778
3.01,131674
3.05,131395
3.1,129907
3.24,129372
3.3,129089
3.31,127913
3.38,127868
3.53,127462
3.57,127386
3.61,126505
3.66,125050
3.72,123648
3.73,123456
3.77,123443
3.79,122153
3.82,121367
3.86,121158
3.86,120037
3.97,120013
3.99,119297
4.05,119282
4.21,119071
4.26,118938
4.26,118724
4.32,118547
4.47,118449
4.55,118143
4.79,117291
4.95,117028
4.99,116767
5.54,116730
5.88,116660
5.89,116125
6.29,115764
6.74,115162
6.89,114288
7.04,114242
7.25,113789
7.51,113271
7.61,113041
7.77,112833
7.92,112121
8.12,112041
8.57,111810
8.65,111673
8.66,111471
9.08,111291
9.13,111139
9.26,111086
9.35,110937
9.74,109819
10.05,109745
10.09,109463
10.1,109383
12.06,109300
13.37,109265
13.9,109114
14.96,109062
18.66,109059
19.27,108985
