0,505540
0.1,497288
0.18,477312
0.26,460939
0.26,458579
0.29,446054
0.3,430490
0.31,392606
0.33,369843
0.34,328482
0.34,322810
0.37,301778
0.38,291792
0.38,270610
0.39,245310
0.4,209676
0.43,205504
0.44,200769
0.45,186651
0.45,182426
0.45,170529
0.47,170111
0.47,168056
0.47,160751
0.49,156795
0.49,154931
0.5,149184
0.51,148714
0.51,143557
0.51,142221
0.52,141726
0.52,138706
0.53,137861
0.55,135107
0.56,135069
0.58,134726
0.58,134274
0.6,134187
0.63,134097
0.64,133125
0.65,133080
0.66,132993
0.67,132847
0.69,132805
0.7,132620
0.7,132561
0.71,132396
0.72,132034
0.75,130919
0.75,130472
0.76,129797
0.79,129683
0.9,129589
0.91,128373
0.95,128240
0.98,128182
1.06,127899
1.13,127872
1.15,127870
