0,542026
0.04,540198
0.05,536459
0.07,526240
0.09,481883
0.16,480446
0.27,476172
0.28,433410
0.32,405526
0.33,376404
0.36,354218
0.36,337786
0.37,313618
0.38,306193
0.39,300327
0.39,287123
0.4,277154
0.4,274674
0.41,260326
0.41,250854
0.42,247780
0.42,221468
0.43,216977
0.44,211397
0.44,189725
0.45,189407
0.45,184194
0.46,177338
0.47,168801
0.48,159309
0.48,156162
0.49,152390
0.49,148495
0.5,145209
0.51,142654
0.51,141420
0.52,136750
0.52,134855
0.53,133932
0.53,133274
0.54,132017
0.54,131557
0.55,130799
0.55,130330
0.56,129432
0.57,128671
0.58,128333
0.59,126896
0.6,126172
0.61,125916
0.61,125557
0.62,125023
0.62,125022
0.63,124490
0.63,124437
0.63,123734
0.64,123084
0.64,122703
0.64,122528
0.65,122079
0.66,121027
0.66,120760
0.7,120736
0.74,120490
0.78,119853
0.86,119648
1.06,119628
1.09,119604
