0.01,546914
0.02,542014
0.02,539435
0.02,529567
0.02,528726
0.02,519825
0.02,515297
0.03,514654
0.03,513507
0.03,506036
0.04,491031
0.04,489828
0.04,481889
0.05,477420
0.05,473026
0.05,471694
0.05,467353
0.05,465176
0.06,461345
0.07,455190
0.07,450318
0.08,448075
0.08,442791
0.08,438154
0.09,437041
0.09,433630
0.09,432487
0.1,426893
0.1,415598
0.1,413559
0.11,400119
0.12,392053
0.13,389773
0.14,389357
0.14,387551
0.15,382106
0.17,380001
0.17,379888
0.17,376785
0.18,375448
0.19,375185
0.19,373554
0.2,371696
0.21,369694
0.22,364303
0.24,362889
0.24,360650
0.25,356700
0.26,356429
0.27,352911
0.27,351227
0.29,346284
0.31,344933
0.31,342657
0.32,339706
0.34,337147
0.34,335049
0.35,333631
0.36,333580
0.37,329657
0.38,322503
0.38,321751
0.39,321034
0.41,320877
0.41,320195
0.42,316887
0.43,316661
0.44,310231
0.44,309450
0.45,307876
0.45,305494
0.46,301902
0.48,301751
0.48,300919
0.48,300907
0.48,299631
0.48,299356
0.49,298682
0.49,297581
0.5,295523
0.5,294932
0.51,294358
0.51,289659
0.52,289369
0.54,285609
0.54,284216
0.56,283090
0.57,281904
0.57,281027
0.59,280717
0.6,278588
0.63,276992
0.63,270764
0.63,270229
0.64,267214
0.67,266459
0.69,265089
0.69,261611
0.7,257562
0.73,256718
0.74,253978
0.74,248991
0.77,248088
0.77,247722
0.8,247658
0.8,246461
0.81,244401
0.82,242448
0.83,241514
0.84,241308
0.87,240652
0.89,240406
0.9,239540
0.9,239439
0.93,230048
0.95,229570
0.99,228702
1.02,227867
1.02,224039
1.06,223541
1.06,222783
1.09,222595
1.1,219904
1.12,219845
1.15,219470
1.15,219190
1.2,216789
1.22,216323
1.22,210029
1.24,209790
1.26,207557
1.27,207254
1.27,205608
1.32,205295
1.35,202923
1.38,201834
1.39,201035
1.41,200441
1.41,199321
1.44,197126
1.45,192962
1.51,190645
1.54,187218
1.54,186192
1.59,186111
1.64,183114
1.64,181843
1.69,181675
1.71,181245
1.72,181070
1.72,179173
1.72,178092
1.78,177399
1.8,177062
1.83,176889
1.84,175731
1.86,172053
1.88,171572
1.92,170877
1.96,170819
1.96,170742
1.97,169432
2,168422
2,168365
2.02,167906
2.02,165773
2.03,162870
2.04,162806
2.04,162439
2.05,162151
2.08,159265
2.13,157969
2.15,156448
2.16,156320
2.21,155232
2.22,154993
2.29,154420
2.3,152989
2.33,152722
2.37,151187
2.4,150568
2.44,149754
2.5,149319
2.54,148386
2.59,148283
2.72,147694
2.74,147605
2.75,147576
2.8,147530
2.85,147513
2.86,146987
3.14,146910
3.15,146737
3.16,146117
3.18,145260
3.27,144221
3.34,144107
3.36,144051
3.4,143918
3.43,143805
3.44,143348
3.57,141840
3.63,141649
3.65,141531
3.7,141327
3.74,140740
3.76,140448
3.83,138936
4.01,138914
4.05,138708
4.06,138509
4.11,137283
4.18,136203
4.19,136132
4.27,135977
4.28,135759
4.32,135393
4.33,135318
4.41,135153
4.43,132961
4.49,131752
4.5,131413
4.57,131402
4.59,130908
4.6,130796
4.67,130791
4.67,130684
4.75,130608
4.84,129957
4.96,129335
5.03,128996
5.06,126533
5.1,126087
5.11,125881
5.25,125798
5.26,124441
5.32,123504
5.44,123046
5.49,122829
5.51,122048
5.58,122024
5.79,121496
5.84,121334
6.06,120282
6.18,120112
6.45,119422
6.7,119029
7.12,118642
7.25,118549
7.27,118444
7.28,118407
7.31,118198
7.35,118009
7.38,117422
7.49,117207
7.52,117144
7.59,117110
7.62,117028
7.83,116813
8.16,116530
8.31,116057
8.43,115120
8.57,114287
8.71,113924
8.82,113735
9.07,113640
9.29,113169
9.73,112603
9.92,112567
10.05,112498
10.2,112082
10.62,110895
10.76,110859
10.86,110137
10.95,110006
11.57,109951
11.63,109908
11.98,109687
12.14,109251
12.84,108780
19.18,108654
0.02,546914
0.02,542014
0.02,539435
0.02,529567
0.02,528726
0.02,519825
0.02,515297
0.03,514654
0.04,513507
0.04,506036
0.04,491031
0.04,489828
0.04,481889
0.05,477420
0.05,473026
0.06,471694
0.06,467353
0.06,465176
0.06,461345
0.07,455190
0.08,450318
0.08,448075
0.08,442791
0.09,438154
0.09,437041
0.09,433630
0.09,432487
0.1,426893
0.1,415598
0.1,413559
0.11,400119
0.12,392053
0.14,389773
0.15,389357
0.16,387551
0.16,382106
0.18,380001
0.18,379888
0.19,376785
0.2,375448
0.2,375185
0.21,373554
0.21,371696
0.22,369694
0.23,364303
0.24,362889
0.24,360650
0.25,356700
0.26,356429
0.27,352911
0.27,351227
0.28,346284
0.3,344933
0.31,342657
0.31,339706
0.33,337147
0.34,335049
0.34,333631
0.35,333580
0.37,329657
0.37,322503
0.38,321751
0.38,321034
0.4,320877
0.4,320195
0.4,316887
0.42,316661
0.42,310231
0.43,309450
0.44,307876
0.44,305494
0.44,301902
0.47,301751
0.47,300919
0.47,300907
0.47,299631
0.47,299356
0.48,298682
0.48,297581
0.49,295523
0.49,294932
0.5,294358
0.5,289659
0.51,289369
0.53,285609
0.53,284216
0.55,283090
0.56,281904
0.56,281027
0.59,280717
0.6,278588
0.62,276992
0.63,270764
0.63,270229
0.64,267214
0.67,266459
0.68,265089
0.69,261611
0.69,257562
0.73,256718
0.73,253978
0.74,248991
0.76,248088
0.76,247722
0.79,247658
0.79,246461
0.8,244401
0.81,242448
0.81,241514
0.82,241308
0.85,240652
0.86,240406
0.87,239540
0.87,239439
0.88,230048
0.89,229570
0.91,228702
0.92,227867
0.92,224039
0.95,223541
0.95,222783
0.97,222595
0.98,219904
0.99,219845
1.01,219470
1.02,219190
1.07,216789
1.08,216323
1.09,210029
1.11,209790
1.12,207557
1.14,207254
1.14,205608
1.19,205295
1.23,202923
1.26,201834
1.27,201035
1.29,200441
1.29,199321
1.32,197126
1.33,192962
1.39,190645
1.43,187218
1.43,186192
1.48,186111
1.54,183114
1.54,181843
1.59,181675
1.61,181245
1.62,181070
1.62,179173
1.62,178092
1.68,177399
1.71,177062
1.74,176889
1.74,175731
1.76,172053
1.8,171572
1.84,170877
1.89,170819
1.9,170742
1.91,169432
1.94,168422
1.94,168365
1.96,167906
1.97,165773
1.98,162870
1.98,162806
1.99,162439
1.99,162151
2.03,159265
2.08,157969
2.09,156448
2.11,156320
2.15,155232
2.16,154993
2.24,154420
2.24,152989
2.28,152722
2.31,151187
2.35,150568
2.42,149754
2.5,149319
2.53,148386
2.57,148283
2.69,147694
2.7,147605
2.71,147576
2.77,147530
2.82,147513
2.83,146987
3.09,146910
3.1,146737
3.11,146117
3.13,145260
3.22,144221
3.29,144107
3.31,144051
3.34,143918
3.37,143805
3.38,143348
3.52,141840
3.57,141649
3.59,141531
3.64,141327
3.68,140740
3.7,140448
3.77,138936
3.94,138914
3.99,138708
3.99,138509
4.04,137283
4.11,136203
4.13,136132
4.21,135977
4.23,135759
4.27,135393
4.27,135318
4.37,135153
4.39,132961
4.45,131752
4.46,131413
4.54,131402
4.56,130908
4.57,130796
4.65,130791
4.65,130684
4.74,130608
4.85,129957
4.98,129335
5.06,128996
5.09,126533
5.14,126087
5.15,125881
5.32,125798
5.33,124441
5.4,123504
5.53,123046
5.59,122829
5.62,122048
5.7,122024
5.9,121496
5.96,121334
6.22,120282
6.35,120112
6.64,119422
6.94,119029
7.42,118642
7.58,118549
7.59,118444
7.61,118407
7.64,118198
7.68,118009
7.71,117422
7.82,117207
7.86,117144
7.92,117110
7.95,117028
8.16,116813
8.51,116530
8.7,116057
8.86,115120
9.01,114287
9.16,113924
9.23,113735
9.4,113640
9.61,113169
10.02,112603
10.19,112567
10.29,112498
10.41,112082
10.83,110895
10.97,110859
11.08,110137
11.18,110006
11.77,109951
11.83,109908
12.1,109687
12.25,109251
12.89,108780
18.16,108654
