0.01,527824
0.02,516971
0.03,516063
0.03,508134
0.03,505927
0.03,505818
0.03,494535
0.04,489296
0.04,486710
0.04,479130
0.04,476635
0.04,476077
0.05,468022
0.05,467997
0.05,461728
0.05,461559
0.06,454530
0.06,433695
0.06,432914
0.06,431846
0.06,428609
0.07,416988
0.07,412650
0.08,409203
0.08,408028
0.08,406625
0.09,401560
0.1,396477
0.1,395544
0.1,392109
0.11,385287
0.13,384620
0.13,383673
0.13,383239
0.14,369282
0.14,368899
0.16,368785
0.16,364641
0.17,364626
0.17,364615
0.18,362579
0.18,361835
0.18,360692
0.19,359594
0.2,356485
0.2,341340
0.2,339248
0.21,336608
0.22,333526
0.22,330827
0.23,329787
0.23,329586
0.24,327979
0.24,326645
0.26,324939
0.26,324319
0.28,321937
0.28,320946
0.29,318446
0.29,316483
0.3,313900
0.31,312929
0.32,310266
0.33,308730
0.33,306242
0.34,303467
0.35,299351
0.37,298840
0.37,297482
0.37,296587
0.38,295989
0.38,294789
0.39,293667
0.4,290833
0.4,288120
0.41,287215
0.42,286482
0.43,286095
0.43,284990
0.44,284472
0.45,282134
0.45,281703
0.47,279077
0.48,277040
0.49,276389
0.49,266192
0.51,262517
0.52,261019
0.54,260469
0.54,258571
0.54,257330
0.57,256063
0.58,254738
0.62,254150
0.62,251946
0.64,250388
0.64,249877
0.66,249515
0.66,246624
0.69,240978
0.71,237564
0.74,235544
0.76,234556
0.77,233269
0.79,233053
0.81,232052
0.81,229116
0.82,228500
0.82,228488
0.84,224250
0.84,224121
0.84,223567
0.86,223214
0.91,223126
0.91,219206
0.92,216360
0.94,211744
0.97,211352
0.97,211349
0.98,207099
1.01,205696
1.03,205463
1.05,201399
1.05,200962
1.06,200225
1.07,198519
1.08,198040
1.12,197742
1.12,197350
1.14,197315
1.16,196578
1.17,196043
1.19,195655
1.21,195273
1.22,194324
1.25,193809
1.31,193750
1.32,193725
1.32,193659
1.33,193286
1.37,192459
1.39,191132
1.43,188828
1.48,188364
1.49,184345
1.52,182942
1.58,182376
1.59,182122
1.6,182071
1.61,181828
1.61,181822
1.63,181200
1.63,180014
1.64,179196
1.66,177023
1.67,176979
1.67,176884
1.67,176512
1.71,172461
1.73,170201
1.74,170125
1.74,169282
1.74,166580
1.75,165066
1.76,160733
1.78,157345
1.8,154455
1.81,153411
1.85,152991
1.89,152208
1.93,151775
1.94,151240
1.98,151183
2.02,149723
2.04,148145
2.06,144169
2.13,143741
2.19,143173
2.22,143122
2.27,141457
2.37,141242
2.4,141056
2.41,140913
2.41,140911
2.46,140818
2.46,140750
2.48,140742
2.52,140258
2.59,140077
2.63,139890
2.64,139585
2.65,139022
2.7,138032
2.77,137937
2.77,137771
2.83,137385
2.88,137351
3.04,136910
3.26,136536
3.32,136174
3.32,135448
3.35,133746
3.38,133666
3.42,133614
3.43,132697
3.51,131574
3.54,130531
3.57,130388
3.61,129834
3.68,129549
3.95,128080
3.98,128039
4.03,125978
4.05,124762
4.22,124368
4.25,124153
4.28,122404
4.44,121970
4.44,121873
4.49,121698
4.57,120576
4.92,119616
4.96,119339
5.08,118512
5.25,118331
5.39,118322
5.44,117911
5.46,117536
5.61,117301
5.62,116909
5.67,115972
5.96,115892
6.04,115789
6.27,115525
6.39,115479
6.45,115456
6.47,115208
6.58,114460
6.87,114417
7.24,114389
7.26,114115
7.45,113611
7.61,113459
8.23,113244
8.41,112941
8.68,112906
8.69,112803
8.76,112511
8.76,112314
8.85,112262
8.86,112139
9.03,112092
9.05,111821
9.39,111780
9.45,111728
9.64,111386
9.67,110643
10.25,110531
10.47,110413
10.65,110057
10.78,109754
10.96,109677
10.99,109599
11.02,109382
11.13,108945
11.45,108745
11.65,108715
11.7,108462
12.16,108427
12.37,108410
12.39,108375
12.39,108090
12.63,108038
12.65,107809
12.73,107729
13.08,107654
16.95,107259
18.08,107167
0.02,527824
0.02,516971
0.03,516063
0.04,508134
0.04,505927
0.04,505818
0.05,494535
0.05,489296
0.06,486710
0.06,479130
0.06,476635
0.06,476077
0.06,468022
0.06,467997
0.07,461728
0.07,461559
0.08,454530
0.08,433695
0.08,432914
0.08,431846
0.09,428609
0.09,416988
0.1,412650
0.11,409203
0.11,408028
0.11,406625
0.13,401560
0.13,396477
0.14,395544
0.14,392109
0.15,385287
0.17,384620
0.18,383673
0.18,383239
0.19,369282
0.2,368899
0.21,368785
0.21,364641
0.23,364626
0.24,364615
0.24,362579
0.24,361835
0.25,360692
0.26,359594
0.27,356485
0.27,341340
0.28,339248
0.28,336608
0.3,333526
0.3,330827
0.32,329787
0.32,329586
0.32,327979
0.33,326645
0.35,324939
0.35,324319
0.37,321937
0.38,320946
0.39,318446
0.39,316483
0.4,313900
0.42,312929
0.42,310266
0.44,308730
0.44,306242
0.45,303467
0.47,299351
0.49,298840
0.5,297482
0.5,296587
0.5,295989
0.51,294789
0.52,293667
0.54,290833
0.54,288120
0.55,287215
0.56,286482
0.58,286095
0.58,284990
0.59,284472
0.6,282134
0.61,281703
0.64,279077
0.64,277040
0.66,276389
0.67,266192
0.69,262517
0.7,261019
0.73,260469
0.73,258571
0.73,257330
0.77,256063
0.78,254738
0.82,254150
0.82,251946
0.83,250388
0.84,249877
0.85,249515
0.86,246624
0.89,240978
0.91,237564
0.95,235544
0.98,234556
1,233269
1.03,233053
1.05,232052
1.06,229116
1.07,228500
1.07,228488
1.09,224250
1.09,224121
1.1,223567
1.12,223214
1.19,223126
1.19,219206
1.2,216360
1.23,211744
1.27,211352
1.28,211349
1.29,207099
1.33,205696
1.35,205463
1.38,201399
1.39,200962
1.4,200225
1.4,198519
1.43,198040
1.47,197742
1.47,197350
1.5,197315
1.53,196578
1.54,196043
1.58,195655
1.61,195273
1.61,194324
1.65,193809
1.73,193750
1.74,193725
1.74,193659
1.75,193286
1.79,192459
1.82,191132
1.87,188828
1.92,188364
1.93,184345
1.97,182942
2.05,182376
2.06,182122
2.07,182071
2.09,181828
2.1,181822
2.11,181200
2.12,180014
2.13,179196
2.15,177023
2.17,176979
2.17,176884
2.18,176512
2.23,172461
2.24,170201
2.26,170125
2.26,169282
2.27,166580
2.28,165066
2.29,160733
2.31,157345
2.34,154455
2.35,153411
2.4,152991
2.45,152208
2.5,151775
2.51,151240
2.56,151183
2.62,149723
2.65,148145
2.68,144169
2.77,143741
2.83,143173
2.86,143122
2.94,141457
3.07,141242
3.1,141056
3.11,140913
3.11,140911
3.16,140818
3.16,140750
3.17,140742
3.23,140258
3.32,140077
3.37,139890
3.38,139585
3.4,139022
3.46,138032
3.56,137937
3.56,137771
3.64,137385
3.69,137351
3.84,136910
4.07,136536
4.12,136174
4.13,135448
4.16,133746
4.19,133666
4.22,133614
4.24,132697
4.32,131574
4.35,130531
4.37,130388
4.42,129834
4.49,129549
4.75,128080
4.78,128039
4.84,125978
4.85,124762
5.01,124368
5.05,124153
5.07,122404
5.21,121970
5.22,121873
5.27,121698
5.35,120576
5.7,119616
5.74,119339
5.87,118512
5.99,118331
6.13,118322
6.19,117911
6.21,117536
6.37,117301
6.38,116909
6.44,115972
6.75,115892
6.84,115789
7.09,115525
7.23,115479
7.3,115456
7.32,115208
7.45,114460
7.78,114417
8.13,114389
8.14,114115
8.32,113611
8.46,113459
9.02,113244
9.17,112941
9.39,112906
9.4,112803
9.46,112511
9.47,112314
9.54,112262
9.54,112139
9.69,112092
9.71,111821
10.01,111780
10.07,111728
10.26,111386
10.3,110643
10.95,110531
11.21,110413
11.43,110057
11.6,109754
11.8,109677
11.83,109599
11.87,109382
11.98,108945
12.25,108745
12.44,108715
12.49,108462
13.06,108427
13.27,108410
13.29,108375
13.3,108090
13.52,108038
13.54,107809
13.62,107729
13.96,107654
18.15,107259
19.43,107167
