0.01,544268
0.02,519316
0.08,514315
0.09,503554
0.14,490243
0.24,485409
0.24,460014
0.27,438008
0.31,379628
0.34,368344
0.34,367313
0.36,341612
0.37,336270
0.37,304011
0.38,298925
0.39,274282
0.4,261319
0.4,259411
0.41,229449
0.41,223313
0.42,202197
0.44,196913
0.44,192622
0.44,179363
0.46,176175
0.46,173097
0.46,167776
0.47,166017
0.47,165675
0.48,164089
0.48,157893
0.5,155786
0.5,151745
0.51,147684
0.51,146777
0.51,145919
0.52,142751
0.52,140828
0.52,140456
0.53,138720
0.53,138658
0.54,137795
0.54,136522
0.55,130922
0.56,129614
0.57,129152
0.58,128687
0.59,128470
0.59,127817
0.61,127469
0.61,126905
0.61,126771
0.62,125881
0.62,125492
0.63,124540
0.64,123654
0.64,121952
0.64,121907
0.65,121756
0.68,121697
0.69,121604
0.69,121429
0.7,121242
0.7,121115
0.72,120541
0.74,120508
0.79,119510
0.8,119442
0.82,119436
