0.02,537870
0.02,531909
0.02,523850
0.02,518128
0.03,515692
0.04,514559
0.04,511682
0.04,509989
0.04,503231
0.04,502766
0.04,499022
0.05,495445
0.05,488723
0.05,486141
0.06,478996
0.07,477594
0.07,460576
0.07,453495
0.08,453034
0.08,450340
0.09,445076
0.09,444829
0.09,443807
0.09,443699
0.09,440433
0.1,438264
0.1,437355
0.11,434172
0.11,425099
0.11,424268
0.12,417643
0.12,415084
0.13,407590
0.13,394033
0.15,391655
0.15,388991
0.16,388209
0.17,380771
0.18,380466
0.19,377096
0.2,374582
0.2,371906
0.2,371557
0.21,369051
0.22,368236
0.22,368078
0.23,367994
0.23,364558
0.23,362956
0.24,359568
0.24,356655
0.25,354096
0.25,352869
0.25,351989
0.25,351181
0.26,350350
0.27,349769
0.27,345708
0.29,344762
0.3,344051
0.3,344037
0.3,343561
0.3,341307
0.31,339358
0.31,337208
0.32,336938
0.33,334578
0.34,333106
0.34,329992
0.34,326285
0.35,325719
0.35,322994
0.35,320827
0.36,320590
0.36,320583
0.36,320358
0.37,311418
0.38,308668
0.39,308499
0.39,306846
0.39,306700
0.4,303850
0.42,303573
0.42,302659
0.43,301882
0.44,301089
0.45,299176
0.46,295951
0.46,295733
0.47,293595
0.48,287188
0.5,286092
0.5,285185
0.53,280957
0.53,280923
0.53,280708
0.54,278375
0.54,277907
0.54,276654
0.56,273505
0.56,273219
0.58,269022
0.58,266917
0.6,266135
0.61,266123
0.63,266020
0.63,262335
0.65,260394
0.67,258287
0.68,257370
0.68,252878
0.7,252401
0.71,247723
0.72,247510
0.72,247259
0.73,246931
0.74,246159
0.74,243877
0.75,242576
0.79,242031
0.8,241954
0.8,241827
0.82,241590
0.83,240595
0.85,239876
0.85,238814
0.87,234958
0.87,234919
0.88,233362
0.91,232318
0.92,230957
0.94,230278
0.94,229316
0.99,228401
1,227956
1.01,226510
1.02,224350
1.03,216580
1.09,216040
1.11,213332
1.11,212349
1.24,212029
1.26,211333
1.26,211308
1.27,210263
1.31,209218
1.35,208993
1.39,208194
1.41,206384
1.43,205697
1.45,203111
1.51,201974
1.52,201683
1.53,200062
1.56,199750
1.58,198583
1.74,197426
1.75,197212
1.76,196904
1.85,196195
1.85,196155
1.85,194829
1.87,192169
1.91,191953
1.93,190915
2.01,189666
2.03,189038
2.06,189022
2.08,185180
2.2,184049
2.21,183620
2.24,183503
2.25,181013
2.25,178020
2.3,177695
2.34,177175
2.42,176717
2.46,176520
2.47,173339
2.64,171883
2.7,171517
2.74,170789
2.79,170744
2.83,170446
2.83,169846
2.86,169546
2.89,167990
2.96,167210
3.02,165995
3.05,165004
3.07,164652
3.13,164038
3.16,163738
3.19,160913
3.25,160531
3.26,160417
3.26,159236
3.26,159190
3.31,157693
3.31,157543
3.32,156710
3.36,156596
3.36,155460
3.38,153875
3.39,153816
3.43,152563
3.47,152386
3.52,152127
3.53,151302
3.58,150960
3.6,150578
3.65,148699
3.76,148472
3.82,147034
3.89,146691
3.92,146302
4,142931
4.13,142684
4.15,142615
4.18,142231
4.23,140847
4.35,140036
4.49,139071
4.64,137429
4.71,136178
4.74,135565
4.79,135372
4.81,133256
4.85,133088
4.85,132440
5.19,132390
5.22,131686
5.24,131463
5.3,130656
5.32,130463
5.4,128159
5.47,127756
5.6,127160
5.66,127057
5.66,126946
5.77,126802
5.78,125645
5.87,125478
5.97,125240
6.01,125198
6.04,124953
6.05,124655
6.06,124553
6.21,123677
6.28,123486
6.47,123297
6.52,122561
6.55,121579
6.59,121544
6.63,121288
6.84,121247
6.85,119955
7.05,119914
7.08,119761
7.25,118782
7.56,118410
7.69,117439
7.73,117404
8.06,117206
8.09,117150
8.24,116968
8.73,116933
8.74,112667
9.17,112190
9.19,110981
9.23,110670
9.31,110630
9.35,109233
9.45,108841
9.68,108750
9.86,108718
9.94,108462
10.51,108219
10.82,107808
10.86,107533
11.19,107519
11.4,107357
11.79,106827
14.48,106677
15.6,106642
15.9,106385
18.04,106156
0.02,537870
0.02,531909
0.02,523850
0.02,518128
0.03,515692
0.03,514559
0.03,511682
0.04,509989
0.04,503231
0.04,502766
0.04,499022
0.04,495445
0.05,488723
0.05,486141
0.06,478996
0.07,477594
0.07,460576
0.08,453495
0.08,453034
0.09,450340
0.09,445076
0.09,444829
0.1,443807
0.1,443699
0.1,440433
0.11,438264
0.11,437355
0.11,434172
0.12,425099
0.12,424268
0.13,417643
0.14,415084
0.14,407590
0.15,394033
0.17,391655
0.17,388991
0.19,388209
0.19,380771
0.2,380466
0.21,377096
0.23,374582
0.23,371906
0.23,371557
0.24,369051
0.25,368236
0.25,368078
0.25,367994
0.26,364558
0.26,362956
0.26,359568
0.26,356655
0.27,354096
0.27,352869
0.28,351989
0.28,351181
0.28,350350
0.3,349769
0.3,345708
0.33,344762
0.33,344051
0.33,344037
0.33,343561
0.34,341307
0.35,339358
0.35,337208
0.36,336938
0.37,334578
0.38,333106
0.39,329992
0.39,326285
0.39,325719
0.39,322994
0.4,320827
0.4,320590
0.41,320583
0.42,320358
0.43,311418
0.44,308668
0.45,308499
0.45,306846
0.46,306700
0.46,303850
0.48,303573
0.49,302659
0.5,301882
0.51,301089
0.52,299176
0.54,295951
0.54,295733
0.55,293595
0.57,287188
0.58,286092
0.59,285185
0.62,280957
0.62,280923
0.62,280708
0.63,278375
0.63,277907
0.63,276654
0.65,273505
0.66,273219
0.67,269022
0.68,266917
0.7,266135
0.72,266123
0.74,266020
0.74,262335
0.76,260394
0.79,258287
0.79,257370
0.8,252878
0.82,252401
0.83,247723
0.85,247510
0.85,247259
0.85,246931
0.86,246159
0.86,243877
0.87,242576
0.91,242031
0.92,241954
0.92,241827
0.94,241590
0.95,240595
0.98,239876
0.98,238814
1,234958
1,234919
1.02,233362
1.05,232318
1.06,230957
1.09,230278
1.09,229316
1.13,228401
1.14,227956
1.14,226510
1.16,224350
1.17,216580
1.23,216040
1.25,213332
1.25,212349
1.36,212029
1.38,211333
1.38,211308
1.39,210263
1.44,209218
1.48,208993
1.52,208194
1.54,206384
1.56,205697
1.58,203111
1.63,201974
1.64,201683
1.66,200062
1.69,199750
1.71,198583
1.91,197426
1.91,197212
1.92,196904
2.02,196195
2.02,196155
2.03,194829
2.05,192169
2.09,191953
2.12,190915
2.22,189666
2.25,189038
2.28,189022
2.3,185180
2.45,184049
2.47,183620
2.53,183503
2.55,181013
2.55,178020
2.66,177695
2.71,177175
2.78,176717
2.83,176520
2.85,173339
3.25,171883
3.33,171517
3.43,170789
3.59,170744
3.72,170446
3.81,169846
3.86,169546
3.89,167990
4.02,167210
4.1,165995
4.13,165004
4.17,164652
4.29,164038
4.33,163738
4.37,160913
4.44,160531
4.44,160417
4.44,159236
4.45,159190
4.5,157693
4.51,157543
4.52,156710
4.56,156596
4.56,155460
4.58,153875
4.6,153816
4.64,152563
4.7,152386
4.79,152127
4.81,151302
4.89,150960
4.9,150578
4.98,148699
5.02,148472
5.09,147034
5.17,146691
5.2,146302
5.33,142931
5.44,142684
5.46,142615
5.47,142231
5.53,140847
5.66,140036
5.79,139071
5.87,137429
5.95,136178
5.98,135565
6.03,135372
6.05,133256
6.1,133088
6.1,132440
6.5,132390
6.53,131686
6.56,131463
6.61,130656
6.64,130463
6.72,128159
6.83,127756
7,127160
7.06,127057
7.06,126946
7.12,126802
7.13,125645
7.2,125478
7.31,125240
7.36,125198
7.39,124953
7.41,124655
7.41,124553
7.53,123677
7.58,123486
7.73,123297
7.78,122561
7.82,121579
7.87,121544
7.91,121288
8.11,121247
8.12,119955
8.33,119914
8.37,119761
8.66,118782
9.07,118410
9.2,117439
9.25,117404
9.53,117206
9.56,117150
9.74,116968
10.08,116933
10.09,112667
10.36,112190
10.38,110981
10.42,110670
10.5,110630
10.55,109233
10.63,108841
10.74,108750
10.89,108718
10.99,108462
11.48,108219
11.76,107808
11.8,107533
12.08,107519
12.28,107357
12.69,106827
15.01,106677
16.06,106642
16.35,106385
18.15,106156
