0,518050
0.04,495260
0.22,474840
0.27,449925
0.29,448514
0.3,444603
0.31,426812
0.32,408947
0.33,399638
0.33,399414
0.34,356021
0.35,344856
0.36,313616
0.38,288109
0.39,256244
0.41,248999
0.41,233432
0.42,227607
0.43,226899
0.43,211439
0.44,197555
0.45,192317
0.45,188758
0.46,180829
0.47,172314
0.47,167718
0.48,161029
0.49,157059
0.49,148736
0.5,146748
0.5,142310
0.5,141137
0.51,141124
0.51,135932
0.52,135579
0.52,134964
0.52,134246
0.53,131119
0.53,128819
0.54,127257
0.54,125320
0.55,124893
0.55,124445
0.56,124346
0.57,123141
0.57,122738
0.58,122457
0.59,121259
0.59,120755
0.6,120549
0.6,120446
0.61,120403
0.62,120304
0.63,119279
0.64,118601
0.66,118047
0.66,117984
0.73,117793
0.74,117644
0.75,117266
0.75,117119
0.79,115823
0.83,115766
