0,530466
0.02,511597
0.03,478609
0.08,473964
0.09,468896
0.27,455406
0.29,444325
0.29,422343
0.31,397354
0.33,396143
0.34,382533
0.35,366016
0.36,340878
0.36,333343
0.37,323179
0.37,319925
0.38,259489
0.4,253642
0.4,225987
0.42,218102
0.42,203758
0.43,203132
0.44,187023
0.44,174693
0.46,170761
0.47,167644
0.48,162089
0.49,157706
0.49,157428
0.49,153065
0.5,148113
0.51,143630
0.51,141703
0.52,141497
0.52,140725
0.53,140429
0.53,139504
0.54,138397
0.55,138292
0.56,137844
0.57,137040
0.57,136403
0.57,135633
0.58,135146
0.6,134684
0.62,133875
0.62,133051
0.63,132727
0.64,132661
0.64,132460
0.64,131942
0.66,131525
0.67,130958
0.67,130831
0.68,129369
0.7,129366
0.76,129361
