0.03,521851
0.04,513112
0.07,492782
0.14,470225
0.25,448672
0.26,448218
0.29,446206
0.3,437508
0.31,399790
0.33,380341
0.34,369335
0.34,364850
0.35,332152
0.35,331532
0.37,324735
0.37,307550
0.37,293846
0.38,265023
0.39,252558
0.39,244512
0.4,238401
0.41,213438
0.41,210063
0.42,208626
0.43,205734
0.44,202408
0.44,178793
0.44,167605
0.45,164934
0.46,161191
0.46,158284
0.47,152298
0.47,151723
0.48,148749
0.49,144335
0.49,142010
0.5,141444
0.5,140005
0.5,139665
0.51,136359
0.51,136172
0.51,135672
0.52,134607
0.52,131262
0.52,128357
0.54,127725
0.54,125576
0.55,125469
0.55,124759
0.55,124747
0.56,123003
0.57,122262
0.58,121972
0.58,121437
0.59,121356
0.59,121222
0.6,120587
0.61,120325
0.62,119985
0.63,119327
0.65,119152
0.69,119148
0.69,119087
0.7,118954
0.7,118927
0.75,118503
0.77,118453
0.85,117991
