0.01,526826
0.03,524410
0.03,513505
0.04,501695
0.21,495859
0.21,490007
0.23,488324
0.24,480408
0.28,465945
0.29,443988
0.29,424236
0.32,417559
0.33,409636
0.34,378001
0.35,357857
0.36,341259
0.38,325652
0.38,321731
0.39,262226
0.41,229573
0.44,215711
0.44,212481
0.44,188981
0.46,177380
0.47,175737
0.48,174398
0.48,169840
0.5,163560
0.5,155694
0.51,151692
0.52,150277
0.52,148245
0.53,145679
0.54,143632
0.54,142625
0.55,141172
0.56,138561
0.56,136163
0.56,135959
0.57,135130
0.57,134829
0.58,133833
0.59,131998
0.59,131850
0.6,131714
0.61,131058
0.61,130861
0.62,130829
0.63,129276
0.64,128859
0.66,127693
0.67,127095
0.67,126750
0.68,125754
0.7,125347
0.73,125138
0.73,125070
0.73,124750
0.76,124174
0.76,124034
0.78,122933
0.78,121227
0.84,121136
0.85,121113
0.86,121039
0.87,120963
0.89,120903
0.9,120867
1.02,120761
