0.01,553861
0.01,551308
0.02,545704
0.02,540061
0.02,539554
0.02,536802
0.02,533288
0.02,517430
0.03,511650
0.03,510804
0.03,497566
0.03,496885
0.03,496022
0.04,482479
0.04,472062
0.05,467134
0.05,462678
0.06,458585
0.06,447765
0.06,446160
0.06,444288
0.07,443683
0.07,442583
0.08,438583
0.08,437517
0.08,436174
0.08,434016
0.09,432470
0.09,432129
0.09,424321
0.1,424104
0.11,423724
0.11,423385
0.12,421565
0.12,421341
0.12,414506
0.12,405019
0.14,401280
0.14,391631
0.15,382646
0.16,379457
0.16,378708
0.17,376813
0.17,376756
0.17,375618
0.18,375540
0.18,374283
0.18,368114
0.19,367915
0.19,364080
0.2,360771
0.21,359952
0.21,359558
0.21,356758
0.21,350440
0.22,348220
0.22,344682
0.23,335932
0.25,334490
0.25,332189
0.25,330750
0.27,328309
0.27,328305
0.27,321841
0.27,319369
0.28,316616
0.3,311645
0.32,311207
0.34,310354
0.35,308901
0.36,304681
0.37,304055
0.38,299953
0.41,296847
0.42,296478
0.44,292857
0.44,282085
0.45,281013
0.45,278302
0.46,277652
0.47,277185
0.48,276519
0.58,276401
0.58,275404
0.64,267487
0.66,267103
0.67,266774
0.68,261966
0.71,260167
0.71,258254
0.74,257029
0.74,256750
0.75,254530
0.78,251917
0.8,251890
0.81,250782
0.82,250390
0.82,246942
0.84,244902
0.85,244360
0.9,243687
0.91,241982
0.92,238723
0.94,233150
0.95,232068
0.95,231413
0.98,230334
0.99,228013
0.99,225311
1,223981
1.01,223367
1.01,221554
1.02,219447
1.07,219445
1.08,217376
1.09,216934
1.1,210479
1.13,209432
1.14,205962
1.2,205586
1.26,204965
1.3,204515
1.31,203338
1.33,200252
1.36,198999
1.38,198897
1.39,198245
1.41,198012
1.41,196682
1.49,195288
1.49,194230
1.54,193616
1.55,193244
1.56,192895
1.61,192261
1.62,191978
1.63,189206
1.68,188677
1.75,188256
1.8,186979
1.84,185708
1.85,185508
1.86,184904
1.88,183529
1.93,183480
1.95,183304
1.95,182541
1.99,181466
2.04,180751
2.07,179612
2.09,178825
2.11,178701
2.11,178203
2.17,176011
2.24,176004
2.25,175830
2.26,175504
2.26,174991
2.27,174924
2.3,172172
2.38,171655
2.43,171447
2.44,171128
2.44,170557
2.48,169768
2.49,169437
2.5,168393
2.54,168176
2.55,168097
2.58,167456
2.64,166451
2.71,165556
2.81,165509
2.85,165223
2.87,164758
2.88,164405
2.89,164131
2.89,163380
2.99,162021
3.06,161561
3.08,161268
3.08,160349
3.09,160281
3.1,160193
3.11,159622
3.12,159215
3.17,158542
3.21,158187
3.22,157996
3.25,156455
3.29,156257
3.36,154798
3.4,154715
3.41,153994
3.43,153960
3.44,152129
3.49,151748
3.54,151539
3.56,150845
3.57,150507
3.57,149095
3.58,148357
3.65,148127
3.71,148012
3.72,147173
3.73,146804
3.76,146298
3.77,146124
3.8,144387
3.8,144358
3.86,144331
3.92,143788
3.93,142588
3.95,142238
4.01,141893
4.05,141529
4.09,140161
4.14,140150
4.14,139183
4.21,138564
4.25,136984
4.26,136639
4.31,136584
4.35,135460
4.39,135054
4.45,134869
4.45,134415
4.47,134242
4.53,133657
4.56,133427
4.57,133344
4.57,132193
4.59,132159
4.67,130390
4.72,129944
4.72,127905
4.79,127397
4.8,127035
4.8,126997
4.85,126517
4.91,126477
4.91,126309
4.96,125928
5.01,125287
5.02,124743
5.14,124675
5.2,124422
5.23,124038
5.34,121397
5.64,120688
5.79,119860
5.8,119850
5.85,119745
5.86,119320
6,119006
6,118901
6.06,118372
6.09,117972
6.21,117854
6.29,116947
6.41,116652
6.41,116001
6.68,115964
6.72,114457
6.88,114422
6.92,113858
7.18,113686
7.34,113646
7.38,113064
7.56,113019
8.09,110732
8.51,110648
8.58,110021
8.92,109930
9.05,109732
10,108214
10.87,108174
10.94,108068
11.26,107793
11.3,107607
12.39,107480
12.43,107026
13.19,106880
14.36,106859
14.91,106757
14.93,106641
15.24,106586
16.3,106495
16.71,106291
16.8,106100
18.88,105430
0.02,553861
0.02,551308
0.02,545704
0.03,540061
0.03,539554
0.03,536802
0.03,533288
0.04,517430
0.04,511650
0.04,510804
0.04,497566
0.05,496885
0.05,496022
0.05,482479
0.05,472062
0.07,467134
0.07,462678
0.07,458585
0.08,447765
0.08,446160
0.09,444288
0.09,443683
0.09,442583
0.1,438583
0.1,437517
0.11,436174
0.11,434016
0.12,432470
0.12,432129
0.12,424321
0.13,424104
0.14,423724
0.14,423385
0.15,421565
0.15,421341
0.15,414506
0.16,405019
0.17,401280
0.17,391631
0.18,382646
0.19,379457
0.2,378708
0.2,376813
0.2,376756
0.21,375618
0.22,375540
0.22,374283
0.22,368114
0.23,367915
0.24,364080
0.24,360771
0.26,359952
0.26,359558
0.26,356758
0.27,350440
0.27,348220
0.27,344682
0.28,335932
0.31,334490
0.31,332189
0.31,330750
0.33,328309
0.33,328305
0.34,321841
0.34,319369
0.35,316616
0.36,311645
0.39,311207
0.41,310354
0.42,308901
0.43,304681
0.44,304055
0.45,299953
0.48,296847
0.5,296478
0.51,292857
0.52,282085
0.53,281013
0.53,278302
0.54,277652
0.55,277185
0.56,276519
0.75,276401
0.75,275404
0.85,267487
0.87,267103
0.88,266774
0.89,261966
0.92,260167
0.92,258254
0.95,257029
0.96,256750
0.96,254530
1,251917
1.03,251890
1.04,250782
1.05,250390
1.06,246942
1.08,244902
1.09,244360
1.15,243687
1.16,241982
1.19,238723
1.2,233150
1.22,232068
1.22,231413
1.26,230334
1.27,228013
1.28,225311
1.29,223981
1.29,223367
1.3,221554
1.32,219447
1.37,219445
1.38,217376
1.4,216934
1.41,210479
1.44,209432
1.46,205962
1.52,205586
1.6,204965
1.65,204515
1.65,203338
1.68,200252
1.78,198999
1.82,198897
1.82,198245
1.85,198012
1.85,196682
1.97,195288
1.98,194230
2.05,193616
2.06,193244
2.06,192895
2.12,192261
2.13,191978
2.15,189206
2.21,188677
2.29,188256
2.34,186979
2.39,185708
2.4,185508
2.41,184904
2.44,183529
2.49,183480
2.51,183304
2.52,182541
2.56,181466
2.61,180751
2.65,179612
2.67,178825
2.69,178701
2.69,178203
2.8,176011
2.9,176004
2.93,175830
2.94,175504
2.94,174991
2.95,174924
2.99,172172
3.07,171655
3.12,171447
3.14,171128
3.14,170557
3.18,169768
3.19,169437
3.2,168393
3.26,168176
3.27,168097
3.3,167456
3.39,166451
3.47,165556
3.58,165509
3.63,165223
3.65,164758
3.66,164405
3.67,164131
3.67,163380
3.77,162021
3.83,161561
3.86,161268
3.86,160349
3.87,160281
3.88,160193
3.89,159622
3.9,159215
3.95,158542
3.99,158187
4,157996
4.03,156455
4.07,156257
4.14,154798
4.18,154715
4.2,153994
4.21,153960
4.23,152129
4.27,151748
4.32,151539
4.34,150845
4.36,150507
4.36,149095
4.36,148357
4.43,148127
4.49,148012
4.5,147173
4.51,146804
4.54,146298
4.56,146124
4.59,144387
4.59,144358
4.65,144331
4.71,143788
4.72,142588
4.73,142238
4.8,141893
4.84,141529
4.88,140161
4.92,140150
4.93,139183
4.99,138564
5.03,136984
5.03,136639
5.08,136584
5.12,135460
5.16,135054
5.21,134869
5.21,134415
5.23,134242
5.29,133657
5.32,133427
5.33,133344
5.34,132193
5.35,132159
5.44,130390
5.48,129944
5.49,127905
5.55,127397
5.56,127035
5.57,126997
5.61,126517
5.67,126477
5.67,126309
5.73,125928
5.78,125287
5.79,124743
5.92,124675
5.97,124422
6.02,124038
6.13,121397
6.47,120688
6.63,119860
6.64,119850
6.7,119745
6.71,119320
6.86,119006
6.86,118901
6.93,118372
6.96,117972
7.09,117854
7.18,116947
7.31,116652
7.31,116001
7.62,115964
7.65,114457
7.83,114422
7.86,113858
8.11,113686
8.25,113646
8.28,113064
8.46,113019
8.95,110732
9.32,110648
9.38,110021
9.68,109930
9.78,109732
10.28,108214
11.33,108174
11.43,108068
11.81,107793
11.88,107607
13.32,107480
13.35,107026
14.05,106880
15.47,106859
16.19,106757
16.23,106641
16.63,106586
17.97,106495
18.5,106291
18.62,106100
