0.02,507233
0.1,502009
0.11,490881
0.26,479529
0.28,478008
0.31,460435
0.33,444745
0.34,431419
0.34,417287
0.36,390271
0.37,385674
0.38,376903
0.38,376395
0.39,343989
0.39,339339
0.4,274058
0.42,262058
0.43,241555
0.45,218056
0.46,215169
0.46,211811
0.47,210863
0.48,192421
0.48,189840
0.48,189461
0.5,166411
0.52,162827
0.52,159546
0.53,158549
0.53,153553
0.53,152168
0.55,150294
0.55,147187
0.56,145913
0.57,143254
0.57,140524
0.57,139232
0.58,138360
0.6,138299
0.6,137899
0.62,137739
0.62,137086
0.63,136266
0.63,135956
0.64,135705
0.64,134031
0.65,133815
0.66,133768
0.67,133416
0.68,133050
0.69,132636
0.7,132475
0.72,132141
0.75,132079
0.79,131442
0.91,130076
