0.02,528994
0.03,528153
0.03,527370
0.03,525051
0.04,494661
0.04,484803
0.05,484406
0.05,482472
0.05,482393
0.06,480406
0.06,480370
0.06,479513
0.07,478600
0.07,478422
0.07,478171
0.08,471530
0.08,471395
0.09,464901
0.09,464633
0.09,450843
0.1,450026
0.1,447598
0.11,442970
0.11,438509
0.12,437753
0.12,429979
0.14,417780
0.15,417625
0.16,414484
0.16,414349
0.16,412689
0.16,410954
0.16,406812
0.16,405644
0.17,401983
0.19,399355
0.19,396004
0.2,393873
0.2,376619
0.21,376606
0.21,374057
0.21,371241
0.22,369750
0.22,369734
0.23,362929
0.24,362434
0.26,357286
0.28,356848
0.28,355107
0.29,354826
0.3,351919
0.32,351230
0.32,350169
0.33,349195
0.33,347250
0.34,342831
0.35,333702
0.37,332009
0.37,330732
0.39,329576
0.4,325807
0.4,325513
0.41,320948
0.41,320710
0.41,314845
0.42,314658
0.42,314458
0.42,311608
0.43,307829
0.43,307433
0.44,306263
0.44,305925
0.46,305785
0.46,305281
0.47,305119
0.47,303683
0.5,302851
0.52,301597
0.52,301314
0.53,301227
0.53,299934
0.54,296439
0.55,295745
0.55,295188
0.58,292523
0.61,292111
0.61,291163
0.61,290194
0.62,288368
0.63,287825
0.66,286059
0.67,285106
0.67,282414
0.67,276020
0.69,275895
0.7,274793
0.71,273953
0.72,273390
0.73,270152
0.73,269923
0.87,268141
0.88,267494
0.9,267044
0.93,266874
0.94,266691
0.94,263448
0.99,262546
1,262022
1,259357
1.03,258775
1.04,255356
1.05,253871
1.07,253795
1.08,250934
1.08,250916
1.09,250522
1.1,250332
1.11,250085
1.12,249523
1.12,248097
1.12,247842
1.16,247760
1.16,246450
1.18,246079
1.19,245817
1.2,243251
1.2,242125
1.2,241427
1.2,241402
1.21,241374
1.21,240704
1.23,238245
1.24,237379
1.25,234135
1.26,233370
1.26,232981
1.26,232806
1.27,230521
1.28,229757
1.28,227799
1.3,227697
1.31,226873
1.34,226836
1.34,224877
1.36,224312
1.37,222925
1.4,219148
1.45,217395
1.45,216027
1.47,214350
1.48,213188
1.5,212929
1.52,209597
1.53,208807
1.55,207036
1.55,206704
1.55,206399
1.57,205166
1.59,204107
1.62,202261
1.63,200893
1.65,199386
1.66,196824
1.67,196775
1.67,195174
1.68,192844
1.72,192518
1.73,191745
1.73,190529
1.86,188277
1.87,184729
1.9,184029
1.96,183099
1.96,182583
1.96,181382
1.97,180946
2.05,180487
2.08,179743
2.08,177961
2.12,177897
2.12,175270
2.15,174597
2.23,174324
2.24,174062
2.31,173265
2.39,173067
2.46,171768
2.55,171622
2.58,171304
2.64,167929
2.79,167302
2.79,165171
2.99,165158
3.03,164859
3.11,164656
3.13,164435
3.15,158116
3.27,157826
3.28,157770
3.28,157033
3.31,154866
3.37,152889
3.45,152874
3.46,152592
3.47,151491
3.5,150803
3.56,149929
3.56,149892
3.56,148801
3.6,148069
3.6,148003
3.6,146675
3.68,146408
3.69,145725
3.7,144956
3.74,144816
3.79,142079
3.81,141776
3.85,141732
3.88,141565
3.94,141323
3.95,141080
4.08,140840
4.09,139242
4.1,139010
4.12,136365
4.21,134322
4.28,134093
4.36,133272
4.45,133049
4.46,132928
4.54,132635
4.59,132043
4.61,131584
4.68,131136
4.74,131094
4.81,130394
4.89,130039
5.04,129727
5.06,128863
5.18,127661
5.22,126331
5.39,125230
5.39,124802
5.51,124637
5.55,124346
5.57,122642
5.62,122548
5.71,122481
5.73,122174
5.98,122096
6,122002
6.03,120999
6.25,120669
6.29,120457
6.38,120237
6.45,120117
6.5,119303
6.57,118961
6.59,118858
6.62,118658
6.66,118591
6.71,118185
6.8,118082
6.9,117995
7.07,117624
7.08,117473
7.09,117450
7.4,117296
7.41,117273
7.47,116920
7.67,116760
8.03,116543
8.06,116508
8.18,116398
8.22,116045
8.34,115978
8.4,115305
8.59,115269
8.63,115115
8.8,115114
8.88,115106
8.89,114819
8.96,114418
9.05,114310
9.07,114131
9.19,114126
9.2,113269
9.23,111016
9.43,110778
9.99,110742
10.01,109973
10.24,109938
11.87,109858
12.01,108998
12.26,108990
12.69,108954
14.2,108935
14.44,108927
14.85,108278
15.89,107967
0.01,528994
0.02,528153
0.02,527370
0.02,525051
0.02,494661
0.03,484803
0.03,484406
0.03,482472
0.03,482393
0.04,480406
0.04,480370
0.05,479513
0.05,478600
0.05,478422
0.05,478171
0.05,471530
0.06,471395
0.07,464901
0.07,464633
0.07,450843
0.07,450026
0.07,447598
0.08,442970
0.08,438509
0.09,437753
0.09,429979
0.11,417780
0.12,417625
0.12,414484
0.12,414349
0.13,412689
0.13,410954
0.13,406812
0.13,405644
0.14,401983
0.15,399355
0.15,396004
0.17,393873
0.17,376619
0.17,376606
0.18,374057
0.18,371241
0.19,369750
0.19,369734
0.19,362929
0.21,362434
0.22,357286
0.24,356848
0.24,355107
0.25,354826
0.25,351919
0.26,351230
0.27,350169
0.27,349195
0.28,347250
0.28,342831
0.29,333702
0.31,332009
0.31,330732
0.33,329576
0.34,325807
0.35,325513
0.35,320948
0.35,320710
0.36,314845
0.36,314658
0.36,314458
0.37,311608
0.37,307829
0.38,307433
0.38,306263
0.4,305925
0.41,305785
0.42,305281
0.43,305119
0.44,303683
0.51,302851
0.53,301597
0.53,301314
0.54,301227
0.54,299934
0.55,296439
0.56,295745
0.56,295188
0.61,292523
0.65,292111
0.65,291163
0.65,290194
0.66,288368
0.68,287825
0.72,286059
0.73,285106
0.73,282414
0.74,276020
0.76,275895
0.77,274793
0.78,273953
0.8,273390
0.81,270152
0.81,269923
0.82,268141
0.83,267494
0.84,267044
0.85,266874
0.86,266691
0.86,263448
0.91,262546
0.91,262022
0.92,259357
0.95,258775
0.96,255356
0.97,253871
1,253795
1,250934
1.01,250916
1.02,250522
1.03,250332
1.05,250085
1.06,249523
1.06,248097
1.06,247842
1.1,247760
1.1,246450
1.12,246079
1.13,245817
1.14,243251
1.14,242125
1.14,241427
1.14,241402
1.15,241374
1.15,240704
1.16,238245
1.19,237379
1.19,234135
1.2,233370
1.2,232981
1.21,232806
1.21,230521
1.22,229757
1.23,227799
1.25,227697
1.26,226873
1.28,226836
1.29,224877
1.3,224312
1.31,222925
1.34,219148
1.38,217395
1.38,216027
1.39,214350
1.4,213188
1.41,212929
1.43,209597
1.44,208807
1.46,207036
1.46,206704
1.46,206399
1.49,205166
1.5,204107
1.53,202261
1.53,200893
1.56,199386
1.57,196824
1.58,196775
1.59,195174
1.59,192844
1.63,192518
1.64,191745
1.64,190529
1.67,188277
1.69,184729
1.7,184029
1.76,183099
1.76,182583
1.76,181382
1.77,180946
1.83,180487
1.85,179743
1.86,177961
1.89,177897
1.89,175270
1.92,174597
2.01,174324
2.01,174062
2.07,173265
2.11,173067
2.13,171768
2.17,171622
2.19,171304
2.23,167929
2.29,167302
2.3,165171
2.37,165158
2.41,164859
2.49,164656
2.51,164435
2.53,158116
2.64,157826
2.66,157770
2.66,157033
2.69,154866
2.76,152889
2.84,152874
2.86,152592
2.86,151491
2.9,150803
2.95,149929
2.95,149892
2.95,148801
2.98,148069
2.98,148003
2.99,146675
3.06,146408
3.07,145725
3.08,144956
3.11,144816
3.16,142079
3.18,141776
3.23,141732
3.25,141565
3.31,141323
3.32,141080
3.52,140840
3.54,139242
3.55,139010
3.59,136365
3.7,134322
3.79,134093
3.89,133272
4.11,133049
4.12,132928
4.24,132635
4.3,132043
4.33,131584
4.41,131136
4.48,131094
4.56,130394
4.65,130039
4.81,129727
4.83,128863
4.92,127661
4.97,126331
5.15,125230
5.15,124802
5.29,124637
5.34,124346
5.36,122642
5.41,122548
5.51,122481
5.54,122174
5.85,122096
5.88,122002
5.9,120999
6.17,120669
6.22,120457
6.32,120237
6.4,120117
6.45,119303
6.53,118961
6.55,118858
6.57,118658
6.62,118591
6.67,118185
6.76,118082
6.87,117995
7.06,117624
7.06,117473
7.07,117450
7.42,117296
7.42,117273
7.49,116920
7.63,116760
7.83,116543
7.85,116508
7.98,116398
8.01,116045
8.11,115978
8.14,115305
8.29,115269
8.33,115115
8.45,115114
8.52,115106
8.53,114819
8.6,114418
8.72,114310
8.74,114131
8.89,114126
8.91,113269
8.93,111016
9.15,110778
9.73,110742
9.76,109973
10.08,109938
11.45,109858
11.55,108998
11.66,108990
11.92,108954
13.6,108935
13.86,108927
14.15,108278
15.08,107967
19.36,107964
