0.03,524635
0.04,520316
0.04,518184
0.04,517334
0.04,495895
0.05,494188
0.05,484110
0.06,484100
0.07,481804
0.1,480658
0.1,470409
0.12,464782
0.12,464008
0.16,461278
0.17,451299
0.18,450047
0.18,447090
0.19,446817
0.19,444275
0.19,440066
0.21,439909
0.22,439429
0.22,438050
0.23,433833
0.24,433404
0.24,432175
0.25,428589
0.25,427839
0.25,427281
0.26,425238
0.26,424903
0.26,424345
0.27,422416
0.28,420472
0.29,420311
0.29,419387
0.3,414856
0.3,407901
0.31,406319
0.32,405598
0.33,403789
0.33,399967
0.34,392671
0.37,387628
0.38,387291
0.39,385012
0.39,383728
0.4,383659
0.4,383513
0.41,380025
0.41,379134
0.43,378826
0.43,376416
0.44,376102
0.44,375450
0.44,375157
0.45,374537
0.45,374053
0.45,371445
0.46,371238
0.46,363925
0.47,363554
0.48,353801
0.49,352960
0.5,350977
0.5,350974
0.5,349487
0.5,341254
0.54,339960
0.55,332386
0.55,331857
0.56,324014
0.57,318891
0.58,318233
0.59,317969
0.59,317850
0.59,316054
0.59,312937
0.6,311904
0.62,311311
0.63,310164
0.64,299915
0.69,298603
0.72,292506
0.74,290042
0.74,289713
0.76,289234
0.77,289128
0.78,287779
0.79,286921
0.8,284633
0.81,283334
0.84,282238
0.86,282064
0.87,281082
0.88,280152
0.88,278334
0.88,277081
0.89,276791
0.91,276358
0.97,275757
0.97,273048
1.02,271451
1.03,268075
1.08,266004
1.09,265056
1.1,261806
1.11,261748
1.11,260821
1.13,254160
1.14,252898
1.16,248529
1.16,246531
1.22,245287
1.22,243579
1.25,242830
1.26,239130
1.28,237857
1.29,236889
1.31,234058
1.34,232889
1.35,232629
1.36,231603
1.36,229367
1.37,227106
1.38,226122
1.41,226055
1.44,224898
1.44,224137
1.45,223978
1.48,220307
1.52,219235
1.55,218766
1.56,217173
1.58,216731
1.59,212593
1.6,211877
1.62,207438
1.64,206089
1.65,205139
1.67,202681
1.7,202009
1.72,200741
1.72,199493
1.72,199484
1.73,197997
1.74,197470
1.75,195968
1.8,193392
1.81,192201
1.84,192197
1.85,191574
1.86,191434
1.88,186612
1.96,184026
2.07,183703
2.07,182469
2.07,180254
2.08,177220
2.11,177160
2.11,176457
2.15,176194
2.17,175406
2.18,175335
2.18,173962
2.21,173223
2.29,171676
2.35,171537
2.38,169739
2.38,166106
2.44,166040
2.45,164239
2.49,164152
2.5,163962
2.51,163771
2.51,163424
2.54,161613
2.56,161534
2.57,159782
2.58,159166
2.6,159120
2.63,157860
2.64,157582
2.66,157035
2.66,156993
2.69,156879
2.71,156787
2.75,156593
2.75,155928
2.84,155638
2.87,155076
2.9,154902
2.91,154865
2.93,152633
2.99,152600
3.03,152090
3.11,151885
3.11,150545
3.17,150202
3.2,148056
3.26,147360
3.46,146089
3.53,144444
3.6,143883
3.63,141531
3.65,140952
3.66,140775
3.67,140682
3.67,140485
3.73,140140
3.92,140115
3.94,139493
3.95,139463
3.98,139383
4.03,138952
4.37,137561
4.4,136477
4.47,136219
4.48,134344
4.71,133975
4.75,132336
4.84,131586
4.85,131561
4.86,131537
4.88,131447
4.94,131383
5.01,131141
5.04,130836
5.04,130702
5.06,130572
5.09,130428
5.19,130205
5.28,129900
5.29,129848
5.41,129504
5.46,127209
5.56,127106
5.64,126459
5.69,125823
5.72,125567
5.79,123621
5.95,123596
5.95,123257
6.03,123230
6.04,123126
6.06,122300
6.08,120698
6.17,120181
6.37,119961
6.38,119772
6.52,118723
6.61,118673
6.86,118279
6.87,117630
6.9,117162
7.04,116751
7.48,115689
7.53,115110
7.69,114947
7.78,114715
7.89,114683
8.07,114046
8.18,114014
8.19,113500
8.36,113112
8.59,113033
9.12,112854
9.21,112822
9.28,112554
9.57,112545
9.74,112319
11.27,112236
11.32,112001
11.58,111591
11.63,111549
11.85,110785
12.16,110574
12.52,110099
12.77,109598
12.87,109420
13.01,109085
13.62,108997
13.67,108950
14.1,108819
14.33,108458
15.15,107961
15.56,106556
16.28,104912
16.69,104708
0.02,524635
0.02,520316
0.03,518184
0.03,517334
0.03,495895
0.03,494188
0.04,484110
0.04,484100
0.04,481804
0.05,480658
0.05,470409
0.07,464782
0.07,464008
0.08,461278
0.09,451299
0.1,450047
0.1,447090
0.11,446817
0.11,444275
0.11,440066
0.14,439909
0.14,439429
0.15,438050
0.16,433833
0.17,433404
0.18,432175
0.18,428589
0.19,427839
0.19,427281
0.2,425238
0.2,424903
0.21,424345
0.21,422416
0.23,420472
0.24,420311
0.24,419387
0.25,414856
0.25,407901
0.26,406319
0.27,405598
0.28,403789
0.29,399967
0.31,392671
0.34,387628
0.36,387291
0.37,385012
0.37,383728
0.38,383659
0.38,383513
0.39,380025
0.4,379134
0.42,378826
0.42,376416
0.43,376102
0.43,375450
0.43,375157
0.44,374537
0.44,374053
0.45,371445
0.45,371238
0.46,363925
0.47,363554
0.48,353801
0.49,352960
0.5,350977
0.51,350974
0.51,349487
0.51,341254
0.55,339960
0.56,332386
0.57,331857
0.57,324014
0.58,318891
0.6,318233
0.61,317969
0.61,317850
0.62,316054
0.62,312937
0.63,311904
0.65,311311
0.67,310164
0.68,299915
0.73,298603
0.76,292506
0.77,290042
0.78,289713
0.79,289234
0.8,289128
0.82,287779
0.83,286921
0.84,284633
0.85,283334
0.88,282238
0.91,282064
0.91,281082
0.93,280152
0.93,278334
0.94,277081
0.94,276791
0.97,276358
1.04,275757
1.04,273048
1.1,271451
1.11,268075
1.17,266004
1.17,265056
1.19,261806
1.2,261748
1.2,260821
1.22,254160
1.22,252898
1.25,248529
1.25,246531
1.3,245287
1.3,243579
1.34,242830
1.34,239130
1.36,237857
1.39,236889
1.4,234058
1.44,232889
1.45,232629
1.47,231603
1.47,229367
1.47,227106
1.49,226122
1.53,226055
1.59,224898
1.59,224137
1.59,223978
1.63,220307
1.67,219235
1.72,218766
1.73,217173
1.76,216731
1.77,212593
1.79,211877
1.81,207438
1.84,206089
1.85,205139
1.87,202681
1.9,202009
1.92,200741
1.92,199493
1.93,199484
1.94,197997
1.95,197470
1.96,195968
2,193392
2.02,192201
2.06,192197
2.07,191574
2.09,191434
2.1,186612
2.21,184026
2.34,183703
2.34,182469
2.35,180254
2.37,177220
2.41,177160
2.41,176457
2.46,176194
2.5,175406
2.52,175335
2.52,173962
2.55,173223
2.66,171676
2.76,171537
2.81,169739
2.81,166106
2.93,166040
2.94,164239
3,164152
3.02,163962
3.04,163771
3.04,163424
3.07,161613
3.09,161534
3.1,159782
3.11,159166
3.14,159120
3.19,157860
3.2,157582
3.24,157035
3.29,156993
3.47,156879
3.57,156787
3.65,156593
3.65,155928
3.8,155638
3.83,155076
3.88,154902
3.89,154865
3.93,152633
4.08,152600
4.13,152090
4.21,151885
4.22,150545
4.28,150202
4.31,148056
4.37,147360
4.66,146089
4.8,144444
4.89,143883
4.92,141531
4.95,140952
4.96,140775
4.97,140682
4.97,140485
5.04,140140
5.39,140115
5.42,139493
5.43,139463
5.47,139383
5.52,138952
5.8,137561
5.82,136477
5.88,136219
5.89,134344
6.13,133975
6.18,132336
6.27,131586
6.29,131561
6.3,131537
6.32,131447
6.39,131383
6.46,131141
6.49,130836
6.5,130702
6.52,130572
6.55,130428
6.66,130205
6.75,129900
6.77,129848
6.91,129504
6.96,127209
7.05,127106
7.12,126459
7.16,125823
7.2,125567
7.28,123621
7.45,123596
7.46,123257
7.54,123230
7.55,123126
7.57,122300
7.58,120698
7.68,120181
7.88,119961
7.9,119772
8.04,118723
8.13,118673
8.4,118279
8.41,117630
8.44,117162
8.57,116751
9.15,115689
9.2,115110
9.36,114947
9.45,114715
9.57,114683
9.76,114046
9.88,114014
9.9,113500
10.07,113112
10.29,113033
10.8,112854
10.88,112822
10.96,112554
11.25,112545
11.4,112319
12.87,112236
12.93,112001
13.27,111591
13.32,111549
13.54,110785
13.84,110574
14.16,110099
14.36,109598
14.46,109420
14.58,109085
15.15,108997
15.21,108950
15.63,108819
15.86,108458
16.47,107961
16.88,106556
17.62,104912
18.04,104708
