0.01,6219382
0.01,6173625
0.01,6087687
0.02,6086313
0.02,6069308
0.02,5990378
0.03,5954891
0.04,5874162
0.04,5872296
0.05,5841674
0.05,5743283
0.05,5673300
0.06,5572719
0.06,5518838
0.07,5304097
0.07,5302323
0.07,5202980
0.07,5193275
0.08,5181579
0.08,5111272
0.09,5091877
0.09,4957315
0.09,4927699
0.1,4902044
0.1,4898150
0.1,4871694
0.11,4838654
0.12,4792075
0.15,4788916
0.15,4770886
0.16,4764220
0.16,4661658
0.17,4487028
0.17,4472319
0.17,4470286
0.17,4441767
0.18,4418728
0.18,4387580
0.19,4357150
0.19,4355117
0.2,4335998
0.21,4092127
0.25,4089863
0.25,4054205
0.25,4046902
0.26,4036487
0.27,4033149
0.27,3983682
0.28,3814815
0.32,3795090
0.33,3660487
0.34,3603521
0.35,3599494
0.35,3583959
0.37,3582294
0.37,3554984
0.38,3444726
0.38,3429936
0.38,3421916
0.39,3421320
0.39,3417738
0.39,3416302
0.39,3414633
0.4,3409973
0.4,3359929
0.4,3320911
0.41,3304974
0.41,3303653
0.41,3260593
0.42,3233587
0.44,3227068
0.45,3211742
0.46,3211044
0.46,3163319
0.47,3158259
0.48,3156175
0.48,3142363
0.48,3138663
0.49,3102844
0.5,3094565
0.5,3080734
0.51,2974286
0.51,2949356
0.52,2940967
0.52,2933954
0.53,2929214
0.54,2925857
0.56,2925030
0.56,2899947
0.56,2883309
0.58,2877502
0.62,2875743
0.63,2843254
0.64,2742428
0.66,2740247
0.67,2739647
0.67,2737466
0.67,2703553
0.69,2702151
0.7,2699868
0.7,2699263
0.72,2691755
0.73,2682206
0.77,2668531
0.78,2663962
0.79,2637242
0.83,2618180
0.84,2611767
0.85,2611733
0.85,2561351
0.87,2559629
0.88,2554543
0.92,2546896
0.93,2497501
0.96,2496138
0.97,2486149
0.97,2446382
0.99,2430337
1,2424183
1.05,2419695
1.09,2407932
1.09,2391357
1.12,2388672
1.18,2386523
1.19,2345082
1.2,2338703
1.22,2336627
1.23,2321340
1.23,2319218
1.24,2304364
1.25,2303451
1.26,2302063
1.26,2276495
1.3,2261391
1.33,2258956
1.33,2256591
1.35,2222932
1.35,2221260
1.37,2203719
1.37,2164127
1.38,2156409
1.39,2154076
1.4,2153157
1.41,2128216
1.43,2119978
1.44,2106897
1.47,2104281
1.5,2102425
1.54,2086940
1.55,2068040
1.55,2064680
1.63,2064486
1.63,2062472
1.65,2060402
1.66,2058379
1.67,2019572
1.72,2009433
1.75,2007186
1.76,1982568
1.76,1980917
1.78,1972095
1.8,1968139
1.81,1966194
1.81,1964500
1.81,1962351
1.83,1941456
1.86,1892020
1.87,1890334
1.9,1887246
1.92,1886714
1.92,1880421
1.92,1877370
1.93,1862903
1.95,1862457
1.96,1848681
2.13,1848046
2.15,1833146
2.26,1831443
2.27,1782547
2.27,1780273
2.32,1774997
2.47,1773822
2.52,1773753
2.57,1766293
2.58,1761146
2.63,1750829
2.64,1750788
2.69,1750605
2.69,1746268
2.76,1737087
2.84,1734767
2.84,1733073
2.89,1732033
2.91,1727164
2.94,1724552
3.04,1720769
3.07,1706723
3.1,1706135
3.13,1704894
3.13,1704575
3.14,1703200
3.14,1701818
3.2,1700137
3.2,1699267
3.21,1697885
3.32,1678510
3.36,1676028
3.36,1674976
3.42,1672793
3.45,1672471
3.49,1671058
3.54,1668245
3.56,1666609
3.57,1663226
3.93,1662318
4.18,1661676
4.44,1660813
4.92,1659578
5.18,1659202
5.26,1639216
5.43,1638574
7.79,1637807
12.05,1636963
12.84,1635047
13.66,1635021
13.75,1632872
0.01,6219382
0.01,6173625
0.02,6087687
0.02,6086313
0.02,6069308
0.03,5990378
0.03,5954891
0.04,5874162
0.04,5872296
0.05,5841674
0.05,5743283
0.06,5673300
0.06,5572719
0.06,5518838
0.07,5304097
0.07,5302323
0.07,5202980
0.07,5193275
0.08,5181579
0.08,5111272
0.09,5091877
0.09,4957315
0.09,4927699
0.09,4902044
0.1,4898150
0.1,4871694
0.11,4838654
0.12,4792075
0.14,4788916
0.14,4770886
0.16,4764220
0.16,4661658
0.16,4487028
0.16,4472319
0.16,4470286
0.17,4441767
0.17,4418728
0.18,4387580
0.18,4357150
0.18,4355117
0.19,4335998
0.2,4092127
0.24,4089863
0.24,4054205
0.24,4046902
0.25,4036487
0.26,4033149
0.26,3983682
0.27,3814815
0.31,3795090
0.31,3660487
0.33,3603521
0.33,3599494
0.34,3583959
0.35,3582294
0.36,3554984
0.36,3444726
0.36,3429936
0.36,3421916
0.37,3421320
0.37,3417738
0.37,3416302
0.38,3414633
0.38,3409973
0.38,3359929
0.38,3320911
0.39,3304974
0.39,3303653
0.39,3260593
0.4,3233587
0.42,3227068
0.42,3211742
0.44,3211044
0.44,3163319
0.45,3158259
0.45,3156175
0.45,3142363
0.46,3138663
0.47,3102844
0.48,3094565
0.48,3080734
0.48,2974286
0.48,2949356
0.49,2940967
0.5,2933954
0.5,2929214
0.51,2925857
0.53,2925030
0.53,2899947
0.54,2883309
0.55,2877502
0.59,2875743
0.6,2843254
0.6,2742428
0.61,2740247
0.62,2739647
0.62,2737466
0.63,2703553
0.64,2702151
0.65,2699868
0.65,2699263
0.67,2691755
0.68,2682206
0.72,2668531
0.73,2663962
0.74,2637242
0.78,2618180
0.78,2611767
0.79,2611733
0.79,2561351
0.81,2559629
0.82,2554543
0.86,2546896
0.87,2497501
0.89,2496138
0.9,2486149
0.91,2446382
0.92,2430337
0.93,2424183
0.98,2419695
1.01,2407932
1.02,2391357
1.04,2388672
1.1,2386523
1.11,2345082
1.12,2338703
1.14,2336627
1.15,2321340
1.15,2319218
1.15,2304364
1.17,2303451
1.18,2302063
1.18,2276495
1.22,2261391
1.24,2258956
1.24,2256591
1.26,2222932
1.26,2221260
1.28,2203719
1.28,2164127
1.29,2156409
1.3,2154076
1.31,2153157
1.32,2128216
1.34,2119978
1.34,2106897
1.38,2104281
1.4,2102425
1.44,2086940
1.45,2068040
1.45,2064680
1.52,2064486
1.53,2062472
1.55,2060402
1.55,2058379
1.56,2019572
1.61,2009433
1.64,2007186
1.65,1982568
1.65,1980917
1.67,1972095
1.69,1968139
1.69,1966194
1.69,1964500
1.7,1962351
1.71,1941456
1.74,1892020
1.75,1890334
1.78,1887246
1.79,1886714
1.8,1880421
1.8,1877370
1.8,1862903
1.83,1862457
1.84,1848681
2,1848046
2.02,1833146
2.12,1831443
2.13,1782547
2.13,1780273
2.18,1774997
2.33,1773822
2.37,1773753
2.42,1766293
2.43,1761146
2.48,1750829
2.49,1750788
2.53,1750605
2.53,1746268
2.6,1737087
2.67,1734767
2.67,1733073
2.72,1732033
2.74,1727164
2.77,1724552
2.87,1720769
2.89,1706723
2.92,1706135
2.95,1704894
2.95,1704575
2.96,1703200
2.96,1701818
3.01,1700137
3.02,1699267
3.02,1697885
3.13,1678510
3.16,1676028
3.17,1674976
3.22,1672793
3.25,1672471
3.29,1671058
3.34,1668245
3.35,1666609
3.37,1663226
3.7,1662318
3.93,1661676
4.18,1660813
4.62,1659578
4.86,1659202
4.93,1639216
5.1,1638574
7.24,1637807
10.85,1636963
11.62,1635047
12.42,1635021
12.51,1632872
