0.02,6609079
0.05,6534047
0.06,6214916
0.16,5693451
0.16,5342483
0.18,4998680
0.19,4349808
0.2,4022505
0.21,3862472
0.22,3214603
0.22,3086674
0.23,2915930
0.23,2555946
0.24,2511368
0.25,2416557
0.25,2398600
0.26,2365745
0.26,2359830
0.26,2156460
0.28,2148604
0.28,2135193
0.28,2065348
0.28,2011928
0.29,1998081
0.29,1951708
0.3,1897301
0.31,1896456
0.31,1894699
0.32,1879733
0.32,1852221
0.32,1849272
0.32,1837306
0.33,1826392
0.33,1824653
0.33,1823743
0.34,1821914
0.34,1819661
0.34,1815559
0.34,1808283
0.35,1800900
0.35,1799006
0.35,1798728
0.36,1782319
0.36,1779467
0.37,1779388
0.37,1773597
0.37,1772673
0.38,1772594
0.39,1770401
0.39,1753307
0.4,1738878
0.41,1724411
