0.01,6759373
0.07,6633576
0.08,6488707
0.13,6441438
0.13,6106726
0.14,6017327
0.15,5322980
0.15,5046135
0.17,4880302
0.17,4659063
0.19,4244349
0.19,4194998
0.2,3964082
0.2,3685150
0.2,3453729
0.2,3212133
0.21,3172403
0.22,3059149
0.22,3049577
0.22,2948007
0.23,2663094
0.23,2529733
0.24,2501588
0.24,2466801
0.24,2303433
0.25,2282300
0.26,2212058
0.26,2116541
0.26,2089401
0.27,2083163
0.27,2055455
0.27,2004498
0.29,1983609
0.29,1980531
0.29,1970672
0.29,1970269
0.3,1969254
0.3,1965014
0.3,1906500
0.3,1888053
0.31,1875263
0.31,1861600
0.31,1846681
0.31,1846386
0.32,1836425
0.32,1827085
0.32,1822468
0.33,1816719
0.33,1812011
0.33,1805834
0.33,1798937
0.34,1796157
0.34,1794580
0.34,1787837
0.35,1786308
0.36,1782661
0.37,1780528
0.39,1779886
0.39,1779793
0.39,1778561
0.4,1777386
0.4,1777252
0.41,1776334
0.42,1773135
