0,7173785
0.01,7135890
0.02,7078589
0.05,6938557
0.1,6234614
0.16,5912914
0.17,5682912
0.18,5512949
0.19,5047808
0.19,4915562
0.2,4698084
0.2,4688262
0.2,4489827
0.2,4431902
0.21,3754591
0.22,3466508
0.22,3399863
0.23,3167698
0.23,3114899
0.23,3109366
0.23,2997472
0.23,2775794
0.24,2686286
0.24,2504299
0.25,2278079
0.25,2175282
0.25,2163171
0.26,2127464
0.26,2059294
0.27,1987723
0.28,1890240
0.29,1861923
0.29,1853281
0.3,1742599
0.31,1737603
0.32,1735038
0.32,1713974
0.33,1706146
0.33,1693750
0.33,1684592
0.33,1683013
0.33,1678305
0.34,1642658
0.34,1637552
0.34,1635952
0.35,1635089
0.35,1630596
0.37,1601075
0.37,1598308
