0.01,6960616
0.01,6681611
0.02,6668480
0.02,6322478
0.03,6143780
0.03,5870762
0.03,5732990
0.04,5713455
0.04,5695302
0.04,5624310
0.04,5559924
0.05,5477255
0.05,5475353
0.05,5440858
0.05,5308427
0.06,5274676
0.06,5257365
0.06,5180413
0.07,5139228
0.07,5113114
0.08,5080701
0.08,5062672
0.09,5003978
0.09,4801189
0.1,4715407
0.1,4601437
0.1,4423363
0.1,4418644
0.11,4399510
0.12,4380466
0.13,4348658
0.14,4288402
0.16,4286505
0.19,4235061
0.2,4233093
0.21,4160927
0.21,4118053
0.21,4053990
0.22,4024719
0.22,3988105
0.23,3968948
0.24,3963711
0.25,3957945
0.25,3871068
0.26,3844047
0.27,3831136
0.28,3825886
0.3,3721113
0.34,3701560
0.34,3669997
0.34,3666916
0.35,3647493
0.36,3618040
0.37,3609396
0.38,3604059
0.38,3603923
0.39,3448476
0.39,3447575
0.4,3413908
0.4,3411474
0.4,3338671
0.4,3307893
0.41,3277256
0.42,3270854
0.43,3270015
0.43,3250331
0.44,3241345
0.44,3219584
0.46,3211458
0.46,3203144
0.47,3172845
0.47,3146676
0.48,3125496
0.48,3092967
0.52,3092701
0.53,3080688
0.53,3055391
0.53,3048068
0.54,3019981
0.55,2985544
0.55,2975493
0.56,2970803
0.56,2951468
0.58,2946458
0.58,2934664
0.59,2906841
0.6,2894765
0.6,2870974
0.61,2865983
0.63,2855746
0.63,2818127
0.63,2812591
0.64,2785533
0.73,2785143
0.75,2748705
0.81,2726630
0.86,2725330
0.86,2716668
0.86,2712650
0.86,2674203
0.87,2648348
0.89,2647147
0.89,2587960
0.91,2568699
0.93,2563592
0.94,2543775
0.95,2526335
0.97,2497528
0.99,2491514
1.01,2466220
1.02,2434522
1.05,2434212
1.06,2433047
1.07,2432749
1.08,2431420
1.08,2428402
1.08,2420816
1.09,2403164
1.09,2402505
1.1,2370421
1.14,2342338
1.16,2275555
1.18,2267921
1.19,2254592
1.22,2251082
1.23,2205303
1.24,2192034
1.24,2190597
1.26,2188215
1.28,2183195
1.29,2178809
1.3,2172519
1.32,2152847
1.37,2129237
1.39,2126627
1.41,2120862
1.44,2120681
1.45,2113342
1.48,2113094
1.48,2111068
1.5,2109613
1.51,2100690
1.55,2100473
1.59,2099110
1.61,2084607
1.65,2082200
1.68,2081904
1.68,2072439
1.69,2068300
1.73,2062076
1.74,2038693
1.78,2037774
1.79,2025527
1.81,2010847
1.84,2010530
1.84,1984471
1.86,1978323
1.86,1976976
1.87,1969486
1.92,1944353
1.99,1940146
2.01,1935622
2.07,1935311
2.13,1934390
2.15,1890489
2.17,1861551
2.24,1856863
2.3,1853689
2.34,1836318
2.48,1830762
2.5,1825585
2.55,1823975
2.55,1822009
2.59,1820865
2.65,1819232
2.69,1816748
2.69,1816109
2.7,1809138
2.7,1808792
2.76,1808366
2.87,1807262
2.88,1801954
3.18,1801315
3.19,1795158
3.45,1791672
3.53,1791015
3.59,1780917
3.72,1774702
3.86,1771352
3.93,1768356
4.16,1766265
4.22,1751255
4.28,1734729
4.57,1733675
4.67,1730744
4.78,1728551
4.96,1727290
4.99,1725327
5.04,1724688
5.31,1718969
5.53,1718623
5.61,1716149
5.9,1716085
5.91,1715510
5.98,1715443
6.04,1714319
7.04,1711516
7.36,1711060
7.41,1705885
7.5,1704478
7.99,1702037
8.19,1696247
8.58,1695608
8.68,1693772
8.87,1686193
12.18,1677457
0.01,6960616
0.01,6681611
0.02,6668480
0.02,6322478
0.03,6143780
0.03,5870762
0.03,5732990
0.04,5713455
0.04,5695302
0.04,5624310
0.05,5559924
0.05,5477255
0.05,5475353
0.05,5440858
0.05,5308427
0.06,5274676
0.07,5257365
0.07,5180413
0.07,5139228
0.08,5113114
0.08,5080701
0.09,5062672
0.1,5003978
0.1,4801189
0.1,4715407
0.11,4601437
0.11,4423363
0.11,4418644
0.11,4399510
0.13,4380466
0.14,4348658
0.14,4288402
0.17,4286505
0.19,4235061
0.2,4233093
0.22,4160927
0.22,4118053
0.22,4053990
0.23,4024719
0.23,3988105
0.24,3968948
0.25,3963711
0.25,3957945
0.26,3871068
0.26,3844047
0.28,3831136
0.29,3825886
0.31,3721113
0.35,3701560
0.35,3669997
0.36,3666916
0.36,3647493
0.38,3618040
0.39,3609396
0.4,3604059
0.41,3603923
0.41,3448476
0.42,3447575
0.42,3413908
0.42,3411474
0.42,3338671
0.43,3307893
0.44,3277256
0.44,3270854
0.45,3270015
0.46,3250331
0.47,3241345
0.47,3219584
0.49,3211458
0.49,3203144
0.5,3172845
0.5,3146676
0.51,3125496
0.52,3092967
0.56,3092701
0.56,3080688
0.56,3055391
0.56,3048068
0.58,3019981
0.59,2985544
0.59,2975493
0.6,2970803
0.6,2951468
0.62,2946458
0.62,2934664
0.64,2906841
0.64,2894765
0.65,2870974
0.65,2865983
0.67,2855746
0.67,2818127
0.68,2812591
0.69,2785533
0.76,2785143
0.78,2748705
0.84,2726630
0.89,2725330
0.9,2716668
0.9,2712650
0.9,2674203
0.91,2648348
0.92,2647147
0.92,2587960
0.94,2568699
0.97,2563592
0.98,2543775
0.99,2526335
1.01,2497528
1.03,2491514
1.05,2466220
1.07,2434522
1.1,2434212
1.11,2433047
1.11,2432749
1.12,2431420
1.12,2428402
1.13,2420816
1.13,2403164
1.14,2402505
1.15,2370421
1.19,2342338
1.21,2275555
1.23,2267921
1.25,2254592
1.28,2251082
1.29,2205303
1.3,2192034
1.3,2190597
1.32,2188215
1.34,2183195
1.35,2178809
1.36,2172519
1.38,2152847
1.43,2129237
1.46,2126627
1.48,2120862
1.51,2120681
1.53,2113342
1.55,2113094
1.56,2111068
1.58,2109613
1.59,2100690
1.64,2100473
1.68,2099110
1.7,2084607
1.73,2082200
1.77,2081904
1.77,2072439
1.78,2068300
1.82,2062076
1.84,2038693
1.88,2037774
1.88,2025527
1.9,2010847
1.94,2010530
1.94,1984471
1.96,1978323
1.96,1976976
1.97,1969486
2.02,1944353
2.09,1940146
2.12,1935622
2.19,1935311
2.25,1934390
2.26,1890489
2.28,1861551
2.36,1856863
2.42,1853689
2.47,1836318
2.62,1830762
2.64,1825585
2.7,1823975
2.71,1822009
2.75,1820865
2.83,1819232
2.89,1816748
2.89,1816109
2.89,1809138
2.9,1808792
2.97,1808366
3.11,1807262
3.12,1801954
3.5,1801315
3.52,1795158
3.79,1791672
3.88,1791015
3.93,1780917
4.05,1774702
4.19,1771352
4.26,1768356
4.47,1766265
4.52,1751255
4.58,1734729
4.82,1733675
4.91,1730744
5.01,1728551
5.18,1727290
5.21,1725327
5.25,1724688
5.51,1718969
5.72,1718623
5.81,1716149
6.09,1716085
6.1,1715510
6.17,1715443
6.23,1714319
7.23,1711516
7.5,1711060
7.56,1705885
7.63,1704478
8.09,1702037
8.24,1696247
8.46,1695608
8.53,1693772
8.7,1686193
11.49,1677457
