0,7057049
0.01,6737614
0.01,6714242
0.02,6455006
0.06,6277210
0.15,6266118
0.16,5959296
0.17,5508902
0.17,5481509
0.19,5449930
0.19,4984224
0.2,4454998
0.21,4037559
0.22,3884447
0.22,3691087
0.23,3356501
0.23,3307180
0.23,2773478
0.25,2595578
0.25,2414774
0.26,2383853
0.26,2247410
0.28,2233372
0.28,2146209
0.28,2083076
0.28,2032935
0.3,2009782
0.3,1987054
0.31,1964427
0.31,1946964
0.31,1936582
0.32,1916566
0.32,1873930
0.32,1872497
0.32,1869914
0.33,1869302
0.33,1868383
0.34,1865809
0.35,1863365
0.35,1861848
0.36,1846429
0.36,1801738
0.37,1792307
0.37,1792238
0.37,1782923
0.37,1771502
0.38,1769043
0.38,1763585
0.39,1758612
0.4,1756941
0.4,1750585
0.4,1750389
0.41,1746201
0.41,1739776
0.41,1736466
0.42,1734356
0.43,1734350
0.43,1733858
0.46,1733441
0.47,1723636
0.48,1722994
