0,7734438
0.01,7329538
0.01,7321923
0.02,6908290
0.03,6826399
0.04,6531284
0.1,6517996
0.13,6305493
0.16,6093420
0.17,5726029
0.18,5207594
0.19,5003572
0.19,4377813
0.21,4324528
0.21,4139714
0.21,3940377
0.22,3808194
0.22,3676552
0.23,3241933
0.23,3230563
0.23,3204421
0.24,2755730
0.24,2719504
0.25,2621876
0.25,2576064
0.26,2462053
0.26,2451172
0.26,2409706
0.27,2347489
0.27,2307297
0.27,2247373
0.28,2187546
0.28,2176920
0.29,2105797
0.29,2092641
0.29,2081370
0.3,2055490
0.31,2031093
0.31,1999265
0.32,1995189
0.32,1991687
0.33,1988878
0.34,1985512
0.35,1983377
0.35,1979688
0.36,1970653
0.36,1965864
0.36,1963912
0.37,1961750
0.39,1959351
0.39,1957477
0.4,1950002
0.41,1924862
0.41,1917505
0.46,1916771
0.49,1897313
