0.01,7354312
0.01,7244830
0.01,7097354
0.01,6904696
0.01,6856932
0.02,6824280
0.02,6570245
0.02,6569702
0.02,6509279
0.02,6483281
0.03,6479764
0.03,6472251
0.03,6365480
0.04,6306881
0.04,6241257
0.04,6158169
0.05,6139002
0.05,6056384
0.05,5986520
0.06,5900200
0.06,5865637
0.06,5859628
0.07,5855458
0.07,5821843
0.07,5744895
0.08,5674217
0.08,5640685
0.09,5487065
0.09,5477001
0.09,5460504
0.09,5453541
0.09,5394104
0.1,5315379
0.1,5126299
0.11,5004157
0.11,4963727
0.11,4953358
0.12,4953323
0.12,4813700
0.13,4806672
0.14,4780019
0.14,4713895
0.16,4609202
0.16,4599045
0.16,4592969
0.16,4516251
0.17,4365921
0.18,4319511
0.18,4244878
0.18,4106039
0.19,4042334
0.2,4041864
0.2,4030691
0.2,3985398
0.2,3971213
0.21,3914608
0.21,3901038
0.21,3892275
0.22,3890643
0.22,3879159
0.22,3865185
0.23,3846319
0.25,3840305
0.26,3758660
0.28,3740575
0.28,3730926
0.29,3616049
0.29,3598251
0.29,3586799
0.3,3579519
0.31,3463594
0.32,3451493
0.34,3434845
0.34,3384970
0.34,3327869
0.35,3326522
0.36,3301896
0.36,3184333
0.37,3178861
0.38,3150283
0.38,3143960
0.38,3142105
0.39,3126586
0.4,3113665
0.4,3085503
0.41,3075923
0.44,3073892
0.45,2947795
0.47,2920791
0.49,2913613
0.49,2902357
0.49,2887953
0.5,2877037
0.51,2862020
0.52,2846888
0.53,2845886
0.55,2844993
0.55,2821952
0.59,2818487
0.61,2781272
0.63,2779541
0.65,2772038
0.69,2769934
0.7,2756719
0.7,2751474
0.71,2746769
0.71,2725046
0.71,2675831
0.72,2665679
0.73,2665638
0.73,2662049
0.73,2644951
0.74,2630165
0.74,2628029
0.75,2613392
0.77,2587076
0.8,2578595
0.8,2573044
0.83,2514877
0.83,2496994
0.84,2468215
0.85,2453318
0.87,2450500
0.87,2443796
0.89,2412051
0.9,2411564
0.91,2405881
0.92,2398096
0.93,2391185
0.93,2384618
0.93,2379629
0.95,2365539
0.97,2344772
0.97,2326819
0.97,2325783
0.98,2307877
1.01,2307662
1.02,2288898
1.02,2282785
1.04,2263711
1.04,2254415
1.06,2239776
1.07,2237606
1.09,2227521
1.11,2220471
1.11,2217092
1.12,2182585
1.12,2173766
1.14,2168264
1.15,2165143
1.16,2146829
1.17,2137533
1.18,2131854
1.25,2114059
1.26,2061010
1.26,2056894
1.26,2055636
1.27,2051294
1.28,2037810
1.36,2030705
1.4,2020755
1.41,2020435
1.44,2017726
1.47,2006103
1.48,1972875
1.52,1961341
1.52,1936974
1.6,1934953
1.62,1925290
1.72,1908289
1.74,1869289
1.8,1858995
1.81,1851240
1.86,1849741
1.86,1842476
1.88,1842321
1.89,1840478
1.92,1837868
2.02,1804355
2.07,1804002
2.08,1803847
2.13,1802594
2.14,1797538
2.18,1796208
2.19,1792114
2.23,1783477
2.23,1778461
2.43,1777975
2.48,1777206
2.52,1763115
2.57,1762394
2.67,1762277
2.7,1731420
2.91,1729487
2.94,1722845
3.03,1712831
3.08,1712813
3.18,1690636
3.21,1690618
3.38,1687798
3.42,1687370
3.61,1685817
3.67,1684932
4.02,1680483
4.06,1671350
4.26,1664110
4.34,1663571
4.39,1660846
4.43,1648520
4.67,1643414
4.75,1643380
5.18,1642558
5.31,1642517
5.49,1640520
5.49,1639288
5.5,1636954
5.53,1636317
5.58,1633126
5.58,1632074
6.44,1629940
6.66,1629873
6.78,1626035
6.86,1625942
6.91,1623334
6.94,1622189
7.17,1618633
7.45,1617770
0.01,7354312
0.01,7244830
0.02,7097354
0.02,6904696
0.02,6856932
0.02,6824280
0.03,6570245
0.03,6569702
0.03,6509279
0.03,6483281
0.04,6479764
0.04,6472251
0.04,6365480
0.05,6306881
0.05,6241257
0.06,6158169
0.07,6139002
0.07,6056384
0.07,5986520
0.07,5900200
0.08,5865637
0.09,5859628
0.09,5855458
0.09,5821843
0.09,5744895
0.11,5674217
0.11,5640685
0.12,5487065
0.12,5477001
0.12,5460504
0.13,5453541
0.13,5394104
0.13,5315379
0.14,5126299
0.15,5004157
0.15,4963727
0.15,4953358
0.16,4953323
0.16,4813700
0.17,4806672
0.18,4780019
0.18,4713895
0.2,4609202
0.2,4599045
0.2,4592969
0.2,4516251
0.22,4365921
0.22,4319511
0.22,4244878
0.23,4106039
0.23,4042334
0.24,4041864
0.25,4030691
0.25,3985398
0.25,3971213
0.26,3914608
0.26,3901038
0.27,3892275
0.27,3890643
0.27,3879159
0.28,3865185
0.29,3846319
0.31,3840305
0.32,3758660
0.34,3740575
0.35,3730926
0.35,3616049
0.36,3598251
0.36,3586799
0.37,3579519
0.39,3463594
0.4,3451493
0.42,3434845
0.42,3384970
0.42,3327869
0.43,3326522
0.44,3301896
0.44,3184333
0.46,3178861
0.46,3150283
0.47,3143960
0.47,3142105
0.47,3126586
0.48,3113665
0.49,3085503
0.51,3075923
0.54,3073892
0.55,2947795
0.58,2920791
0.59,2913613
0.6,2902357
0.6,2887953
0.6,2877037
0.62,2862020
0.63,2846888
0.65,2845886
0.68,2844993
0.68,2821952
0.73,2818487
0.74,2781272
0.77,2779541
0.79,2772038
0.82,2769934
0.82,2756719
0.83,2751474
0.84,2746769
0.84,2725046
0.84,2675831
0.85,2665679
0.85,2665638
0.85,2662049
0.86,2644951
0.86,2630165
0.87,2628029
0.88,2613392
0.89,2587076
0.93,2578595
0.93,2573044
0.96,2514877
0.97,2496994
0.97,2468215
0.99,2453318
1.01,2450500
1.01,2443796
1.04,2412051
1.04,2411564
1.06,2405881
1.08,2398096
1.08,2391185
1.08,2384618
1.09,2379629
1.11,2365539
1.13,2344772
1.13,2326819
1.13,2325783
1.14,2307877
1.17,2307662
1.18,2288898
1.19,2282785
1.21,2263711
1.22,2254415
1.23,2239776
1.25,2237606
1.27,2227521
1.29,2220471
1.3,2217092
1.31,2182585
1.31,2173766
1.33,2168264
1.34,2165143
1.36,2146829
1.38,2137533
1.39,2131854
1.48,2114059
1.49,2061010
1.49,2056894
1.49,2055636
1.5,2051294
1.51,2037810
1.61,2030705
1.66,2020755
1.67,2020435
1.7,2017726
1.74,2006103
1.75,1972875
1.8,1961341
1.8,1936974
1.89,1934953
1.91,1925290
2.01,1908289
2.07,1869289
2.1,1858995
2.1,1851240
2.14,1849741
2.14,1842476
2.16,1842321
2.18,1840478
2.21,1837868
2.32,1804355
2.38,1804002
2.39,1803847
2.46,1802594
2.47,1797538
2.51,1796208
2.53,1792114
2.57,1783477
2.57,1778461
2.86,1777975
2.93,1777206
2.97,1763115
3.07,1762394
3.23,1762277
3.29,1731420
3.6,1729487
3.65,1722845
3.74,1712831
3.78,1712813
3.89,1690636
3.92,1690618
4.17,1687798
4.22,1687370
4.42,1685817
4.5,1684932
4.9,1680483
4.94,1671350
5.12,1664110
5.18,1663571
5.24,1660846
5.28,1648520
5.55,1643414
5.63,1643380
6.24,1642558
6.47,1642517
6.82,1640520
6.83,1639288
6.84,1636954
6.88,1636317
6.94,1633126
6.95,1632074
8.16,1629940
8.39,1629873
8.51,1626035
8.59,1625942
8.64,1623334
8.68,1622189
8.9,1618633
9.21,1617770
