0.01,7442382
0.01,7112569
0.01,7100904
0.01,7043734
0.02,6950319
0.04,6826949
0.08,6777793
0.08,6709579
0.08,6661184
0.09,6389167
0.13,6044333
0.15,5810322
0.15,5499624
0.17,4691997
0.18,4297238
0.18,4072626
0.2,3989340
0.2,3791783
0.21,3592682
0.21,3354193
0.22,3310093
0.22,3280425
0.22,3234631
0.22,2934816
0.23,2715451
0.24,2581932
0.24,2291731
0.25,2273282
0.25,2260448
0.26,2193591
0.26,2165369
0.27,2126501
0.27,2116379
0.28,2115557
0.28,2074490
0.28,2057897
0.28,2014716
0.29,1990502
0.29,1947938
0.3,1937361
0.3,1929063
0.31,1912237
0.31,1903212
0.32,1873283
0.33,1872848
0.33,1871701
0.34,1860281
0.34,1858025
0.34,1851315
0.35,1846136
0.35,1845914
0.37,1842045
0.38,1840784
0.38,1826693
0.4,1820046
0.4,1811649
0.4,1806221
0.43,1798766
