0,7120804
0,7047694
0.01,7030282
0.02,6863892
0.08,6577348
0.13,6403994
0.15,6042676
0.17,5723086
0.18,5139099
0.18,4536468
0.2,4469929
0.21,3953337
0.21,3560412
0.22,3169368
0.22,3160588
0.23,3009759
0.24,3005946
0.25,2855442
0.25,2613679
0.25,2568557
0.26,2566643
0.26,2506558
0.26,2449188
0.27,2369586
0.27,2328547
0.28,2248323
0.28,2142747
0.29,2128789
0.29,2113408
0.29,2107401
0.29,2059189
0.3,2054017
0.3,2042182
0.31,2018447
0.31,2015841
0.32,1984558
0.32,1982482
0.32,1954985
0.33,1949079
0.33,1941990
0.33,1940032
0.35,1938367
0.35,1936029
0.35,1925482
0.36,1915038
0.36,1901033
0.36,1900547
0.37,1897780
0.37,1882913
0.38,1882321
0.39,1879873
0.4,1878017
0.41,1877192
0.41,1876514
0.41,1875966
0.42,1865652
0.42,1859933
0.43,1859751
0.44,1854645
0.47,1849729
0.48,1849087
0.49,1847956
0.49,1846040
