0.01,7045707
0.01,6920065
0.01,6900123
0.01,6859667
0.01,6831966
0.02,6735739
0.02,6732996
0.02,6685075
0.03,6391965
0.03,6388217
0.03,6347747
0.03,6251438
0.04,6233945
0.04,6210062
0.04,6209674
0.05,6169858
0.05,6120355
0.05,6042047
0.06,6032558
0.06,5977570
0.06,5886404
0.07,5584360
0.07,5522291
0.08,5487026
0.08,5463251
0.08,5453568
0.09,5088863
0.1,4917181
0.1,4908474
0.11,4778571
0.14,4653363
0.15,4619548
0.15,4543756
0.16,4515296
0.17,4498018
0.17,4483157
0.17,4467353
0.18,4456475
0.18,4414646
0.19,4413375
0.2,4406221
0.2,4388395
0.2,4373143
0.21,4357429
0.21,4344435
0.22,4332796
0.22,4315047
0.23,4303092
0.23,4301396
0.24,4209568
0.24,4187627
0.25,4154588
0.25,4083940
0.27,4056949
0.27,4040622
0.28,3976555
0.28,3728808
0.29,3710230
0.29,3697962
0.3,3685952
0.31,3613919
0.31,3538923
0.31,3520825
0.33,3509391
0.33,3509091
0.33,3395349
0.34,3394658
0.35,3376867
0.35,3366163
0.36,3315684
0.36,3314674
0.37,3309133
0.37,3304710
0.39,3294026
0.4,3273481
0.43,3244894
0.43,3214900
0.45,3171877
0.45,3171449
0.47,3151639
0.48,3142570
0.5,3132935
0.51,3119635
0.52,3110016
0.52,3109673
0.54,3107587
0.55,3100775
0.55,3060364
0.58,3053994
0.58,3052130
0.58,3032102
0.6,3023534
0.6,2968686
0.61,2962089
0.63,2952553
0.64,2832557
0.66,2830956
0.68,2819571
0.69,2799562
0.72,2790086
0.72,2761790
0.74,2759901
0.75,2752693
0.76,2750129
0.78,2725547
0.78,2703086
0.79,2667019
0.81,2645564
0.84,2639643
0.84,2577278
0.85,2563932
0.86,2559899
0.92,2559356
0.92,2557215
0.92,2501544
0.95,2487977
1,2466728
1.14,2463279
1.14,2443090
1.15,2419390
1.18,2407935
1.21,2407786
1.21,2385968
1.22,2369309
1.23,2358057
1.38,2321379
1.38,2318882
1.41,2317107
1.46,2293864
1.64,2293800
1.64,2292017
1.65,2258615
1.68,2258010
1.68,2255208
1.7,2249874
1.71,2245867
1.72,2245063
1.74,2239308
1.75,2235985
1.76,2222560
1.79,2220531
1.82,2198255
1.87,2194693
1.87,2194542
1.87,2182221
1.94,2165021
1.99,2153596
2.04,2149801
2.04,2137435
2.09,2125221
2.13,2124795
2.13,2110246
2.17,2108321
2.18,2100695
2.2,2081370
2.22,2076454
2.25,2075739
2.25,2059624
2.26,2046935
2.27,2028934
2.33,2024018
2.34,2014225
2.38,2013000
2.45,2011521
2.6,1986606
2.65,1985809
2.66,1984700
2.69,1984124
2.69,1967683
2.71,1959400
2.74,1958011
2.99,1952099
3.05,1939369
3.17,1928658
3.18,1927943
3.23,1927470
3.26,1927355
3.26,1920153
3.28,1919878
3.34,1915531
3.37,1913201
3.46,1911746
3.57,1904036
3.69,1897577
3.73,1877967
3.77,1870460
3.79,1865827
3.9,1864909
3.98,1857045
3.98,1855151
3.99,1852187
4.04,1852094
4.07,1846839
4.08,1846386
4.08,1844395
4.15,1835899
4.23,1835249
4.26,1834724
4.35,1826533
4.43,1826240
4.44,1820623
4.55,1819655
4.57,1819216
4.65,1813940
4.7,1806109
4.92,1802182
4.99,1797394
5.02,1793510
5.03,1792647
5.03,1789426
5.1,1788569
5.26,1786049
5.28,1764773
5.38,1763053
5.41,1762765
5.57,1762042
5.69,1760616
5.7,1759203
5.79,1755754
5.82,1755031
5.83,1745076
5.86,1744353
6.31,1743714
6.62,1739090
6.75,1731526
6.77,1724565
6.99,1712461
7.03,1711012
7.07,1710931
7.33,1709780
7.35,1709699
7.47,1709142
7.49,1704323
7.55,1703739
7.7,1702984
7.71,1699745
7.82,1652608
7.97,1650226
7.97,1649051
8.03,1648994
8.14,1638855
8.2,1638797
8.53,1630979
8.58,1630401
8.61,1629193
8.69,1623899
8.79,1619741
8.87,1616276
9.19,1614856
9.22,1610763
9.51,1605657
9.98,1598974
10.17,1597742
10.18,1594475
10.89,1591557
13.52,1591507
19.8,1591367
0.01,7045707
0.01,6920065
0.02,6900123
0.02,6859667
0.02,6831966
0.02,6735739
0.03,6732996
0.03,6685075
0.03,6391965
0.03,6388217
0.04,6347747
0.04,6251438
0.05,6233945
0.05,6210062
0.05,6209674
0.06,6169858
0.06,6120355
0.06,6042047
0.07,6032558
0.07,5977570
0.08,5886404
0.08,5584360
0.08,5522291
0.09,5487026
0.09,5463251
0.1,5453568
0.1,5088863
0.11,4917181
0.12,4908474
0.12,4778571
0.15,4653363
0.16,4619548
0.17,4543756
0.17,4515296
0.18,4498018
0.18,4483157
0.19,4467353
0.19,4456475
0.2,4414646
0.21,4413375
0.22,4406221
0.22,4388395
0.23,4373143
0.23,4357429
0.24,4344435
0.24,4332796
0.24,4315047
0.25,4303092
0.26,4301396
0.27,4209568
0.27,4187627
0.27,4154588
0.28,4083940
0.3,4056949
0.3,4040622
0.31,3976555
0.31,3728808
0.32,3710230
0.33,3697962
0.34,3685952
0.34,3613919
0.35,3538923
0.35,3520825
0.37,3509391
0.37,3509091
0.37,3395349
0.39,3394658
0.4,3376867
0.4,3366163
0.41,3315684
0.41,3314674
0.42,3309133
0.43,3304710
0.45,3294026
0.46,3273481
0.49,3244894
0.5,3214900
0.52,3171877
0.52,3171449
0.54,3151639
0.55,3142570
0.58,3132935
0.59,3119635
0.6,3110016
0.61,3109673
0.63,3107587
0.63,3100775
0.64,3060364
0.67,3053994
0.68,3052130
0.68,3032102
0.7,3023534
0.7,2968686
0.71,2962089
0.74,2952553
0.74,2832557
0.76,2830956
0.79,2819571
0.79,2799562
0.83,2790086
0.84,2761790
0.86,2759901
0.88,2752693
0.88,2750129
0.91,2725547
0.91,2703086
0.91,2667019
0.94,2645564
0.97,2639643
0.98,2577278
0.98,2563932
1.01,2559899
1.07,2559356
1.07,2557215
1.07,2501544
1.09,2487977
1.12,2466728
1.17,2463279
1.18,2443090
1.18,2419390
1.2,2407935
1.22,2407786
1.23,2385968
1.24,2369309
1.25,2358057
1.31,2321379
1.31,2318882
1.32,2317107
1.33,2293864
1.39,2293800
1.4,2292017
1.4,2258615
1.43,2258010
1.43,2255208
1.45,2249874
1.46,2245867
1.47,2245063
1.49,2239308
1.51,2235985
1.52,2222560
1.56,2220531
1.59,2198255
1.63,2194693
1.63,2194542
1.63,2182221
1.68,2165021
1.71,2153596
1.74,2149801
1.74,2137435
1.78,2125221
1.8,2124795
1.8,2110246
1.83,2108321
1.85,2100695
1.87,2081370
1.89,2076454
1.91,2075739
1.92,2059624
1.92,2046935
1.94,2028934
1.98,2024018
1.98,2014225
2,2013000
2.03,2011521
2.1,1986606
2.16,1985809
2.17,1984700
2.2,1984124
2.21,1967683
2.23,1959400
2.27,1958011
2.43,1952099
2.47,1939369
2.59,1928658
2.6,1927943
2.65,1927470
2.68,1927355
2.69,1920153
2.71,1919878
2.75,1915531
2.77,1913201
2.84,1911746
2.9,1904036
3,1897577
3.04,1877967
3.08,1870460
3.1,1865827
3.22,1864909
3.3,1857045
3.31,1855151
3.31,1852187
3.35,1852094
3.39,1846839
3.4,1846386
3.4,1844395
3.46,1835899
3.54,1835249
3.57,1834724
3.69,1826533
3.78,1826240
3.79,1820623
3.9,1819655
3.92,1819216
4,1813940
4.05,1806109
4.52,1802182
4.6,1797394
4.63,1793510
4.66,1792647
4.66,1789426
4.86,1788569
5.03,1786049
5.06,1764773
5.17,1763053
5.2,1762765
5.41,1762042
5.53,1760616
5.54,1759203
5.64,1755754
5.67,1755031
5.68,1745076
5.71,1744353
6.15,1743714
6.48,1739090
6.6,1731526
6.62,1724565
6.84,1712461
6.89,1711012
6.93,1710931
7.19,1709780
7.21,1709699
7.34,1709142
7.35,1704323
7.41,1703739
7.57,1702984
7.58,1699745
7.68,1652608
7.83,1650226
7.83,1649051
7.88,1648994
7.98,1638855
8.04,1638797
8.36,1630979
8.4,1630401
8.44,1629193
8.51,1623899
8.62,1619741
8.7,1616276
8.93,1614856
8.95,1610763
9.16,1605657
9.54,1598974
9.62,1597742
9.63,1594475
10.24,1591557
12.5,1591507
18.8,1591367
