0.01,7026924
0.01,7004654
0.01,7000967
0.01,6947351
0.01,6864961
0.02,6746092
0.02,6745182
0.02,6696773
0.02,6579400
0.03,6561896
0.03,6417025
0.03,6367889
0.03,6295548
0.03,6237831
0.04,6199257
0.04,6176196
0.04,6106418
0.05,6094428
0.05,6034701
0.05,5957275
0.06,5921394
0.06,5797736
0.06,5682963
0.07,5680551
0.07,5679664
0.07,5642023
0.07,5619275
0.08,5527974
0.08,5369678
0.08,5350060
0.09,5307087
0.09,5181869
0.1,5137821
0.11,5121915
0.11,5068305
0.11,5044765
0.11,4998143
0.11,4994956
0.12,4981123
0.12,4951427
0.12,4885831
0.12,4873905
0.12,4793613
0.13,4792113
0.13,4783425
0.13,4552530
0.16,4518033
0.17,4466382
0.18,4464718
0.18,4460978
0.19,4435626
0.2,4308448
0.21,4287597
0.21,4281288
0.22,4210513
0.22,4139668
0.23,4123063
0.23,4096843
0.24,4094931
0.24,4076078
0.26,4068670
0.26,4060665
0.27,4053164
0.29,4045763
0.29,4038645
0.29,4035927
0.3,4026897
0.31,4021577
0.32,3988444
0.33,3987350
0.35,3981862
0.36,3976152
0.37,3972573
0.38,3943000
0.39,3918983
0.4,3915676
0.41,3905771
0.42,3898330
0.43,3897096
0.45,3852441
0.45,3852367
0.45,3841679
0.46,3829861
0.46,3825657
0.49,3815780
0.5,3810568
0.51,3797377
0.52,3764734
0.53,3755930
0.54,3730713
0.54,3718332
0.55,3699027
0.56,3691433
0.58,3688003
0.58,3683115
0.58,3682466
0.58,3640928
0.59,3617840
0.59,3598848
0.62,3598199
0.63,3593815
0.63,3590051
0.64,3575164
0.64,3473693
0.64,3442592
0.65,3437809
0.67,3387161
0.69,3384970
0.69,3383925
0.71,3359479
0.73,3309975
0.74,3308654
0.76,3298106
0.76,3195583
0.76,3191370
0.78,3156228
0.78,3105380
0.78,3096509
0.78,3090479
0.78,3081258
0.79,3064601
0.81,3059337
0.81,3043754
0.82,3025984
0.83,3022652
0.85,3019498
0.87,2998107
0.87,2983065
0.88,2979742
0.9,2967100
0.91,2926009
0.92,2921162
0.92,2904958
0.93,2865300
0.93,2835207
0.94,2820175
0.94,2813816
0.94,2808969
0.95,2789705
0.96,2784577
0.99,2769186
1,2767921
1,2749914
1,2747862
1,2733534
1.03,2729271
1.03,2727380
1.05,2725004
1.08,2705088
1.09,2683254
1.1,2683119
1.1,2681431
1.12,2676913
1.12,2673042
1.13,2670568
1.14,2662124
1.18,2657303
1.18,2637313
1.22,2623377
1.22,2609362
1.22,2599432
1.25,2580988
1.26,2580837
1.28,2565714
1.33,2556948
1.35,2545401
1.36,2527145
1.4,2510132
1.41,2500566
1.41,2487621
1.42,2477926
1.43,2475833
1.45,2474444
1.46,2469888
1.5,2466326
1.53,2463869
1.56,2462568
1.59,2448752
1.62,2444601
1.63,2384255
1.65,2369160
1.67,2364298
1.74,2332411
1.81,2321525
1.89,2321371
1.9,2307694
1.91,2302904
2.07,2289762
2.1,2286934
2.1,2286292
2.12,2265378
2.12,2260909
2.12,2254302
2.14,2236452
2.15,2202860
2.22,2196992
2.24,2195085
2.26,2173031
2.27,2170176
2.27,2167802
2.35,2166914
2.36,2151605
2.43,2059234
2.5,2052266
2.52,2051126
2.61,2049479
2.63,2049054
2.64,2038959
2.67,2019884
2.67,2019459
2.68,2018398
2.7,1994142
2.76,1960583
2.8,1958659
2.82,1957814
2.82,1948813
2.89,1946788
2.89,1939633
2.93,1927905
3.08,1926140
3.1,1922767
3.17,1903878
3.24,1900835
3.25,1899349
3.27,1886228
3.3,1885092
3.3,1882687
3.34,1875995
3.34,1873847
3.38,1812591
3.46,1809354
3.46,1803349
3.49,1799496
3.62,1798994
3.65,1788344
3.84,1788323
3.9,1741583
4.01,1741440
4.03,1737390
4.08,1736175
4.09,1715597
4.12,1715579
4.47,1706349
4.5,1700944
4.57,1692905
4.66,1690091
4.89,1687903
4.96,1675196
5.18,1669286
5.23,1669256
5.29,1667721
5.44,1666914
5.51,1665875
5.66,1665774
5.72,1665012
5.72,1664952
6.05,1661010
6.25,1660032
6.34,1654084
6.47,1651388
6.62,1650025
6.65,1644034
6.75,1640405
6.84,1637110
6.93,1635946
7.22,1631330
7.34,1629636
7.65,1628773
8.54,1627381
9.06,1622299
9.24,1621926
9.43,1611962
9.49,1611792
9.55,1610098
9.61,1609895
10.2,1608866
0.01,7026924
0.02,7004654
0.02,7000967
0.03,6947351
0.03,6864961
0.03,6746092
0.04,6745182
0.04,6696773
0.04,6579400
0.05,6561896
0.06,6417025
0.06,6367889
0.08,6295548
0.09,6237831
0.11,6199257
0.11,6176196
0.11,6106418
0.12,6094428
0.13,6034701
0.13,5957275
0.14,5921394
0.15,5797736
0.15,5682963
0.16,5680551
0.16,5679664
0.16,5642023
0.17,5619275
0.17,5527974
0.18,5369678
0.19,5350060
0.2,5307087
0.21,5181869
0.22,5137821
0.23,5121915
0.23,5068305
0.23,5044765
0.24,4998143
0.24,4994956
0.24,4981123
0.25,4951427
0.25,4885831
0.25,4873905
0.26,4793613
0.26,4792113
0.26,4783425
0.26,4552530
0.3,4518033
0.32,4466382
0.32,4464718
0.32,4460978
0.33,4435626
0.35,4308448
0.36,4287597
0.36,4281288
0.37,4210513
0.37,4139668
0.38,4123063
0.38,4096843
0.39,4094931
0.39,4076078
0.41,4068670
0.42,4060665
0.44,4053164
0.45,4045763
0.46,4038645
0.46,4035927
0.46,4026897
0.48,4021577
0.48,3988444
0.49,3987350
0.51,3981862
0.51,3976152
0.52,3972573
0.52,3943000
0.53,3918983
0.54,3915676
0.55,3905771
0.56,3898330
0.56,3897096
0.58,3852441
0.58,3852367
0.58,3841679
0.59,3829861
0.59,3825657
0.61,3815780
0.62,3810568
0.63,3797377
0.63,3764734
0.64,3755930
0.64,3730713
0.65,3718332
0.65,3699027
0.67,3691433
0.68,3688003
0.69,3683115
0.69,3682466
0.69,3640928
0.7,3617840
0.7,3598848
0.73,3598199
0.74,3593815
0.74,3590051
0.75,3575164
0.76,3473693
0.76,3442592
0.76,3437809
0.78,3387161
0.81,3384970
0.81,3383925
0.82,3359479
0.84,3309975
0.85,3308654
0.88,3298106
0.88,3195583
0.88,3191370
0.9,3156228
0.9,3105380
0.9,3096509
0.9,3090479
0.91,3081258
0.91,3064601
0.93,3059337
0.93,3043754
0.94,3025984
0.95,3022652
0.98,3019498
1,2998107
1,2983065
1,2979742
1.02,2967100
1.03,2926009
1.04,2921162
1.04,2904958
1.05,2865300
1.06,2835207
1.06,2820175
1.06,2813816
1.06,2808969
1.06,2789705
1.08,2784577
1.11,2769186
1.12,2767921
1.12,2749914
1.12,2747862
1.12,2733534
1.15,2729271
1.15,2727380
1.18,2725004
1.2,2705088
1.21,2683254
1.22,2683119
1.23,2681431
1.24,2676913
1.25,2673042
1.26,2670568
1.27,2662124
1.3,2657303
1.31,2637313
1.35,2623377
1.35,2609362
1.36,2599432
1.39,2580988
1.4,2580837
1.42,2565714
1.48,2556948
1.5,2545401
1.51,2527145
1.55,2510132
1.56,2500566
1.57,2487621
1.58,2477926
1.58,2475833
1.61,2474444
1.62,2469888
1.66,2466326
1.7,2463869
1.73,2462568
1.76,2448752
1.8,2444601
1.81,2384255
1.83,2369160
1.85,2364298
1.91,2332411
1.95,2321525
2,2321371
2,2307694
2.01,2302904
2.12,2289762
2.14,2286934
2.15,2286292
2.17,2265378
2.17,2260909
2.17,2254302
2.19,2236452
2.2,2202860
2.27,2196992
2.29,2195085
2.32,2173031
2.33,2170176
2.33,2167802
2.39,2166914
2.39,2151605
2.44,2059234
2.49,2052266
2.51,2051126
2.6,2049479
2.61,2049054
2.63,2038959
2.67,2019884
2.67,2019459
2.67,2018398
2.69,1994142
2.75,1960583
2.78,1958659
2.79,1957814
2.8,1948813
2.84,1946788
2.85,1939633
2.88,1927905
3.01,1926140
3.02,1922767
3.09,1903878
3.15,1900835
3.16,1899349
3.18,1886228
3.23,1885092
3.23,1882687
3.26,1875995
3.27,1873847
3.31,1812591
3.4,1809354
3.4,1803349
3.43,1799496
3.53,1798994
3.54,1788344
3.66,1788323
3.72,1741583
3.82,1741440
3.84,1737390
3.88,1736175
3.89,1715597
3.92,1715579
4.05,1706349
4.08,1700944
4.15,1692905
4.24,1690091
4.39,1687903
4.44,1675196
4.56,1669286
4.6,1669256
4.65,1667721
4.8,1666914
4.86,1665875
5,1665774
5.05,1665012
5.05,1664952
5.35,1661010
5.53,1660032
5.58,1654084
5.7,1651388
5.84,1650025
5.86,1644034
5.96,1640405
6.05,1637110
6.13,1635946
6.41,1631330
6.51,1629636
6.82,1628773
7.52,1627381
7.99,1622299
8.14,1621926
8.3,1611962
8.36,1611792
8.42,1610098
8.47,1609895
8.78,1608866
