0.01,7149808
0.02,7006982
0.03,6977960
0.03,6868195
0.03,6789706
0.04,6705618
0.04,6681656
0.04,6395161
0.05,6276776
0.06,6225545
0.06,6223975
0.07,6221734
0.07,6202706
0.08,6031414
0.08,6012769
0.09,5962495
0.09,5921612
0.09,5850121
0.09,5834267
0.11,5770577
0.11,5661291
0.11,5585330
0.12,5581922
0.12,5516841
0.12,5516599
0.14,5489171
0.14,5459084
0.14,5434454
0.15,5421334
0.15,5420471
0.15,5399910
0.15,5309837
0.16,5189855
0.16,5113199
0.17,5071681
0.19,5056693
0.19,5033088
0.2,5028224
0.21,5013338
0.21,4963625
0.21,4810286
0.24,4746668
0.27,4743606
0.29,4690248
0.29,4578329
0.29,4560457
0.33,4533539
0.36,4520682
0.36,4472806
0.37,4458799
0.37,4394320
0.37,4355462
0.4,4355347
0.4,4337989
0.4,4329662
0.41,4269670
0.41,4252104
0.42,4244497
0.42,4237664
0.43,4201382
0.44,4200619
0.44,4151910
0.48,4144948
0.48,4080340
0.51,3953856
0.52,3923070
0.53,3902926
0.55,3902041
0.56,3773811
0.56,3755189
0.57,3724674
0.58,3697876
0.58,3695292
0.58,3691464
0.6,3680829
0.6,3539978
0.6,3539716
0.61,3534552
0.63,3523135
0.64,3517702
0.64,3517488
0.65,3512857
0.66,3500859
0.68,3476406
0.69,3469493
0.7,3469097
0.7,3461076
0.73,3456713
0.73,3449768
0.74,3433476
0.74,3411411
0.76,3380538
0.77,3374987
0.77,3309969
0.79,3292128
0.81,3252497
0.88,3246590
0.89,3175300
0.91,3117901
0.96,3099069
0.99,3088551
0.99,3086921
1,3068462
1.01,3064538
1.01,3062224
1.01,3057567
1.02,3036009
1.02,2990841
1.05,2969808
1.05,2943894
1.05,2919291
1.09,2910391
1.17,2908730
1.21,2897111
1.22,2871987
1.23,2869723
1.24,2869025
1.24,2846675
1.34,2845014
1.34,2815276
1.36,2812565
1.37,2783368
1.4,2773060
1.4,2772574
1.41,2771808
1.42,2757858
1.46,2720652
1.5,2718097
1.52,2660650
1.54,2590760
1.55,2583453
1.56,2502366
1.6,2490845
1.6,2480250
1.62,2467756
1.64,2461980
1.67,2458566
1.68,2431481
1.68,2410830
1.69,2390702
1.74,2379572
1.76,2372415
1.83,2369339
1.83,2345184
1.95,2344455
1.95,2300187
1.97,2296134
1.98,2296133
1.98,2289814
2.04,2282667
2.05,2277447
2.06,2276870
2.08,2262139
2.11,2255508
2.12,2251309
2.13,2250201
2.13,2242946
2.16,2237543
2.19,2234340
2.19,2226335
2.19,2225244
2.2,2222870
2.21,2220060
2.22,2215413
2.23,2197452
2.3,2181634
2.35,2170013
2.4,2146478
2.52,2133149
2.59,2115389
2.64,2109559
2.67,2103327
2.73,2099806
2.78,2043508
2.8,2040385
2.83,2040172
2.84,2039830
2.9,2008248
2.93,2005125
2.96,1973751
3.03,1967987
3.08,1963115
3.08,1961437
3.08,1948956
3.18,1947160
3.27,1940281
3.31,1935011
3.4,1929654
3.42,1924782
3.45,1924433
3.47,1920704
3.51,1920476
3.53,1914837
3.55,1881507
3.6,1880778
3.66,1825251
3.71,1815838
3.84,1805547
3.87,1798437
3.97,1793992
3.99,1787804
3.99,1783428
4.14,1783117
4.44,1782328
4.53,1776751
4.83,1776206
4.85,1775995
4.87,1767508
4.88,1765348
4.89,1754461
4.93,1752077
4.98,1751405
5.01,1751312
5.04,1741600
5.08,1741228
5.1,1739589
5.11,1739142
5.13,1732743
5.16,1727542
5.48,1727095
5.57,1725807
5.63,1717355
5.75,1717254
5.75,1711798
5.86,1702787
5.88,1702518
5.95,1699307
5.96,1698348
6.06,1696372
6.12,1696275
6.15,1694583
6.23,1694473
6.43,1693241
6.53,1692599
6.59,1683324
6.62,1681348
7.13,1680862
7.18,1657862
7.52,1657167
7.77,1656821
7.84,1656681
8.04,1649996
8.18,1649133
0.01,7149808
0.02,7006982
0.03,6977960
0.03,6868195
0.03,6789706
0.03,6705618
0.03,6681656
0.04,6395161
0.05,6276776
0.06,6225545
0.06,6223975
0.07,6221734
0.07,6202706
0.08,6031414
0.08,6012769
0.08,5962495
0.09,5921612
0.09,5850121
0.09,5834267
0.11,5770577
0.11,5661291
0.11,5585330
0.11,5581922
0.12,5516841
0.12,5516599
0.13,5489171
0.13,5459084
0.14,5434454
0.14,5421334
0.14,5420471
0.14,5399910
0.14,5309837
0.15,5189855
0.15,5113199
0.16,5071681
0.17,5056693
0.17,5033088
0.18,5028224
0.18,5013338
0.18,4963625
0.19,4810286
0.2,4746668
0.21,4743606
0.21,4690248
0.22,4578329
0.22,4560457
0.22,4533539
0.25,4520682
0.25,4472806
0.25,4458799
0.26,4394320
0.26,4355462
0.28,4355347
0.28,4337989
0.28,4329662
0.29,4269670
0.29,4252104
0.3,4244497
0.31,4237664
0.33,4201382
0.33,4200619
0.33,4151910
0.38,4144948
0.39,4080340
0.42,3953856
0.45,3923070
0.45,3902926
0.5,3902041
0.5,3773811
0.5,3755189
0.51,3724674
0.53,3697876
0.53,3695292
0.53,3691464
0.55,3680829
0.55,3539978
0.56,3539716
0.56,3534552
0.58,3523135
0.59,3517702
0.59,3517488
0.6,3512857
0.6,3500859
0.62,3476406
0.64,3469493
0.64,3469097
0.65,3461076
0.67,3456713
0.68,3449768
0.68,3433476
0.69,3411411
0.71,3380538
0.71,3374987
0.72,3309969
0.73,3292128
0.76,3252497
0.81,3246590
0.82,3175300
0.84,3117901
0.88,3099069
0.91,3088551
0.91,3086921
0.93,3068462
0.94,3064538
0.94,3062224
0.94,3057567
0.94,3036009
0.95,2990841
0.98,2969808
0.98,2943894
0.98,2919291
1,2910391
1.03,2908730
1.07,2897111
1.07,2871987
1.09,2869723
1.1,2869025
1.1,2846675
1.22,2845014
1.22,2815276
1.25,2812565
1.25,2783368
1.29,2773060
1.29,2772574
1.3,2771808
1.31,2757858
1.35,2720652
1.39,2718097
1.4,2660650
1.42,2590760
1.42,2583453
1.44,2502366
1.46,2490845
1.47,2480250
1.48,2467756
1.49,2461980
1.52,2458566
1.52,2431481
1.52,2410830
1.53,2390702
1.58,2379572
1.6,2372415
1.66,2369339
1.66,2345184
1.78,2344455
1.78,2300187
1.83,2296134
1.85,2296133
1.85,2289814
2.24,2282667
2.27,2277447
2.35,2276870
2.38,2262139
2.41,2255508
2.42,2251309
2.43,2250201
2.43,2242946
2.46,2237543
2.47,2234340
2.48,2226335
2.48,2225244
2.48,2222870
2.49,2220060
2.5,2215413
2.51,2197452
2.88,2181634
2.92,2170013
2.97,2146478
3.06,2133149
3.12,2115389
3.16,2109559
3.18,2103327
3.24,2099806
3.29,2043508
3.31,2040385
3.34,2040172
3.36,2039830
3.42,2008248
3.45,2005125
3.47,1973751
3.55,1967987
3.6,1963115
3.6,1961437
3.6,1948956
3.71,1947160
3.77,1940281
3.81,1935011
3.89,1929654
3.91,1924782
3.95,1924433
3.98,1920704
4.02,1920476
4.04,1914837
4.06,1881507
4.1,1880778
4.15,1825251
4.2,1815838
4.32,1805547
4.35,1798437
4.48,1793992
4.5,1787804
4.51,1783428
4.77,1783117
5.11,1782328
5.23,1776751
5.56,1776206
5.58,1775995
5.61,1767508
5.62,1765348
5.62,1754461
5.67,1752077
5.73,1751405
5.76,1751312
5.79,1741600
5.83,1741228
5.85,1739589
5.86,1739142
5.88,1732743
5.91,1727542
6.28,1727095
6.56,1725807
6.66,1717355
6.8,1717254
6.81,1711798
6.93,1702787
6.95,1702518
7.02,1699307
7.03,1698348
7.14,1696372
7.21,1696275
7.24,1694583
7.33,1694473
7.54,1693241
7.63,1692599
7.69,1683324
7.72,1681348
8.23,1680862
8.27,1657862
8.6,1657167
8.87,1656821
8.95,1656681
9.14,1649996
9.29,1649133
