0.01,7132078
0.01,7099073
0.01,7004824
0.01,6833402
0.02,6774403
0.02,6729993
0.02,6616737
0.03,6488114
0.04,6429047
0.04,6428219
0.04,6336726
0.04,6336018
0.05,6326240
0.05,6272481
0.05,6245469
0.06,6225609
0.06,6217268
0.07,6188548
0.07,6155065
0.07,6152471
0.07,6073426
0.07,6005152
0.08,5863818
0.09,5830322
0.09,5787864
0.1,5708270
0.1,5687411
0.1,5577142
0.1,5436277
0.11,5392397
0.12,5335070
0.12,5256250
0.13,5227974
0.13,5204188
0.14,5123002
0.14,5112122
0.14,5086429
0.15,5082389
0.15,5078317
0.16,5075437
0.16,5066703
0.16,4975927
0.17,4924738
0.18,4851319
0.18,4804460
0.18,4797587
0.2,4786523
0.21,4780304
0.21,4548998
0.23,4529607
0.24,4508741
0.24,4505903
0.24,4491458
0.25,4479327
0.25,4406359
0.25,4349543
0.26,4325998
0.26,4325849
0.27,4296543
0.27,4281125
0.27,4169260
0.3,4169230
0.3,3996021
0.31,3965913
0.32,3937189
0.33,3925973
0.33,3870380
0.33,3854436
0.35,3777846
0.35,3765685
0.36,3764550
0.36,3685809
0.38,3677563
0.41,3660482
0.42,3592928
0.46,3584941
0.47,3577454
0.47,3514553
0.49,3513741
0.51,3510821
0.53,3500989
0.53,3499066
0.55,3448382
0.55,3444919
0.58,3431295
0.58,3423797
0.59,3419630
0.6,3407456
0.63,3379313
0.63,3371746
0.64,3368072
0.65,3317969
0.7,3316788
0.7,3305850
0.7,3268394
0.72,3266470
0.75,3252450
0.77,3221594
0.8,3221084
0.81,3196092
0.82,3190831
0.83,3144912
0.84,3095283
0.85,3094674
0.86,3054530
0.89,3054217
0.89,3053578
0.89,3017141
0.9,2999563
0.91,2997740
0.91,2990831
0.92,2981908
0.92,2941410
0.93,2937089
0.95,2929226
0.96,2888915
0.99,2878926
0.99,2876701
1,2820620
1.04,2814505
1.05,2804469
1.06,2804414
1.08,2768814
1.1,2750558
1.13,2748187
1.14,2736568
1.14,2728475
1.14,2699838
1.22,2672759
1.22,2663913
1.23,2652562
1.23,2628137
1.27,2613606
1.28,2577658
1.28,2565721
1.29,2565391
1.29,2528485
1.3,2524998
1.33,2518105
1.33,2507617
1.36,2503427
1.38,2501541
1.38,2496969
1.38,2496561
1.39,2494081
1.39,2493802
1.4,2475689
1.43,2475574
1.45,2432703
1.48,2393802
1.5,2392467
1.5,2383870
1.53,2368296
1.53,2351298
1.57,2332029
1.61,2324757
1.64,2282951
1.68,2268312
1.78,2267688
1.8,2263063
1.8,2213647
1.86,2206375
1.89,2203088
1.91,2197492
1.94,2184429
1.97,2180487
1.97,2176380
1.99,2170955
2.03,2169431
2.05,2158194
2.06,2155904
2.08,2149858
2.1,2148919
2.13,2132907
2.15,2124654
2.18,2123682
2.19,2095869
2.22,2091155
2.22,2066878
2.22,2065599
2.26,2062464
2.28,2016134
2.34,1986164
2.35,1984082
2.38,1972617
2.42,1963619
2.44,1962249
2.46,1956699
2.53,1934367
2.69,1926102
2.72,1925453
2.74,1891419
2.85,1885009
2.86,1883777
2.88,1867297
2.9,1865757
2.93,1860402
2.97,1844351
2.99,1790177
3.01,1779281
3.08,1772472
3.11,1769755
3.13,1768479
3.13,1762295
3.14,1761179
3.15,1751962
3.19,1746953
3.19,1745411
3.21,1738175
3.25,1732897
3.29,1732558
3.31,1724261
3.34,1719812
3.35,1717452
3.37,1714758
3.43,1708171
3.47,1704201
3.51,1697242
3.69,1696404
3.69,1683773
3.84,1679072
3.87,1678848
4.02,1677293
4.39,1674529
4.46,1672880
4.56,1671828
4.71,1670596
4.87,1667460
5.22,1666285
5.38,1666228
6.4,1666105
6.63,1665053
0.01,7132078
0.01,7099073
0.01,7004824
0.01,6833402
0.02,6774403
0.02,6729993
0.02,6616737
0.03,6488114
0.03,6429047
0.04,6428219
0.04,6336726
0.04,6336018
0.05,6326240
0.05,6272481
0.05,6245469
0.06,6225609
0.06,6217268
0.06,6188548
0.07,6155065
0.07,6152471
0.07,6073426
0.07,6005152
0.08,5863818
0.09,5830322
0.1,5787864
0.1,5708270
0.1,5687411
0.1,5577142
0.1,5436277
0.12,5392397
0.12,5335070
0.13,5256250
0.13,5227974
0.14,5204188
0.14,5123002
0.14,5112122
0.15,5086429
0.16,5082389
0.16,5078317
0.16,5075437
0.17,5066703
0.17,4975927
0.18,4924738
0.19,4851319
0.19,4804460
0.19,4797587
0.21,4786523
0.22,4780304
0.22,4548998
0.24,4529607
0.25,4508741
0.25,4505903
0.26,4491458
0.26,4479327
0.27,4406359
0.27,4349543
0.27,4325998
0.28,4325849
0.28,4296543
0.28,4281125
0.29,4169260
0.3,4169230
0.3,3996021
0.31,3965913
0.31,3937189
0.32,3925973
0.32,3870380
0.32,3854436
0.34,3777846
0.34,3765685
0.34,3764550
0.35,3685809
0.37,3677563
0.42,3660482
0.42,3592928
0.46,3584941
0.47,3577454
0.47,3514553
0.49,3513741
0.5,3510821
0.52,3500989
0.52,3499066
0.54,3448382
0.55,3444919
0.57,3431295
0.58,3423797
0.59,3419630
0.59,3407456
0.61,3379313
0.62,3371746
0.62,3368072
0.62,3317969
0.66,3316788
0.66,3305850
0.66,3268394
0.67,3266470
0.7,3252450
0.71,3221594
0.74,3221084
0.76,3196092
0.77,3190831
0.77,3144912
0.79,3095283
0.8,3094674
0.82,3054530
0.85,3054217
0.85,3053578
0.85,3017141
0.87,2999563
0.88,2997740
0.88,2990831
0.88,2981908
0.88,2941410
0.9,2937089
0.92,2929226
0.93,2888915
0.96,2878926
0.96,2876701
0.97,2820620
1.01,2814505
1.03,2804469
1.03,2804414
1.06,2768814
1.08,2750558
1.1,2748187
1.11,2736568
1.12,2728475
1.12,2699838
1.19,2672759
1.2,2663913
1.2,2652562
1.21,2628137
1.25,2613606
1.25,2577658
1.25,2565721
1.26,2565391
1.27,2528485
1.27,2524998
1.3,2518105
1.31,2507617
1.33,2503427
1.35,2501541
1.35,2496969
1.36,2496561
1.37,2494081
1.37,2493802
1.38,2475689
1.4,2475574
1.42,2432703
1.45,2393802
1.47,2392467
1.47,2383870
1.5,2368296
1.5,2351298
1.53,2332029
1.58,2324757
1.61,2282951
1.65,2268312
1.75,2267688
1.77,2263063
1.77,2213647
1.83,2206375
1.86,2203088
1.89,2197492
1.92,2184429
1.95,2180487
1.96,2176380
1.97,2170955
2.02,2169431
2.04,2158194
2.05,2155904
2.08,2149858
2.1,2148919
2.14,2132907
2.15,2124654
2.19,2123682
2.2,2095869
2.23,2091155
2.24,2066878
2.24,2065599
2.28,2062464
2.31,2016134
2.37,1986164
2.39,1984082
2.42,1972617
2.46,1963619
2.48,1962249
2.5,1956699
2.59,1934367
2.75,1926102
2.78,1925453
2.8,1891419
2.91,1885009
2.91,1883777
2.93,1867297
2.96,1865757
2.99,1860402
3.02,1844351
3.04,1790177
3.06,1779281
3.12,1772472
3.16,1769755
3.18,1768479
3.18,1762295
3.18,1761179
3.2,1751962
3.23,1746953
3.23,1745411
3.25,1738175
3.28,1732897
3.32,1732558
3.34,1724261
3.37,1719812
3.38,1717452
3.4,1714758
3.45,1708171
3.5,1704201
3.54,1697242
3.71,1696404
3.71,1683773
3.87,1679072
3.9,1678848
4.05,1677293
4.4,1674529
4.48,1672880
4.57,1671828
4.73,1670596
4.89,1667460
5.23,1666285
5.39,1666228
6.37,1666105
6.59,1665053
