0,7753368
0,7696418
0,7682575
0,7581037
0,7569420
0,7569266
0,7562606
0,7548609
0,7542696
0.01,7541895
0.01,7527898
0.01,7526025
0.01,7515521
0.01,7501524
0.01,7494646
0.01,7454304
0.01,7442970
0.01,7429453
0.01,7427580
0.01,7414462
0.01,7400465
0.01,7393587
0.01,7383774
0.01,7381901
0.01,7373105
0.01,7372989
0.01,7370375
0.01,7366155
0.02,7342091
0.03,7337926
0.03,7324111
0.04,7312852
0.07,7307454
0.07,7297911
0.07,7297844
0.07,7290431
0.07,7287646
0.07,7277760
0.07,7270185
0.07,7267400
0.07,7264834
0.07,7261985
0.07,7258002
0.07,7247718
0.07,7244933
0.2,7242730
0.2,7239945
0.38,7238919
0.38,7236134
0.44,7235205
0.44,7231222
0.44,7220938
0.44,7218153
0.55,7213761
0.56,7210976
1.14,7210639
1.14,7196824
1.14,7196757
1.14,7189344
1.14,7186559
1.14,7176673
1.14,7169098
1.14,7166313
2.26,7163135
7.92,7159769
11.94,7159098
14.68,7154318
14.99,7144432
20.6,7132561
20.61,7129229
20.96,7128542
21.11,7124322
23.6,7120159
23.6,7110273
25.35,7102179
25.35,7092293
209,7083789
410.52,7082132
410.53,7066122
410.53,7066088
410.53,7052125
410.79,7051112
410.79,7047941
410.79,7037581
411.37,7035811
424.85,7029606
424.85,7029572
424.85,7015609
505.87,7012620
505.88,6996610
505.88,6996576
505.88,6982613
506.09,6981600
506.1,6978429
506.1,6968069
506.47,6966299
521.18,6964077
