0.01,6993023
0.01,6883644
0.02,6791610
0.07,6491901
0.11,6343485
0.13,6111102
0.16,6063538
0.17,5380272
0.17,5285943
0.18,4824333
0.19,4089091
0.2,3920390
0.21,3897613
0.21,3689624
0.22,3234815
0.23,2903621
0.24,2630589
0.24,2509478
0.26,2445494
0.27,2329427
0.27,2273139
0.28,2181503
0.28,2173639
0.28,2140841
0.29,2120285
0.3,2101089
0.3,2062281
0.3,2011850
0.3,1982687
0.31,1952298
0.32,1949395
0.33,1942720
0.33,1930633
0.33,1926538
0.33,1923905
0.34,1922293
0.34,1910598
0.34,1891415
0.35,1873146
0.35,1864186
0.36,1862007
0.36,1859219
0.37,1858356
0.37,1857431
0.37,1852498
0.38,1848820
0.4,1846608
0.41,1846281
0.42,1845418
0.43,1844499
0.44,1840115
0.45,1831003
0.45,1830446
0.45,1825558
0.46,1821853
