0.06,6662048
0.07,6249668
0.11,6101037
0.14,6031332
0.16,6023960
0.16,5858628
0.16,5755094
0.17,5737818
0.17,5607006
0.18,5491277
0.18,5304429
0.18,5254661
0.18,4531943
0.19,4427896
0.2,4009436
0.2,3543576
0.2,3519506
0.21,3443894
0.21,3147322
0.22,3128807
0.22,3089124
0.22,3058520
0.23,3026537
0.23,2842827
0.23,2783582
0.23,2657759
0.24,2595541
0.24,2438387
0.25,2432876
0.25,2262935
0.26,2253855
0.26,2221388
0.27,2132964
0.27,2052193
0.28,2041957
0.29,2023246
0.29,2004901
0.29,1990164
0.3,1986832
0.3,1944206
0.31,1934570
0.32,1934063
0.32,1922555
0.32,1902432
0.32,1901041
0.33,1897505
0.33,1893706
0.33,1890313
0.34,1882835
0.34,1863441
0.35,1861140
0.35,1855986
0.36,1853992
0.36,1843099
0.37,1842236
0.4,1838142
0.43,1835224
