0.01,6941186
0.04,6695540
0.1,5814743
0.17,5814554
0.17,5449185
0.18,4977541
0.19,4766774
0.19,4556000
0.2,3989114
0.21,3688112
0.21,3476999
0.22,3431087
0.22,3317019
0.22,3213602
0.23,3075125
0.23,2780597
0.24,2626402
0.24,2558821
0.24,2522630
0.25,2317958
0.25,2297709
0.26,2166457
0.27,2150871
0.27,2080053
0.28,2067314
0.29,2031840
0.29,1984491
0.29,1963380
0.29,1943146
0.3,1890563
0.3,1885213
0.3,1865331
0.31,1851632
0.31,1843280
0.32,1818989
0.32,1812411
0.32,1807446
0.33,1800870
0.33,1798768
0.33,1798272
0.34,1796956
0.34,1794489
0.34,1791444
0.35,1784250
0.35,1783210
0.36,1771317
0.37,1766868
0.37,1753957
0.39,1752648
0.42,1750834
0.45,1750195
0.46,1742231
