0.02,6762638
0.02,6633243
0.03,6615311
0.03,6456337
0.03,6445936
0.04,6431646
0.04,6425016
0.04,6424854
0.05,6322874
0.06,6301789
0.06,6296607
0.07,6243296
0.08,6228670
0.08,6219881
0.08,6086218
0.08,6015793
0.09,6002568
0.09,5947856
0.1,5865344
0.1,5851406
0.12,5829902
0.18,5783148
0.23,5753887
0.27,5753539
0.27,5708531
0.27,5610170
0.29,5496263
0.3,5444033
0.31,5423504
0.34,5417286
0.34,5403744
0.35,5388811
0.36,5377340
0.36,5319960
0.4,5299974
0.42,5299664
0.43,5201021
0.43,5110344
0.43,5078674
0.44,4737688
0.46,4731871
0.49,4725137
0.5,4710744
0.51,4642481
0.54,4630543
0.58,4629367
0.59,4607350
0.6,4564327
0.61,4552651
0.65,4539545
0.66,4529353
0.66,4432728
0.68,4276341
0.7,4257071
0.7,4248705
0.71,4233439
0.71,4202013
0.72,4162262
0.72,4146898
0.73,4139180
0.74,4136691
0.74,4129174
0.75,4001005
0.83,3975840
0.83,3934688
0.84,3862531
0.86,3846594
0.87,3754063
0.88,3736745
0.92,3715611
1,3688633
1.03,3653392
1.11,3610430
1.16,3609425
1.16,3603041
1.2,3596294
1.2,3595501
1.21,3587992
1.22,3586420
1.25,3582577
1.26,3552515
1.39,3528079
1.43,3508482
1.44,3505937
1.47,3391659
1.51,3290417
1.56,3288551
1.62,3267261
1.62,3237798
1.63,3231618
1.66,3219239
1.71,3194831
1.83,3175257
1.87,3141632
1.87,3138419
1.92,3080512
2.03,3075596
2.08,3024955
2.11,3013969
2.16,2988883
2.2,2947725
2.29,2947696
2.3,2940639
2.32,2931649
2.34,2914330
2.38,2899257
2.43,2898073
2.48,2896434
2.56,2896133
2.58,2885410
2.61,2883511
2.66,2846210
2.67,2844991
2.69,2842877
2.7,2819348
2.73,2749542
2.78,2723926
2.8,2722823
2.82,2644279
2.82,2632441
2.85,2551440
2.91,2528062
2.95,2503476
3.01,2497098
3.03,2493184
3.08,2478394
3.18,2478027
3.18,2477802
3.2,2460686
3.28,2460302
3.31,2452048
3.31,2425100
3.35,2423472
3.41,2409182
3.56,2408177
3.57,2402663
3.62,2399722
3.62,2391427
3.63,2382454
3.66,2381468
3.7,2376090
3.75,2375161
3.76,2346250
3.93,2303791
4.04,2295517
4.05,2284416
4.14,2282498
4.24,2255621
4.28,2245996
4.3,2244853
4.31,2238681
4.38,2232616
4.39,2225293
4.44,2220027
4.46,2219564
4.49,2209238
4.52,2208004
4.54,2205713
4.59,2198001
4.65,2197500
4.71,2193528
4.74,2178125
4.75,2174153
4.78,2170632
4.79,2153952
4.84,2153257
4.85,2149391
4.85,2127631
4.91,2126644
4.97,2126292
4.98,2122429
4.99,2118388
5.04,2112004
5.04,2101054
5.05,2083600
5.18,2079737
5.2,2078576
5.23,2069164
5.3,2068867
5.33,2065001
5.33,2049487
5.34,2038161
5.39,2029736
5.39,2029356
5.41,2022383
5.42,2003357
5.44,1984205
5.55,1982973
5.56,1971477
5.6,1970715
5.63,1953188
5.66,1881149
5.73,1869054
5.76,1864954
5.76,1863383
5.79,1862464
5.81,1848450
5.83,1843514
5.84,1842595
5.88,1835591
5.9,1823145
6.17,1814290
6.23,1811759
6.28,1809998
6.35,1809822
6.36,1801728
6.49,1791205
6.55,1790158
6.58,1781204
6.62,1772161
6.66,1771733
6.67,1764858
6.68,1757740
6.68,1756752
6.71,1755946
6.72,1743684
6.8,1742406
6.85,1739700
6.91,1733960
6.95,1717189
6.97,1717143
6.98,1716501
6.98,1708913
7.01,1707425
7.04,1701685
7.07,1701619
7.08,1700950
7.13,1700665
7.13,1699410
7.16,1699334
7.17,1671098
7.3,1668891
7.32,1664401
7.41,1658605
7.5,1656813
7.56,1646971
7.7,1644930
7.74,1643793
7.81,1641438
7.81,1639744
7.83,1636835
7.98,1618733
8.01,1617364
8.46,1616908
8.56,1611380
8.66,1608609
8.74,1607425
8.81,1602250
9.27,1601990
9.28,1594610
0.01,6762638
0.01,6633243
0.02,6615311
0.02,6456337
0.02,6445936
0.03,6431646
0.03,6425016
0.03,6424854
0.03,6322874
0.04,6301789
0.04,6296607
0.05,6243296
0.05,6228670
0.05,6219881
0.05,6086218
0.05,6015793
0.06,6002568
0.07,5947856
0.07,5865344
0.07,5851406
0.08,5829902
0.08,5783148
0.1,5753887
0.1,5753539
0.1,5708531
0.1,5610170
0.11,5496263
0.12,5444033
0.13,5423504
0.14,5417286
0.14,5403744
0.14,5388811
0.15,5377340
0.15,5319960
0.17,5299974
0.18,5299664
0.18,5201021
0.19,5110344
0.19,5078674
0.19,4737688
0.21,4731871
0.21,4725137
0.21,4710744
0.22,4642481
0.23,4630543
0.24,4629367
0.25,4607350
0.25,4564327
0.26,4552651
0.26,4539545
0.26,4529353
0.26,4432728
0.27,4276341
0.28,4257071
0.28,4248705
0.29,4233439
0.3,4202013
0.3,4162262
0.3,4146898
0.31,4139180
0.32,4136691
0.32,4129174
0.32,4001005
0.35,3975840
0.36,3934688
0.36,3862531
0.37,3846594
0.37,3754063
0.38,3736745
0.39,3715611
0.4,3688633
0.4,3653392
0.43,3610430
0.43,3609425
0.43,3603041
0.45,3596294
0.45,3595501
0.45,3587992
0.46,3586420
0.47,3582577
0.47,3552515
0.5,3528079
0.51,3508482
0.52,3505937
0.54,3391659
0.56,3290417
0.59,3288551
0.6,3267261
0.6,3237798
0.61,3231618
0.62,3219239
0.64,3194831
0.67,3175257
0.68,3141632
0.68,3138419
0.69,3080512
0.72,3075596
0.75,3024955
0.76,3013969
0.78,2988883
0.79,2947725
0.81,2947696
0.82,2940639
0.82,2931649
0.83,2914330
0.84,2899257
0.85,2898073
0.87,2896434
0.89,2896133
0.89,2885410
0.89,2883511
0.91,2846210
0.92,2844991
0.94,2842877
0.94,2819348
0.98,2749542
1.03,2723926
1.06,2722823
1.08,2644279
1.08,2632441
1.11,2551440
1.14,2528062
1.16,2503476
1.17,2497098
1.18,2493184
1.19,2478394
1.23,2478027
1.23,2477802
1.23,2460686
1.27,2460302
1.28,2452048
1.29,2425100
1.31,2423472
1.33,2409182
1.35,2408177
1.36,2402663
1.39,2399722
1.4,2391427
1.4,2382454
1.42,2381468
1.43,2376090
1.45,2375161
1.45,2346250
1.49,2303791
1.51,2295517
1.51,2284416
1.53,2282498
1.55,2255621
1.56,2245996
1.57,2244853
1.57,2238681
1.59,2232616
1.6,2225293
1.63,2220027
1.65,2219564
1.68,2209238
1.72,2208004
1.74,2205713
1.79,2198001
1.85,2197500
1.91,2193528
1.94,2178125
1.95,2174153
1.97,2170632
1.98,2153952
2.02,2153257
2.02,2149391
2.02,2127631
2.06,2126644
2.09,2126292
2.1,2122429
2.11,2118388
2.14,2112004
2.14,2101054
2.15,2083600
2.24,2079737
2.25,2078576
2.27,2069164
2.33,2068867
2.35,2065001
2.36,2049487
2.36,2038161
2.41,2029736
2.41,2029356
2.43,2022383
2.43,2003357
2.45,1984205
2.51,1982973
2.53,1971477
2.56,1970715
2.58,1953188
2.61,1881149
2.65,1869054
2.67,1864954
2.67,1863383
2.69,1862464
2.7,1848450
2.71,1843514
2.72,1842595
2.74,1835591
2.76,1823145
2.95,1814290
3,1811759
3.06,1809998
3.11,1809822
3.13,1801728
3.24,1791205
3.31,1790158
3.35,1781204
3.4,1772161
3.45,1771733
3.46,1764858
3.47,1757740
3.48,1756752
3.51,1755946
3.53,1743684
3.63,1742406
3.69,1739700
3.75,1733960
3.78,1717189
3.8,1717143
3.81,1716501
3.81,1708913
3.84,1707425
3.86,1701685
3.89,1701619
3.9,1700950
3.93,1700665
3.94,1699410
3.96,1699334
3.97,1671098
4.07,1668891
4.08,1664401
4.14,1658605
4.21,1656813
4.25,1646971
4.35,1644930
4.39,1643793
4.44,1641438
4.44,1639744
4.45,1636835
4.58,1618733
4.61,1617364
5.01,1616908
5.1,1611380
5.18,1608609
5.26,1607425
5.33,1602250
5.81,1601990
5.82,1594610
