0,4450286
0.01,4337836
0.01,4225895
0.01,4090194
0.01,4085642
0.01,4011680
0.01,3734785
0.01,3485916
0.01,3242563
0.02,3242473
0.02,3201538
0.02,3189687
0.02,3175309
0.02,3091144
0.02,3087250
0.02,3019650
0.02,2953525
0.03,2952147
0.03,2950481
0.03,2928919
0.03,2879166
0.04,2846187
0.04,2836592
0.04,2681046
0.05,2673204
0.05,2610399
0.05,2593615
0.06,2592330
0.06,2558905
0.06,2497150
0.07,2340146
0.07,2305623
0.08,2099052
0.09,2076676
0.09,2064579
0.09,2046229
0.09,2011931
0.11,2004610
0.11,2004304
0.11,1984493
0.12,1959718
0.12,1957002
0.12,1937580
0.12,1902504
0.13,1893219
0.13,1888958
0.14,1887497
0.14,1884674
0.14,1877971
0.15,1862028
0.16,1860013
0.17,1845497
0.18,1827892
0.18,1811909
0.19,1722542
0.19,1717498
0.2,1708007
0.21,1698701
0.22,1670933
0.23,1666449
0.23,1645003
0.25,1643867
0.25,1642077
0.26,1640895
0.26,1625129
0.28,1623045
0.28,1613384
0.29,1594758
0.33,1590488
0.39,1517494
0.41,1455240
0.42,1444935
0.43,1440134
0.45,1439348
0.49,1438998
0.53,1438212
0.55,1435646
0.55,1434906
0.64,1434860
0.68,1434120
0.77,1433649
0,4450286
0.01,4337836
0.01,4225895
0.01,4090194
0.01,4085642
0.01,4011680
0.01,3734785
0.02,3485916
0.02,3242563
0.02,3242473
0.02,3201538
0.03,3189687
0.03,3175309
0.03,3091144
0.03,3087250
0.03,3019650
0.03,2953525
0.04,2952147
0.04,2950481
0.04,2928919
0.04,2879166
0.05,2846187
0.06,2836592
0.06,2681046
0.06,2673204
0.07,2610399
0.07,2593615
0.07,2592330
0.07,2558905
0.08,2497150
0.09,2340146
0.09,2305623
0.11,2099052
0.11,2076676
0.11,2064579
0.12,2046229
0.12,2011931
0.14,2004610
0.14,2004304
0.14,1984493
0.15,1959718
0.15,1957002
0.15,1937580
0.16,1902504
0.16,1893219
0.16,1888958
0.18,1887497
0.18,1884674
0.18,1877971
0.19,1862028
0.2,1860013
0.2,1845497
0.22,1827892
0.22,1811909
0.23,1722542
0.23,1717498
0.24,1708007
0.26,1698701
0.27,1670933
0.27,1666449
0.28,1645003
0.3,1643867
0.3,1642077
0.31,1640895
0.31,1625129
0.34,1623045
0.34,1613384
0.35,1594758
0.41,1590488
0.49,1517494
0.51,1455240
0.52,1444935
0.53,1440134
0.57,1439348
0.62,1438998
0.68,1438212
0.69,1435646
0.7,1434906
0.8,1434860
0.86,1434120
0.97,1433649
