0,4005569
0,3608192
0.01,3523971
0.01,3398967
0.01,3337156
0.01,3127252
0.01,3101423
0.01,3032530
0.02,3031033
0.02,2984488
0.02,2974492
0.02,2740903
0.03,2736403
0.03,2714432
0.03,2672873
0.03,2469098
0.03,2413301
0.03,2397663
0.03,2380017
0.04,2302331
0.04,2068537
0.04,2044361
0.04,2034246
0.05,2029847
0.05,2024806
0.05,2003128
0.05,1977704
0.06,1977422
0.06,1973052
0.07,1959254
0.07,1956961
0.08,1947157
0.08,1942515
0.09,1930906
0.09,1867467
0.09,1854678
0.1,1823150
0.1,1807901
0.1,1794211
0.11,1787585
0.12,1785311
0.12,1756190
0.13,1756036
0.13,1730759
0.14,1722835
0.14,1715593
0.14,1711146
0.15,1702198
0.15,1698588
0.15,1681491
0.16,1603529
0.16,1595729
0.17,1588209
0.18,1567739
0.18,1561807
0.18,1561561
0.19,1546500
0.2,1541097
0.21,1524698
0.21,1500962
0.21,1500235
0.22,1495366
0.22,1478985
0.24,1471896
0.25,1460100
0.25,1457304
0.28,1455443
0.29,1444336
0.31,1430954
0.32,1427083
0.32,1427046
0.34,1422170
0.35,1422146
0.4,1416496
0.42,1413317
0.46,1412737
0.49,1409313
0.57,1408768
0.7,1408093
0.87,1404001
0,4005569
0.01,3608192
0.01,3523971
0.01,3398967
0.01,3337156
0.01,3127252
0.02,3101423
0.02,3032530
0.02,3031033
0.02,2984488
0.02,2974492
0.02,2740903
0.03,2736403
0.03,2714432
0.03,2672873
0.03,2469098
0.04,2413301
0.04,2397663
0.04,2380017
0.05,2302331
0.05,2068537
0.05,2044361
0.06,2034246
0.06,2029847
0.06,2024806
0.06,2003128
0.07,1977704
0.08,1977422
0.08,1973052
0.08,1959254
0.09,1956961
0.1,1947157
0.11,1942515
0.11,1930906
0.11,1867467
0.12,1854678
0.12,1823150
0.13,1807901
0.13,1794211
0.15,1787585
0.15,1785311
0.16,1756190
0.16,1756036
0.16,1730759
0.17,1722835
0.18,1715593
0.18,1711146
0.19,1702198
0.19,1698588
0.19,1681491
0.2,1603529
0.2,1595729
0.21,1588209
0.22,1567739
0.22,1561807
0.23,1561561
0.24,1546500
0.25,1541097
0.26,1524698
0.26,1500962
0.26,1500235
0.28,1495366
0.28,1478985
0.31,1471896
0.31,1460100
0.32,1457304
0.35,1455443
0.37,1444336
0.39,1430954
0.39,1427083
0.4,1427046
0.43,1422170
0.43,1422146
0.5,1416496
0.53,1413317
0.57,1412737
0.61,1409313
0.71,1408768
0.86,1408093
1.03,1404001
