0,4146034
0,4107910
0,4105308
0,4076499
0.01,3928253
0.01,3535451
0.01,3474251
0.01,3295671
0.01,3232671
0.01,3098611
0.02,3073126
0.02,3067387
0.02,3034121
0.02,3018051
0.02,2946603
0.02,2701310
0.03,2679471
0.03,2669026
0.03,2652332
0.03,2623542
0.04,2598221
0.04,2579265
0.04,2471000
0.05,2466834
0.05,2466576
0.05,2450485
0.06,2445765
0.06,2443678
0.06,2152284
0.06,2151717
0.07,2143706
0.07,2113929
0.07,2112026
0.07,2086666
0.08,2083067
0.08,2028484
0.08,2026629
0.08,1958103
0.08,1853242
0.09,1818938
0.09,1792300
0.09,1784134
0.1,1685169
0.1,1667591
0.1,1666824
0.11,1661580
0.11,1605303
0.11,1580972
0.12,1572916
0.12,1567319
0.13,1550834
0.14,1544939
0.17,1537614
0.19,1533444
0.19,1518440
0.2,1478673
0.2,1476760
0.2,1471142
0.2,1463317
0.21,1445781
0.22,1433847
0.24,1432901
0.25,1429477
0.25,1417959
0.34,1415659
0.34,1413982
0.37,1411163
0.4,1409313
0.46,1408768
0.56,1404001
0,4146034
0.01,4107910
0.01,4105308
0.01,4076499
0.01,3928253
0.01,3535451
0.01,3474251
0.01,3295671
0.01,3232671
0.02,3098611
0.02,3073126
0.02,3067387
0.02,3034121
0.02,3018051
0.03,2946603
0.03,2701310
0.03,2679471
0.04,2669026
0.04,2652332
0.04,2623542
0.05,2598221
0.05,2579265
0.05,2471000
0.06,2466834
0.06,2466576
0.06,2450485
0.07,2445765
0.07,2443678
0.07,2152284
0.07,2151717
0.08,2143706
0.08,2113929
0.08,2112026
0.08,2086666
0.09,2083067
0.09,2028484
0.09,2026629
0.1,1958103
0.1,1853242
0.1,1818938
0.1,1792300
0.11,1784134
0.11,1685169
0.12,1667591
0.12,1666824
0.12,1661580
0.12,1605303
0.12,1580972
0.13,1572916
0.14,1567319
0.14,1550834
0.16,1544939
0.18,1537614
0.2,1533444
0.2,1518440
0.21,1478673
0.21,1476760
0.21,1471142
0.21,1463317
0.22,1445781
0.23,1433847
0.25,1432901
0.26,1429477
0.26,1417959
0.34,1415659
0.35,1413982
0.37,1411163
0.4,1409313
0.46,1408768
0.55,1404001
