0,3772357
0.01,3630606
0.01,3586494
0.01,3257598
0.01,3255986
0.01,3253117
0.01,3235583
0.01,3230858
0.01,3184440
0.02,2898064
0.02,2854278
0.02,2809503
0.02,2632519
0.02,2598133
0.03,2552359
0.03,2537949
0.03,2520791
0.03,2185841
0.04,2166144
0.04,2164030
0.05,2162179
0.05,2155335
0.05,2139739
0.05,2138479
0.05,2099521
0.06,2083585
0.07,1977416
0.08,1922693
0.09,1922306
0.09,1910433
0.1,1908425
0.11,1902422
0.12,1748442
0.13,1696868
0.13,1696230
0.14,1627001
0.15,1623598
0.16,1621324
0.17,1609646
0.17,1602714
0.19,1601590
0.2,1593687
0.21,1583532
0.21,1560632
0.21,1553478
0.24,1542398
0.26,1537633
0.27,1523966
0.28,1518207
0.28,1516352
0.3,1504826
0.31,1504086
0.33,1502507
0.34,1501386
0.34,1496861
0.34,1495589
0.35,1487512
0.38,1471420
0.39,1469355
0.43,1466366
0.44,1466258
0.44,1450770
0.47,1438648
0.48,1437512
0.51,1435552
0.55,1435226
0.57,1435066
0.6,1430324
0.69,1429584
0,3772357
0.01,3630606
0.01,3586494
0.01,3257598
0.01,3255986
0.02,3253117
0.02,3235583
0.02,3230858
0.02,3184440
0.02,2898064
0.02,2854278
0.03,2809503
0.03,2632519
0.03,2598133
0.04,2552359
0.05,2537949
0.05,2520791
0.05,2185841
0.06,2166144
0.07,2164030
0.08,2162179
0.08,2155335
0.08,2139739
0.17,2138479
0.17,2099521
0.2,2083585
0.22,1977416
0.27,1922693
0.31,1922306
0.34,1910433
0.34,1908425
0.36,1902422
0.37,1748442
0.44,1696868
0.44,1696230
0.52,1627001
0.53,1623598
0.59,1621324
0.62,1609646
0.64,1602714
0.69,1601590
0.74,1593687
0.74,1583532
0.74,1560632
0.76,1553478
0.9,1542398
0.97,1537633
1,1523966
1.07,1518207
1.07,1516352
1.21,1504826
1.26,1504086
1.31,1502507
1.37,1501386
1.38,1496861
1.38,1495589
1.4,1487512
1.49,1471420
1.55,1469355
1.69,1466366
1.71,1466258
1.71,1450770
1.87,1438648
2.04,1437512
2.16,1435552
2.24,1435226
2.3,1435066
2.34,1430324
2.54,1429584
