0,3912384
0,3911220
0.01,3862131
0.01,3770278
0.01,3729558
0.01,3356754
0.01,3338500
0.01,3321940
0.01,3303630
0.01,3297435
0.01,3016038
0.01,3000115
0.01,2959946
0.02,2895073
0.02,2890075
0.02,2889178
0.03,2878481
0.03,2869812
0.03,2858632
0.03,2420463
0.04,2273174
0.04,2257680
0.04,2256889
0.04,2240797
0.04,2239444
0.05,2208982
0.05,2199276
0.05,2199192
0.05,2184028
0.05,2179274
0.06,2168840
0.07,2165302
0.07,2161246
0.07,2152614
0.07,2150422
0.07,2137999
0.07,2136580
0.07,2134330
0.08,2102861
0.08,2065177
0.09,1916076
0.09,1913067
0.1,1898957
0.1,1800919
0.11,1783212
0.11,1773244
0.11,1770363
0.11,1762100
0.13,1761665
0.13,1757148
0.13,1751573
0.13,1741579
0.14,1721748
0.15,1717807
0.16,1702297
0.17,1697175
0.17,1691241
0.19,1687909
0.19,1686575
0.2,1679742
0.21,1545933
0.22,1545365
0.23,1540304
0.23,1537764
0.24,1531027
0.24,1530817
0.24,1529315
0.25,1523897
0.26,1520552
0.27,1518454
0.28,1510101
0.28,1467371
0.34,1460075
0.37,1458820
0.37,1420763
0.47,1418902
0.49,1418463
0.57,1418268
0.57,1417829
0.62,1416693
0.66,1416602
0.68,1415968
0.75,1412532
0.93,1396549
1,1395981
0,3912384
0.01,3911220
0.01,3862131
0.01,3770278
0.01,3729558
0.01,3356754
0.01,3338500
0.01,3321940
0.01,3303630
0.01,3297435
0.01,3016038
0.01,3000115
0.02,2959946
0.02,2895073
0.02,2890075
0.02,2889178
0.02,2878481
0.03,2869812
0.03,2858632
0.03,2420463
0.03,2273174
0.03,2257680
0.04,2256889
0.04,2240797
0.04,2239444
0.04,2208982
0.04,2199276
0.05,2199192
0.05,2184028
0.05,2179274
0.05,2168840
0.06,2165302
0.06,2161246
0.06,2152614
0.06,2150422
0.06,2137999
0.07,2136580
0.07,2134330
0.07,2102861
0.08,2065177
0.08,1916076
0.08,1913067
0.09,1898957
0.09,1800919
0.09,1783212
0.1,1773244
0.1,1770363
0.1,1762100
0.11,1761665
0.12,1757148
0.12,1751573
0.12,1741579
0.13,1721748
0.13,1717807
0.15,1702297
0.15,1697175
0.16,1691241
0.17,1687909
0.18,1686575
0.18,1679742
0.19,1545933
0.2,1545365
0.21,1540304
0.21,1537764
0.22,1531027
0.22,1530817
0.22,1529315
0.23,1523897
0.24,1520552
0.25,1518454
0.26,1510101
0.26,1467371
0.32,1460075
0.35,1458820
0.35,1420763
0.44,1418902
0.45,1418463
0.51,1418268
0.51,1417829
0.55,1416693
0.59,1416602
0.61,1415968
0.67,1412532
0.88,1396549
0.97,1395981
