0,4074367
0.01,3935814
0.01,3920022
0.01,3703711
0.01,3692829
0.01,3689567
0.01,3616563
0.01,3615610
0.02,3466155
0.02,3445987
0.02,3390911
0.02,3318292
0.02,3281381
0.02,3059673
0.02,3058250
0.02,3011943
0.03,2895990
0.03,2888541
0.03,2842823
0.03,2817247
0.03,2812159
0.03,2800379
0.04,2799473
0.04,2798218
0.04,2789094
0.04,2781089
0.04,2745966
0.04,2727596
0.04,2714325
0.04,2577909
0.06,2532366
0.06,2508939
0.06,2476955
0.07,2442861
0.07,2153801
0.08,2107341
0.08,2100045
0.08,2099649
0.08,2084895
0.08,2075634
0.08,2003946
0.08,1987454
0.09,1918894
0.09,1912468
0.09,1855663
0.1,1850128
0.1,1847909
0.1,1820669
0.1,1819175
0.1,1816971
0.1,1796759
0.11,1686750
0.11,1595711
0.11,1588903
0.12,1586010
0.12,1583867
0.13,1578300
0.13,1541662
0.14,1510969
0.14,1505542
0.16,1496289
0.18,1492838
0.2,1484213
0.2,1479085
0.21,1474715
0.21,1465911
0.21,1463158
0.22,1462212
0.24,1453823
0.25,1444668
0.26,1439038
0.27,1436368
0.28,1434015
0.3,1433104
0.3,1431372
0.31,1427193
0.34,1425808
0.36,1423272
0.37,1421286
0.44,1413284
0.48,1406471
0.49,1402439
0.6,1401653
0.65,1401182
0.67,1400614
0.69,1400517
0.82,1400046
0.01,4074367
0.01,3935814
0.01,3920022
0.01,3703711
0.02,3692829
0.02,3689567
0.02,3616563
0.02,3615610
0.03,3466155
0.03,3445987
0.03,3390911
0.03,3318292
0.03,3281381
0.03,3059673
0.03,3058250
0.04,3011943
0.04,2895990
0.04,2888541
0.04,2842823
0.05,2817247
0.05,2812159
0.06,2800379
0.06,2799473
0.06,2798218
0.06,2789094
0.07,2781089
0.07,2745966
0.07,2727596
0.07,2714325
0.08,2577909
0.1,2532366
0.1,2508939
0.1,2476955
0.11,2442861
0.12,2153801
0.12,2107341
0.12,2100045
0.13,2099649
0.13,2084895
0.13,2075634
0.13,2003946
0.13,1987454
0.14,1918894
0.14,1912468
0.15,1855663
0.15,1850128
0.15,1847909
0.15,1820669
0.15,1819175
0.16,1816971
0.16,1796759
0.17,1686750
0.18,1595711
0.18,1588903
0.19,1586010
0.19,1583867
0.2,1578300
0.23,1541662
0.24,1510969
0.26,1505542
0.29,1496289
0.31,1492838
0.34,1484213
0.35,1479085
0.35,1474715
0.36,1465911
0.36,1463158
0.38,1462212
0.4,1453823
0.41,1444668
0.43,1439038
0.44,1436368
0.45,1434015
0.48,1433104
0.48,1431372
0.49,1427193
0.54,1425808
0.61,1423272
0.62,1421286
0.85,1413284
0.91,1406471
0.91,1402439
1.01,1401653
1.06,1401182
1.07,1400614
1.09,1400517
1.22,1400046
