0,3790931
0,3702620
0.01,3682010
0.01,3617781
0.01,3537284
0.01,3522908
0.01,3262621
0.01,3097573
0.01,3092492
0.01,3056918
0.02,2747030
0.02,2727446
0.02,2717945
0.02,2673774
0.03,2637349
0.03,2630646
0.03,2606068
0.03,2582864
0.03,2573142
0.04,2539488
0.04,2302215
0.05,2297651
0.05,2258271
0.05,2256145
0.05,2221907
0.06,2199020
0.07,2184784
0.07,2176076
0.07,2086446
0.08,2052444
0.09,2035657
0.09,2025363
0.09,1902018
0.1,1900777
0.1,1895196
0.1,1777891
0.1,1774914
0.1,1735178
0.1,1715696
0.11,1683271
0.11,1681941
0.12,1663987
0.12,1661036
0.12,1649612
0.12,1639307
0.13,1636418
0.13,1611058
0.14,1575196
0.14,1566084
0.15,1557484
0.16,1547552
0.17,1543561
0.17,1537738
0.17,1533645
0.18,1518418
0.19,1515662
0.19,1514594
0.2,1513360
0.22,1494011
0.25,1493665
0.25,1492517
0.26,1489295
0.27,1481431
0.28,1470470
0.31,1462606
0.36,1460184
0.38,1458302
0.5,1457906
0.54,1455564
0.59,1448020
0.69,1444227
0.76,1444055
0.83,1443487
1.09,1443004
0,3790931
0.01,3702620
0.01,3682010
0.01,3617781
0.01,3537284
0.01,3522908
0.01,3262621
0.01,3097573
0.01,3092492
0.02,3056918
0.02,2747030
0.02,2727446
0.02,2717945
0.02,2673774
0.03,2637349
0.03,2630646
0.03,2606068
0.03,2582864
0.04,2573142
0.04,2539488
0.04,2302215
0.05,2297651
0.05,2258271
0.05,2256145
0.05,2221907
0.06,2199020
0.07,2184784
0.07,2176076
0.07,2086446
0.08,2052444
0.09,2035657
0.09,2025363
0.09,1902018
0.1,1900777
0.1,1895196
0.1,1777891
0.1,1774914
0.1,1735178
0.1,1715696
0.11,1683271
0.11,1681941
0.12,1663987
0.12,1661036
0.12,1649612
0.12,1639307
0.12,1636418
0.13,1611058
0.13,1575196
0.14,1566084
0.15,1557484
0.16,1547552
0.17,1543561
0.17,1537738
0.17,1533645
0.18,1518418
0.19,1515662
0.19,1514594
0.2,1513360
0.22,1494011
0.24,1493665
0.25,1492517
0.26,1489295
0.27,1481431
0.28,1470470
0.3,1462606
0.35,1460184
0.38,1458302
0.49,1457906
0.54,1455564
0.58,1448020
0.68,1444227
0.75,1444055
0.81,1443487
1.07,1443004
