0,3633778
0,3431260
0,3392478
0.01,3379748
0.01,3330338
0.01,3291380
0.01,3208336
0.01,3202657
0.01,3182810
0.01,3058883
0.02,3048514
0.02,2946401
0.02,2796195
0.02,2791825
0.02,2773592
0.02,2643341
0.02,2365734
0.03,2329619
0.03,2237853
0.03,2187542
0.03,2157727
0.04,2136189
0.04,2126570
0.05,2085328
0.05,2073498
0.05,2060179
0.05,1946068
0.07,1940891
0.08,1921070
0.09,1911369
0.09,1908072
0.09,1901957
0.09,1880457
0.09,1872334
0.1,1830955
0.11,1815278
0.11,1795927
0.12,1794936
0.12,1788413
0.12,1780865
0.14,1774484
0.15,1771666
0.16,1769381
0.17,1768257
0.17,1766890
0.18,1755400
0.19,1750467
0.2,1640284
0.21,1637568
0.22,1575820
0.24,1563867
0.28,1559256
0.28,1554623
0.29,1553677
0.3,1549059
0.31,1538455
0.32,1531564
0.32,1524104
0.35,1522295
0.35,1469976
0.37,1469408
0.37,1459258
0.38,1455350
0.43,1453038
0.44,1441496
0.45,1439408
0.45,1428650
0.46,1428114
0.47,1425603
0.47,1423238
0.48,1420121
0.52,1419713
0.55,1415443
0.57,1413014
0.63,1411382
0.65,1410814
0.7,1410714
0.7,1409082
0.85,1408514
0.88,1405947
0.9,1405796
1,1404894
1.1,1404001
1.15,1403850
1.22,1403088
1.31,1400723
1.36,1400710
1.39,1400619
1.39,1398999
1.48,1396549
1.62,1395981
0,3633778
0,3431260
0.01,3392478
0.01,3379748
0.01,3330338
0.01,3291380
0.01,3208336
0.01,3202657
0.01,3182810
0.01,3058883
0.02,3048514
0.02,2946401
0.02,2796195
0.02,2791825
0.03,2773592
0.03,2643341
0.03,2365734
0.03,2329619
0.03,2237853
0.04,2187542
0.04,2157727
0.05,2136189
0.05,2126570
0.06,2085328
0.06,2073498
0.06,2060179
0.06,1946068
0.08,1940891
0.1,1921070
0.1,1911369
0.1,1908072
0.1,1901957
0.1,1880457
0.11,1872334
0.11,1830955
0.13,1815278
0.13,1795927
0.14,1794936
0.14,1788413
0.14,1780865
0.16,1774484
0.16,1771666
0.18,1769381
0.19,1768257
0.19,1766890
0.2,1755400
0.21,1750467
0.22,1640284
0.24,1637568
0.24,1575820
0.26,1563867
0.31,1559256
0.31,1554623
0.32,1553677
0.34,1549059
0.34,1538455
0.35,1531564
0.35,1524104
0.38,1522295
0.38,1469976
0.41,1469408
0.41,1459258
0.41,1455350
0.47,1453038
0.49,1441496
0.49,1439408
0.49,1428650
0.5,1428114
0.51,1425603
0.52,1423238
0.52,1420121
0.56,1419713
0.59,1415443
0.61,1413014
0.67,1411382
0.68,1410814
0.72,1410714
0.73,1409082
0.88,1408514
0.92,1405947
0.94,1405796
1.07,1404894
1.19,1404001
1.26,1403850
1.35,1403088
1.46,1400723
1.53,1400710
1.56,1400619
1.57,1398999
1.68,1396549
1.83,1395981
