0.11,6864873
0.12,6856582
0.13,6790018
0.14,6748827
0.14,6653856
0.16,6628197
0.17,6620120
0.17,6619968
0.17,6601821
0.18,6543959
0.18,6538768
0.19,6535155
0.2,6529955
0.21,6507871
0.21,6413814
0.22,6401618
0.23,6358535
0.25,6268687
0.26,6267829
0.28,6249323
0.29,6224475
0.31,6210873
0.32,6152701
0.34,6132328
0.36,6112880
0.37,6111960
0.37,6110886
0.39,6096440
0.4,6094665
0.42,6094432
0.45,6087401
0.47,6080020
0.48,6054465
0.48,6053175
0.49,6035460
0.5,6014017
0.5,6010757
0.52,6002076
0.52,5960762
0.54,5960121
0.55,5935260
0.6,5854283
0.64,5827624
0.64,5804754
0.66,5788922
0.66,5776513
0.68,5774732
0.69,5771280
0.7,5768630
0.71,5692343
0.71,5654173
0.74,5640224
0.77,5638250
0.78,5627908
0.79,5624742
0.8,5624285
0.8,5623949
0.82,5621588
0.83,5621472
0.86,5619050
0.88,5615998
0.88,5615867
0.89,5607858
0.9,5534165
0.97,5506390
1.03,5498095
1.03,5489929
1.04,5485429
1.05,5479729
1.07,5463843
1.08,5455166
1.08,5447708
1.09,5447601
1.09,5444868
1.1,5427086
1.11,5426112
1.12,5418531
1.15,5417421
1.15,5398372
1.25,5390268
1.27,5381272
1.3,5372537
1.33,5365296
1.34,5337920
1.39,5333631
1.41,5330154
1.41,5328203
1.42,5290459
1.42,5288452
1.46,5277226
1.46,5270068
1.5,5250549
1.51,5242530
1.55,5240383
1.56,5224307
1.56,5221621
1.59,5221529
1.6,5220615
1.61,5212121
1.62,5149247
1.64,5138063
1.67,5119063
1.72,5112968
1.75,5109891
1.75,5084007
1.79,5082478
1.82,5072739
1.86,5036189
1.9,5033678
1.97,4992608
2.06,4989609
2.09,4971637
2.1,4968577
2.11,4928090
2.13,4918588
2.24,4917745
2.26,4905038
2.28,4877703
2.3,4875952
2.31,4865735
2.34,4857422
2.37,4842114
2.41,4822929
2.55,4812871
2.56,4812422
2.57,4812267
2.58,4785048
2.62,4777553
2.63,4771288
2.65,4760785
2.76,4748710
2.88,4746207
2.92,4690486
3.01,4689144
3.02,4606530
3.06,4571572
3.12,4553695
3.23,4543251
3.24,4535822
3.27,4530334
3.32,4510531
3.44,4510381
3.44,4491507
3.45,4481167
3.51,4474880
3.52,4473349
3.52,4470611
3.53,4409477
3.65,4406050
3.66,4404909
3.66,4293742
3.67,4281118
3.69,4281026
3.72,4280675
3.75,4274418
3.83,4268507
3.87,4215558
3.88,4215185
3.9,4204841
3.94,4194504
3.96,4183189
3.99,4163955
4,4149741
4.04,4142909
4.08,4142769
4.08,4139325
4.1,4134298
4.13,4128130
4.13,4126001
4.15,4125763
4.17,4122817
4.18,4122781
4.24,4115347
4.28,4093592
4.33,4092595
4.38,4088587
4.4,4083252
4.42,4082156
4.43,4062322
4.45,4058742
4.51,4056597
4.54,4025145
4.58,4024876
4.62,4022735
4.64,4005605
4.67,4004711
4.68,3951200
4.69,3947330
4.72,3944152
4.72,3943698
4.75,3928750
4.77,3924897
4.77,3892612
4.8,3887578
4.83,3855332
4.83,3849762
4.83,3838339
4.84,3831985
4.84,3828373
4.92,3819053
4.97,3818863
4.99,3779042
4.99,3774791
5.01,3770816
5.02,3758738
5.07,3757241
5.12,3753006
5.12,3698997
5.13,3687266
5.15,3663652
5.15,3657937
5.23,3657417
5.23,3640841
5.39,3636538
5.4,3636041
5.43,3632571
5.44,3622433
5.49,3611364
5.56,3610585
5.58,3597698
5.64,3595697
5.64,3594833
5.66,3583443
5.79,3582280
5.8,3576203
5.83,3572745
5.86,3568722
5.87,3563681
5.9,3560123
5.97,3554676
6.01,3552241
6.05,3549895
6.08,3545164
6.11,3487717
6.2,3455295
6.21,3455035
6.22,3436332
6.24,3427850
6.25,3427060
6.3,3424147
6.3,3423174
6.31,3421800
6.33,3420259
6.33,3414405
6.35,3409402
6.37,3407591
6.4,3404828
6.43,3401366
6.47,3384375
6.53,3375611
6.55,3375185
6.58,3375038
6.6,3369866
6.63,3363563
6.71,3363041
6.75,3358578
6.79,3354131
6.79,3351708
6.87,3344040
6.88,3341252
6.93,3341108
6.94,3336749
7.05,3323045
7.06,3317582
7.09,3316397
7.2,3314835
7.24,3301733
7.27,3296623
7.3,3290913
7.34,3288756
7.37,3288194
7.42,3286052
7.43,3279346
7.55,3278914
7.55,3278437
7.57,3277617
7.59,3272453
7.6,3270527
7.61,3265414
7.62,3224119
7.67,3194118
7.75,3174733
7.79,3156819
7.87,3154266
7.88,3143194
7.94,3132009
7.98,3131941
7.98,3117291
8.03,3115552
8.04,3114881
8.08,3108517
8.19,3103520
8.19,3103194
8.19,3095529
8.39,3084463
8.43,3078022
8.43,3075297
8.45,3072702
8.46,3070660
8.47,3056290
8.54,3046031
8.56,3043285
8.64,3035282
8.68,3029359
8.71,3028620
8.71,3028211
8.72,3027243
8.77,3027240
8.86,3005356
8.88,3005229
8.99,2980926
9.03,2969047
9.05,2962619
9.09,2901583
9.1,2855061
9.19,2853702
9.2,2853160
9.21,2848901
9.24,2846585
9.27,2840598
9.33,2830768
9.38,2830480
9.4,2824331
9.41,2824213
9.47,2813939
9.49,2812408
9.49,2808575
9.5,2793837
9.51,2793347
9.51,2783897
9.51,2782651
9.54,2779387
9.54,2774291
9.56,2772930
9.62,2764692
9.64,2763364
9.64,2761875
9.65,2751458
9.71,2750717
9.75,2749122
9.79,2747289
9.82,2739161
9.83,2738853
9.84,2736971
9.91,2722961
9.99,2722779
10.06,2712944
10.38,2712474
10.42,2711937
10.46,2710356
10.58,2701796
10.63,2697591
10.65,2696151
10.92,2692417
11.07,2690677
11.07,2686403
11.08,2684824
11.3,2683850
11.33,2621462
11.41,2620343
11.42,2615833
11.42,2613076
11.44,2611911
11.46,2611608
11.51,2607680
11.57,2606222
11.58,2596066
11.61,2595644
11.66,2595288
11.66,2589836
11.7,2586426
11.73,2583709
11.77,2578368
11.83,2576166
11.94,2569505
11.95,2566246
11.95,2561719
12.1,2555698
12.12,2552785
12.29,2551612
12.32,2550670
12.33,2549219
12.34,2549179
12.35,2549119
12.43,2548949
12.44,2546086
12.45,2546052
12.46,2542658
12.47,2533849
12.56,2530797
12.57,2495343
12.59,2494727
12.63,2491737
12.63,2464237
12.67,2462482
12.78,2461296
12.8,2459338
12.81,2454005
12.81,2444812
12.92,2419970
13.22,2417464
13.22,2414574
13.27,2411936
13.28,2409599
13.28,2408228
13.32,2402699
13.34,2401524
13.4,2400892
13.44,2398826
13.45,2398205
13.52,2394887
13.52,2393128
13.59,2392093
13.61,2381764
13.73,2375429
13.77,2374033
13.77,2367559
13.84,2366266
13.86,2359017
13.91,2358773
13.99,2354638
14.1,2351969
14.11,2346223
14.16,2327092
14.24,2325233
14.24,2324639
14.25,2319838
14.26,2319790
14.27,2317103
14.27,2316193
14.39,2313888
14.46,2312846
14.49,2292520
14.54,2292046
14.57,2283715
14.64,2283597
14.64,2277886
14.65,2275785
14.69,2274604
14.74,2273837
14.78,2271193
14.84,2269089
14.92,2264613
14.93,2263490
14.95,2261418
14.97,2257504
15.06,2254537
15.06,2253626
15.14,2248248
15.2,2241400
15.26,2208896
15.29,2208779
15.37,2207078
15.39,2202125
15.41,2198857
15.46,2179308
15.48,2175546
15.54,2175503
15.6,2174533
15.62,2164754
15.7,2164121
15.77,2159803
15.78,2157217
15.81,2153967
15.82,2150720
15.83,2144365
15.95,2143105
15.96,2138356
16.06,2134812
16.08,2123950
16.13,2111343
16.14,2110336
16.21,2106721
16.22,2104823
16.24,2096609
16.3,2095560
16.33,2088318
16.45,2087182
16.58,2078268
16.59,2076512
16.67,2055240
16.71,2054317
16.72,2051064
16.78,2050790
16.81,2050603
16.91,2050251
16.92,2049220
17.03,2045132
17.06,2038626
17.11,2037107
17.12,2033550
17.18,2032161
17.44,2031690
17.49,2030283
17.71,2028975
17.76,2028641
17.8,2028580
17.83,2026480
17.84,2025465
18.01,2024499
18.05,2021773
18.05,2021169
18.08,2021132
18.23,2020405
18.27,2019926
18.3,2018958
18.34,2016807
18.37,2014002
18.38,2013872
18.42,2007973
18.53,1999345
18.53,1995894
18.56,1995065
18.6,1993645
18.62,1988045
18.78,1982608
18.87,1982560
18.88,1973905
18.93,1971964
19.08,1965656
19.09,1963115
19.16,1962713
19.18,1962119
19.3,1959799
19.5,1956214
19.53,1954324
19.55,1953636
19.57,1951144
19.65,1950204
19.65,1949726
19.66,1927614
19.88,1925345
0.1,6864873
0.12,6856582
0.13,6790018
0.14,6748827
0.14,6653856
0.17,6628197
0.18,6620120
0.18,6619968
0.18,6601821
0.18,6543959
0.19,6538768
0.19,6535155
0.21,6529955
0.22,6507871
0.22,6413814
0.23,6401618
0.24,6358535
0.26,6268687
0.29,6267829
0.32,6249323
0.34,6224475
0.37,6210873
0.37,6152701
0.41,6132328
0.43,6112880
0.43,6111960
0.44,6110886
0.46,6096440
0.48,6094665
0.5,6094432
0.52,6087401
0.55,6080020
0.56,6054465
0.56,6053175
0.57,6035460
0.58,6014017
0.58,6010757
0.6,6002076
0.6,5960762
0.62,5960121
0.63,5935260
0.68,5854283
0.71,5827624
0.72,5804754
0.73,5788922
0.73,5776513
0.75,5774732
0.76,5771280
0.76,5768630
0.78,5692343
0.78,5654173
0.8,5640224
0.83,5638250
0.84,5627908
0.85,5624742
0.86,5624285
0.87,5623949
0.88,5621588
0.89,5621472
0.92,5619050
0.94,5615998
0.94,5615867
0.95,5607858
0.96,5534165
1.03,5506390
1.09,5498095
1.09,5489929
1.1,5485429
1.12,5479729
1.14,5463843
1.14,5455166
1.15,5447708
1.15,5447601
1.16,5444868
1.17,5427086
1.18,5426112
1.19,5418531
1.21,5417421
1.21,5398372
1.3,5390268
1.32,5381272
1.34,5372537
1.35,5365296
1.36,5337920
1.41,5333631
1.43,5330154
1.43,5328203
1.45,5290459
1.45,5288452
1.49,5277226
1.49,5270068
1.55,5250549
1.56,5242530
1.6,5240383
1.6,5224307
1.61,5221621
1.64,5221529
1.66,5220615
1.66,5212121
1.68,5149247
1.69,5138063
1.73,5119063
1.78,5112968
1.81,5109891
1.82,5084007
1.85,5082478
1.89,5072739
1.98,5036189
2.03,5033678
2.11,4992608
2.19,4989609
2.22,4971637
2.23,4968577
2.23,4928090
2.26,4918588
2.31,4917745
2.33,4905038
2.35,4877703
2.37,4875952
2.38,4865735
2.4,4857422
2.44,4842114
2.47,4822929
2.6,4812871
2.62,4812422
2.62,4812267
2.63,4785048
2.67,4777553
2.68,4771288
2.7,4760785
2.73,4748710
2.84,4746207
2.87,4690486
2.96,4689144
2.97,4606530
3.02,4571572
3.06,4553695
3.1,4543251
3.11,4535822
3.14,4530334
3.19,4510531
3.31,4510381
3.31,4491507
3.31,4481167
3.38,4474880
3.39,4473349
3.39,4470611
3.4,4409477
3.45,4406050
3.46,4404909
3.46,4293742
3.47,4281118
3.49,4281026
3.52,4280675
3.55,4274418
3.63,4268507
3.67,4215558
3.69,4215185
3.7,4204841
3.74,4194504
3.76,4183189
3.8,4163955
3.8,4149741
3.84,4142909
3.88,4142769
3.88,4139325
3.9,4134298
3.93,4128130
3.93,4126001
3.95,4125763
3.97,4122817
3.98,4122781
4.04,4115347
4.08,4093592
4.14,4092595
4.19,4088587
4.21,4083252
4.23,4082156
4.24,4062322
4.26,4058742
4.33,4056597
4.35,4025145
4.39,4024876
4.44,4022735
4.46,4005605
4.49,4004711
4.5,3951200
4.51,3947330
4.54,3944152
4.54,3943698
4.57,3928750
4.59,3924897
4.59,3892612
4.63,3887578
4.65,3855332
4.65,3849762
4.65,3838339
4.66,3831985
4.67,3828373
4.75,3819053
4.8,3818863
4.82,3779042
4.83,3774791
4.84,3770816
4.85,3758738
4.9,3757241
4.95,3753006
4.96,3698997
4.96,3687266
4.99,3663652
4.99,3657937
5.07,3657417
5.07,3640841
5.25,3636538
5.26,3636041
5.29,3632571
5.3,3622433
5.36,3611364
5.43,3610585
5.45,3597698
5.5,3595697
5.51,3594833
5.53,3583443
5.67,3582280
5.68,3576203
5.7,3572745
5.73,3568722
5.75,3563681
5.78,3560123
5.86,3554676
5.89,3552241
5.93,3549895
5.95,3545164
5.96,3487717
6.02,3455295
6.04,3455035
6.04,3436332
6.06,3427850
6.07,3427060
6.12,3424147
6.12,3423174
6.13,3421800
6.15,3420259
6.15,3414405
6.17,3409402
6.2,3407591
6.23,3404828
6.26,3401366
6.3,3384375
6.35,3375611
6.38,3375185
6.41,3375038
6.43,3369866
6.46,3363563
6.55,3363041
6.59,3358578
6.63,3354131
6.64,3351708
6.71,3344040
6.73,3341252
6.77,3341108
6.78,3336749
6.92,3323045
6.93,3317582
6.95,3316397
7.07,3314835
7.12,3301733
7.15,3296623
7.19,3290913
7.23,3288756
7.26,3288194
7.31,3286052
7.32,3279346
7.43,3278914
7.44,3278437
7.46,3277617
7.48,3272453
7.49,3270527
7.5,3265414
7.52,3224119
7.55,3194118
7.62,3174733
7.65,3156819
7.72,3154266
7.73,3143194
7.78,3132009
7.83,3131941
7.83,3117291
7.88,3115552
7.89,3114881
7.92,3108517
8.02,3103520
8.03,3103194
8.03,3095529
8.19,3084463
8.22,3078022
8.23,3075297
8.24,3072702
8.25,3070660
8.27,3056290
8.33,3046031
8.35,3043285
8.41,3035282
8.44,3029359
8.46,3028620
8.46,3028211
8.47,3027243
8.51,3027240
8.59,3005356
8.61,3005229
8.71,2980926
8.75,2969047
8.76,2962619
8.8,2901583
8.81,2855061
8.87,2853702
8.88,2853160
8.88,2848901
8.91,2846585
8.93,2840598
8.98,2830768
9.03,2830480
9.05,2824331
9.06,2824213
9.11,2813939
9.13,2812408
9.13,2808575
9.14,2793837
9.15,2793347
9.15,2783897
9.15,2782651
9.17,2779387
9.18,2774291
9.2,2772930
9.25,2764692
9.27,2763364
9.27,2761875
9.28,2751458
9.32,2750717
9.35,2749122
9.38,2747289
9.41,2739161
9.41,2738853
9.42,2736971
9.47,2722961
9.53,2722779
9.59,2712944
9.84,2712474
9.86,2711937
9.89,2710356
9.98,2701796
10.02,2697591
10.04,2696151
10.29,2692417
10.41,2690677
10.41,2686403
10.42,2684824
10.54,2683850
10.57,2621462
10.62,2620343
10.62,2615833
10.62,2613076
10.64,2611911
10.65,2611608
10.66,2607680
10.72,2606222
10.73,2596066
10.76,2595644
10.79,2595288
10.8,2589836
10.83,2586426
10.86,2583709
10.9,2578368
10.97,2576166
11.07,2569505
11.08,2566246
11.09,2561719
11.24,2555698
11.25,2552785
11.41,2551612
11.45,2550670
11.45,2549219
11.47,2549179
11.48,2549119
11.56,2548949
11.58,2546086
11.59,2546052
11.59,2542658
11.61,2533849
11.71,2530797
11.73,2495343
11.75,2494727
11.79,2491737
11.8,2464237
11.84,2462482
11.93,2461296
11.94,2459338
11.95,2454005
11.95,2444812
12.06,2419970
12.35,2417464
12.35,2414574
12.41,2411936
12.42,2409599
12.43,2408228
12.47,2402699
12.49,2401524
12.54,2400892
12.59,2398826
12.59,2398205
12.68,2394887
12.68,2393128
12.79,2392093
12.82,2381764
12.94,2375429
12.98,2374033
12.99,2367559
13.06,2366266
13.09,2359017
13.27,2358773
13.47,2354638
13.67,2351969
13.69,2346223
13.74,2327092
13.84,2325233
13.84,2324639
13.85,2319838
13.86,2319790
13.88,2317103
13.88,2316193
14.14,2313888
14.22,2312846
14.24,2292520
14.3,2292046
14.32,2283715
14.39,2283597
14.39,2277886
14.4,2275785
14.43,2274604
14.49,2273837
14.53,2271193
14.58,2269089
14.66,2264613
14.67,2263490
14.69,2261418
14.71,2257504
14.79,2254537
14.8,2253626
14.87,2248248
14.93,2241400
14.99,2208896
15.02,2208779
15.1,2207078
15.12,2202125
15.14,2198857
15.19,2179308
15.21,2175546
15.27,2175503
15.32,2174533
15.34,2164754
15.42,2164121
15.49,2159803
15.5,2157217
15.53,2153967
15.54,2150720
15.55,2144365
15.66,2143105
15.67,2138356
15.76,2134812
15.78,2123950
15.83,2111343
15.84,2110336
15.9,2106721
15.91,2104823
15.93,2096609
15.98,2095560
16.01,2088318
16.12,2087182
16.24,2078268
16.25,2076512
16.33,2055240
16.37,2054317
16.39,2051064
16.46,2050790
16.5,2050603
16.58,2050251
16.6,2049220
16.71,2045132
16.74,2038626
16.82,2037107
16.83,2033550
16.9,2032161
17.23,2031690
17.29,2030283
17.54,2028975
17.59,2028641
17.63,2028580
17.66,2026480
17.67,2025465
17.88,2024499
17.92,2021773
17.93,2021169
17.95,2021132
18.1,2020405
18.15,2019926
18.18,2018958
18.22,2016807
18.25,2014002
18.26,2013872
18.33,2007973
18.45,1999345
18.45,1995894
18.48,1995065
18.54,1993645
18.55,1988045
18.71,1982608
18.8,1982560
18.81,1973905
18.85,1971964
19,1965656
19.01,1963115
19.08,1962713
19.1,1962119
19.23,1959799
19.43,1956214
19.47,1954324
19.5,1953636
19.52,1951144
19.6,1950204
19.6,1949726
19.62,1927614
19.83,1925345
