0.13,6994624
0.13,6946247
0.13,6882449
0.14,6832334
0.15,6766606
0.18,6653821
0.2,6639136
0.24,6597850
0.25,6582708
0.26,6574592
0.28,6573903
0.3,6474772
0.32,6458554
0.33,6357185
0.33,6307356
0.36,6302874
0.36,6296358
0.37,6277801
0.42,6269656
0.42,6242919
0.43,6223924
0.48,6221602
0.48,6198710
0.49,6120232
0.54,6113312
0.55,6070188
0.55,6069784
0.56,6055405
0.57,6036272
0.59,6022994
0.64,6012137
0.69,5927944
0.69,5927288
0.7,5917238
0.72,5914220
0.73,5911508
0.74,5898968
0.75,5897512
0.81,5891080
0.82,5889423
0.82,5884094
0.83,5876238
0.83,5871986
0.84,5857440
0.85,5853782
0.86,5832158
0.91,5801225
0.96,5797659
0.97,5796729
0.99,5795221
1.01,5771682
1.02,5727415
1.04,5717280
1.04,5623900
1.05,5614921
1.06,5606100
1.07,5603025
1.07,5600910
1.08,5585720
1.1,5577205
1.1,5576212
1.13,5553110
1.15,5540627
1.19,5476874
1.24,5466387
1.28,5430202
1.28,5427319
1.31,5424197
1.31,5422097
1.35,5421629
1.37,5419864
1.38,5405445
1.39,5393022
1.4,5377855
1.42,5357384
1.45,5354595
1.46,5329092
1.48,5323198
1.5,5310652
1.53,5306251
1.54,5305849
1.58,5288819
1.6,5280356
1.61,5244746
1.66,5234561
1.72,5223392
1.76,5196424
1.77,5155282
1.87,5152813
1.88,5073922
1.88,5061047
1.91,5057590
1.93,5014241
1.95,5012635
1.95,5011798
1.95,5008802
1.99,5005236
2,4928378
2.05,4915263
2.06,4913212
2.07,4907427
2.08,4904216
2.08,4885418
2.08,4884893
2.08,4881481
2.11,4867056
2.12,4866890
2.13,4845900
2.14,4813396
2.24,4805980
2.25,4794720
2.26,4764362
2.4,4744042
2.43,4741768
2.46,4741499
2.46,4730416
2.47,4689687
2.52,4689296
2.56,4618390
2.58,4612202
2.58,4593998
2.59,4593631
2.59,4592515
2.6,4589100
2.65,4588168
2.67,4549557
2.75,4532389
2.77,4525751
2.77,4498450
2.98,4489941
3.05,4486956
3.07,4486110
3.12,4485975
3.13,4475682
3.15,4469981
3.19,4381936
3.21,4381884
3.21,4381210
3.22,4380478
3.22,4364492
3.28,4358528
3.34,4346949
3.37,4329393
3.53,4327950
3.54,4311935
3.57,4224842
3.63,4196591
3.64,4191241
3.66,4164154
3.73,4163650
3.73,4110844
3.79,4110169
3.81,4107933
3.82,4082847
3.84,4068836
3.85,4063950
3.86,4059633
3.88,4053368
3.92,4053336
3.96,4030459
3.98,4029366
3.98,4027063
3.99,4024580
4.03,4006614
4.04,4004243
4.06,4003965
4.07,4003842
4.08,4002022
4.1,3979168
4.1,3957234
4.13,3954292
4.15,3945165
4.18,3935897
4.18,3924536
4.19,3825055
4.3,3821330
4.32,3811625
4.32,3811131
4.35,3810657
4.36,3809470
4.41,3774289
4.52,3761752
4.59,3758196
4.61,3751886
4.64,3751578
4.66,3743138
4.68,3684689
4.73,3677673
4.73,3666720
4.77,3662885
4.8,3656131
4.84,3647991
4.85,3637739
4.85,3634641
4.87,3634476
4.91,3634198
4.92,3628854
4.96,3624990
4.98,3622069
4.98,3618160
5,3611728
5.05,3609354
5.12,3595303
5.19,3582127
5.21,3581403
5.23,3578085
5.25,3574573
5.33,3573664
5.39,3566355
5.39,3550686
5.46,3550675
5.48,3550537
5.52,3550261
5.53,3536930
5.53,3536216
5.54,3522648
5.57,3519441
5.59,3518410
5.6,3514994
5.6,3514052
5.68,3512058
5.75,3509472
5.83,3507953
5.89,3503394
5.91,3490448
6.06,3488325
6.09,3482233
6.1,3481854
6.13,3477967
6.19,3460847
6.22,3434809
6.39,3434587
6.59,3433302
6.59,3424556
6.63,3423736
6.73,3421387
6.73,3421012
6.73,3383310
6.79,3380001
6.86,3323947
6.86,3322679
6.9,3321150
6.95,3317953
6.99,3286960
7.23,3285544
7.29,3282227
7.39,3251019
7.46,3250821
7.48,3249128
7.77,3241878
7.78,3233789
7.8,3189470
7.85,3186733
7.89,3183836
7.89,3182640
7.9,3180715
7.95,3178286
7.96,3175007
8.17,3173675
8.36,3170408
8.39,3159937
8.66,3158457
8.8,3155821
8.92,3148141
9.07,3138859
9.09,3137262
9.1,3109178
9.14,3108912
9.15,3108044
9.17,3107590
9.21,3107059
9.23,3106345
9.29,3106220
9.32,3103367
9.78,3101242
9.8,3099538
9.81,3097225
9.87,3097195
9.87,3091340
9.92,3090731
10,3087937
10.07,3066847
10.26,3065554
10.32,3053431
10.39,3049130
10.51,3045606
10.55,3011258
10.95,3001354
10.96,2998660
10.97,2996023
11.01,2994558
11.09,2987210
11.24,2986857
11.47,2986810
11.5,2984880
11.54,2984080
11.56,2979722
11.57,2978981
11.58,2978250
11.62,2972343
11.7,2964851
11.71,2963046
11.81,2946458
11.83,2937260
11.89,2932973
11.96,2930034
12.12,2928242
12.32,2914735
12.46,2907236
12.56,2905085
12.67,2904648
12.69,2902428
12.7,2901938
12.73,2901125
12.8,2899762
12.95,2892796
13.05,2869212
13.11,2858424
13.3,2849043
13.45,2839298
13.51,2835790
13.51,2835743
13.53,2832419
13.57,2822820
13.65,2814849
13.7,2813462
13.85,2810974
13.88,2804752
14.14,2797767
14.56,2795561
14.65,2790595
14.85,2790008
14.88,2789992
14.93,2787186
15.04,2777991
15.21,2712423
15.23,2710922
15.25,2707068
15.44,2699976
15.44,2696505
15.52,2694394
15.52,2693151
15.57,2693088
15.57,2690405
15.6,2686364
15.6,2685966
15.7,2685051
15.71,2676272
15.72,2671911
15.77,2666192
15.83,2662732
15.84,2659609
15.99,2657863
16.11,2657385
16.12,2656853
16.18,2656140
16.19,2655235
16.24,2644692
16.35,2641168
16.35,2639404
16.4,2635465
16.44,2624283
16.51,2620303
16.63,2615105
16.65,2614217
16.84,2594603
16.91,2594383
17.05,2592778
17.05,2591094
17.06,2588668
17.08,2586731
17.12,2585150
17.17,2578574
17.2,2577319
17.28,2576719
17.35,2576333
17.39,2563840
17.46,2561623
17.53,2556288
17.6,2555951
17.74,2554756
17.79,2554305
17.81,2553911
17.84,2552497
17.87,2550944
18,2548086
18.07,2548062
18.08,2533296
18.08,2528104
18.25,2527827
18.36,2525924
18.36,2510991
18.38,2510662
18.39,2505792
18.79,2503513
18.84,2503476
18.87,2502788
18.87,2499482
18.95,2499064
19.01,2495148
19.04,2495039
19.07,2493168
19.11,2491755
19.23,2490789
19.27,2479691
19.31,2473353
19.31,2467890
19.35,2467086
19.36,2453799
19.52,2446249
19.71,2431061
19.83,2418960
19.86,2398064
19.95,2396124
0.11,6994624
0.11,6946247
0.12,6882449
0.12,6832334
0.13,6766606
0.14,6653821
0.15,6639136
0.16,6597850
0.17,6582708
0.18,6574592
0.19,6573903
0.2,6474772
0.21,6458554
0.21,6357185
0.22,6307356
0.23,6302874
0.24,6296358
0.24,6277801
0.27,6269656
0.28,6242919
0.28,6223924
0.32,6221602
0.32,6198710
0.32,6120232
0.36,6113312
0.36,6070188
0.37,6069784
0.38,6055405
0.38,6036272
0.39,6022994
0.41,6012137
0.44,5927944
0.44,5927288
0.45,5917238
0.46,5914220
0.47,5911508
0.48,5898968
0.49,5897512
0.54,5891080
0.55,5889423
0.55,5884094
0.55,5876238
0.56,5871986
0.56,5857440
0.57,5853782
0.58,5832158
0.62,5801225
0.65,5797659
0.66,5796729
0.67,5795221
0.68,5771682
0.69,5727415
0.7,5717280
0.71,5623900
0.72,5614921
0.72,5606100
0.74,5603025
0.74,5600910
0.75,5585720
0.76,5577205
0.77,5576212
0.78,5553110
0.8,5540627
0.82,5476874
0.85,5466387
0.87,5430202
0.87,5427319
0.88,5424197
0.88,5422097
0.9,5421629
0.91,5419864
0.92,5405445
0.92,5393022
0.94,5377855
0.96,5357384
0.98,5354595
0.99,5329092
1.01,5323198
1.03,5310652
1.06,5306251
1.06,5305849
1.1,5288819
1.12,5280356
1.13,5244746
1.18,5234561
1.22,5223392
1.24,5196424
1.25,5155282
1.32,5152813
1.32,5073922
1.32,5061047
1.35,5057590
1.36,5014241
1.39,5012635
1.39,5011798
1.39,5008802
1.43,5005236
1.43,4928378
1.49,4915263
1.5,4913212
1.51,4907427
1.51,4904216
1.51,4885418
1.51,4884893
1.51,4881481
1.54,4867056
1.55,4866890
1.56,4845900
1.57,4813396
1.64,4805980
1.65,4794720
1.65,4764362
1.75,4744042
1.78,4741768
1.81,4741499
1.82,4730416
1.82,4689687
1.87,4689296
1.91,4618390
1.93,4612202
1.94,4593998
1.94,4593631
1.94,4592515
1.96,4589100
2,4588168
2.01,4549557
2.07,4532389
2.08,4525751
2.08,4498450
2.2,4489941
2.27,4486956
2.29,4486110
2.34,4485975
2.35,4475682
2.41,4469981
2.52,4381936
2.56,4381884
2.57,4381210
2.59,4380478
2.6,4364492
2.75,4358528
2.79,4346949
2.8,4329393
2.88,4327950
2.89,4311935
2.93,4224842
2.98,4196591
2.99,4191241
3.01,4164154
3.09,4163650
3.09,4110844
3.15,4110169
3.24,4107933
3.26,4082847
3.3,4068836
3.34,4063950
3.36,4059633
3.38,4053368
3.43,4053336
3.48,4030459
3.49,4029366
3.5,4027063
3.5,4024580
3.56,4006614
3.56,4004243
3.58,4003965
3.59,4003842
3.6,4002022
3.62,3979168
3.62,3957234
3.65,3954292
3.66,3945165
3.7,3935897
3.7,3924536
3.71,3825055
3.89,3821330
3.91,3811625
3.91,3811131
3.92,3810657
3.93,3809470
3.94,3774289
4.01,3761752
4.07,3758196
4.08,3751886
4.1,3751578
4.12,3743138
4.14,3684689
4.18,3677673
4.19,3666720
4.22,3662885
4.26,3656131
4.3,3647991
4.31,3637739
4.32,3634641
4.36,3634476
4.41,3634198
4.42,3628854
4.47,3624990
4.49,3622069
4.5,3618160
4.51,3611728
4.56,3609354
4.63,3595303
4.71,3582127
4.75,3581403
4.79,3578085
4.83,3574573
4.92,3573664
4.98,3566355
4.98,3550686
5.05,3550675
5.07,3550537
5.12,3550261
5.13,3536930
5.13,3536216
5.14,3522648
5.18,3519441
5.19,3518410
5.21,3514994
5.21,3514052
5.36,3512058
5.42,3509472
5.47,3507953
5.5,3503394
5.51,3490448
5.64,3488325
5.67,3482233
5.69,3481854
5.72,3477967
5.78,3460847
5.8,3434809
5.92,3434587
6.08,3433302
6.08,3424556
6.12,3423736
6.22,3421387
6.22,3421012
6.22,3383310
6.28,3380001
6.35,3323947
6.36,3322679
6.39,3321150
6.44,3317953
6.46,3286960
6.56,3285544
6.62,3282227
6.72,3251019
6.77,3250821
6.78,3249128
6.86,3241878
6.87,3233789
6.88,3189470
6.92,3186733
6.96,3183836
6.96,3182640
6.97,3180715
7.01,3178286
7.02,3175007
7.05,3173675
7.18,3170408
7.2,3159937
7.3,3158457
7.34,3155821
7.37,3148141
7.41,3138859
7.42,3137262
7.42,3109178
7.45,3108912
7.46,3108044
7.48,3107590
7.52,3107059
7.54,3106345
7.59,3106220
7.61,3103367
7.82,3101242
7.85,3099538
7.86,3097225
7.91,3097195
7.91,3091340
7.95,3090731
8.02,3087937
8.05,3066847
8.08,3065554
8.13,3053431
8.18,3049130
8.28,3045606
8.31,3011258
8.44,3001354
8.44,2998660
8.45,2996023
8.49,2994558
8.51,2987210
8.59,2986857
8.76,2986810
8.79,2984880
8.82,2984080
8.84,2979722
8.85,2978981
8.86,2978250
8.9,2972343
8.98,2964851
8.99,2963046
9.08,2946458
9.11,2937260
9.15,2932973
9.22,2930034
9.32,2928242
9.4,2914735
9.48,2907236
9.52,2905085
9.55,2904648
9.56,2902428
9.56,2901938
9.58,2901125
9.63,2899762
9.67,2892796
9.72,2869212
9.73,2858424
9.78,2849043
9.89,2839298
9.93,2835790
9.93,2835743
9.95,2832419
9.99,2822820
10.06,2814849
10.11,2813462
10.23,2810974
10.25,2804752
10.5,2797767
10.75,2795561
10.81,2790595
10.89,2790008
10.91,2789992
10.94,2787186
10.97,2777991
11.05,2712423
11.07,2710922
11.08,2707068
11.15,2699976
11.15,2696505
11.21,2694394
11.21,2693151
11.26,2693088
11.26,2690405
11.28,2686364
11.29,2685966
11.37,2685051
11.38,2676272
11.39,2671911
11.44,2666192
11.5,2662732
11.51,2659609
11.65,2657863
11.76,2657385
11.76,2656853
11.82,2656140
11.84,2655235
11.89,2644692
12,2641168
12,2639404
12.05,2635465
12.08,2624283
12.14,2620303
12.26,2615105
12.28,2614217
12.45,2594603
12.49,2594383
12.58,2592778
12.59,2591094
12.6,2588668
12.62,2586731
12.66,2585150
12.71,2578574
12.75,2577319
12.82,2576719
12.89,2576333
12.92,2563840
12.99,2561623
13.06,2556288
13.12,2555951
13.26,2554756
13.3,2554305
13.32,2553911
13.35,2552497
13.38,2550944
13.51,2548086
13.57,2548062
13.58,2533296
13.58,2528104
13.64,2527827
13.71,2525924
13.71,2510991
13.73,2510662
13.73,2505792
14.01,2503513
14.05,2503476
14.08,2502788
14.08,2499482
14.15,2499064
14.21,2495148
14.24,2495039
14.27,2493168
14.3,2491755
14.43,2490789
14.47,2479691
14.5,2473353
14.5,2467890
14.53,2467086
14.54,2453799
14.69,2446249
14.88,2431061
14.99,2418960
15.02,2398064
15.1,2396124
15.15,2386772
15.28,2386353
15.29,2385905
15.33,2385892
15.42,2383301
15.47,2380580
15.48,2371157
15.48,2363486
15.52,2318773
15.62,2318703
15.63,2303915
15.79,2301727
15.81,2301520
15.88,2278211
15.97,2278150
15.99,2273562
16.07,2271584
16.1,2269888
16.11,2259719
16.14,2259344
16.22,2257726
16.25,2256887
16.31,2256032
16.39,2249520
16.45,2244101
16.51,2236263
16.52,2221904
16.57,2221453
16.6,2215661
16.67,2215203
16.69,2192656
16.72,2180371
16.77,2171755
16.9,2170700
16.91,2168931
16.97,2166633
17.03,2164196
17.05,2152741
17.15,2133358
17.31,2132224
17.34,2109395
17.35,2109347
17.36,2109036
17.37,2106985
17.42,2106707
17.43,2104971
17.44,2104753
17.45,2104693
17.52,2098447
17.74,2081111
17.84,2080369
17.89,2080344
17.91,2079437
17.91,2055318
18.15,2050848
18.15,2048617
18.27,2047789
18.31,2047693
18.32,2024510
18.37,2022551
18.45,2020776
18.45,2020454
18.52,2020203
18.54,2019539
18.66,2017711
18.72,2016766
18.72,2007778
18.83,2003453
18.91,1998851
18.94,1997718
18.95,1996115
18.99,1995812
19.01,1995455
19.03,1993116
19.22,1981649
19.28,1981597
19.49,1980451
19.66,1976185
19.71,1973542
19.98,1966781
20,1961234
