0.07,7005374
0.58,6919545
0.73,6899453
0.8,6855465
1.09,6776809
1.38,6748442
3.11,6693808
4.12,6638572
5.43,6562555
6.21,6315274
6.43,6109079
6.92,6069149
7.26,5870306
7.41,5239266
7.62,5185108
7.76,5000942
7.91,4628842
8.12,4328281
8.4,4297499
8.47,4008424
8.54,3952127
8.61,3453894
8.82,3261880
8.89,3071597
8.97,3025560
9.11,2994149
9.18,2931849
9.25,2682875
9.32,2423610
9.39,2401335
9.46,2325872
9.61,2157077
9.68,2104490
9.89,1990300
10.18,1936340
10.25,1834565
10.32,1759592
10.39,1695329
10.54,1564850
10.61,1556412
10.68,1497187
10.82,1479724
10.89,1447255
10.96,1406089
11.03,1393081
11.11,1312617
11.18,1283517
11.32,1253257
11.46,1214959
11.68,1212328
11.75,1211375
11.82,1185454
11.89,1151501
11.96,1116090
12.18,1114232
12.25,1101818
12.32,1072068
12.39,1060725
12.46,1044363
12.6,1031291
12.67,1012701
12.75,1010967
12.9,1000800
13.04,993784
13.12,983031
13.34,982143
13.41,979742
13.49,971728
13.56,969996
13.64,960987
13.71,956347
13.79,951482
13.86,943647
13.93,942088
14.01,933977
14.08,933038
14.16,931982
14.24,930724
14.32,929835
14.39,929659
14.47,928129
14.54,926482
14.61,925384
14.69,924199
14.77,923293
14.84,922715
14.91,922150
14.99,920654
15.06,920500
15.14,917724
15.21,915634
15.29,914769
15.36,914415
15.43,912887
15.51,911433
15.58,910922
15.66,910183
15.81,910157
15.88,909434
15.95,908482
16.1,907601
16.17,907553
16.25,905940
16.32,905149
16.54,904656
16.91,904319
16.98,903960
17.06,903877
17.28,902577
17.5,902133
17.64,900638
17.87,899749
17.94,899081
18.01,897137
18.09,896055
18.31,895406
18.45,894965
18.53,893617
18.75,892151
18.89,891828
