0.07,6995023
0.21,6933911
0.28,6528598
5.75,6345311
5.89,6207762
6.54,6178335
6.96,5989033
7.17,5738481
7.45,5507178
7.52,5317852
7.81,5071813
7.87,4898075
7.95,4655963
8.23,4164458
8.3,3701113
8.52,3459270
8.81,3182950
8.88,3119849
8.95,3053476
9.1,2700724
9.31,2522711
9.59,2346919
9.67,2306748
9.73,2268983
9.81,2167834
9.88,2167718
9.95,2081848
10.02,2005115
10.09,1941695
10.17,1918147
10.24,1849204
10.31,1828838
10.38,1712696
10.52,1642168
10.6,1563808
10.74,1521631
10.81,1516304
10.88,1502378
11.03,1336186
11.17,1306433
11.31,1291642
11.38,1268250
11.45,1260938
11.53,1247815
11.67,1223314
11.81,1211278
11.88,1197132
12.02,1150968
12.09,1124753
12.17,1098802
12.24,1087338
12.45,1082731
12.52,1066871
12.59,1062250
12.66,1020114
12.74,1016498
12.81,1010402
12.88,1003288
13.02,998339
13.09,995415
13.16,987030
13.24,973198
13.31,966234
13.6,965141
13.67,960279
13.74,958492
13.81,954084
13.88,952918
13.95,947730
14.02,944302
14.16,940839
14.24,939202
14.31,936909
14.39,934831
14.46,933143
14.53,932192
14.61,929151
14.68,927133
14.75,926143
14.83,925134
14.9,924757
14.98,923628
15.13,923427
15.2,922417
15.27,921887
15.42,920251
15.5,919974
15.64,919337
15.87,918236
15.94,917810
16.01,917723
16.09,917388
16.31,915617
16.38,915080
16.46,915079
16.53,914757
16.6,913915
16.75,913284
16.82,913035
16.9,912470
17.12,912074
17.26,911554
17.34,911540
17.48,910507
17.7,910130
17.78,909241
17.92,908367
18.07,906702
18.14,906540
18.22,906446
18.29,906439
18.36,905324
18.51,904940
18.58,904823
18.66,903887
18.87,903301
