0.15,7066045
0.22,7030424
0.36,6932227
0.81,6919061
0.95,6888031
1.1,6777623
1.17,6702052
3.07,6549959
5.32,6439446
6.11,6311689
6.4,6269433
6.62,6067577
6.84,5911578
7.06,5688727
7.57,5457968
7.73,5093851
7.95,5035755
8.17,4967791
8.24,4773687
8.32,4532023
8.46,4343388
8.54,3770621
8.84,3508150
8.98,3232343
9.06,3137425
9.21,3014320
9.28,2907136
9.43,2670484
9.5,2580005
9.65,2466299
9.8,2400526
9.95,2075962
10.03,2013499
10.1,2009278
10.17,1893105
10.25,1757216
10.47,1738462
10.54,1678417
10.61,1624962
10.68,1576146
10.76,1570056
10.83,1498497
10.9,1459551
11.05,1432525
11.19,1415639
11.27,1269719
11.41,1246929
11.56,1218674
11.63,1187131
11.7,1178729
11.85,1138954
11.92,1120535
12,1076932
12.14,1043922
12.21,1043700
12.29,1041805
12.5,1028877
12.58,1003843
12.65,994945
12.72,994285
12.8,985853
12.87,979211
12.94,977741
13.02,966787
13.09,966179
13.16,965681
13.23,961031
13.31,954804
13.38,950126
13.46,938951
13.54,935411
13.61,922340
13.69,918800
13.76,914986
13.84,911212
13.91,909872
13.98,905275
14.05,903699
14.13,899351
14.2,894497
14.27,893161
14.35,891355
14.43,886873
14.5,886812
14.57,884700
14.65,882786
14.72,881596
14.87,876740
14.95,876442
15.02,864640
15.18,860546
15.33,860408
15.48,860319
15.63,858668
15.7,857886
15.78,856690
15.85,856272
16,853618
16.07,849927
16.15,849693
16.37,848469
16.52,847684
16.59,846859
16.67,846394
16.81,845877
16.89,845846
17.25,845242
17.4,844532
17.48,844161
17.55,843866
17.7,842738
18.07,842033
18.14,841975
18.28,840520
18.8,840392
18.87,839331
18.95,839023
19.02,838951
