0.1,6994624
0.11,6980225
0.11,6957312
0.11,6907686
0.12,6897130
0.13,6881616
0.13,6857732
0.14,6791311
0.15,6787456
0.16,6731050
0.16,6728544
0.17,6676602
0.18,6655222
0.19,6644977
0.2,6556144
0.21,6537848
0.22,6526996
0.23,6518822
0.24,6480701
0.25,6478452
0.27,6445433
0.3,6385990
0.31,6351234
0.32,6344776
0.34,6315826
0.37,6305154
0.37,6285799
0.38,6280250
0.39,6278552
0.39,6270137
0.4,6269441
0.42,6241532
0.42,6188978
0.44,6167210
0.45,6133107
0.46,6061239
0.46,6040880
0.51,6031779
0.51,6022642
0.51,6001027
0.55,5989579
0.55,5959427
0.56,5955970
0.58,5940600
0.61,5932134
0.61,5899146
0.62,5893213
0.64,5890245
0.65,5858132
0.69,5845708
0.69,5843967
0.7,5839268
0.73,5803998
0.79,5803360
0.81,5735459
0.82,5729732
0.85,5717423
0.85,5707526
0.87,5706656
0.91,5702552
0.92,5702253
0.93,5693882
0.94,5692788
0.95,5663714
0.96,5659814
0.97,5658682
0.98,5643656
1.03,5632405
1.06,5603455
1.1,5593888
1.11,5592579
1.13,5583623
1.13,5540578
1.22,5500383
1.29,5483784
1.29,5424169
1.39,5422464
1.39,5384404
1.39,5307832
1.43,5288130
1.47,5283642
1.5,5278493
1.54,5268780
1.57,5266830
1.59,5264852
1.59,5262793
1.61,5252090
1.63,5212171
1.65,5150960
1.72,5147740
1.79,5144381
1.83,5127582
1.83,5119101
1.87,5105253
1.89,5093491
1.91,5061916
1.92,5052961
1.94,5032142
1.95,5010781
1.96,5004996
1.96,5004970
1.99,4996483
1.99,4972504
2.06,4971217
2.07,4929135
2.08,4925163
2.1,4923333
2.12,4900905
2.15,4890551
2.17,4874147
2.21,4818643
2.23,4805802
2.25,4798828
2.25,4795157
2.28,4707392
2.3,4701180
2.33,4616193
2.36,4610542
2.36,4598063
2.38,4589000
2.4,4584545
2.42,4582336
2.43,4569148
2.44,4561797
2.5,4554547
2.5,4551099
2.5,4549013
2.53,4485386
2.56,4472916
2.63,4449443
2.67,4445407
2.71,4403076
2.73,4336557
2.73,4335611
2.76,4328381
2.77,4309786
2.81,4295753
2.82,4295557
2.82,4292569
2.84,4278714
2.88,4264432
2.94,4250874
3.02,4247170
3.06,4246360
3.06,4244082
3.09,4241742
3.12,4240604
3.12,4234649
3.15,4223638
3.17,4222992
3.17,4206177
3.19,4202173
3.2,4187883
3.22,4173020
3.23,4166090
3.25,4153171
3.27,4122947
3.29,4098450
3.35,4087610
3.41,4034315
3.48,4024887
3.5,4007175
3.55,3991707
3.58,3991694
3.6,3990917
3.61,3990594
3.62,3979552
3.64,3976700
3.66,3969609
3.82,3951357
3.87,3950332
3.88,3931227
3.9,3924032
3.95,3920367
3.95,3915929
3.98,3904959
4.01,3904677
4.01,3897502
4.09,3884869
4.25,3880338
4.26,3853736
4.34,3850552
4.35,3836734
4.38,3813016
4.43,3812979
4.45,3809647
4.47,3808699
4.49,3806720
4.49,3801413
4.55,3800015
4.59,3793134
4.6,3762066
4.62,3754108
4.65,3750500
4.67,3748339
4.68,3699826
4.74,3697307
4.79,3685472
4.82,3685443
4.82,3679196
4.84,3650618
4.88,3621184
4.99,3605158
5.02,3596372
5.07,3591305
5.09,3588560
5.09,3581343
5.12,3579484
5.16,3557195
5.19,3548529
5.22,3543916
5.24,3542871
5.26,3534941
5.29,3522747
5.29,3522253
5.32,3490149
5.41,3483800
5.46,3477698
5.48,3477341
5.53,3473141
5.54,3468652
5.57,3462903
5.58,3462866
5.58,3457579
5.6,3456190
5.61,3453769
5.62,3447237
5.66,3440819
5.75,3440195
5.75,3380054
5.76,3372159
5.9,3371925
5.95,3367983
5.96,3353966
5.97,3343758
5.97,3324984
6.1,3321368
6.19,3319422
6.26,3306010
6.33,3305707
6.36,3293295
6.37,3292581
6.41,3290686
6.47,3284176
6.48,3271049
6.55,3259261
6.57,3252979
6.68,3252878
6.68,3252480
6.68,3251870
6.69,3250990
6.73,3245149
6.75,3224783
6.8,3223998
6.81,3213864
6.86,3203602
6.92,3203555
7.01,3137123
7.03,3125624
7.04,3108639
7.05,3104626
7.06,3100844
7.12,3091071
7.14,3076958
7.27,3039702
7.35,3037352
7.37,3030185
7.43,3026333
7.46,3022391
7.49,3012325
7.71,3011350
7.74,3007102
7.77,3006367
7.8,2997216
7.84,2990341
7.86,2983391
7.87,2981178
7.9,2975614
7.94,2972495
7.97,2956166
8.01,2944709
8.1,2942822
8.1,2937253
8.13,2915632
8.36,2914307
8.4,2891364
8.46,2887355
8.69,2886842
8.79,2883573
8.82,2878047
8.83,2876695
8.87,2874239
8.91,2871021
8.96,2870958
8.97,2869933
9.06,2863291
9.15,2859468
9.19,2816432
9.26,2815105
9.27,2813655
9.31,2812335
9.36,2809931
9.38,2793865
9.4,2787274
9.46,2785959
9.47,2755889
9.54,2749530
9.66,2747911
9.7,2745181
9.72,2743792
9.85,2737211
9.88,2735970
9.89,2735059
9.91,2709634
9.97,2709121
10.03,2648147
10.05,2644301
10.13,2639996
10.17,2637320
10.19,2631889
10.26,2623760
10.27,2620545
10.28,2620392
10.3,2590634
10.43,2588680
10.44,2588666
10.48,2579358
10.55,2573243
10.57,2571278
10.61,2569023
10.63,2568751
10.66,2567982
10.69,2567600
10.7,2561399
10.76,2553188
10.79,2549548
10.8,2541383
10.83,2537450
10.9,2535374
10.91,2533346
10.93,2533007
10.96,2531328
10.97,2529872
10.97,2527468
11,2522862
11.04,2522705
11.05,2522642
11.07,2521235
11.1,2520980
11.11,2514470
11.18,2513651
11.2,2509600
11.26,2504819
11.32,2499463
11.38,2483327
11.41,2465452
11.54,2426679
11.55,2415996
11.61,2413984
11.68,2412611
11.72,2407643
11.74,2393977
11.76,2393672
11.82,2392078
11.87,2387865
11.9,2375644
11.91,2372456
12.04,2323277
12.18,2312142
12.22,2310519
12.24,2307995
12.25,2306001
12.26,2295576
12.68,2287292
12.68,2277962
12.8,2276667
12.82,2270532
12.85,2269157
12.85,2267887
12.96,2267451
12.97,2261019
13.02,2260825
13.05,2258838
13.06,2258172
13.06,2256570
13.13,2248140
13.3,2187837
13.3,2180362
13.34,2174558
13.34,2170946
13.49,2168084
13.5,2166395
13.57,2160868
13.6,2160091
13.61,2157632
13.62,2140160
13.68,2132181
13.76,2125836
13.87,2118570
14.08,2115973
14.22,2109944
14.23,2107765
14.24,2106750
14.32,2106189
14.34,2105606
14.36,2104983
14.37,2104281
14.38,2104010
14.46,2103383
14.47,2099305
14.58,2097910
14.59,2097192
14.77,2090307
15.14,2089368
15.18,2089357
15.22,2088083
15.27,2086445
15.28,2086342
15.3,2084648
15.53,2083691
15.55,2081723
15.57,2073530
15.61,2073067
15.74,2071096
15.89,2068119
15.92,2037862
16.07,2035538
16.24,2034705
16.33,2034155
16.35,2033344
16.37,2029751
16.37,2022731
16.41,2021055
16.58,2017943
16.59,2013397
16.65,2012098
16.67,2009735
16.68,2005492
16.78,2001806
16.82,2000988
17.13,1999206
17.15,1999122
17.15,1998686
17.2,1997540
17.24,1996880
17.34,1991711
17.51,1988941
17.6,1988612
17.61,1987909
17.62,1982376
17.63,1981524
17.68,1981349
17.77,1952575
18.01,1951962
18.07,1950376
18.09,1943226
18.21,1943121
18.4,1941196
18.42,1941156
18.44,1929664
18.49,1928677
18.6,1922315
18.64,1921767
18.67,1917886
18.7,1902206
18.74,1898702
18.84,1891617
18.91,1887538
19.02,1881801
19.09,1878744
19.12,1878447
19.24,1874716
19.29,1868668
19.6,1867500
19.64,1861853
19.65,1857853
19.8,1849730
19.87,1844301
0.11,6994624
0.12,6980225
0.12,6957312
0.13,6907686
0.13,6897130
0.14,6881616
0.14,6857732
0.15,6791311
0.16,6787456
0.17,6731050
0.18,6728544
0.18,6676602
0.19,6655222
0.2,6644977
0.21,6556144
0.23,6537848
0.24,6526996
0.24,6518822
0.26,6480701
0.28,6478452
0.3,6445433
0.33,6385990
0.34,6351234
0.36,6344776
0.37,6315826
0.41,6305154
0.41,6285799
0.42,6280250
0.43,6278552
0.44,6270137
0.45,6269441
0.47,6241532
0.47,6188978
0.5,6167210
0.5,6133107
0.51,6061239
0.52,6040880
0.56,6031779
0.56,6022642
0.56,6001027
0.59,5989579
0.59,5959427
0.6,5955970
0.62,5940600
0.65,5932134
0.65,5899146
0.66,5893213
0.69,5890245
0.7,5858132
0.74,5845708
0.74,5843967
0.75,5839268
0.79,5803998
0.84,5803360
0.86,5735459
0.87,5729732
0.89,5717423
0.9,5707526
0.92,5706656
0.96,5702552
0.96,5702253
0.97,5693882
0.98,5692788
0.99,5663714
1,5659814
1.01,5658682
1.02,5643656
1.06,5632405
1.08,5603455
1.13,5593888
1.14,5592579
1.16,5583623
1.16,5540578
1.25,5500383
1.32,5483784
1.32,5424169
1.39,5422464
1.4,5384404
1.4,5307832
1.44,5288130
1.47,5283642
1.5,5278493
1.53,5268780
1.56,5266830
1.58,5264852
1.58,5262793
1.59,5252090
1.6,5212171
1.62,5150960
1.68,5147740
1.77,5144381
1.82,5127582
1.82,5119101
1.86,5105253
1.89,5093491
1.9,5061916
1.91,5052961
1.93,5032142
1.94,5010781
1.95,5004996
1.95,5004970
1.97,4996483
1.98,4972504
2.07,4971217
2.07,4929135
2.1,4925163
2.12,4923333
2.13,4900905
2.15,4890551
2.17,4874147
2.2,4818643
2.21,4805802
2.22,4798828
2.23,4795157
2.25,4707392
2.26,4701180
2.29,4616193
2.36,4610542
2.36,4598063
2.37,4589000
2.39,4584545
2.41,4582336
2.41,4569148
2.42,4561797
2.46,4554547
2.46,4551099
2.46,4549013
2.49,4485386
2.51,4472916
2.59,4449443
2.64,4445407
2.68,4403076
2.7,4336557
2.71,4335611
2.74,4328381
2.75,4309786
2.79,4295753
2.8,4295557
2.81,4292569
2.83,4278714
2.88,4264432
2.95,4250874
3.02,4247170
3.06,4246360
3.06,4244082
3.1,4241742
3.13,4240604
3.13,4234649
3.16,4223638
3.17,4222992
3.18,4206177
3.2,4202173
3.2,4187883
3.23,4173020
3.24,4166090
3.26,4153171
3.28,4122947
3.31,4098450
3.36,4087610
3.42,4034315
3.5,4024887
3.52,4007175
3.59,3991707
3.62,3991694
3.64,3990917
3.65,3990594
3.67,3979552
3.7,3976700
3.71,3969609
3.91,3951357
3.95,3950332
3.97,3931227
3.99,3924032
4.07,3920367
4.07,3915929
4.1,3904959
4.13,3904677
4.14,3897502
4.25,3884869
4.37,3880338
4.39,3853736
4.49,3850552
4.51,3836734
4.54,3813016
4.61,3812979
4.63,3809647
4.66,3808699
4.68,3806720
4.68,3801413
4.75,3800015
4.78,3793134
4.8,3762066
4.83,3754108
4.86,3750500
4.89,3748339
4.9,3699826
4.96,3697307
5.03,3685472
5.06,3685443
5.07,3679196
5.09,3650618
5.15,3621184
5.29,3605158
5.34,3596372
5.4,3591305
5.42,3588560
5.43,3581343
5.47,3579484
5.53,3557195
5.58,3548529
5.62,3543916
5.65,3542871
5.69,3534941
5.74,3522747
5.75,3522253
5.78,3490149
5.86,3483800
5.93,3477698
5.96,3477341
6.01,3473141
6.02,3468652
6.04,3462903
6.04,3462866
6.05,3457579
6.08,3456190
6.09,3453769
6.11,3447237
6.15,3440819
6.19,3440195
6.2,3380054
6.21,3372159
6.32,3371925
6.36,3367983
6.37,3353966
6.37,3343758
6.37,3324984
6.53,3321368
6.64,3319422
6.7,3306010
6.73,3305707
6.77,3293295
6.77,3292581
6.84,3290686
6.91,3284176
6.94,3271049
7.04,3259261
7.06,3252979
7.2,3252878
7.21,3252480
7.21,3251870
7.22,3250990
7.28,3245149
7.3,3224783
7.35,3223998
7.36,3213864
7.43,3203602
7.52,3203555
7.67,3137123
7.71,3125624
7.72,3108639
7.77,3104626
7.78,3100844
7.91,3091071
7.94,3076958
8.06,3039702
8.17,3037352
8.2,3030185
8.3,3026333
8.35,3022391
8.37,3012325
8.59,3011350
8.62,3007102
8.65,3006367
8.69,2997216
8.73,2990341
8.76,2983391
8.77,2981178
8.81,2975614
8.85,2972495
8.86,2956166
8.88,2944709
8.92,2942822
8.93,2937253
8.95,2915632
9.16,2914307
9.21,2891364
9.26,2887355
9.41,2886842
9.52,2883573
9.55,2878047
9.56,2876695
9.6,2874239
9.65,2871021
9.7,2870958
9.71,2869933
9.8,2863291
9.91,2859468
9.97,2816432
10.07,2815105
10.08,2813655
10.15,2812335
10.23,2809931
10.26,2793865
10.3,2787274
10.41,2785959
10.42,2755889
10.49,2749530
10.65,2747911
10.71,2745181
10.75,2743792
10.92,2737211
10.94,2735970
10.96,2735059
10.98,2709634
11.05,2709121
11.11,2648147
11.15,2644301
11.25,2639996
11.31,2637320
11.34,2631889
11.43,2623760
11.45,2620545
11.47,2620392
11.51,2590634
11.7,2588680
11.71,2588666
11.75,2579358
11.83,2573243
11.88,2571278
11.93,2569023
11.95,2568751
12,2567982
12.06,2567600
12.08,2561399
12.18,2553188
12.23,2549548
12.25,2541383
12.3,2537450
12.53,2535374
12.58,2533346
12.64,2533007
12.71,2531328
12.76,2529872
12.76,2527468
12.87,2522862
12.97,2522705
13,2522642
13.05,2521235
13.12,2520980
13.2,2514470
13.35,2513651
13.44,2509600
13.52,2504819
13.59,2499463
13.65,2483327
13.67,2465452
13.8,2426679
13.8,2415996
13.85,2413984
13.91,2412611
13.95,2407643
13.97,2393977
13.99,2393672
14.04,2392078
14.09,2387865
14.11,2375644
14.12,2372456
14.24,2323277
14.36,2312142
14.4,2310519
14.42,2307995
14.43,2306001
14.43,2295576
14.83,2287292
14.83,2277962
14.94,2276667
14.95,2270532
14.98,2269157
14.98,2267887
15.08,2267451
15.09,2261019
15.12,2260825
15.15,2258838
15.16,2258172
15.16,2256570
15.23,2248140
15.38,2187837
15.38,2180362
15.41,2174558
15.41,2170946
15.55,2168084
15.56,2166395
15.62,2160868
15.65,2160091
15.66,2157632
15.66,2140160
15.71,2132181
15.78,2125836
15.89,2118570
16.1,2115973
16.24,2109944
16.25,2107765
16.26,2106750
16.34,2106189
16.36,2105606
16.38,2104983
16.39,2104281
16.4,2104010
16.48,2103383
16.49,2099305
16.59,2097910
16.6,2097192
16.78,2090307
17.14,2089368
17.17,2089357
17.21,2088083
17.26,2086445
17.27,2086342
17.29,2084648
17.49,2083691
17.5,2081723
17.52,2073530
17.56,2073067
17.68,2071096
17.81,2068119
17.83,2037862
17.98,2035538
18.14,2034705
18.23,2034155
18.25,2033344
18.27,2029751
18.27,2022731
18.31,2021055
18.47,2017943
18.48,2013397
18.53,2012098
18.55,2009735
18.56,2005492
18.66,2001806
18.7,2000988
19,1999206
19.01,1999122
19.01,1998686
19.06,1997540
19.1,1996880
19.22,1991711
19.37,1988941
19.46,1988612
19.48,1987909
19.49,1982376
19.49,1981524
19.55,1981349
19.64,1952575
19.89,1951962
19.96,1950376
19.98,1943226
