0,6994624
0,6944795
0,6937805
0.01,6936308
0.01,6934196
0.01,6933927
0.01,6904237
0.01,6902270
0.01,6893638
0.01,6890314
0.01,6881682
0.05,6875971
0.05,6874807
0.05,6866175
0.1,6861679
0.76,6861290
1.16,6860945
1.16,6857992
2.23,6856739
2.24,6849948
9.77,6849016
11.54,6848993
11.54,6847951
11.54,6847051
20.2,6846843
20.2,6846252
20.2,6845689
20.2,6844264
20.2,6843719
20.87,6822775
20.87,6820808
20.87,6812176
20.87,6808852
20.87,6800220
20.9,6795537
20.98,6789853
20.99,6789696
21.02,6788030
21.02,6787716
21.03,6786479
21.5,6786017
21.76,6785894
22.12,6782898
22.12,6781856
22.13,6780956
22.99,6778869
22.99,6776172
23.05,6776015
24.29,6774009
24.29,6773768
24.29,6773487
24.29,6773454
24.29,6771655
27.03,6769513
27.03,6769272
27.04,6768991
27.04,6768958
27.04,6767159
82.71,6766867
87.88,6765721
157.58,6765200
157.58,6764655
165.26,6763759
165.26,6763214
299.02,6762628
299.02,6762076
299.02,6761485
299.02,6760922
299.02,6759497
299.02,6758952
314.27,6758132
314.27,6757580
314.27,6756989
314.27,6756426
314.27,6755001
314.27,6754456
