0.1,6726965
0.1,6706506
0.12,6609840
0.12,6557959
0.14,6549206
0.14,6507328
0.15,6496006
0.16,6457200
0.16,6447733
0.16,6443216
0.17,6393886
0.18,6373794
0.18,6332771
0.21,6299563
0.21,6212140
0.22,6164792
0.24,6153984
0.26,6148820
0.27,6114499
0.27,6071682
0.31,6029757
0.33,6025675
0.34,6024293
0.34,6010580
0.35,5997630
0.36,5987343
0.38,5938898
0.38,5875150
0.41,5870909
0.42,5829411
0.46,5777771
0.47,5777750
0.48,5767406
0.49,5762565
0.5,5743243
0.5,5713600
0.54,5639133
0.56,5634876
0.6,5629368
0.62,5621919
0.63,5607573
0.64,5578656
0.67,5577496
0.69,5565269
0.71,5546545
0.75,5534033
0.75,5439411
0.82,5422931
0.84,5384785
0.87,5358613
0.94,5326494
0.96,5317726
0.96,5314688
0.97,5305250
1.02,5296335
1.03,5292997
1.03,5259030
1.04,5257160
1.07,5254419
1.09,5189285
1.2,5155635
1.22,5148997
1.23,5124122
1.26,5114447
1.27,5095532
1.31,5074940
1.34,5058824
1.4,5009943
1.4,4996790
1.48,4995786
1.49,4992976
1.5,4985007
1.52,4984537
1.52,4964330
1.53,4947286
1.58,4928525
1.64,4891597
1.7,4885812
1.7,4883604
1.73,4812096
1.75,4809727
1.76,4759659
1.77,4758322
1.79,4727767
1.8,4695673
1.81,4692779
1.88,4676351
1.9,4674603
1.92,4657565
1.92,4654682
1.98,4614545
1.99,4610958
2.01,4588075
2.05,4585668
2.14,4585150
2.15,4571326
2.24,4567175
2.25,4567150
2.31,4565973
2.36,4551098
2.37,4535968
2.48,4534466
2.48,4532610
2.52,4531447
2.52,4529486
2.53,4528106
2.53,4526551
2.54,4522977
2.54,4516939
2.55,4510832
2.56,4493658
2.62,4492246
2.65,4490992
2.66,4485135
2.67,4474603
2.82,4466724
2.84,4449940
2.91,4434361
2.94,4434027
2.96,4425319
2.96,4424565
3.02,4424117
3.05,4418855
3.11,4412999
3.26,4368626
3.3,4364943
3.32,4364852
3.35,4347812
3.36,4344708
3.37,4299228
3.53,4294333
3.54,4293392
3.55,4286809
3.58,4282413
3.61,4278277
3.64,4268303
3.66,4253910
3.69,4252864
3.7,4246894
3.74,4237114
3.83,4236769
3.86,4232815
3.9,4228284
3.91,4227413
3.92,4226990
3.93,4226044
3.95,4225532
3.95,4217031
3.97,4173447
4.01,4144328
4.06,4143583
4.07,4142261
4.11,4130008
4.2,4126556
4.22,4124682
4.23,4114269
4.26,4109538
4.29,4107066
4.29,4105369
4.35,4076861
4.36,4065143
4.37,4065123
4.39,4052953
4.39,4048539
4.43,4047638
4.46,4030810
4.47,4027248
4.5,4017172
4.59,4001150
4.65,3998580
4.66,3947529
4.67,3933289
4.71,3931817
4.73,3929426
4.8,3923564
4.8,3919993
4.84,3913588
4.89,3891165
4.9,3871293
4.91,3869547
4.92,3861191
4.98,3835976
5.09,3832641
5.1,3832514
5.11,3830768
5.11,3827096
5.11,3824024
5.13,3822855
5.18,3822248
5.21,3821931
5.23,3820118
5.25,3807018
5.26,3806525
5.29,3805275
5.33,3782993
5.37,3731942
5.4,3700992
5.42,3680428
5.43,3670059
5.5,3669702
5.55,3669481
5.56,3667069
5.58,3648606
5.6,3643925
5.62,3634956
5.62,3626764
5.7,3617131
5.72,3610716
5.74,3600495
5.82,3600021
5.84,3595976
5.89,3581198
5.97,3580349
5.99,3572970
6.04,3545760
6.17,3536012
6.22,3530437
6.26,3521148
6.26,3515343
6.28,3513445
6.29,3422027
6.33,3419622
6.33,3403608
6.34,3398947
6.38,3398168
6.39,3390906
6.41,3388699
6.44,3386266
6.49,3359093
6.51,3358214
6.54,3356708
6.56,3355259
6.57,3349741
6.62,3348807
6.65,3343416
6.66,3342822
6.69,3341414
6.7,3327879
6.71,3323712
6.74,3322169
6.76,3307419
6.82,3303374
6.84,3303363
6.84,3303351
6.87,3301093
6.92,3299717
7.04,3298971
7.09,3290052
7.1,3288107
7.13,3284427
7.17,3273511
7.21,3272506
7.22,3267046
7.23,3265480
7.27,3264408
7.3,3261347
7.31,3260787
7.41,3253134
7.42,3251919
7.45,3242708
7.48,3237359
7.55,3220197
7.6,3216249
7.68,3204526
7.79,3194066
7.87,3188860
7.96,3186266
7.98,3184093
7.98,3158183
8.05,3151661
8.07,3150387
8.08,3150231
8.1,3136497
8.12,3136096
8.16,3135224
8.16,3122747
8.2,3107454
8.24,3104727
8.32,3094423
8.45,3091737
8.5,3049626
8.5,3039495
8.55,3037471
8.57,3035438
8.58,3030683
8.65,3030612
8.73,3013538
8.77,3009560
8.78,3005556
8.82,3002959
8.84,2993377
8.88,2966786
8.94,2958716
9.09,2956825
9.1,2954756
9.14,2952765
9.17,2911653
9.26,2908381
9.36,2905677
9.37,2905587
9.38,2902603
9.49,2897825
9.51,2897222
9.51,2888565
9.54,2857883
9.61,2856408
9.63,2832157
9.69,2827300
9.7,2824548
9.73,2822051
9.76,2811869
9.79,2805456
9.83,2797199
9.94,2779867
9.96,2773358
10.09,2764396
10.1,2762903
10.11,2761766
10.15,2761225
10.15,2742597
10.16,2737126
10.21,2730158
10.22,2730019
10.23,2722391
10.29,2722073
10.38,2717456
10.46,2714655
10.46,2710539
10.52,2708153
10.59,2706947
10.61,2700768
10.62,2694669
10.63,2693788
10.64,2692434
10.66,2691184
10.68,2690622
10.74,2679524
10.86,2666073
10.88,2660613
10.94,2659090
11.03,2619723
11.17,2606323
11.25,2606011
11.34,2605574
11.38,2578704
11.49,2568900
11.72,2566581
11.73,2560301
11.77,2558791
11.8,2557523
11.81,2548511
11.88,2547161
11.91,2542330
11.92,2539155
11.93,2535261
11.97,2519079
12.01,2518770
12.1,2514508
12.13,2514077
12.32,2513538
12.33,2509543
12.33,2494990
12.42,2472672
12.52,2468900
12.52,2466813
12.52,2457628
12.59,2456015
12.67,2453713
12.73,2447822
12.75,2446852
12.81,2445427
12.91,2443897
12.92,2434855
13.04,2433695
13.08,2432164
13.12,2396417
13.35,2394468
13.38,2388602
13.57,2364511
13.59,2363710
13.64,2361336
13.64,2358308
13.79,2356153
13.82,2355063
13.83,2351892
13.88,2327353
14.28,2325764
14.32,2325430
14.33,2313976
14.39,2313765
14.44,2311662
14.45,2311397
14.47,2311259
14.52,2309557
14.68,2309084
14.68,2309073
14.71,2308493
14.82,2307814
14.83,2304449
14.84,2278009
14.94,2258129
15.07,2251640
15.2,2251008
15.21,2246717
15.22,2246402
15.27,2241524
15.28,2240784
15.28,2240346
15.35,2239354
15.35,2237879
15.37,2236524
15.46,2235303
15.51,2234802
15.54,2222774
15.57,2221397
15.63,2221325
15.68,2219566
15.82,2219543
15.9,2214877
15.96,2214192
16.01,2191481
16.04,2191032
16.13,2185230
16.19,2184029
16.25,2177712
16.33,2154267
16.61,2151086
16.64,2151039
16.64,2148171
16.72,2144612
16.75,2124059
16.83,2120836
16.9,2117612
17.01,2113220
17.05,2094357
17.06,2094080
17.08,2093401
17.13,2086351
17.22,2077247
17.31,2070389
17.4,2065125
17.47,2059954
17.47,2041614
17.5,2041387
17.56,2026683
17.66,2020498
17.7,2020089
17.72,2019472
17.88,2019098
17.9,2015395
17.92,2015131
17.94,2014115
17.97,2011629
18.13,2006002
18.18,1996434
18.39,1990717
18.4,1980533
18.42,1979253
18.49,1978140
18.56,1977850
18.63,1975019
18.7,1973955
18.75,1973672
18.8,1972647
18.99,1967712
19.07,1965658
19.08,1963862
19.13,1892783
19.46,1888886
19.55,1885427
19.57,1885426
19.61,1883393
19.69,1883111
19.7,1881485
19.78,1878740
0.15,6726965
0.16,6706506
0.21,6609840
0.22,6557959
0.26,6549206
0.27,6507328
0.29,6496006
0.3,6457200
0.31,6447733
0.32,6443216
0.32,6393886
0.34,6373794
0.34,6332771
0.39,6299563
0.4,6212140
0.41,6164792
0.56,6153984
0.59,6148820
0.64,6114499
0.65,6071682
0.76,6029757
0.81,6025675
0.83,6024293
0.83,6010580
0.84,5997630
0.88,5987343
0.92,5938898
0.93,5875150
1.01,5870909
1.05,5829411
1.11,5777771
1.12,5777750
1.13,5767406
1.14,5762565
1.15,5743243
1.16,5713600
1.2,5639133
1.24,5634876
1.28,5629368
1.3,5621919
1.32,5607573
1.33,5578656
1.36,5577496
1.39,5565269
1.4,5546545
1.44,5534033
1.44,5439411
1.52,5422931
1.53,5384785
1.55,5358613
1.61,5326494
1.62,5317726
1.63,5314688
1.63,5305250
1.67,5296335
1.68,5292997
1.68,5259030
1.69,5257160
1.71,5254419
1.73,5189285
1.8,5155635
1.82,5148997
1.82,5124122
1.83,5114447
1.84,5095532
1.86,5074940
1.87,5058824
1.9,5009943
1.91,4996790
1.96,4995786
1.97,4992976
1.98,4985007
1.99,4984537
2,4964330
2.01,4947286
2.04,4928525
2.07,4891597
2.12,4885812
2.12,4883604
2.15,4812096
2.17,4809727
2.18,4759659
2.21,4758322
2.23,4727767
2.25,4695673
2.26,4692779
2.34,4676351
2.35,4674603
2.37,4657565
2.37,4654682
2.42,4614545
2.43,4610958
2.45,4588075
2.47,4585668
2.5,4585150
2.5,4571326
2.52,4567175
2.53,4567150
2.55,4565973
2.55,4551098
2.56,4535968
2.6,4534466
2.61,4532610
2.63,4531447
2.63,4529486
2.64,4528106
2.64,4526551
2.65,4522977
2.65,4516939
2.66,4510832
2.66,4493658
2.72,4492246
2.74,4490992
2.76,4485135
2.76,4474603
2.85,4466724
2.86,4449940
2.92,4434361
2.94,4434027
2.96,4425319
2.96,4424565
3,4424117
3.01,4418855
3.05,4412999
3.11,4368626
3.14,4364943
3.15,4364852
3.18,4347812
3.18,4344708
3.2,4299228
3.29,4294333
3.3,4293392
3.31,4286809
3.35,4282413
3.38,4278277
3.41,4268303
3.43,4253910
3.46,4252864
3.48,4246894
3.51,4237114
3.6,4236769
3.63,4232815
3.67,4228284
3.68,4227413
3.7,4226990
3.71,4226044
3.73,4225532
3.73,4217031
3.75,4173447
3.79,4144328
3.84,4143583
3.84,4142261
3.89,4130008
3.98,4126556
4,4124682
4.01,4114269
4.04,4109538
4.07,4107066
4.08,4105369
4.14,4076861
4.15,4065143
4.16,4065123
4.18,4052953
4.18,4048539
4.22,4047638
4.25,4030810
4.26,4027248
4.29,4017172
4.33,4001150
4.37,3998580
4.37,3947529
4.38,3933289
4.42,3931817
4.45,3929426
4.52,3923564
4.52,3919993
4.56,3913588
4.62,3891165
4.63,3871293
4.63,3869547
4.65,3861191
4.73,3835976
4.82,3832641
4.84,3832514
4.84,3830768
4.85,3827096
4.85,3824024
4.87,3822855
4.94,3822248
4.97,3821931
5,3820118
5.02,3807018
5.04,3806525
5.07,3805275
5.12,3782993
5.17,3731942
5.21,3700992
5.23,3680428
5.25,3670059
5.31,3669702
5.37,3669481
5.38,3667069
5.4,3648606
5.43,3643925
5.45,3634956
5.45,3626764
5.55,3617131
5.58,3610716
5.6,3600495
5.7,3600021
5.72,3595976
5.77,3581198
5.85,3580349
5.87,3572970
5.9,3545760
6.03,3536012
6.1,3530437
6.14,3521148
6.14,3515343
6.18,3513445
6.19,3422027
6.25,3419622
6.26,3403608
6.28,3398947
6.35,3398168
6.37,3390906
6.4,3388699
6.44,3386266
6.52,3359093
6.55,3358214
6.61,3356708
6.63,3355259
6.66,3349741
6.76,3348807
6.8,3343416
6.82,3342822
6.86,3341414
6.87,3327879
6.88,3323712
6.93,3322169
6.98,3307419
7.08,3303374
7.12,3303363
7.13,3303351
7.17,3301093
7.24,3299717
7.41,3298971
7.48,3290052
7.5,3288107
7.54,3284427
7.6,3273511
7.66,3272506
7.67,3267046
7.68,3265480
7.73,3264408
7.77,3261347
7.77,3260787
7.92,3253134
7.93,3251919
7.97,3242708
8.01,3237359
8.14,3220197
8.22,3216249
8.34,3204526
8.54,3194066
8.67,3188860
8.78,3186266
8.8,3184093
8.81,3158183
8.88,3151661
8.91,3150387
8.92,3150231
8.94,3136497
8.95,3136096
9,3135224
9.01,3122747
9.05,3107454
9.1,3104727
9.2,3094423
9.36,3091737
9.41,3049626
9.41,3039495
9.47,3037471
9.49,3035438
9.51,3030683
9.6,3030612
9.68,3013538
9.72,3009560
9.73,3005556
9.78,3002959
9.8,2993377
9.86,2966786
9.94,2958716
10.13,2956825
10.14,2954756
10.2,2952765
10.22,2911653
10.33,2908381
10.47,2905677
10.48,2905587
10.49,2902603
10.65,2897825
10.66,2897222
10.66,2888565
10.7,2857883
10.79,2856408
10.83,2832157
10.91,2827300
10.92,2824548
10.95,2822051
10.99,2811869
11.03,2805456
11.1,2797199
11.27,2779867
11.3,2773358
11.54,2764396
11.54,2762903
11.56,2761766
11.62,2761225
11.62,2742597
11.63,2737126
11.73,2730158
11.74,2730019
11.76,2722391
11.84,2722073
11.94,2717456
12.06,2714655
12.07,2710539
12.14,2708153
12.23,2706947
12.26,2700768
12.27,2694669
12.29,2693788
12.3,2692434
12.33,2691184
12.37,2690622
12.47,2679524
12.61,2666073
12.64,2660613
12.72,2659090
12.83,2619723
12.99,2606323
13.1,2606011
13.21,2605574
13.26,2578704
13.38,2568900
13.63,2566581
13.64,2560301
13.69,2558791
13.73,2557523
13.73,2548511
13.81,2547161
13.84,2542330
13.85,2539155
13.87,2535261
13.92,2519079
13.96,2518770
14.05,2514508
14.07,2514077
14.25,2513538
14.26,2509543
14.27,2494990
14.36,2472672
14.48,2468900
14.48,2466813
14.48,2457628
14.55,2456015
14.62,2453713
14.67,2447822
14.69,2446852
14.75,2445427
14.83,2443897
14.84,2434855
14.95,2433695
14.98,2432164
15.03,2396417
15.22,2394468
15.25,2388602
15.43,2364511
15.45,2363710
15.49,2361336
15.49,2358308
15.62,2356153
15.65,2355063
15.66,2351892
15.71,2327353
16.12,2325764
16.16,2325430
16.17,2313976
16.23,2313765
16.28,2311662
16.29,2311397
16.31,2311259
16.35,2309557
16.52,2309084
16.53,2309073
16.56,2308493
16.67,2307814
16.67,2304449
16.69,2278009
16.79,2258129
16.93,2251640
17.07,2251008
17.08,2246717
17.08,2246402
17.14,2241524
17.15,2240784
17.16,2240346
17.23,2239354
17.24,2237879
17.26,2236524
17.36,2235303
17.41,2234802
17.44,2222774
17.48,2221397
17.54,2221325
17.6,2219566
17.76,2219543
17.86,2214877
17.92,2214192
17.98,2191481
18.01,2191032
18.1,2185230
18.17,2184029
18.24,2177712
18.32,2154267
18.61,2151086
18.63,2151039
18.65,2148171
18.73,2144612
18.76,2124059
18.85,2120836
18.95,2117612
19.06,2113220
19.11,2094357
19.12,2094080
19.14,2093401
19.2,2086351
19.28,2077247
19.38,2070389
19.47,2065125
19.53,2059954
19.53,2041614
19.56,2041387
19.62,2026683
19.72,2020498
19.76,2020089
19.79,2019472
19.94,2019098
19.96,2015395
19.98,2015131
