0.15,6865507
1.59,6724461
5.39,6698415
5.47,6612276
5.83,6453361
6.5,6265534
7.09,6141044
7.24,5786374
7.54,5065070
8.06,4975688
8.13,4954390
8.21,4844861
8.36,4434258
8.43,4414614
8.51,4363014
8.58,3955941
8.81,3761134
8.88,3605943
9.03,3285088
9.18,3091099
9.33,2881059
9.48,2800372
9.56,2663135
9.71,2535658
9.86,2425721
9.93,2287474
10.08,2083398
10.24,2038422
10.31,2019465
10.39,1930687
10.54,1847407
10.61,1762498
10.69,1740837
10.76,1644572
10.84,1612512
10.91,1576885
10.99,1565439
11.06,1436746
11.21,1424170
11.36,1386274
11.51,1354555
11.59,1351121
11.67,1295691
11.89,1251431
11.97,1206182
12.12,1189008
12.19,1181850
12.27,1148262
12.42,1146441
12.57,1142804
12.64,1099857
12.72,1082657
12.87,1068823
13.09,1059167
13.17,1042330
13.32,1035191
13.39,1027913
13.47,1021402
13.54,1008887
13.62,1008284
13.7,1001771
13.77,993296
13.85,991643
14,983641
14.07,980109
14.15,976915
14.22,972606
14.3,967301
14.45,965957
14.52,959415
14.6,956275
14.75,953999
14.97,952830
15.05,950557
15.12,947326
15.2,945757
15.28,944245
15.35,943004
15.5,942313
15.58,940997
15.65,939763
15.73,939332
15.8,938526
15.88,938147
15.95,934777
16.03,934125
16.18,934095
16.26,933971
16.33,932763
16.41,932198
16.48,932063
16.56,931118
16.63,930100
16.7,929983
16.78,929142
16.86,928311
16.93,928191
17,927991
17.08,926796
17.23,924022
17.3,923995
17.45,922440
17.6,921692
17.75,920818
17.83,920495
17.9,920212
18.12,919646
18.2,919619
18.35,919506
18.57,918330
18.64,918275
19.02,917981
