0.07,6873540
0.72,6748536
1.3,6718792
3.25,6662345
5.92,6329118
6.64,6178189
6.93,5996191
7.23,5450061
7.52,5426271
7.66,5336791
7.74,4991226
7.81,4968106
7.96,4782079
8.03,4488247
8.11,4268914
8.25,4250554
8.4,4191078
8.55,3915021
8.62,3901922
8.69,3703518
8.84,3436730
8.92,3169962
9.14,3126459
9.21,2842158
9.36,2642994
9.51,2506320
9.65,2295216
9.88,2164902
9.95,2010926
10.02,1990148
10.17,1892646
10.24,1731686
10.54,1608125
10.76,1574995
10.84,1538421
10.91,1444181
11.06,1403154
11.13,1398790
11.2,1335347
11.42,1285133
11.5,1272284
11.57,1264062
11.65,1224351
11.72,1196387
11.87,1184260
11.95,1111908
12.02,1111441
12.17,1080727
12.32,1049784
12.39,1039814
12.69,1016947
12.83,1011668
12.91,996433
13.06,987964
13.13,973380
13.2,969354
13.28,967471
13.42,957788
13.57,952017
13.65,950420
13.72,947816
13.8,938916
13.95,935640
14.02,929480
14.1,925865
14.17,920381
14.25,909899
14.32,908819
14.39,908226
14.47,907588
14.54,906543
14.62,906034
14.69,902078
14.77,899689
14.84,899014
14.91,898972
14.99,897672
15.06,894616
15.14,892294
15.21,890985
15.29,887284
15.36,885221
15.44,884511
15.51,883179
15.58,880590
15.66,878736
15.74,876817
15.81,876034
15.88,874108
15.96,865449
16.33,864426
16.4,864303
16.47,864028
16.55,864019
16.7,862354
16.77,861714
16.84,859071
16.92,858250
17.08,858132
17.16,857437
17.24,856681
17.31,856280
17.46,855979
17.53,854294
17.61,854057
17.68,850494
17.76,850029
17.9,849960
17.97,849433
18.05,849391
18.12,848628
18.49,848138
18.56,847758
18.63,847667
18.71,847419
18.78,847365
18.93,846091
19,846043
