0.07,6875412
0.14,6558153
5.02,6505466
5.24,6473890
5.6,6217205
6.84,6190475
6.91,6080031
6.98,5884958
7.35,5721640
7.42,5680301
7.57,5665051
7.64,5460585
7.72,5281001
7.94,5209540
8.01,4887582
8.08,4813707
8.31,4371524
8.38,4152728
8.68,3898190
8.82,3647732
8.9,3528693
8.97,3424294
9.04,3242503
9.12,3208504
9.34,3127792
9.41,2915344
9.56,2635838
9.63,2470646
9.86,2443065
9.93,2184475
10.08,2121813
10.3,1989634
10.38,1877778
10.52,1837347
10.67,1836825
10.75,1817301
10.82,1682549
10.9,1615537
11.04,1578131
11.12,1480573
11.34,1469169
11.41,1411593
11.49,1323313
11.56,1269749
11.79,1262202
11.94,1242681
12.09,1238652
12.16,1225992
12.24,1187354
12.31,1176315
12.39,1143983
12.46,1139531
12.53,1112918
12.61,1099803
12.68,1076744
12.75,1060761
12.83,1048699
12.9,1038731
12.98,1017160
13.12,1004584
13.2,1002898
13.27,991984
13.35,991077
13.49,975691
13.64,973154
13.72,969381
13.87,966564
14.01,962584
14.09,957367
14.16,953985
14.23,948284
14.31,946711
14.39,944160
14.46,939853
14.53,938449
14.6,934844
14.67,932177
14.82,931439
14.89,929642
14.96,928711
15.03,926421
15.1,925082
15.17,924010
15.25,923266
15.32,922558
15.39,922189
15.47,922149
15.54,921433
15.61,920095
15.75,919756
15.9,919114
15.97,917919
16.04,916097
16.11,915618
16.25,914225
16.39,913678
16.46,911079
16.54,910660
16.61,910566
16.68,909477
16.83,909217
17.11,908836
17.61,907459
17.68,907201
17.75,906896
17.81,906521
17.88,906137
18.03,904921
18.17,904844
18.45,904684
18.52,904407
18.73,903931
18.8,903869
