0.07,6920589
0.5,6691593
3.62,6690125
3.89,6555786
4.45,6465725
5.9,6462667
6.11,6156647
6.32,6063536
6.83,5522521
6.98,5300513
7.34,5267427
7.57,4847620
7.71,4538609
7.93,4310200
8.08,4205166
8.15,4112249
8.37,3947601
8.45,3613317
8.52,3533243
8.59,3524019
8.67,3124394
8.82,3067684
8.89,2988542
8.96,2819735
9.04,2623616
9.34,2339946
9.56,2222429
9.63,2094250
9.78,2090406
9.93,1920950
10.07,1862226
10.15,1732034
10.3,1673645
10.37,1590756
10.59,1472306
10.74,1467553
10.82,1439379
10.96,1416037
11.11,1371766
11.19,1368315
11.26,1322447
11.33,1287484
11.41,1258655
11.48,1256329
11.63,1232857
11.71,1215172
11.78,1202027
11.85,1196289
11.93,1153479
12.07,1125945
12.14,1121915
12.21,1098514
12.28,1098300
12.35,1094696
12.49,1091207
12.56,1067471
12.64,1064509
12.78,1059606
12.85,1043304
12.92,1034187
13.07,1030426
13.14,1020749
13.21,1016395
13.28,1005069
13.5,1004767
13.57,1004601
13.64,1002250
13.71,1000997
13.79,998568
13.93,996002
14,994438
14.07,990307
14.14,985552
14.29,981674
14.36,973379
14.5,967090
14.57,966518
14.64,966307
14.72,963490
14.86,962792
14.93,960787
15,960028
15.07,958454
15.21,957879
15.29,956523
15.36,956243
15.43,955417
15.5,954930
15.57,954598
15.64,954159
15.71,953877
15.85,953456
16.06,953140
16.13,952134
16.21,951490
16.35,947859
16.56,945857
16.63,945391
16.7,945298
16.77,943174
16.99,942359
17.06,941822
17.2,941788
17.42,941569
17.49,940203
17.63,938839
17.77,938801
18.12,937157
18.26,937152
18.4,937097
18.83,936497
18.98,936112
