0.09,6921345
0.45,6815049
1.37,6747931
4.73,6685354
5.88,6648140
7.64,6645230
7.82,6505627
8.17,6462443
8.26,6199664
9.14,5734640
9.31,5483501
9.58,5321983
9.75,5316784
9.83,4999022
10,4543439
10.17,4521328
10.26,4500097
10.6,4482516
10.68,3966984
10.94,3735540
11.02,3649050
11.1,3440890
11.26,3276195
11.35,3086071
11.51,2858508
11.59,2738415
11.76,2438644
11.93,2376658
12.09,2160803
12.25,2139583
12.42,2066436
12.5,2025397
12.59,2018734
12.67,1966143
12.75,1916054
12.83,1866775
12.91,1856096
12.99,1830815
13.07,1724975
13.15,1707441
13.31,1554322
13.64,1530796
13.72,1424384
14.04,1387053
14.2,1380856
14.28,1315847
14.36,1283761
14.6,1278000
14.76,1264873
14.84,1241295
14.92,1240061
15,1219998
15.08,1206775
15.16,1197196
15.24,1190304
15.32,1179833
15.39,1159909
15.47,1157933
15.63,1149899
15.78,1136774
15.86,1132920
15.94,1123728
16.01,1113819
16.09,1096785
16.17,1083738
16.25,1078039
16.33,1076644
16.48,1072909
16.56,1070412
16.64,1067354
16.72,1063058
16.8,1060710
16.95,1060234
17.03,1056881
17.11,1055571
17.26,1051122
17.34,1049381
17.42,1047977
17.5,1047231
17.58,1047086
17.65,1044674
17.73,1043749
17.81,1041386
17.88,1039451
17.96,1036800
18.03,1035400
18.11,1032871
18.19,1032621
18.26,1031449
18.34,1030050
18.41,1028806
18.49,1028665
18.56,1028652
18.64,1028527
18.71,1028265
18.79,1027198
18.86,1025154
18.94,1024748
