5.93,6401514
6.44,6167274
6.73,5776937
7.17,5472741
7.46,5062182
7.75,4891872
7.83,4811855
7.98,4289455
8.27,3797322
8.57,3724120
8.71,3487448
9.01,3074502
9.08,3001137
9.16,2874993
9.31,2795831
9.45,2288775
9.76,2238557
9.84,2180943
9.91,1990429
9.99,1962209
10.07,1843820
10.22,1819319
10.37,1765231
10.52,1693382
10.59,1625596
10.74,1568382
10.96,1468403
11.03,1443616
11.18,1392713
11.26,1367834
11.33,1362556
11.48,1300981
11.64,1292499
11.72,1256412
11.8,1244079
11.96,1182306
12.12,1161401
12.2,1134596
12.28,1120258
12.44,1117846
12.52,1110474
12.61,1109891
12.69,1101791
12.77,1065875
12.92,1061477
13,1049014
13.16,1043285
13.24,1037674
13.32,1028420
13.48,1023003
13.56,1021255
13.64,1009032
13.72,1000232
13.8,997375
13.87,994974
13.95,993537
14.03,990890
14.11,985254
14.2,982615
14.27,980155
14.43,978984
14.5,978895
14.58,976484
14.66,971968
14.74,970471
14.82,968716
14.9,966809
14.98,966603
15.13,963707
15.21,961976
15.29,958861
15.36,957584
15.44,956985
15.52,956646
15.59,952187
15.67,951704
15.83,951333
15.91,949186
15.99,947651
16.15,947259
16.23,945600
16.39,943584
16.47,943193
16.55,943020
16.63,941831
16.72,940584
16.8,939868
16.89,939374
17.05,938104
17.14,937110
17.22,937072
17.4,936652
17.49,936518
17.58,935292
17.67,933900
17.86,933570
17.95,932672
18.04,932495
18.22,932427
18.41,931989
18.7,930963
18.89,930049
18.98,929945
