0.1,6923129
0.12,6908253
0.13,6903425
0.14,6902613
0.15,6898160
0.16,6861011
0.16,6860903
0.16,6836796
0.17,6821892
0.18,6819687
0.18,6809211
0.19,6809176
0.19,6801931
0.19,6787677
0.2,6676481
0.22,6674345
0.23,6674141
0.23,6669075
0.23,6593920
0.26,6579116
0.26,6538204
0.29,6475181
0.31,6464704
0.32,6448340
0.33,6434250
0.34,6433266
0.34,6432862
0.35,6401126
0.36,6396383
0.37,6351773
0.38,6311755
0.39,6310779
0.41,6274182
0.41,6262149
0.42,6259652
0.43,6242551
0.44,6220642
0.46,6194347
0.46,6192590
0.47,6168522
0.48,6166548
0.48,6166328
0.49,6154666
0.49,6150658
0.5,6128316
0.5,5955941
0.6,5923378
0.61,5920454
0.62,5843165
0.63,5836955
0.65,5835428
0.66,5835346
0.66,5806880
0.66,5785168
0.68,5781812
0.68,5760184
0.69,5745222
0.7,5739315
0.71,5736506
0.72,5733074
0.73,5690731
0.73,5669007
0.74,5665258
0.75,5663879
0.76,5653084
0.78,5651009
0.78,5626072
0.81,5617106
0.82,5613271
0.84,5602721
0.85,5589175
0.85,5573631
0.86,5570072
0.87,5555916
0.87,5552593
0.9,5550966
0.9,5509037
0.9,5495206
0.93,5481455
0.94,5473993
0.97,5469597
0.98,5468451
1.01,5456467
1.01,5429865
1.04,5412993
1.04,5381397
1.06,5368291
1.07,5361519
1.08,5360826
1.1,5355825
1.12,5353729
1.13,5336314
1.17,5323729
1.2,5317867
1.21,5266347
1.24,5264447
1.25,5241242
1.26,5216514
1.27,5210147
1.29,5163440
1.31,5156586
1.34,5104027
1.35,5082380
1.36,5063051
1.4,5059635
1.41,5049320
1.44,5045655
1.45,5044750
1.45,5035610
1.46,4977518
1.49,4969922
1.5,4964602
1.5,4959217
1.54,4955442
1.56,4948693
1.56,4938877
1.57,4936398
1.58,4933128
1.59,4931931
1.59,4910559
1.59,4905640
1.6,4905610
1.64,4894851
1.65,4893714
1.68,4878648
1.72,4873426
1.72,4868266
1.73,4862002
1.76,4856172
1.76,4855157
1.77,4836144
1.8,4834632
1.8,4827788
1.8,4826544
1.81,4811378
1.87,4809964
1.87,4803962
1.91,4794045
1.95,4792131
2,4790217
2,4784483
2.01,4782402
2.04,4767334
2.04,4755532
2.06,4704118
2.11,4702500
2.12,4674849
2.14,4667510
2.18,4652827
2.22,4646936
2.29,4620896
2.3,4616799
2.32,4616493
2.39,4605719
2.44,4601243
2.44,4579783
2.46,4576686
2.5,4574148
2.52,4568141
2.55,4566673
2.56,4537584
2.62,4533155
2.62,4532152
2.63,4501417
2.63,4496512
2.67,4482474
2.7,4477322
2.7,4459370
2.7,4437679
2.77,4414139
2.9,4413870
2.91,4252351
3.04,4245629
3.11,4237665
3.13,4232868
3.17,4229891
3.19,4223707
3.31,4125511
3.39,4124958
3.39,4098709
3.42,4081730
3.44,4081624
3.52,4081493
3.52,4081251
3.55,4068072
3.55,4059086
3.58,4053487
3.61,4050133
3.62,4043923
3.67,4037467
3.68,3996914
3.68,3989738
3.78,3982555
3.81,3975094
3.81,3974361
3.84,3966806
3.89,3947073
3.9,3934406
3.96,3931608
3.96,3928774
4,3926518
4.03,3926120
4.04,3925541
4.06,3908362
4.08,3903398
4.11,3876875
4.15,3875039
4.19,3874662
4.2,3867758
4.29,3858728
4.31,3805989
4.33,3791472
4.36,3768006
4.37,3742932
4.42,3740464
4.46,3739487
4.47,3732425
4.56,3722831
4.57,3692762
4.62,3645278
4.63,3620182
4.67,3613636
4.67,3603729
4.77,3600409
4.78,3591311
4.82,3589133
4.87,3580970
4.92,3580644
4.92,3578391
4.95,3578053
4.96,3578051
4.96,3499765
5,3485415
5.07,3484964
5.1,3475468
5.2,3470579
5.21,3470017
5.22,3468555
5.22,3463125
5.27,3457651
5.3,3436554
5.31,3435542
5.33,3432579
5.35,3428788
5.36,3422408
5.39,3418139
5.4,3417370
5.44,3415859
5.46,3409200
5.49,3375691
5.57,3351657
5.63,3349290
5.64,3336643
5.65,3335516
5.67,3284203
5.7,3280504
5.72,3280098
5.72,3277799
5.75,3276258
5.76,3273703
5.76,3244162
5.93,3241378
5.96,3161905
5.97,3158423
6,3138823
6.08,3133095
6.12,3131996
6.17,3128812
6.19,3127420
6.2,3124426
6.22,3115897
6.27,3115853
6.29,3115312
6.31,3113091
6.32,3111677
6.34,3104756
6.36,3079772
6.41,3079694
6.42,3079274
6.43,3074239
6.54,3066588
6.67,3032172
6.76,3030239
6.8,3028940
6.82,3018486
6.84,3017160
6.84,3013578
6.85,3005920
6.87,3003156
6.91,2994679
6.92,2991879
7.01,2990221
7.05,2986506
7.11,2950553
7.16,2937560
7.22,2909665
7.27,2904769
7.3,2903947
7.36,2901056
7.37,2892909
7.41,2884175
7.47,2861101
7.54,2860353
7.55,2853498
7.56,2852160
7.59,2852081
7.62,2851044
7.63,2836869
7.65,2830798
7.76,2827965
7.78,2824747
7.8,2824099
7.81,2820862
7.82,2809629
7.87,2783392
7.91,2783003
7.93,2782584
7.93,2780773
7.94,2780009
7.95,2773408
7.97,2761724
8.03,2748443
8.05,2736506
8.05,2736500
8.1,2733436
8.16,2732366
8.18,2722094
8.2,2720190
8.23,2714801
8.24,2713978
8.27,2713866
8.28,2703874
8.39,2698177
8.43,2688393
8.47,2687731
8.48,2684367
8.53,2675169
8.67,2674657
8.87,2672775
8.91,2662868
8.97,2662078
9,2646225
9.03,2644166
9.06,2636360
9.28,2635860
9.42,2630527
9.48,2629551
9.57,2596122
9.64,2591038
9.69,2589310
9.7,2589267
9.73,2585784
9.92,2581032
10.04,2580822
10.05,2573332
10.13,2560559
10.18,2554174
10.23,2552824
10.38,2549550
10.62,2539759
10.64,2492509
10.65,2490855
10.68,2478036
10.69,2475249
10.83,2473982
10.94,2470074
11,2461490
11.05,2456334
11.17,2456219
11.21,2456094
11.22,2454816
11.3,2453468
11.3,2453197
11.36,2450350
11.47,2447461
11.53,2445839
11.59,2440221
11.67,2438743
11.67,2437239
11.71,2428382
11.75,2426368
11.75,2424619
11.77,2423328
11.81,2418574
11.84,2417991
12.16,2411407
12.21,2409109
12.25,2397775
12.3,2374392
12.46,2371531
12.53,2371480
12.54,2365405
12.55,2364915
12.62,2363360
12.7,2350119
12.89,2347499
12.89,2302236
12.91,2301280
12.93,2297640
12.96,2291210
13.02,2284753
13.07,2283775
13.07,2282372
13.15,2279716
13.28,2276335
13.36,2275189
13.37,2270898
13.4,2268296
13.44,2268171
13.61,2267034
13.68,2262209
13.69,2261588
13.92,2259172
13.96,2258666
13.98,2250983
14.02,2250783
14.04,2250682
14.08,2246641
14.26,2241610
14.3,2237800
14.51,2235234
14.64,2234766
14.65,2234446
14.73,2233899
14.74,2233149
14.75,2231315
14.79,2230956
14.79,2230428
14.85,2210980
15.01,2210817
15.19,2210598
15.2,2196283
15.39,2195801
15.47,2190500
15.58,2189596
15.84,2187656
15.9,2179302
15.96,2179294
16.05,2179151
16.06,2178679
16.11,2178454
16.12,2161019
16.17,2156659
16.3,2156397
16.37,2139438
16.4,2138226
16.42,2134871
16.46,2133093
16.47,2132423
16.47,2128598
16.56,2128502
16.63,2126719
16.68,2124624
16.86,2123962
16.91,2121676
16.95,2120286
16.97,2116699
17.09,2116067
17.14,2115288
17.2,2110946
17.29,2106227
17.48,2073634
17.59,2071783
17.7,2071678
17.71,2071547
17.75,2068129
18.16,2067990
18.23,2067843
18.27,2065162
18.28,2063730
18.32,2055118
18.35,2054961
18.51,2052359
18.52,2050853
18.55,2045042
18.6,2043686
18.67,2042635
18.68,2042223
18.7,2038712
18.72,2034568
18.84,2030893
18.89,2029590
18.93,2025738
18.96,2023242
18.98,2014603
18.98,2006213
19.09,2002055
19.15,1998550
19.22,1997130
19.37,1996822
19.41,1996041
19.45,1993733
19.71,1992757
19.78,1992372
19.78,1991537
19.79,1990081
19.84,1989814
19.87,1988647
19.88,1981049
19.95,1973795
0.1,6923129
0.12,6908253
0.13,6903425
0.14,6902613
0.16,6898160
0.16,6861011
0.16,6860903
0.17,6836796
0.17,6821892
0.18,6819687
0.19,6809211
0.19,6809176
0.2,6801931
0.2,6787677
0.21,6676481
0.26,6674345
0.26,6674141
0.27,6669075
0.27,6593920
0.31,6579116
0.31,6538204
0.34,6475181
0.36,6464704
0.37,6448340
0.39,6434250
0.41,6433266
0.41,6432862
0.42,6401126
0.42,6396383
0.44,6351773
0.45,6311755
0.47,6310779
0.48,6274182
0.49,6262149
0.5,6259652
0.5,6242551
0.51,6220642
0.53,6194347
0.53,6192590
0.54,6168522
0.55,6166548
0.55,6166328
0.56,6154666
0.56,6150658
0.56,6128316
0.57,5955941
0.66,5923378
0.68,5920454
0.68,5843165
0.69,5836955
0.71,5835428
0.72,5835346
0.72,5806880
0.72,5785168
0.74,5781812
0.74,5760184
0.75,5745222
0.76,5739315
0.78,5736506
0.78,5733074
0.79,5690731
0.79,5669007
0.8,5665258
0.81,5663879
0.82,5653084
0.84,5651009
0.84,5626072
0.87,5617106
0.88,5613271
0.9,5602721
0.91,5589175
0.92,5573631
0.92,5570072
0.93,5555916
0.94,5552593
0.96,5550966
0.96,5509037
0.96,5495206
0.99,5481455
0.99,5473993
1.02,5469597
1.03,5468451
1.05,5456467
1.05,5429865
1.07,5412993
1.07,5381397
1.08,5368291
1.09,5361519
1.1,5360826
1.12,5355825
1.14,5353729
1.15,5336314
1.19,5323729
1.23,5317867
1.24,5266347
1.28,5264447
1.29,5241242
1.3,5216514
1.31,5210147
1.34,5163440
1.35,5156586
1.38,5104027
1.39,5082380
1.4,5063051
1.44,5059635
1.45,5049320
1.48,5045655
1.49,5044750
1.49,5035610
1.5,4977518
1.52,4969922
1.53,4964602
1.53,4959217
1.58,4955442
1.6,4948693
1.6,4938877
1.62,4936398
1.63,4933128
1.63,4931931
1.63,4910559
1.63,4905640
1.64,4905610
1.68,4894851
1.69,4893714
1.72,4878648
1.76,4873426
1.76,4868266
1.77,4862002
1.8,4856172
1.8,4855157
1.81,4836144
1.84,4834632
1.85,4827788
1.85,4826544
1.86,4811378
1.91,4809964
1.92,4803962
1.95,4794045
1.99,4792131
2.05,4790217
2.05,4784483
2.05,4782402
2.08,4767334
2.09,4755532
2.1,4704118
2.16,4702500
2.17,4674849
2.19,4667510
2.23,4652827
2.28,4646936
2.34,4620896
2.35,4616799
2.38,4616493
2.45,4605719
2.5,4601243
2.5,4579783
2.52,4576686
2.55,4574148
2.57,4568141
2.6,4566673
2.62,4537584
2.67,4533155
2.67,4532152
2.68,4501417
2.68,4496512
2.72,4482474
2.75,4477322
2.75,4459370
2.76,4437679
2.82,4414139
2.94,4413870
2.95,4252351
3.08,4245629
3.14,4237665
3.16,4232868
3.21,4229891
3.23,4223707
3.35,4125511
3.43,4124958
3.43,4098709
3.46,4081730
3.48,4081624
3.55,4081493
3.56,4081251
3.59,4068072
3.59,4059086
3.62,4053487
3.65,4050133
3.65,4043923
3.7,4037467
3.71,3996914
3.72,3989738
3.81,3982555
3.84,3975094
3.84,3974361
3.88,3966806
3.92,3947073
3.93,3934406
4,3931608
4,3928774
4.03,3926518
4.07,3926120
4.08,3925541
4.09,3908362
4.12,3903398
4.14,3876875
4.18,3875039
4.22,3874662
4.23,3867758
4.32,3858728
4.34,3805989
4.36,3791472
4.4,3768006
4.4,3742932
4.45,3740464
4.49,3739487
4.5,3732425
4.58,3722831
4.6,3692762
4.64,3645278
4.65,3620182
4.69,3613636
4.69,3603729
4.79,3600409
4.8,3591311
4.85,3589133
4.9,3580970
4.95,3580644
4.95,3578391
4.98,3578053
4.98,3578051
4.98,3499765
5.02,3485415
5.09,3484964
5.12,3475468
5.23,3470579
5.24,3470017
5.24,3468555
5.25,3463125
5.3,3457651
5.33,3436554
5.35,3435542
5.36,3432579
5.38,3428788
5.39,3422408
5.43,3418139
5.44,3417370
5.48,3415859
5.5,3409200
5.53,3375691
5.61,3351657
5.68,3349290
5.68,3336643
5.69,3335516
5.72,3284203
5.75,3280504
5.76,3280098
5.77,3277799
5.8,3276258
5.8,3273703
5.81,3244162
5.97,3241378
6.01,3161905
6.02,3158423
6.05,3138823
6.12,3133095
6.17,3131996
6.21,3128812
6.23,3127420
6.24,3124426
6.26,3115897
6.31,3115853
6.33,3115312
6.35,3113091
6.36,3111677
6.38,3104756
6.4,3079772
6.45,3079694
6.46,3079274
6.47,3074239
6.58,3066588
6.7,3032172
6.79,3030239
6.84,3028940
6.86,3018486
6.87,3017160
6.88,3013578
6.88,3005920
6.9,3003156
6.94,2994679
6.95,2991879
7.03,2990221
7.08,2986506
7.13,2950553
7.17,2937560
7.23,2909665
7.28,2904769
7.31,2903947
7.37,2901056
7.38,2892909
7.41,2884175
7.47,2861101
7.53,2860353
7.54,2853498
7.55,2852160
7.57,2852081
7.6,2851044
7.6,2836869
7.63,2830798
7.72,2827965
7.75,2824747
7.77,2824099
7.77,2820862
7.78,2809629
7.83,2783392
7.87,2783003
7.88,2782584
7.89,2780773
7.89,2780009
7.91,2773408
7.92,2761724
7.97,2748443
8,2736506
8,2736500
8.04,2733436
8.1,2732366
8.12,2722094
8.14,2720190
8.17,2714801
8.18,2713978
8.21,2713866
8.21,2703874
8.32,2698177
8.35,2688393
8.38,2687731
8.4,2684367
8.44,2675169
8.58,2674657
8.77,2672775
8.8,2662868
8.86,2662078
8.88,2646225
8.91,2644166
8.93,2636360
9.13,2635860
9.25,2630527
9.31,2629551
9.39,2596122
9.45,2591038
9.5,2589310
9.51,2589267
9.54,2585784
9.71,2581032
9.81,2580822
9.82,2573332
9.91,2560559
9.95,2554174
10,2552824
10.13,2549550
10.34,2539759
10.36,2492509
10.36,2490855
10.4,2478036
10.4,2475249
10.54,2473982
10.65,2470074
10.7,2461490
10.75,2456334
10.87,2456219
10.91,2456094
10.91,2454816
10.99,2453468
10.99,2453197
11.05,2450350
11.14,2447461
11.19,2445839
11.26,2440221
11.33,2438743
11.33,2437239
11.37,2428382
11.41,2426368
11.41,2424619
11.43,2423328
11.47,2418574
11.5,2417991
11.83,2411407
11.88,2409109
11.92,2397775
11.97,2374392
12.14,2371531
12.2,2371480
12.21,2365405
12.22,2364915
12.3,2363360
12.39,2350119
12.6,2347499
12.6,2302236
12.62,2301280
12.64,2297640
12.67,2291210
12.73,2284753
12.79,2283775
12.8,2282372
12.88,2279716
13.03,2276335
13.11,2275189
13.13,2270898
13.16,2268296
13.21,2268171
13.4,2267034
13.47,2262209
13.48,2261588
13.72,2259172
13.76,2258666
13.78,2250983
13.82,2250783
13.84,2250682
13.88,2246641
14.07,2241610
14.12,2237800
14.32,2235234
14.46,2234766
14.46,2234446
14.55,2233899
14.56,2233149
14.57,2231315
14.61,2230956
14.61,2230428
14.67,2210980
14.83,2210817
15.02,2210598
15.03,2196283
15.23,2195801
15.31,2190500
15.42,2189596
15.76,2187656
15.83,2179302
15.91,2179294
16.01,2179151
16.01,2178679
16.07,2178454
16.07,2161019
16.14,2156659
16.27,2156397
16.35,2139438
16.38,2138226
16.41,2134871
16.45,2133093
16.47,2132423
16.47,2128598
16.58,2128502
16.69,2126719
16.76,2124624
17.11,2123962
17.17,2121676
17.2,2120286
17.23,2116699
17.33,2116067
17.39,2115288
17.45,2110946
17.54,2106227
17.74,2073634
17.85,2071783
17.97,2071678
17.99,2071547
18.04,2068129
18.94,2067990
19.15,2067843
19.46,2065162
19.51,2063730
19.67,2055118
19.74,2054961
