0.1,6910957
0.12,6907539
0.13,6860676
0.13,6851965
0.14,6666050
0.15,6640680
0.15,6640081
0.16,6623715
0.19,6571932
0.19,6567537
0.2,6525033
0.21,6516094
0.22,6501039
0.24,6451522
0.26,6443554
0.28,6346444
0.32,6256859
0.35,6214908
0.35,6211249
0.36,6194590
0.36,6168506
0.37,6167085
0.39,6162383
0.39,6159891
0.4,6140061
0.42,6110699
0.43,6103944
0.47,6090822
0.48,6080735
0.49,6066207
0.52,6055104
0.53,6048925
0.53,6040117
0.54,6040035
0.57,6020428
0.58,6001166
0.59,5997449
0.6,5981167
0.62,5976186
0.62,5972089
0.64,5968782
0.65,5923163
0.7,5909341
0.71,5879239
0.72,5859556
0.74,5822137
0.74,5795445
0.77,5757383
0.81,5753833
0.82,5752703
0.85,5739997
0.87,5731447
0.87,5715826
0.91,5701045
0.93,5697575
0.95,5695760
0.97,5688014
0.97,5685069
0.97,5682321
0.98,5675241
1,5669787
1.02,5663713
1.04,5644793
1.05,5639654
1.06,5628938
1.07,5627463
1.08,5626566
1.1,5621755
1.15,5616977
1.17,5608812
1.18,5606265
1.18,5605994
1.21,5596399
1.26,5595910
1.26,5591207
1.27,5575307
1.28,5551273
1.32,5546365
1.34,5546007
1.37,5541523
1.39,5522164
1.39,5508889
1.39,5504404
1.4,5474130
1.45,5469679
1.53,5456011
1.55,5449312
1.57,5444602
1.58,5383281
1.6,5367799
1.72,5366358
1.72,5359567
1.75,5351788
1.75,5347497
1.75,5334210
1.77,5325784
1.78,5323872
1.79,5312256
1.82,5293270
1.84,5258898
1.87,5258542
1.87,5245428
1.93,5219602
1.96,5189067
1.97,5186831
2.03,5145361
2.07,5139311
2.09,5139129
2.09,5135099
2.15,5102038
2.17,4957885
2.21,4953239
2.21,4902927
2.21,4900728
2.26,4897809
2.26,4890056
2.29,4848444
2.3,4833068
2.31,4822907
2.32,4811401
2.33,4800162
2.34,4798611
2.35,4783710
2.38,4777743
2.39,4699324
2.43,4696453
2.54,4692442
2.55,4688294
2.79,4684372
2.83,4675433
2.9,4639815
3.05,4633925
3.06,4630004
3.12,4617693
3.25,4609294
3.27,4607800
3.29,4606359
3.31,4605904
3.32,4604219
3.33,4575240
3.36,4567964
3.43,4562302
3.45,4555322
3.48,4549377
3.93,4548837
3.98,4546756
4.04,4546284
4.07,4541969
4.12,4536331
4.19,4531786
4.22,4525132
4.23,4520114
4.24,4504991
4.26,4498552
4.28,4497469
4.29,4495413
4.3,4490224
4.32,4485587
4.34,4482618
4.36,4480979
4.37,4478281
4.38,4460842
4.38,4433002
4.41,4420946
4.44,4418570
4.45,4403768
4.48,4401791
4.55,4392898
4.57,4341971
4.59,4338788
4.6,4328319
4.66,4327143
4.68,4324550
4.69,4319685
4.72,4310646
4.81,4266316
4.88,4266177
4.9,4260745
4.91,4256861
4.96,4251373
4.99,4240720
4.99,4240640
5,4237887
5.03,4235453
5.06,4223869
5.07,4221211
5.08,4218865
5.09,4214042
5.11,4169476
5.13,4158691
5.15,4155685
5.17,4152225
5.17,4136429
5.21,4129311
5.25,4125841
5.28,4117278
5.3,4115170
5.31,4103031
5.31,4090852
5.35,4090512
5.36,4089004
5.4,4087657
5.45,4086415
5.49,4082915
5.5,4027937
5.5,4014530
5.58,4012433
5.6,3985712
5.62,3979680
5.64,3977369
5.64,3952312
5.77,3944581
5.79,3943900
5.87,3940926
5.88,3927819
5.89,3922272
5.92,3909659
5.94,3904063
6.06,3901471
6.06,3900608
6.08,3885030
6.12,3882358
6.18,3879003
6.2,3877899
6.23,3873015
6.25,3870734
6.31,3870203
6.36,3864723
6.43,3838015
6.47,3837100
6.51,3836586
6.53,3834287
6.6,3829842
6.65,3810821
6.69,3790565
6.71,3782764
6.73,3780618
6.73,3780283
6.76,3775215
6.78,3763877
6.92,3763527
6.94,3759099
6.98,3753696
7.01,3752607
7.03,3746672
7.22,3735583
7.32,3734908
7.37,3730927
7.41,3727403
7.41,3725390
7.43,3724282
7.45,3715952
7.45,3682707
7.48,3681152
7.54,3677381
7.55,3677052
7.56,3671821
7.57,3671250
7.59,3658821
7.68,3657085
7.69,3648825
7.7,3646889
7.71,3646317
7.71,3636454
7.72,3630603
7.79,3580318
7.84,3497831
7.92,3490572
7.92,3487438
8.02,3484708
8.02,3482580
8.04,3479944
8.12,3479904
8.15,3455265
8.15,3450555
8.2,3449515
8.2,3447854
8.22,3437435
8.29,3435862
8.29,3425754
8.3,3417648
8.3,3397468
8.32,3393614
8.33,3362699
8.45,3355390
8.46,3298224
8.49,3297421
8.54,3293575
8.58,3287169
8.6,3185307
8.77,3183133
8.8,3182892
8.81,3151611
8.81,3137025
8.82,3135464
8.84,3129525
8.93,3125822
8.95,3118636
9.02,3094863
9.06,3091024
9.14,3070989
9.15,3069492
9.3,3067397
9.36,3032132
9.37,3030838
9.4,3030077
9.51,3025947
9.52,3024685
9.54,3018850
9.54,3018436
9.59,3009802
9.68,3002231
9.73,2998284
9.82,2995548
9.91,2994843
9.95,2988749
10,2988372
10.01,2988127
10.05,2987408
10.06,2983549
10.1,2977867
10.11,2976138
10.14,2960375
10.18,2950848
10.19,2940463
10.23,2937106
10.3,2936570
10.31,2898103
10.36,2894693
10.42,2885612
10.5,2885192
10.52,2881328
10.53,2878756
10.56,2869535
10.59,2863439
10.82,2816097
10.85,2810823
11,2810804
11.01,2810459
11.01,2804387
11.05,2750576
11.17,2734163
11.41,2728566
11.46,2724537
11.48,2704447
11.53,2702832
11.56,2701906
11.59,2690245
11.64,2688527
11.72,2688326
11.75,2687909
11.75,2686881
11.75,2686397
11.78,2685696
11.81,2638643
11.81,2637050
12.05,2631941
12.15,2608845
12.2,2564623
12.22,2537257
12.27,2535127
12.33,2528622
12.36,2515586
12.61,2514332
12.63,2514294
12.66,2498621
12.82,2490194
13.13,2488012
13.15,2483604
13.27,2481093
13.41,2480812
13.46,2469353
13.58,2468186
13.63,2465058
13.63,2463926
13.65,2462847
13.67,2461209
13.68,2460847
13.73,2455685
13.74,2454030
13.89,2440635
13.91,2440502
13.97,2438702
13.98,2432181
13.98,2431198
14.12,2384406
14.25,2380815
14.26,2379220
14.28,2371633
14.31,2358640
14.38,2356403
14.42,2353239
14.43,2336436
14.53,2335172
14.57,2334278
14.58,2332916
14.63,2332433
14.64,2327930
14.66,2323015
14.75,2320313
14.8,2318729
14.8,2295660
14.83,2286004
14.86,2266881
14.95,2266658
15.03,2266196
15.03,2266031
15.17,2258316
15.19,2254282
15.2,2252139
15.23,2234145
15.23,2233115
15.24,2232396
15.25,2231640
15.26,2223938
15.3,2215631
15.65,2215240
15.71,2210702
15.71,2209790
15.76,2205639
15.88,2203041
16.03,2200336
16.1,2198331
16.18,2197331
16.25,2133608
16.25,2129688
16.29,2127066
16.32,2125756
16.34,2125004
16.35,2122545
16.36,2121756
16.37,2120924
16.41,2116563
16.45,2113991
16.46,2113309
16.48,2107708
16.74,2098838
16.91,2093996
16.96,2092338
17,2090557
17.02,2084563
17.05,2083219
17.12,2082440
17.13,2074794
17.35,2070332
17.35,2069993
17.42,2069127
17.43,2061024
17.62,2054702
17.67,2051182
17.72,2050645
17.74,2048097
18.22,2046442
18.34,2035744
18.61,2033113
18.67,2032168
18.69,2028791
18.74,2027313
18.77,2017236
18.83,2010392
18.89,1980691
18.92,1979348
18.93,1961738
18.97,1961489
19.05,1960007
19.11,1955845
19.28,1945675
19.3,1944938
19.4,1943487
19.42,1938512
19.44,1933241
19.45,1931649
19.57,1930688
19.77,1926126
19.81,1922934
19.84,1921721
19.88,1921349
19.9,1920333
19.96,1917505
0.13,6910957
0.15,6907539
0.16,6860676
0.17,6851965
0.18,6666050
0.19,6640680
0.19,6640081
0.21,6623715
0.24,6571932
0.25,6567537
0.26,6525033
0.27,6516094
0.27,6501039
0.3,6451522
0.33,6443554
0.35,6346444
0.4,6256859
0.43,6214908
0.44,6211249
0.44,6194590
0.45,6168506
0.46,6167085
0.48,6162383
0.48,6159891
0.5,6140061
0.52,6110699
0.54,6103944
0.59,6090822
0.6,6080735
0.61,6066207
0.63,6055104
0.65,6048925
0.65,6040117
0.66,6040035
0.69,6020428
0.7,6001166
0.7,5997449
0.72,5981167
0.74,5976186
0.74,5972089
0.76,5968782
0.77,5923163
0.83,5909341
0.84,5879239
0.86,5859556
0.87,5822137
0.87,5795445
0.91,5757383
0.95,5753833
0.97,5752703
1,5739997
1.01,5731447
1.02,5715826
1.06,5701045
1.07,5697575
1.09,5695760
1.12,5688014
1.12,5685069
1.12,5682321
1.13,5675241
1.15,5669787
1.17,5663713
1.2,5644793
1.21,5639654
1.21,5628938
1.23,5627463
1.24,5626566
1.25,5621755
1.32,5616977
1.33,5608812
1.35,5606265
1.35,5605994
1.38,5596399
1.46,5595910
1.47,5591207
1.47,5575307
1.5,5551273
1.56,5546365
1.6,5546007
1.63,5541523
1.65,5522164
1.65,5508889
1.65,5504404
1.67,5474130
1.73,5469679
1.83,5456011
1.86,5449312
1.88,5444602
1.89,5383281
1.91,5367799
2.01,5366358
2.01,5359567
2.04,5351788
2.04,5347497
2.05,5334210
2.07,5325784
2.1,5323872
2.11,5312256
2.15,5293270
2.17,5258898
2.19,5258542
2.2,5245428
2.23,5219602
2.26,5189067
2.26,5186831
2.29,5145361
2.31,5139311
2.33,5139129
2.33,5135099
2.38,5102038
2.39,4957885
2.42,4953239
2.42,4902927
2.42,4900728
2.46,4897809
2.46,4890056
2.48,4848444
2.48,4833068
2.49,4822907
2.51,4811401
2.51,4800162
2.52,4798611
2.54,4783710
2.57,4777743
2.58,4699324
2.62,4696453
2.65,4692442
2.65,4688294
2.7,4684372
2.71,4675433
2.72,4639815
2.75,4633925
2.76,4630004
2.78,4617693
2.86,4609294
2.87,4607800
2.89,4606359
2.92,4605904
2.94,4604219
2.95,4575240
2.98,4567964
3.06,4562302
3.09,4555322
3.1,4549377
3.36,4548837
3.43,4546756
3.59,4546284
3.63,4541969
3.69,4536331
3.78,4531786
3.82,4525132
3.82,4520114
3.85,4504991
3.86,4498552
3.9,4497469
3.91,4495413
3.92,4490224
3.96,4485587
3.97,4482618
4.01,4480979
4.03,4478281
4.03,4460842
4.04,4433002
4.08,4420946
4.12,4418570
4.12,4403768
4.16,4401791
4.22,4392898
4.24,4341971
4.26,4338788
4.27,4328319
4.33,4327143
4.36,4324550
4.36,4319685
4.41,4310646
4.52,4266316
4.69,4266177
4.72,4260745
4.73,4256861
4.82,4251373
4.86,4240720
4.87,4240640
4.94,4237887
5.01,4235453
5.07,4223869
5.09,4221211
5.1,4218865
5.11,4214042
5.14,4169476
5.17,4158691
5.19,4155685
5.22,4152225
5.22,4136429
5.27,4129311
5.32,4125841
5.37,4117278
5.48,4115170
5.51,4103031
5.51,4090852
5.58,4090512
5.59,4089004
5.65,4087657
5.71,4086415
5.76,4082915
5.76,4027937
5.77,4014530
5.86,4012433
5.89,3985712
5.92,3979680
5.95,3977369
5.95,3952312
6.08,3944581
6.1,3943900
6.22,3940926
6.24,3927819
6.24,3922272
6.27,3909659
6.3,3904063
6.42,3901471
6.42,3900608
6.44,3885030
6.48,3882358
6.54,3879003
6.56,3877899
6.59,3873015
6.61,3870734
6.67,3870203
6.71,3864723
6.78,3838015
6.82,3837100
6.87,3836586
6.9,3834287
6.97,3829842
7.03,3810821
7.08,3790565
7.09,3782764
7.11,3780618
7.12,3780283
7.15,3775215
7.18,3763877
7.34,3763527
7.37,3759099
7.41,3753696
7.45,3752607
7.47,3746672
7.74,3735583
7.86,3734908
7.93,3730927
7.99,3727403
7.99,3725390
8.02,3724282
8.05,3715952
8.06,3682707
8.09,3681152
8.17,3677381
8.19,3677052
8.2,3671821
8.21,3671250
8.22,3658821
8.39,3657085
8.42,3648825
8.44,3646889
8.47,3646317
8.47,3636454
8.48,3630603
8.59,3580318
8.65,3497831
8.73,3490572
8.74,3487438
8.85,3484708
8.85,3482580
8.85,3479944
8.93,3479904
8.97,3455265
8.97,3450555
9.03,3449515
9.03,3447854
9.05,3437435
9.08,3435862
9.08,3425754
9.09,3417648
9.09,3397468
9.11,3393614
9.12,3362699
9.25,3355390
9.26,3298224
9.28,3297421
9.31,3293575
9.33,3287169
9.34,3185307
9.54,3183133
9.57,3182892
9.58,3151611
9.59,3137025
9.59,3135464
9.61,3129525
9.72,3125822
9.74,3118636
9.83,3094863
9.9,3091024
10,3070989
10.02,3069492
10.23,3067397
10.27,3032132
10.28,3030838
10.31,3030077
10.38,3025947
10.41,3024685
10.43,3018850
10.44,3018436
10.52,3009802
10.69,3002231
10.75,2998284
10.9,2995548
11.13,2994843
11.2,2988749
11.27,2988372
11.27,2988127
11.34,2987408
11.35,2983549
11.4,2977867
11.42,2976138
11.47,2960375
11.52,2950848
11.55,2940463
11.6,2937106
11.68,2936570
11.69,2898103
11.75,2894693
11.81,2885612
11.89,2885192
11.92,2881328
11.93,2878756
11.96,2869535
11.99,2863439
12.21,2816097
12.23,2810823
12.41,2810804
12.42,2810459
12.43,2804387
12.47,2750576
12.58,2734163
13,2728566
13.09,2724537
13.14,2704447
13.27,2702832
13.32,2701906
13.37,2690245
13.42,2688527
13.52,2688326
13.55,2687909
13.55,2686881
13.55,2686397
13.58,2685696
13.61,2638643
13.61,2637050
13.74,2631941
13.83,2608845
13.86,2564623
13.89,2537257
13.93,2535127
13.99,2528622
14.01,2515586
14.15,2514332
14.17,2514294
14.2,2498621
14.37,2490194
14.67,2488012
14.7,2483604
14.81,2481093
15.01,2480812
15.06,2469353
15.17,2468186
15.22,2465058
15.22,2463926
15.24,2462847
15.26,2461209
15.26,2460847
15.3,2455685
15.31,2454030
15.46,2440635
15.49,2440502
15.57,2438702
15.57,2432181
15.58,2431198
15.72,2384406
15.86,2380815
15.87,2379220
15.89,2371633
15.92,2358640
15.99,2356403
16.06,2353239
16.07,2336436
16.18,2335172
16.23,2334278
16.24,2332916
16.29,2332433
16.31,2327930
16.32,2323015
16.42,2320313
16.47,2318729
16.47,2295660
16.51,2286004
16.53,2266881
16.69,2266658
16.78,2266196
16.78,2266031
16.93,2258316
16.95,2254282
16.97,2252139
16.99,2234145
16.99,2233115
17.01,2232396
17.01,2231640
17.03,2223938
17.07,2215631
17.45,2215240
17.51,2210702
17.52,2209790
17.57,2205639
17.7,2203041
17.9,2200336
17.97,2198331
18.05,2197331
18.14,2133608
18.15,2129688
18.2,2127066
18.27,2125756
18.3,2125004
18.33,2122545
18.35,2121756
18.36,2120924
18.44,2116563
18.5,2113991
18.5,2113309
18.52,2107708
18.79,2098838
18.97,2093996
19.03,2092338
19.07,2090557
19.09,2084563
19.12,2083219
19.2,2082440
19.21,2074794
19.45,2070332
19.45,2069993
19.52,2069127
19.53,2061024
19.71,2054702
19.79,2051182
19.87,2050645
19.89,2048097
