0.12,6681680
0.14,6603369
0.15,6599848
0.16,6569707
0.16,6549718
0.18,6511165
0.19,6490992
0.21,6483197
0.22,6417184
0.24,6390814
0.24,6390655
0.27,6352914
0.29,6349156
0.29,6344253
0.3,6320210
0.3,6304017
0.31,6301902
0.34,6293165
0.35,6234797
0.36,6232119
0.36,6206295
0.36,6184474
0.37,6157417
0.37,6080118
0.38,6066911
0.39,6060446
0.41,6044970
0.42,6041375
0.43,6016356
0.44,6014545
0.45,6013831
0.46,6012104
0.46,5928082
0.47,5915961
0.48,5880129
0.5,5866506
0.53,5865724
0.53,5861512
0.54,5782457
0.56,5781009
0.59,5738608
0.63,5733964
0.64,5711926
0.66,5706811
0.7,5692007
0.72,5686400
0.72,5647644
0.74,5636672
0.74,5619275
0.76,5595572
0.79,5564997
0.84,5564476
0.85,5556345
0.87,5523570
0.91,5520462
0.92,5496968
0.94,5494430
0.95,5474857
0.96,5430546
0.99,5426347
1.04,5414435
1.07,5408664
1.08,5395341
1.12,5381635
1.14,5364414
1.16,5338183
1.21,5337224
1.23,5326287
1.26,5318371
1.27,5314804
1.29,5306718
1.3,5297570
1.31,5290721
1.33,5287958
1.34,5284391
1.35,5276457
1.37,5265784
1.4,5258622
1.45,5255725
1.49,5255209
1.51,5120521
1.54,5119466
1.55,5108543
1.57,5091601
1.6,5089712
1.66,5066272
1.71,5037741
1.74,5033574
1.76,5031713
1.77,5025791
1.77,5007467
1.83,4979607
1.85,4954450
1.86,4921555
1.9,4914459
1.91,4903462
1.93,4901197
1.94,4842435
1.96,4825256
2.04,4777143
2.06,4775335
2.06,4771147
2.07,4767600
2.07,4754232
2.09,4747943
2.14,4745533
2.17,4744897
2.18,4736901
2.19,4710325
2.19,4709767
2.21,4700462
2.21,4699768
2.22,4697260
2.24,4655216
2.28,4651534
2.29,4643888
2.3,4626167
2.48,4625973
2.49,4624269
2.51,4623756
2.52,4595918
2.54,4593412
2.57,4585541
2.59,4579632
2.62,4576957
2.64,4574140
2.64,4572564
2.66,4570652
2.66,4550086
2.67,4547956
2.71,4543439
2.83,4525422
2.91,4450056
2.99,4448516
3,4447007
3.02,4446922
3.04,4443929
3.07,4438413
3.1,4420918
3.11,4415829
3.14,4399320
3.19,4388359
3.33,4384854
3.44,4378449
3.47,4377046
3.47,4359459
3.52,4353185
3.53,4331470
3.6,4326101
3.61,4325469
3.61,4319899
3.62,4319396
3.63,4316547
3.63,4313039
3.65,4311099
3.69,4301796
3.7,4279538
3.73,4278278
3.77,4275865
3.78,4222425
3.84,4201041
3.85,4200058
3.86,4198244
3.86,4187400
3.87,4175521
3.89,4168363
3.89,4164355
3.91,4157298
3.95,4120570
4.02,4118455
4.02,4113678
4.03,4100829
4.19,4099332
4.19,4095850
4.26,4089846
4.26,4087629
4.28,4086789
4.29,4082736
4.36,4079520
4.4,4079135
4.41,4077504
4.41,4071975
4.45,4066287
4.48,4060514
4.48,4060512
4.52,4057562
4.53,4056380
4.54,4055125
4.59,4053601
4.62,4051125
4.64,4048011
4.67,4047179
4.7,4044773
4.72,4043765
4.73,4039224
4.74,4018636
4.78,4015538
4.8,4006955
4.81,4005427
4.87,3921183
4.89,3907448
4.9,3893173
4.92,3889315
4.95,3876430
4.95,3875373
4.99,3869037
5,3865999
5.08,3865327
5.1,3862733
5.11,3852777
5.13,3843271
5.37,3822646
5.38,3820768
5.43,3820764
5.44,3819305
5.44,3809527
5.45,3801029
5.47,3798049
5.49,3679362
5.49,3678915
5.51,3666415
5.52,3665213
5.57,3662791
5.6,3636216
5.7,3621817
5.78,3615834
5.89,3590425
5.95,3590116
5.99,3586186
5.99,3585194
6.01,3578692
6.02,3577454
6.03,3567228
6.09,3558202
6.21,3554086
6.24,3548935
6.25,3544893
6.29,3528600
6.3,3515019
6.34,3510260
6.36,3484043
6.4,3480051
6.44,3479119
6.49,3477030
6.5,3471134
6.51,3452956
6.51,3451899
6.53,3451493
6.54,3449997
6.54,3428985
6.55,3419785
6.69,3419577
6.73,3408740
6.79,3408722
6.86,3398034
6.94,3397418
6.95,3392824
6.98,3387881
7.01,3382616
7.06,3381616
7.18,3375692
7.29,3358624
7.51,3350043
7.63,3348189
7.65,3344617
7.7,3336988
7.73,3327441
7.77,3322727
7.81,3321156
7.82,3314780
7.89,3313102
7.91,3282559
8.01,3273054
8.24,3264252
8.27,3231365
8.66,3229610
8.66,3226532
8.75,3213557
8.79,3212307
8.91,3211331
8.92,3206037
9.03,3204773
9.05,3204351
9.05,3196266
9.16,3191620
9.23,3184626
9.24,3179650
9.31,3179210
9.32,3176048
9.43,3174472
9.56,3168994
9.57,3165422
9.74,3160620
9.77,3156201
9.78,3155052
9.78,3151224
9.81,3148355
9.82,3138390
9.83,3138280
9.84,3136230
9.84,3134501
9.84,3117117
9.84,3108908
9.87,3098350
9.91,3098095
9.96,3097279
9.97,3095728
10.02,3093768
10.03,3068281
10.03,3067226
10.07,3065434
10.16,3063548
10.16,3061088
10.23,3044284
10.4,3043934
10.48,3043707
10.49,3038118
10.51,3034961
10.56,3000649
10.56,2977556
10.62,2973265
10.74,2971940
10.79,2951034
10.8,2928817
10.8,2924463
10.85,2915180
10.91,2914929
10.94,2884895
10.96,2867280
10.98,2866919
11.03,2866190
11.04,2862714
11.06,2857988
11.11,2853361
11.14,2852961
11.16,2849752
11.21,2845031
11.3,2820686
11.32,2812856
11.39,2808217
11.5,2801989
11.54,2789888
11.55,2783979
11.67,2780804
11.82,2752736
11.83,2747939
11.86,2700483
11.98,2700217
12.05,2699147
12.05,2695009
12.1,2692152
12.1,2684815
12.15,2658145
12.16,2656679
12.23,2639728
12.32,2628899
12.35,2628332
12.37,2593744
12.48,2577001
12.55,2576430
12.55,2575626
12.58,2574406
12.63,2569411
12.66,2569401
12.69,2569350
12.7,2566979
12.76,2564460
12.8,2563116
12.84,2556972
12.85,2556971
12.9,2556953
12.92,2555363
12.93,2503832
12.94,2498980
13.08,2476955
13.14,2474786
13.19,2469744
13.27,2468347
13.33,2463857
13.51,2462143
13.53,2459475
13.58,2457274
13.6,2456727
13.62,2454982
13.64,2447401
13.79,2442967
13.91,2441158
13.91,2437062
14.09,2430868
14.21,2428653
14.29,2422239
14.34,2390107
14.45,2389424
14.54,2379162
14.62,2376549
14.67,2372520
14.72,2349644
14.78,2349639
14.79,2346791
14.89,2346180
14.95,2343558
15.04,2342726
15.06,2339984
15.07,2337608
15.13,2336876
15.19,2335018
15.24,2328974
15.27,2317308
15.29,2311591
15.42,2310945
15.53,2310907
15.66,2307898
15.67,2305135
15.74,2298528
15.81,2283600
15.93,2281778
16.1,2281337
16.14,2279926
16.16,2276733
16.22,2273391
16.27,2272827
16.3,2272379
16.3,2271822
16.31,2270548
16.33,2268939
16.34,2255637
16.4,2233272
16.5,2218301
16.53,2215474
16.65,2214082
16.66,2209769
16.74,2199481
16.79,2187481
16.85,2182871
16.85,2181943
16.88,2160011
16.93,2159034
16.94,2145441
17.01,2144662
17.07,2143073
17.13,2141600
17.18,2140183
17.24,2137225
17.4,2135768
17.4,2130315
17.5,2125974
17.51,2125506
17.58,2124282
17.61,2121042
17.68,2063838
17.71,2057964
17.73,2057428
17.74,2039633
17.85,2039530
17.85,2034307
17.87,2024304
17.89,2022801
17.92,2018479
18.08,2014774
18.12,2014244
18.15,2014111
18.15,1978038
18.29,1973714
18.71,1972413
18.72,1965394
18.92,1964607
19.01,1963185
19.05,1962031
19.08,1959980
19.14,1956135
19.18,1954414
19.28,1953722
19.34,1953413
19.35,1953218
19.38,1953147
19.4,1949641
19.48,1943409
19.59,1940272
19.71,1937671
19.74,1932987
19.86,1932804
19.98,1931571
0.11,6681680
0.13,6603369
0.14,6599848
0.15,6569707
0.15,6549718
0.16,6511165
0.18,6490992
0.2,6483197
0.21,6417184
0.22,6390814
0.23,6390655
0.25,6352914
0.28,6349156
0.28,6344253
0.29,6320210
0.29,6304017
0.3,6301902
0.32,6293165
0.34,6234797
0.34,6232119
0.35,6206295
0.35,6184474
0.35,6157417
0.36,6080118
0.36,6066911
0.37,6060446
0.4,6044970
0.4,6041375
0.42,6016356
0.42,6014545
0.44,6013831
0.44,6012104
0.45,5928082
0.47,5915961
0.48,5880129
0.51,5866506
0.55,5865724
0.55,5861512
0.56,5782457
0.59,5781009
0.63,5738608
0.69,5733964
0.7,5711926
0.72,5706811
0.77,5692007
0.8,5686400
0.8,5647644
0.82,5636672
0.82,5619275
0.84,5595572
0.86,5564997
0.89,5564476
0.89,5556345
0.9,5523570
0.93,5520462
0.94,5496968
0.95,5494430
0.96,5474857
0.97,5430546
0.99,5426347
1.03,5414435
1.07,5408664
1.07,5395341
1.12,5381635
1.14,5364414
1.15,5338183
1.19,5337224
1.21,5326287
1.24,5318371
1.24,5314804
1.26,5306718
1.27,5297570
1.28,5290721
1.29,5287958
1.3,5284391
1.3,5276457
1.32,5265784
1.33,5258622
1.36,5255725
1.4,5255209
1.42,5120521
1.46,5119466
1.47,5108543
1.49,5091601
1.52,5089712
1.58,5066272
1.67,5037741
1.7,5033574
1.74,5031713
1.75,5025791
1.76,5007467
1.84,4979607
1.88,4954450
1.89,4921555
1.93,4914459
1.94,4903462
1.97,4901197
1.97,4842435
1.99,4825256
2.07,4777143
2.08,4775335
2.09,4771147
2.09,4767600
2.09,4754232
2.11,4747943
2.16,4745533
2.19,4744897
2.2,4736901
2.21,4710325
2.21,4709767
2.24,4700462
2.24,4699768
2.25,4697260
2.27,4655216
2.32,4651534
2.32,4643888
2.34,4626167
2.55,4625973
2.57,4624269
2.63,4623756
2.64,4595918
2.68,4593412
2.71,4585541
2.74,4579632
2.77,4576957
2.79,4574140
2.79,4572564
2.81,4570652
2.81,4550086
2.82,4547956
2.86,4543439
3.05,4525422
3.14,4450056
3.23,4448516
3.23,4447007
3.27,4446922
3.29,4443929
3.32,4438413
3.35,4420918
3.36,4415829
3.38,4399320
3.41,4388359
3.73,4384854
3.87,4378449
3.93,4377046
3.93,4359459
4,4353185
4.03,4331470
4.13,4326101
4.15,4325469
4.15,4319899
4.17,4319396
4.17,4316547
4.18,4313039
4.21,4311099
4.27,4301796
4.29,4279538
4.33,4278278
4.38,4275865
4.4,4222425
4.48,4201041
4.49,4200058
4.5,4198244
4.5,4187400
4.51,4175521
4.54,4168363
4.55,4164355
4.57,4157298
4.62,4120570
4.71,4118455
4.71,4113678
4.72,4100829
5.03,4099332
5.03,4095850
5.15,4089846
5.17,4087629
5.19,4086789
5.21,4082736
5.29,4079520
5.38,4079135
5.4,4077504
5.4,4071975
5.44,4066287
5.47,4060514
5.47,4060512
5.52,4057562
5.52,4056380
5.54,4055125
5.58,4053601
5.62,4051125
5.65,4048011
5.67,4047179
5.7,4044773
5.73,4043765
5.75,4039224
5.75,4018636
5.8,4015538
5.83,4006955
5.84,4005427
5.89,3921183
5.92,3907448
5.94,3893173
5.95,3889315
5.99,3876430
5.99,3875373
6.03,3869037
6.05,3865999
6.14,3865327
6.16,3862733
6.17,3852777
6.2,3843271
6.48,3822646
6.49,3820768
6.54,3820764
6.55,3819305
6.55,3809527
6.57,3801029
6.58,3798049
6.6,3679362
6.6,3678915
6.62,3666415
6.64,3665213
6.69,3662791
6.72,3636216
6.83,3621817
6.92,3615834
7.04,3590425
7.1,3590116
7.15,3586186
7.16,3585194
7.19,3578692
7.21,3577454
7.22,3567228
7.28,3558202
7.4,3554086
7.42,3548935
7.44,3544893
7.47,3528600
7.48,3515019
7.53,3510260
7.55,3484043
7.59,3480051
7.64,3479119
7.69,3477030
7.7,3471134
7.71,3452956
7.71,3451899
7.73,3451493
7.76,3449997
7.77,3428985
7.78,3419785
7.95,3419577
7.99,3408740
8.05,3408722
8.14,3398034
8.22,3397418
8.24,3392824
8.26,3387881
8.29,3382616
8.33,3381616
8.43,3375692
8.51,3358624
8.61,3350043
8.68,3348189
8.69,3344617
8.73,3336988
8.75,3327441
8.79,3322727
8.83,3321156
8.84,3314780
8.9,3313102
8.92,3282559
9.01,3273054
9.13,3264252
9.14,3231365
9.27,3229610
9.27,3226532
9.33,3213557
9.36,3212307
9.43,3211331
9.43,3206037
9.48,3204773
9.49,3204351
9.49,3196266
9.54,3191620
9.58,3184626
9.58,3179650
9.64,3179210
9.65,3176048
9.74,3174472
9.82,3168994
9.83,3165422
9.95,3160620
9.97,3156201
9.98,3155052
9.98,3151224
10.01,3148355
10.03,3138390
10.03,3138280
10.04,3136230
10.04,3134501
10.04,3117117
10.05,3108908
10.07,3098350
10.13,3098095
10.19,3097279
10.19,3095728
10.26,3093768
10.26,3068281
10.27,3067226
10.32,3065434
10.41,3063548
10.42,3061088
10.51,3044284
10.7,3043934
10.76,3043707
10.77,3038118
10.78,3034961
10.82,3000649
10.82,2977556
10.87,2973265
11,2971940
11.05,2951034
11.06,2928817
11.07,2924463
11.11,2915180
11.19,2914929
11.21,2884895
11.24,2867280
11.25,2866919
11.29,2866190
11.3,2862714
11.32,2857988
11.37,2853361
11.4,2852961
11.42,2849752
11.48,2845031
11.58,2820686
11.6,2812856
11.69,2808217
11.82,2801989
11.85,2789888
11.86,2783979
11.97,2780804
12.11,2752736
12.11,2747939
12.14,2700483
12.25,2700217
12.32,2699147
12.32,2695009
12.36,2692152
12.37,2684815
12.4,2658145
12.41,2656679
12.49,2639728
12.56,2628899
12.59,2628332
12.61,2593744
12.7,2577001
12.76,2576430
12.76,2575626
12.79,2574406
12.83,2569411
12.86,2569401
12.89,2569350
12.89,2566979
12.95,2564460
12.99,2563116
13.03,2556972
13.05,2556971
13.11,2556953
13.13,2555363
13.14,2503832
13.15,2498980
13.32,2476955
13.37,2474786
13.42,2469744
13.51,2468347
13.58,2463857
13.76,2462143
13.78,2459475
13.85,2457274
13.88,2456727
13.92,2454982
13.94,2447401
14.09,2442967
14.23,2441158
14.24,2437062
14.46,2430868
14.63,2428653
14.73,2422239
14.8,2390107
14.94,2389424
15.08,2379162
15.19,2376549
15.24,2372520
15.31,2349644
15.41,2349639
15.42,2346791
15.54,2346180
15.61,2343558
15.75,2342726
15.77,2339984
15.78,2337608
15.86,2336876
15.92,2335018
15.98,2328974
16.01,2317308
16.02,2311591
16.16,2310945
16.28,2310907
16.75,2307898
16.76,2305135
16.91,2298528
17.17,2283600
17.48,2281778
17.72,2281337
17.82,2279926
17.84,2276733
17.92,2273391
17.97,2272827
18.01,2272379
18.02,2271822
18.02,2270548
18.05,2268939
18.07,2255637
18.15,2233272
18.42,2218301
18.47,2215474
18.63,2214082
18.66,2209769
18.83,2199481
18.89,2187481
18.96,2182871
18.96,2181943
19.01,2160011
19.09,2159034
19.1,2145441
19.21,2144662
19.39,2143073
19.48,2141600
19.58,2140183
19.65,2137225
19.82,2135768
19.83,2130315
19.94,2125974
19.95,2125506
