0.1,6980000
0.1,6870247
0.12,6833775
0.13,6810966
0.14,6721447
0.15,6714639
0.16,6696573
0.16,6666640
0.18,6598932
0.2,6565879
0.22,6565839
0.23,6548330
0.23,6537256
0.27,6531851
0.27,6498402
0.29,6492228
0.3,6469539
0.31,6379802
0.31,6317853
0.34,6313423
0.39,6311600
0.39,6211194
0.41,6210920
0.41,6191518
0.42,6147332
0.43,6131782
0.44,6107763
0.46,6077315
0.48,6074489
0.49,5984186
0.58,5980443
0.6,5972306
0.61,5925011
0.63,5922273
0.64,5919022
0.67,5913223
0.68,5888144
0.71,5869826
0.75,5799263
0.79,5784541
0.8,5782400
0.81,5743752
0.83,5738598
0.83,5737108
0.83,5736479
0.84,5731258
0.84,5723517
0.85,5720664
0.85,5713301
0.85,5710440
0.86,5695247
0.87,5651559
0.92,5616961
0.93,5595373
0.96,5574178
0.99,5564663
1,5558785
1,5522733
1.05,5505748
1.08,5494069
1.11,5491153
1.11,5462000
1.12,5449698
1.14,5446179
1.15,5433419
1.18,5428332
1.19,5419445
1.24,5409617
1.26,5387051
1.26,5384896
1.33,5337398
1.38,5323173
1.41,5318738
1.42,5313035
1.44,5310981
1.44,5304896
1.46,5246200
1.48,5243347
1.49,5243253
1.49,5227464
1.51,5210176
1.52,5202307
1.56,5190990
1.58,5189455
1.58,5186965
1.6,5181365
1.66,5164073
1.69,5161264
1.71,5159909
1.73,5158932
1.75,5152067
1.76,5128160
1.84,5093347
1.85,5091816
1.85,5082056
1.86,5079304
1.88,5070312
1.88,5059114
1.88,5027420
1.9,5014739
1.91,5012274
1.94,4989783
1.96,4971297
2,4968131
2.01,4957904
2.03,4956880
2.05,4953552
2.06,4953029
2.07,4948275
2.07,4904151
2.19,4892138
2.2,4872673
2.21,4867990
2.22,4857721
2.28,4841200
2.31,4788639
2.38,4787335
2.41,4750003
2.41,4744525
2.42,4726602
2.43,4648224
2.44,4644243
2.46,4628757
2.47,4628527
2.49,4621546
2.5,4620589
2.51,4611947
2.52,4575641
2.58,4556863
2.6,4539756
2.7,4499773
2.77,4485642
2.78,4476074
2.85,4470823
2.87,4460929
2.95,4444663
2.98,4444613
2.99,4429764
2.99,4329779
3.02,4329305
3.02,4327789
3.05,4327775
3.1,4325956
3.13,4324476
3.16,4323852
3.19,4198708
3.25,4189556
3.27,4182920
3.3,4118199
3.36,4109396
3.42,4106946
3.44,4105896
3.45,4099129
3.46,4064505
3.55,4064067
3.55,4021563
3.61,4017370
3.61,4016123
3.64,4011988
3.68,4011688
3.68,4006997
3.71,3996187
3.79,3984393
3.97,3939334
4.02,3851780
4.07,3818687
4.1,3808217
4.12,3807893
4.15,3807541
4.16,3802854
4.17,3800217
4.2,3773526
4.21,3767825
4.23,3765077
4.23,3763498
4.24,3763122
4.25,3760488
4.25,3760376
4.26,3760275
4.27,3728292
4.36,3719727
4.5,3663076
4.58,3660418
4.6,3657760
4.61,3654976
4.61,3651611
4.7,3649562
4.71,3648579
4.72,3644288
4.79,3643923
4.95,3642215
4.96,3636036
4.97,3552460
5.1,3547083
5.14,3546040
5.15,3529539
5.15,3528150
5.2,3519846
5.27,3516145
5.29,3514887
5.29,3512534
5.3,3506320
5.36,3490910
5.36,3487215
5.4,3477811
5.53,3474580
5.55,3473935
5.57,3468879
5.6,3466028
5.61,3465796
5.61,3465284
5.61,3457856
5.7,3452656
5.73,3431778
5.75,3431349
5.78,3421789
5.83,3414193
5.85,3414178
5.86,3414130
5.87,3397276
5.88,3392046
5.9,3377583
5.97,3375501
6.04,3374641
6.06,3370466
6.14,3368483
6.16,3367403
6.18,3361544
6.2,3353855
6.3,3352195
6.42,3333344
6.45,3332927
6.45,3331460
6.49,3329786
6.51,3321411
6.52,3268010
6.53,3267801
6.53,3267437
6.56,3263481
6.62,3257979
6.68,3241838
6.75,3229473
6.76,3229081
6.82,3218907
6.84,3216418
6.89,3198229
6.91,3197045
6.93,3195261
7.08,3182324
7.09,3180457
7.1,3173730
7.12,3170664
7.31,3169400
7.37,3157097
7.44,3151531
7.53,3140650
7.57,3132994
7.58,3123935
7.69,3105084
7.69,3104624
7.75,3102297
7.8,3099460
7.81,3070468
7.94,3057619
8.09,3053438
8.18,3049902
8.29,3048271
8.47,3038928
8.49,2962054
8.52,2953388
8.55,2953247
8.57,2953007
8.58,2927589
8.62,2922802
8.66,2920924
8.68,2885718
8.75,2882661
8.78,2876819
8.83,2876635
8.86,2844209
8.88,2841496
9,2827325
9.14,2826680
9.14,2812448
9.34,2803797
9.51,2796683
9.52,2795086
9.54,2789198
9.58,2787970
9.59,2787609
9.61,2778113
9.63,2765949
9.69,2765694
9.72,2762059
9.82,2751452
9.86,2740356
9.93,2733817
10.05,2709259
10.06,2690411
10.22,2690276
10.3,2671502
10.44,2663030
10.55,2658391
10.66,2650457
10.69,2639886
10.78,2627910
10.94,2620034
10.98,2618719
10.99,2618263
11.08,2570641
11.11,2565962
11.34,2565127
11.37,2561277
11.39,2560046
11.4,2556044
11.43,2544008
11.56,2533902
11.69,2532431
11.71,2530701
11.79,2526323
11.86,2525773
11.87,2525065
11.9,2522036
11.98,2516714
12.23,2512128
12.32,2511585
12.41,2510715
12.41,2507179
12.59,2505533
12.7,2504204
12.7,2484723
12.92,2483924
13.03,2483917
13.09,2482586
13.11,2480451
13.13,2469398
13.15,2468536
13.15,2467005
13.25,2460466
13.26,2459725
13.3,2450681
13.42,2447958
13.51,2443908
13.57,2442438
13.65,2441931
13.7,2441105
13.73,2439315
13.75,2438619
13.94,2437665
14.02,2436996
14.06,2430963
14.12,2430802
14.21,2411981
14.22,2411893
14.27,2411607
14.36,2410114
14.52,2398962
14.6,2384592
14.63,2381245
14.67,2374153
14.69,2371659
14.76,2370635
14.77,2369320
14.96,2365194
15.11,2364028
15.18,2363559
15.19,2362440
15.21,2360905
15.31,2360766
15.31,2338980
15.34,2336803
15.36,2336559
15.4,2334659
15.43,2333300
15.49,2332868
15.57,2332785
15.66,2331140
15.67,2324066
15.71,2322032
15.77,2320729
15.8,2314272
15.82,2309823
15.95,2309283
15.99,2306435
16.02,2302552
16.04,2302163
16.06,2301357
16.07,2300518
16.1,2298755
16.21,2296100
16.26,2289312
16.41,2284162
16.42,2281706
16.52,2279668
16.55,2278140
16.71,2270306
16.77,2267896
16.85,2267648
16.87,2266665
16.99,2259915
17.07,2258571
17.08,2253243
17.11,2251844
17.18,2243894
17.29,2240048
17.56,2237830
17.61,2237657
17.63,2237395
17.64,2234142
17.67,2205029
17.8,2203618
17.8,2202998
17.8,2201781
17.84,2199621
17.85,2184978
18,2184851
18.08,2178522
18.1,2172667
18.13,2166588
18.21,2165796
18.26,2165704
18.29,2163027
18.34,2153074
18.54,2150797
18.54,2148157
18.57,2142526
18.71,2138215
18.72,2136550
18.75,2134835
18.81,2132203
18.85,2130412
18.91,2128346
18.93,2119060
19,2116605
19.02,2109252
19.06,2102135
19.13,2098980
19.18,2091808
19.24,2086834
19.26,2086662
19.32,2084218
19.41,2083129
19.45,2083078
19.53,2080336
19.55,2079484
19.61,2077874
19.63,2077445
19.82,2076461
19.89,2075504
19.93,2074211
19.93,2074179
19.95,2073470
19.95,2070961
0.1,6980000
0.11,6870247
0.13,6833775
0.14,6810966
0.15,6721447
0.16,6714639
0.17,6696573
0.17,6666640
0.2,6598932
0.21,6565879
0.23,6565839
0.24,6548330
0.25,6537256
0.28,6531851
0.28,6498402
0.3,6492228
0.31,6469539
0.32,6379802
0.32,6317853
0.35,6313423
0.39,6311600
0.4,6211194
0.42,6210920
0.42,6191518
0.42,6147332
0.43,6131782
0.45,6107763
0.47,6077315
0.49,6074489
0.5,5984186
0.6,5980443
0.61,5972306
0.62,5925011
0.64,5922273
0.64,5919022
0.68,5913223
0.68,5888144
0.72,5869826
0.75,5799263
0.79,5784541
0.8,5782400
0.81,5743752
0.83,5738598
0.83,5737108
0.83,5736479
0.84,5731258
0.85,5723517
0.85,5720664
0.85,5713301
0.85,5710440
0.86,5695247
0.87,5651559
0.92,5616961
0.93,5595373
0.96,5574178
0.99,5564663
1.01,5558785
1.01,5522733
1.06,5505748
1.09,5494069
1.11,5491153
1.11,5462000
1.12,5449698
1.14,5446179
1.15,5433419
1.17,5428332
1.18,5419445
1.22,5409617
1.23,5387051
1.23,5384896
1.28,5337398
1.33,5323173
1.35,5318738
1.36,5313035
1.38,5310981
1.39,5304896
1.4,5246200
1.43,5243347
1.43,5243253
1.44,5227464
1.46,5210176
1.48,5202307
1.53,5190990
1.56,5189455
1.56,5186965
1.58,5181365
1.65,5164073
1.67,5161264
1.7,5159909
1.72,5158932
1.73,5152067
1.75,5128160
1.83,5093347
1.84,5091816
1.85,5082056
1.86,5079304
1.88,5070312
1.88,5059114
1.89,5027420
1.9,5014739
1.92,5012274
1.95,4989783
1.97,4971297
2.02,4968131
2.03,4957904
2.05,4956880
2.06,4953552
2.07,4953029
2.08,4948275
2.09,4904151
2.22,4892138
2.24,4872673
2.27,4867990
2.28,4857721
2.36,4841200
2.4,4788639
2.48,4787335
2.5,4750003
2.5,4744525
2.52,4726602
2.53,4648224
2.54,4644243
2.56,4628757
2.57,4628527
2.59,4621546
2.6,4620589
2.61,4611947
2.62,4575641
2.69,4556863
2.7,4539756
2.82,4499773
2.9,4485642
2.9,4476074
2.99,4470823
3.01,4460929
3.08,4444663
3.11,4444613
3.12,4429764
3.12,4329779
3.14,4329305
3.15,4327789
3.18,4327775
3.22,4325956
3.25,4324476
3.28,4323852
3.3,4198708
3.35,4189556
3.38,4182920
3.41,4118199
3.51,4109396
3.58,4106946
3.6,4105896
3.6,4099129
3.63,4064505
3.72,4064067
3.72,4021563
3.8,4017370
3.8,4016123
3.84,4011988
3.88,4011688
3.89,4006997
3.93,3996187
4.01,3984393
4.22,3939334
4.28,3851780
4.34,3818687
4.38,3808217
4.41,3807893
4.44,3807541
4.45,3802854
4.47,3800217
4.5,3773526
4.52,3767825
4.54,3765077
4.55,3763498
4.56,3763122
4.56,3760488
4.56,3760376
4.57,3760275
4.58,3728292
4.67,3719727
4.8,3663076
4.89,3660418
4.91,3657760
4.91,3654976
4.92,3651611
5.13,3649562
5.15,3648579
5.15,3644288
5.25,3643923
5.36,3642215
5.37,3636036
5.37,3552460
5.44,3547083
5.48,3546040
5.48,3529539
5.49,3528150
5.51,3519846
5.6,3516145
5.61,3514887
5.61,3512534
5.62,3506320
5.73,3490910
5.74,3487215
5.83,3477811
5.96,3474580
5.98,3473935
6.02,3468879
6.12,3466028
6.13,3465796
6.14,3465284
6.14,3457856
6.27,3452656
6.3,3431778
6.32,3431349
6.35,3421789
6.42,3414193
6.44,3414178
6.45,3414130
6.46,3397276
6.47,3392046
6.49,3377583
6.62,3375501
6.74,3374641
6.76,3370466
6.85,3368483
6.86,3367403
6.88,3361544
6.91,3353855
7.01,3352195
7.15,3333344
7.18,3332927
7.19,3331460
7.23,3329786
7.26,3321411
7.26,3268010
7.27,3267801
7.28,3267437
7.31,3263481
7.37,3257979
7.43,3241838
7.5,3229473
7.51,3229081
7.56,3218907
7.58,3216418
7.63,3198229
7.66,3197045
7.68,3195261
7.83,3182324
7.83,3180457
7.84,3173730
7.87,3170664
8.06,3169400
8.13,3157097
8.21,3151531
8.3,3140650
8.33,3132994
8.34,3123935
8.42,3105084
8.43,3104624
8.48,3102297
8.53,3099460
8.53,3070468
8.67,3057619
8.81,3053438
8.9,3049902
9.02,3048271
9.19,3038928
9.2,2962054
9.23,2953388
9.25,2953247
9.27,2953007
9.28,2927589
9.32,2922802
9.35,2920924
9.37,2885718
9.43,2882661
9.45,2876819
9.49,2876635
9.52,2844209
9.54,2841496
9.64,2827325
9.77,2826680
9.77,2812448
9.95,2803797
10.09,2796683
10.11,2795086
10.13,2789198
10.16,2787970
10.18,2787609
10.2,2778113
10.21,2765949
10.31,2765694
10.34,2762059
10.46,2751452
10.52,2740356
10.61,2733817
10.73,2709259
10.75,2690411
10.97,2690276
11.06,2671502
11.21,2663030
11.31,2658391
11.45,2650457
11.48,2639886
11.59,2627910
11.76,2620034
11.82,2618719
11.83,2618263
11.92,2570641
11.96,2565962
12.2,2565127
12.23,2561277
12.25,2560046
12.25,2556044
12.28,2544008
12.39,2533902
12.5,2532431
12.51,2530701
12.58,2526323
12.63,2525773
12.64,2525065
12.66,2522036
12.72,2516714
12.93,2512128
13.04,2511585
13.12,2510715
13.13,2507179
13.31,2505533
13.4,2504204
13.41,2484723
13.59,2483924
13.69,2483917
13.75,2482586
13.76,2480451
13.78,2469398
13.8,2468536
13.8,2467005
13.88,2460466
13.89,2459725
13.94,2450681
14.06,2447958
14.15,2443908
14.21,2442438
14.3,2441931
14.35,2441105
14.38,2439315
14.4,2438619
14.59,2437665
14.67,2436996
14.72,2430963
14.78,2430802
14.87,2411981
14.88,2411893
14.94,2411607
15.03,2410114
15.21,2398962
15.3,2384592
15.33,2381245
15.37,2374153
15.39,2371659
15.46,2370635
15.47,2369320
15.67,2365194
15.82,2364028
15.9,2363559
15.91,2362440
15.93,2360905
16.04,2360766
16.04,2338980
16.08,2336803
16.11,2336559
16.14,2334659
16.17,2333300
16.23,2332868
16.32,2332785
16.41,2331140
16.42,2324066
16.46,2322032
16.52,2320729
16.54,2314272
16.57,2309823
16.71,2309283
16.76,2306435
16.81,2302552
16.83,2302163
16.85,2301357
16.87,2300518
16.91,2298755
17.05,2296100
17.1,2289312
17.25,2284162
17.26,2281706
17.36,2279668
17.41,2278140
17.6,2270306
17.68,2267896
17.76,2267648
17.78,2266665
17.9,2259915
17.99,2258571
18,2253243
18.03,2251844
18.12,2243894
18.26,2240048
18.53,2237830
18.58,2237657
18.61,2237395
18.62,2234142
18.66,2205029
18.79,2203618
18.79,2202998
18.8,2201781
18.84,2199621
18.84,2184978
19.01,2184851
19.11,2178522
19.13,2172667
19.17,2166588
19.27,2165796
19.33,2165704
19.37,2163027
19.44,2153074
19.7,2150797
19.7,2148157
19.74,2142526
19.89,2138215
19.9,2136550
19.93,2134835
