0.15,7126865
0.22,6934335
0.44,6604279
4.25,6584878
4.77,6502466
6.45,6188400
6.74,6111875
6.89,5935691
7.11,5907803
7.4,5768639
7.62,5261833
7.92,5168757
7.99,4900252
8.14,4242342
8.65,3835328
8.8,3575248
8.95,3296019
9.1,3160405
9.24,3076656
9.32,2823644
9.47,2676233
9.69,2507604
9.84,2401876
9.91,2349279
9.99,2274431
10.06,2094003
10.21,2079075
10.28,2031698
10.36,1902096
10.51,1885161
10.58,1841460
10.66,1834626
10.88,1689679
11.03,1621696
11.17,1578914
11.25,1522636
11.4,1479157
11.62,1439490
11.69,1419767
11.77,1411049
11.84,1368943
11.91,1343408
11.99,1325203
12.06,1294294
12.14,1279399
12.28,1245452
12.36,1230449
12.43,1212156
12.5,1189308
12.58,1179209
12.65,1174313
12.73,1154810
12.87,1149849
12.95,1139737
13.17,1133831
13.24,1130578
13.32,1115170
13.39,1112610
13.47,1100665
13.54,1096666
13.76,1095050
13.84,1090089
13.91,1076051
13.98,1068800
14.06,1064684
14.13,1063450
14.21,1060339
14.36,1057091
14.43,1056619
14.5,1054321
14.58,1048047
14.65,1045744
14.73,1044735
14.8,1043901
14.87,1043873
14.95,1042466
15.09,1041171
15.17,1038181
15.32,1037555
15.39,1036854
15.54,1032827
15.61,1031647
15.76,1030346
15.84,1030240
16.13,1021455
16.21,1020278
16.28,1019956
16.35,1019482
16.43,1019357
16.5,1015932
16.65,1013662
16.72,1013486
16.8,1013317
16.94,1007273
17.09,1006326
17.16,1005231
17.24,1004807
17.38,1002532
17.46,1001281
17.67,1001041
17.82,1000594
17.9,1000002
17.97,999938
18.04,999910
18.19,998683
18.26,998208
18.34,998041
18.41,997970
18.56,997629
18.63,997114
18.78,996947
18.85,995981
18.92,995656
