0.02,5567851
0.02,5423351
0.04,5409442
0.04,5333385
0.05,5242152
0.05,5028055
0.05,5016862
0.06,4881979
0.07,4874662
0.07,4866469
0.07,4798997
0.08,4533806
0.08,4509762
0.08,4507291
0.09,4465321
0.1,4445825
0.1,4401261
0.1,4394323
0.1,4351607
0.11,4265128
0.13,4189671
0.16,4092796
0.17,4088653
0.18,4052018
0.2,4049308
0.2,3949491
0.23,3917782
0.23,3896596
0.25,3892874
0.25,3854047
0.26,3851152
0.26,3834888
0.27,3796536
0.28,3788952
0.28,3749075
0.29,3736243
0.29,3679358
0.31,3673744
0.31,3670358
0.32,3620962
0.32,3576295
0.33,3541118
0.33,3500321
0.34,3487689
0.35,3467837
0.36,3419394
0.38,3415811
0.39,3402692
0.39,3401090
0.4,3337174
0.4,3332959
0.4,3328919
0.42,3290917
0.43,3288101
0.44,3275292
0.45,3251935
0.46,3245543
0.47,3242175
0.47,3216461
0.49,3186085
0.49,3176545
0.5,3166689
0.51,3146737
0.52,3136614
0.53,3135679
0.53,3122583
0.55,3110340
0.55,3110201
0.56,3078607
0.59,3058736
0.59,3055608
0.62,3046171
0.62,3007582
0.65,3005414
0.65,2993177
0.65,2940934
0.69,2927097
0.73,2904561
0.75,2900813
0.76,2873646
0.78,2828533
0.78,2826484
0.79,2800462
0.82,2789550
0.83,2788494
0.85,2769181
0.9,2750906
0.91,2728836
0.91,2725531
0.92,2697977
0.93,2678747
0.97,2661101
0.97,2652903
0.97,2639342
1,2628404
1,2618630
1.02,2618288
1.02,2616339
1.02,2583631
1.06,2553552
1.07,2546675
1.08,2533940
1.09,2532458
1.1,2531590
1.11,2528120
1.15,2509085
1.18,2496577
1.2,2470713
1.25,2451601
1.27,2441913
1.28,2421422
1.29,2407678
1.3,2381918
1.33,2357740
1.33,2353167
1.34,2340790
1.37,2336629
1.37,2319410
1.39,2315866
1.42,2313285
1.43,2307039
1.45,2288793
1.45,2287058
1.51,2255247
1.53,2253354
1.54,2245620
1.55,2210257
1.58,2207347
1.59,2200485
1.59,2173665
1.62,2170326
1.63,2167235
1.63,2163758
1.64,2137055
1.68,2117355
1.7,2107539
1.73,2107104
1.74,2105601
1.74,2104823
1.77,2103580
1.77,2084772
1.85,2081206
1.86,2057655
1.88,2047400
1.89,2044073
1.89,2043445
1.9,2027763
1.91,2005643
1.91,2002261
1.91,1993522
1.92,1957149
1.98,1956550
1.99,1938087
2.01,1936977
2.02,1868658
2.03,1862580
2.03,1830267
2.04,1816064
2.1,1808020
2.11,1802523
2.14,1800844
2.18,1796265
2.19,1795332
2.2,1788772
2.2,1767948
2.22,1756745
2.22,1756649
2.23,1746750
2.24,1730545
2.29,1702131
2.29,1688468
2.33,1677182
2.33,1676999
2.34,1676861
2.36,1676792
2.37,1676163
2.38,1649080
2.4,1639161
2.42,1630734
2.44,1626579
2.46,1623708
2.48,1603352
2.49,1603214
2.51,1594227
2.54,1569041
2.54,1567742
2.61,1567604
2.61,1566618
2.64,1558166
2.64,1552698
2.69,1525938
2.82,1525146
2.83,1513867
2.92,1499638
2.94,1497314
3,1483094
3.04,1483085
3.04,1482556
3.08,1476501
3.08,1476428
3.11,1475343
3.11,1461844
3.14,1460680
3.16,1460272
3.16,1456258
3.18,1446279
3.23,1445185
3.27,1441745
3.28,1441332
3.31,1421117
3.32,1417663
3.39,1415671
3.43,1414436
3.44,1412633
3.46,1411991
3.47,1407904
3.49,1407442
3.51,1400357
3.64,1392558
3.65,1392363
3.67,1385795
3.71,1380498
3.72,1378451
3.73,1375899
3.77,1342467
3.79,1334407
3.83,1327854
3.87,1319181
3.95,1317269
3.98,1310013
4.04,1304564
4.05,1300654
4.05,1300434
4.11,1299420
4.14,1294918
4.16,1270361
4.27,1248857
4.29,1242790
4.32,1241614
4.46,1234495
4.52,1229498
4.55,1225781
4.6,1225137
4.65,1221609
4.78,1216936
4.81,1206925
4.84,1205904
4.88,1201555
4.92,1195779
4.97,1191428
5,1167048
5.05,1154607
5.06,1146101
5.16,1137606
5.17,1130477
5.24,1127342
5.25,1121740
5.25,1120622
5.26,1107024
5.31,1103384
5.32,1099401
5.47,1099307
5.52,1099211
5.55,1097608
5.55,1096565
5.56,1096554
5.61,1093680
5.78,1093634
5.82,1089617
5.89,1087431
5.94,1086348
5.95,1085169
5.98,1084918
5.98,1083137
6.02,1082139
6.05,1081358
6.1,1073995
6.11,1073067
6.12,1067585
6.13,1057140
6.15,1055160
6.21,1054701
6.28,1053073
6.32,1050414
6.52,1048865
6.6,1047607
6.62,1047554
6.64,1045898
6.71,1044570
6.88,1043075
6.9,1042210
6.94,1036575
6.94,1036380
6.99,1035297
7.4,1032701
7.52,1031227
7.54,1025712
7.67,1024887
7.69,1024417
7.75,1023579
7.82,1022928
7.87,1019128
7.9,1018585
8.14,1014409
8.43,996508
8.6,993220
9.04,992797
9.05,990960
9.07,988742
9.11,987910
9.16,987626
9.26,987508
9.4,987031
9.5,985698
9.63,985058
9.69,984220
9.77,983856
9.84,983570
9.87,983451
9.87,982159
9.9,981427
10.15,980177
10.18,977954
10.21,972445
10.3,971607
10.35,959150
10.45,958318
10.75,945308
11.15,945151
11.16,944912
11.19,944849
11.2,944815
11.2,939816
11.32,935334
11.37,932691
11.4,931399
11.5,931003
11.61,925976
11.69,924684
11.74,922565
12.12,921548
12.14,921154
12.26,918974
12.34,918365
12.44,918325
12.78,916936
12.79,916217
12.83,915608
12.85,912569
12.88,911632
12.9,910956
12.92,909300
13.08,900579
13.28,899681
13.41,896698
13.42,892783
13.43,892174
13.85,891755
13.91,881671
13.93,881619
14.04,880885
14.42,880324
14.56,880288
14.61,879681
15.55,878542
15.86,878422
16.24,877729
16.44,877569
16.48,877173
16.73,874802
17,868385
17.03,866693
17.06,866514
17.09,864534
18.25,860916
18.41,858192
18.53,857854
18.86,855292
18.96,852852
0.02,5567851
0.02,5423351
0.04,5409442
0.04,5333385
0.05,5242152
0.05,5028055
0.05,5016862
0.06,4881979
0.07,4874662
0.07,4866469
0.07,4798997
0.08,4533806
0.08,4509762
0.09,4507291
0.09,4465321
0.1,4445825
0.1,4401261
0.11,4394323
0.11,4351607
0.12,4265128
0.14,4189671
0.16,4092796
0.18,4088653
0.18,4052018
0.2,4049308
0.21,3949491
0.23,3917782
0.23,3896596
0.25,3892874
0.26,3854047
0.26,3851152
0.26,3834888
0.27,3796536
0.28,3788952
0.28,3749075
0.29,3736243
0.3,3679358
0.31,3673744
0.32,3670358
0.32,3620962
0.33,3576295
0.33,3541118
0.34,3500321
0.35,3487689
0.36,3467837
0.37,3419394
0.38,3415811
0.4,3402692
0.4,3401090
0.4,3337174
0.41,3332959
0.41,3328919
0.42,3290917
0.44,3288101
0.45,3275292
0.46,3251935
0.47,3245543
0.48,3242175
0.48,3216461
0.5,3186085
0.5,3176545
0.51,3166689
0.53,3146737
0.53,3136614
0.54,3135679
0.54,3122583
0.57,3110340
0.57,3110201
0.58,3078607
0.61,3058736
0.61,3055608
0.64,3046171
0.64,3007582
0.67,3005414
0.67,2993177
0.68,2940934
0.72,2927097
0.74,2904561
0.77,2900813
0.78,2873646
0.79,2828533
0.8,2826484
0.81,2800462
0.84,2789550
0.85,2788494
0.87,2769181
0.91,2750906
0.92,2728836
0.92,2725531
0.94,2697977
0.95,2678747
0.98,2661101
0.99,2652903
0.99,2639342
1.02,2628404
1.02,2618630
1.04,2618288
1.04,2616339
1.05,2583631
1.08,2553552
1.08,2546675
1.09,2533940
1.1,2532458
1.11,2531590
1.12,2528120
1.15,2509085
1.18,2496577
1.2,2470713
1.24,2451601
1.26,2441913
1.27,2421422
1.27,2407678
1.29,2381918
1.31,2357740
1.31,2353167
1.31,2340790
1.34,2336629
1.35,2319410
1.37,2315866
1.39,2313285
1.4,2307039
1.41,2288793
1.41,2287058
1.47,2255247
1.49,2253354
1.5,2245620
1.51,2210257
1.54,2207347
1.55,2200485
1.55,2173665
1.57,2170326
1.58,2167235
1.58,2163758
1.59,2137055
1.64,2117355
1.67,2107539
1.72,2107104
1.72,2105601
1.73,2104823
1.77,2103580
1.78,2084772
1.86,2081206
1.88,2057655
1.9,2047400
1.91,2044073
1.91,2043445
1.92,2027763
1.93,2005643
1.93,2002261
1.93,1993522
1.94,1957149
2.01,1956550
2.02,1938087
2.04,1936977
2.05,1868658
2.06,1862580
2.06,1830267
2.07,1816064
2.14,1808020
2.15,1802523
2.18,1800844
2.22,1796265
2.22,1795332
2.23,1788772
2.23,1767948
2.25,1756745
2.25,1756649
2.27,1746750
2.28,1730545
2.32,1702131
2.33,1688468
2.37,1677182
2.37,1676999
2.39,1676861
2.4,1676792
2.41,1676163
2.42,1649080
2.45,1639161
2.47,1630734
2.49,1626579
2.5,1623708
2.52,1603352
2.53,1603214
2.55,1594227
2.58,1569041
2.58,1567742
2.64,1567604
2.65,1566618
2.68,1558166
2.69,1552698
2.75,1525938
2.87,1525146
2.88,1513867
2.97,1499638
2.99,1497314
3.06,1483094
3.11,1483085
3.12,1482556
3.16,1476501
3.17,1476428
3.2,1475343
3.2,1461844
3.24,1460680
3.26,1460272
3.26,1456258
3.29,1446279
3.35,1445185
3.39,1441745
3.41,1441332
3.44,1421117
3.45,1417663
3.52,1415671
3.57,1414436
3.58,1412633
3.6,1411991
3.61,1407904
3.64,1407442
3.66,1400357
3.8,1392558
3.81,1392363
3.84,1385795
3.88,1380498
3.9,1378451
3.91,1375899
3.96,1342467
3.99,1334407
4.04,1327854
4.1,1319181
4.21,1317269
4.27,1310013
4.39,1304564
4.4,1300654
4.41,1300434
4.52,1299420
4.64,1294918
4.73,1270361
5.17,1248857
5.2,1242790
5.22,1241614
5.35,1234495
5.43,1229498
5.48,1225781
5.55,1225137
5.62,1221609
5.77,1216936
5.8,1206925
5.83,1205904
5.87,1201555
5.92,1195779
6.11,1191428
6.22,1167048
6.34,1154607
6.38,1146101
6.69,1137606
6.7,1130477
6.82,1127342
6.83,1121740
6.84,1120622
6.85,1107024
6.95,1103384
6.96,1099401
7.4,1099307
7.45,1099211
7.48,1097608
7.49,1096565
7.5,1096554
7.54,1093680
7.74,1093634
7.78,1089617
7.87,1087431
7.92,1086348
7.94,1085169
7.97,1084918
7.97,1083137
8.02,1082139
8.05,1081358
8.11,1073995
8.12,1073067
8.14,1067585
8.15,1057140
8.17,1055160
8.24,1054701
8.31,1053073
8.36,1050414
8.55,1048865
8.64,1047607
8.65,1047554
8.67,1045898
8.73,1044570
8.85,1043075
8.87,1042210
8.89,1036575
8.9,1036380
8.93,1035297
9.17,1032701
9.28,1031227
9.29,1025712
9.41,1024887
9.42,1024417
9.47,1023579
9.53,1022928
9.56,1019128
9.59,1018585
9.79,1014409
10.01,996508
10.16,993220
10.47,992797
10.48,990960
10.5,988742
10.53,987910
10.58,987626
10.68,987508
10.82,987031
10.92,985698
11.05,985058
11.12,984220
11.21,983856
11.27,983570
11.3,983451
11.3,982159
11.33,981427
11.56,980177
11.59,977954
11.63,972445
11.72,971607
11.76,959150
11.86,958318
12.18,945308
12.53,945151
12.55,944912
12.57,944849
12.58,944815
12.58,939816
12.68,935334
12.72,932691
12.74,931399
12.82,931003
12.9,925976
12.97,924684
13.02,922565
13.23,921548
13.27,921154
13.41,918974
13.49,918365
13.6,918325
13.97,916936
13.98,916217
14.02,915608
14.04,912569
14.07,911632
14.09,910956
14.11,909300
14.27,900579
14.5,899681
14.63,896698
14.65,892783
14.65,892174
15.08,891755
15.14,881671
15.16,881619
15.33,880885
15.82,880324
15.99,880288
16.04,879681
17.33,878542
18.01,878422
18.72,877729
18.95,877569
18.99,877173
19.27,874802
19.54,868385
19.57,866693
19.6,866514
19.64,864534
