0.02,5477744
0.02,5413341
0.03,5313069
0.03,5257234
0.03,5240027
0.03,5203194
0.03,5163618
0.04,5161980
0.04,5079275
0.05,5041812
0.05,4975716
0.06,4971042
0.06,4934076
0.06,4859354
0.06,4779816
0.06,4738847
0.07,4738482
0.07,4732462
0.07,4661262
0.09,4643295
0.09,4593866
0.1,4588964
0.11,4551755
0.12,4540733
0.13,4532854
0.15,4527433
0.15,4497052
0.15,4460407
0.16,4443463
0.17,4433083
0.17,4427678
0.17,4404522
0.17,4305269
0.18,4254784
0.18,4239504
0.18,4223312
0.19,4217596
0.19,4206619
0.2,4192169
0.21,4182453
0.22,4100024
0.22,4089740
0.24,3988535
0.26,3945548
0.26,3939210
0.27,3919035
0.28,3917731
0.3,3860634
0.3,3843595
0.31,3836107
0.31,3790162
0.34,3784850
0.35,3760153
0.35,3759227
0.36,3707053
0.37,3689006
0.37,3665865
0.37,3637458
0.38,3632752
0.38,3631603
0.39,3611844
0.39,3586202
0.41,3576865
0.42,3572422
0.42,3565258
0.43,3512247
0.43,3494007
0.44,3383194
0.46,3365010
0.46,3322157
0.48,3231178
0.5,3227791
0.56,3199614
0.6,3198074
0.61,3195959
0.61,3167040
0.63,3153584
0.65,3144617
0.69,3109083
0.69,3098627
0.7,3092683
0.71,3074525
0.72,3053117
0.73,3030942
0.73,3023171
0.74,2998456
0.77,2997019
0.77,2993289
0.77,2978538
0.79,2974309
0.79,2974142
0.79,2969847
0.8,2941508
0.8,2918036
0.81,2903985
0.82,2878847
0.83,2874890
0.85,2874578
0.85,2872536
0.86,2844873
0.88,2838263
0.89,2807087
0.9,2800936
0.9,2795206
0.9,2793344
0.91,2785882
0.92,2774068
0.93,2768728
0.93,2756573
0.94,2749724
0.96,2733499
0.96,2715560
0.98,2712134
1,2696054
1.03,2691119
1.04,2685156
1.05,2680143
1.09,2665497
1.09,2664891
1.15,2644266
1.17,2640186
1.18,2626573
1.19,2580314
1.2,2580158
1.2,2552566
1.22,2552296
1.23,2551736
1.24,2551134
1.24,2546126
1.25,2540858
1.25,2488721
1.26,2472741
1.27,2430473
1.29,2423892
1.33,2422821
1.33,2420686
1.34,2416082
1.37,2405918
1.37,2391461
1.38,2385985
1.41,2383589
1.43,2383339
1.43,2382865
1.46,2375312
1.46,2370699
1.48,2350138
1.48,2347527
1.49,2333230
1.49,2332960
1.5,2324145
1.52,2311188
1.54,2274060
1.55,2273806
1.55,2262805
1.57,2245516
1.59,2244765
1.6,2244411
1.6,2243820
1.63,2194340
1.71,2174567
1.73,2144313
1.77,2142898
1.78,2142129
1.79,2111853
1.81,2109015
1.82,2084046
1.84,2082631
1.86,2073244
1.87,2070554
1.89,2061326
1.9,2059255
1.94,2058527
1.94,2039486
1.96,2036611
1.97,2002810
1.97,1997784
2,1979134
2.03,1978237
2.07,1978085
2.08,1968304
2.08,1955683
2.09,1949987
2.11,1947960
2.14,1943519
2.18,1943010
2.22,1940228
2.22,1938922
2.22,1935557
2.23,1932470
2.26,1924065
2.27,1910823
2.3,1908078
2.3,1906308
2.32,1904815
2.36,1903877
2.42,1895726
2.45,1894545
2.46,1887493
2.5,1885094
2.53,1884975
2.57,1877384
2.58,1833733
2.67,1802217
2.67,1801017
2.7,1790568
2.71,1788276
2.71,1786274
2.73,1768880
2.76,1746350
2.78,1746006
2.79,1738757
2.79,1738463
2.82,1733537
2.84,1731498
2.87,1731398
2.89,1730261
2.95,1727323
2.96,1727074
3.06,1705353
3.15,1700053
3.15,1670718
3.18,1669876
3.2,1664592
3.23,1660043
3.28,1647291
3.29,1639964
3.3,1636323
3.33,1613499
3.39,1607807
3.41,1599498
3.44,1587916
3.45,1586133
3.5,1583695
3.55,1577414
3.56,1561981
3.57,1555541
3.58,1542987
3.62,1542789
3.65,1540940
3.66,1540748
3.67,1533170
3.72,1518183
3.73,1509752
3.75,1506926
3.77,1480024
3.8,1445834
3.82,1445415
3.87,1440508
3.91,1430675
3.92,1420822
3.98,1414215
4,1411844
4.01,1407498
4.06,1388487
4.12,1386753
4.12,1384156
4.14,1382522
4.17,1373514
4.2,1371827
4.2,1362100
4.21,1340235
4.22,1339702
4.26,1338828
4.28,1335099
4.33,1329988
4.35,1326654
4.36,1326308
4.42,1312014
4.47,1310885
4.49,1310852
4.51,1305864
4.52,1304462
4.54,1302415
4.61,1292573
4.67,1290526
4.71,1290294
4.72,1285245
4.72,1284167
4.73,1282802
4.74,1282223
4.75,1272181
4.76,1268381
4.76,1265938
4.81,1256124
4.82,1246369
4.92,1226598
4.95,1226518
4.97,1224436
4.99,1223499
5.04,1218267
5.07,1216890
5.15,1194859
5.36,1193267
5.36,1178649
5.58,1175677
5.58,1167608
5.64,1160388
5.83,1157195
5.91,1153678
5.91,1149265
5.95,1146654
5.99,1145083
6.06,1143554
6.17,1140414
6.18,1135105
6.22,1134320
6.41,1115333
6.47,1110166
6.54,1101514
6.56,1099134
6.59,1095730
6.64,1093511
6.73,1082429
6.75,1081022
6.82,1080453
6.92,1076179
7,1073451
7.02,1071754
7.34,1071128
7.36,1071010
7.43,1070871
7.48,1069228
7.49,1062240
7.68,1061429
7.78,1061423
7.82,1059962
7.86,1055377
7.97,1054719
8.03,1053114
8.09,1053022
8.12,1051550
8.15,1049784
8.69,1049388
8.74,1043587
9.15,1041980
9.16,1041284
9.19,1024704
9.44,1024218
9.5,1016321
9.55,1015661
9.84,1015459
9.91,1015146
10.06,1010871
10.12,1003224
10.13,999972
10.2,999553
10.32,999161
10.32,998006
10.32,995031
10.39,994184
10.41,993928
10.6,993005
10.89,992688
10.91,990250
10.97,987367
11.02,985050
11.33,984036
11.53,983609
11.66,979951
11.7,972040
12.28,966365
12.79,966296
12.82,965284
12.98,964942
13.4,957138
13.5,955504
14.36,949185
14.63,944845
14.67,942476
14.94,939825
15.04,939192
15.46,939152
15.8,937782
16.33,927284
16.54,908165
16.92,907485
17.03,904677
17.3,900036
17.53,898558
17.67,898518
17.69,894666
18.33,890124
18.64,889286
18.87,889246
19.47,885746
0.02,5477744
0.02,5413341
0.03,5313069
0.03,5257234
0.03,5240027
0.03,5203194
0.03,5163618
0.04,5161980
0.04,5079275
0.05,5041812
0.05,4975716
0.06,4971042
0.06,4934076
0.06,4859354
0.06,4779816
0.06,4738847
0.07,4738482
0.07,4732462
0.07,4661262
0.1,4643295
0.1,4593866
0.11,4588964
0.11,4551755
0.12,4540733
0.14,4532854
0.15,4527433
0.16,4497052
0.16,4460407
0.17,4443463
0.18,4433083
0.18,4427678
0.18,4404522
0.18,4305269
0.19,4254784
0.19,4239504
0.19,4223312
0.2,4217596
0.2,4206619
0.2,4192169
0.22,4182453
0.22,4100024
0.23,4089740
0.25,3988535
0.27,3945548
0.27,3939210
0.28,3919035
0.29,3917731
0.31,3860634
0.31,3843595
0.31,3836107
0.31,3790162
0.35,3784850
0.35,3760153
0.35,3759227
0.36,3707053
0.37,3689006
0.37,3665865
0.37,3637458
0.38,3632752
0.39,3631603
0.39,3611844
0.4,3586202
0.42,3576865
0.42,3572422
0.42,3565258
0.43,3512247
0.44,3494007
0.44,3383194
0.46,3365010
0.46,3322157
0.48,3231178
0.51,3227791
0.56,3199614
0.6,3198074
0.6,3195959
0.61,3167040
0.63,3153584
0.65,3144617
0.69,3109083
0.69,3098627
0.7,3092683
0.71,3074525
0.72,3053117
0.73,3030942
0.74,3023171
0.74,2998456
0.77,2997019
0.77,2993289
0.78,2978538
0.79,2974309
0.79,2974142
0.79,2969847
0.8,2941508
0.81,2918036
0.82,2903985
0.83,2878847
0.83,2874890
0.85,2874578
0.85,2872536
0.87,2844873
0.89,2838263
0.89,2807087
0.9,2800936
0.91,2795206
0.91,2793344
0.92,2785882
0.93,2774068
0.93,2768728
0.94,2756573
0.95,2749724
0.96,2733499
0.97,2715560
0.99,2712134
1,2696054
1.04,2691119
1.05,2685156
1.06,2680143
1.1,2665497
1.1,2664891
1.16,2644266
1.17,2640186
1.18,2626573
1.2,2580314
1.2,2580158
1.21,2552566
1.23,2552296
1.24,2551736
1.25,2551134
1.25,2546126
1.25,2540858
1.25,2488721
1.26,2472741
1.27,2430473
1.29,2423892
1.32,2422821
1.33,2420686
1.34,2416082
1.36,2405918
1.36,2391461
1.38,2385985
1.4,2383589
1.42,2383339
1.43,2382865
1.45,2375312
1.46,2370699
1.48,2350138
1.48,2347527
1.48,2333230
1.48,2332960
1.49,2324145
1.51,2311188
1.53,2274060
1.54,2273806
1.55,2262805
1.56,2245516
1.58,2244765
1.59,2244411
1.6,2243820
1.62,2194340
1.7,2174567
1.72,2144313
1.76,2142898
1.77,2142129
1.78,2111853
1.81,2109015
1.81,2084046
1.83,2082631
1.85,2073244
1.87,2070554
1.89,2061326
1.89,2059255
1.93,2058527
1.94,2039486
1.95,2036611
1.97,2002810
1.98,1997784
2,1979134
2.03,1978237
2.07,1978085
2.09,1968304
2.09,1955683
2.1,1949987
2.11,1947960
2.14,1943519
2.19,1943010
2.22,1940228
2.22,1938922
2.23,1935557
2.23,1932470
2.26,1924065
2.27,1910823
2.3,1908078
2.31,1906308
2.33,1904815
2.36,1903877
2.42,1895726
2.46,1894545
2.46,1887493
2.5,1885094
2.53,1884975
2.57,1877384
2.58,1833733
2.66,1802217
2.67,1801017
2.7,1790568
2.7,1788276
2.71,1786274
2.72,1768880
2.75,1746350
2.78,1746006
2.78,1738757
2.79,1738463
2.82,1733537
2.84,1731498
2.86,1731398
2.88,1730261
2.94,1727323
2.95,1727074
3.05,1705353
3.13,1700053
3.13,1670718
3.17,1669876
3.18,1664592
3.21,1660043
3.26,1647291
3.26,1639964
3.28,1636323
3.31,1613499
3.36,1607807
3.39,1599498
3.41,1587916
3.42,1586133
3.47,1583695
3.51,1577414
3.52,1561981
3.53,1555541
3.55,1542987
3.58,1542789
3.62,1540940
3.62,1540748
3.63,1533170
3.69,1518183
3.7,1509752
3.71,1506926
3.73,1480024
3.76,1445834
3.82,1445415
3.91,1440508
3.95,1430675
3.96,1420822
4.04,1414215
4.06,1411844
4.07,1407498
4.12,1388487
4.18,1386753
4.18,1384156
4.21,1382522
4.24,1373514
4.28,1371827
4.28,1362100
4.29,1340235
4.3,1339702
4.36,1338828
4.37,1335099
4.43,1329988
4.45,1326654
4.46,1326308
4.52,1312014
4.59,1310885
4.61,1310852
4.64,1305864
4.64,1304462
4.67,1302415
4.75,1292573
4.81,1290526
4.85,1290294
4.86,1285245
4.86,1284167
4.87,1282802
4.88,1282223
4.89,1272181
4.89,1268381
4.9,1265938
4.97,1256124
4.99,1246369
5.13,1226598
5.17,1226518
5.22,1224436
5.24,1223499
5.3,1218267
5.34,1216890
5.42,1194859
5.64,1193267
5.65,1178649
5.87,1175677
5.88,1167608
5.93,1160388
6.12,1157195
6.2,1153678
6.2,1149265
6.24,1146654
6.29,1145083
6.36,1143554
6.49,1140414
6.5,1135105
6.58,1134320
6.83,1115333
6.91,1110166
6.97,1101514
7,1099134
7.04,1095730
7.09,1093511
7.23,1082429
7.25,1081022
7.35,1080453
7.44,1076179
7.52,1073451
7.54,1071754
7.84,1071128
7.86,1071010
7.92,1070871
7.96,1069228
7.97,1062240
8.15,1061429
8.22,1061423
8.26,1059962
8.29,1055377
8.39,1054719
8.43,1053114
8.48,1053022
8.51,1051550
8.52,1049784
8.9,1049388
8.94,1043587
9.29,1041980
9.3,1041284
9.32,1024704
9.53,1024218
9.58,1016321
9.63,1015661
9.87,1015459
9.92,1015146
10.04,1010871
10.09,1003224
10.1,999972
10.17,999553
10.29,999161
10.29,998006
10.29,995031
10.37,994184
10.39,993928
10.57,993005
10.82,992688
10.83,990250
10.88,987367
10.91,985050
11.14,984036
11.3,983609
11.39,979951
11.42,972040
11.72,966365
11.95,966296
11.97,965284
12.09,964942
12.34,957138
12.4,955504
13.01,949185
13.19,944845
13.22,942476
13.42,939825
13.51,939192
13.81,939152
14.1,937782
14.44,927284
14.61,908165
14.86,907485
14.94,904677
15.15,900036
15.33,898558
15.45,898518
15.47,894666
16.07,890124
16.39,889286
16.63,889246
16.97,885746
17.46,885384
17.94,883407
18.22,880546
18.51,879250
19.4,879072
