0.01,5468475
0.1,5215555
0.36,5185027
0.47,5029829
0.49,4853979
0.5,4808703
0.52,4791946
0.53,4707185
0.56,4652741
0.57,4284545
0.61,4263246
0.62,3938568
0.63,3588939
0.65,3105679
0.67,2986990
0.69,2750124
0.7,2649049
0.72,2420354
0.73,2393787
0.74,2353410
0.75,2178042
0.76,2087883
0.77,2060259
0.77,1990268
0.78,1895441
0.8,1857239
0.81,1732430
0.81,1614125
0.83,1533240
0.83,1497568
0.84,1496912
0.86,1477422
0.87,1413831
0.88,1382330
0.91,1381691
0.91,1375332
0.92,1333395
0.93,1312024
0.94,1300850
0.95,1282945
0.95,1256733
0.96,1255193
0.97,1241797
0.99,1236759
1.01,1228214
1.02,1224753
1.02,1219850
1.04,1217566
1.04,1213766
1.06,1203356
1.07,1193754
1.08,1192287
1.1,1191821
1.1,1191799
1.11,1191678
1.12,1190075
1.13,1183233
1.14,1182822
1.15,1182232
1.15,1180875
1.16,1175583
1.17,1174416
1.17,1171143
1.19,1170332
1.19,1158841
1.2,1158652
1.21,1157715
1.21,1157253
1.22,1143825
1.24,1142867
1.26,1138257
1.28,1138121
1.29,1134226
1.31,1130797
1.34,1130251
1.35,1129124
1.38,1128814
1.39,1128041
1.46,1127483
1.47,1127315
1.54,1124660
1.63,1124648
1.67,1123757
1.75,1123563
1.83,1122649
