0.01,6031198
0.01,5985061
0.02,5829982
0.04,5460516
0.06,5402815
0.07,5115658
0.44,5115019
0.45,4918349
0.46,4720301
0.52,4643748
0.54,4453648
0.58,4375690
0.59,4212191
0.6,4146688
0.64,3716611
0.65,3554716
0.65,3525457
0.67,3511970
0.68,3456467
0.69,2930800
0.69,2858056
0.7,2638519
0.73,2457432
0.74,2448607
0.75,2075226
0.76,1990367
0.77,1903083
0.78,1837537
0.8,1695107
0.81,1646215
0.82,1613781
0.82,1564669
0.84,1533162
0.85,1429761
0.86,1425898
0.87,1409832
0.88,1340062
0.9,1311997
0.91,1309055
0.91,1280913
0.93,1277014
0.94,1265624
0.95,1253845
0.95,1248467
0.96,1210983
0.96,1199867
0.97,1194743
0.98,1192910
0.98,1192166
0.99,1184447
1,1175468
1,1168660
1.01,1159341
1.02,1145474
1.02,1136960
1.04,1121119
1.06,1115933
1.06,1115230
1.07,1112648
1.07,1109764
1.08,1108765
1.1,1105318
1.1,1102666
1.11,1093989
1.12,1090570
1.13,1090562
1.15,1089446
1.16,1087271
1.16,1085902
1.18,1077293
1.18,1075676
1.19,1074579
1.21,1072306
1.21,1072256
1.22,1070827
1.24,1067983
1.25,1066290
1.26,1064952
1.27,1064902
1.32,1062420
