0.01,5826255
0.02,5607008
0.04,5530808
0.07,5433120
0.19,5230897
0.29,5098950
0.46,4890960
0.54,4577262
0.56,4277260
0.56,4180032
0.58,4030915
0.62,3997253
0.63,3672347
0.66,3227871
0.67,3163397
0.69,3022552
0.71,2989909
0.71,2649637
0.72,2556543
0.73,2315758
0.74,2102607
0.76,1846838
0.79,1755970
0.8,1684831
0.81,1595166
0.82,1515671
0.83,1454669
0.83,1412417
0.87,1398109
0.89,1350671
0.9,1340658
0.92,1324268
0.93,1307164
0.94,1287866
0.94,1286207
0.95,1271146
0.96,1262935
0.96,1242535
0.97,1242512
0.98,1212334
0.98,1207330
0.99,1205972
1,1204870
1,1204120
1.02,1197208
1.03,1190241
1.04,1187742
1.06,1177331
1.07,1176355
1.07,1173239
1.08,1169737
1.09,1160608
1.1,1160048
1.11,1153511
1.12,1149477
1.13,1144909
1.17,1135673
1.18,1130322
1.23,1130134
1.24,1125601
1.27,1125106
1.33,1118019
1.43,1117657
1.43,1112331
1.44,1111493
1.49,1111384
1.65,1110866
1.75,1110497
