0.02,5642865
0.02,5491196
0.03,5462452
0.03,5368777
0.04,5196475
0.05,5153009
0.06,5101263
0.06,5023097
0.06,4986461
0.06,4945603
0.07,4871595
0.08,4859034
0.08,4849382
0.09,4837196
0.09,4837068
0.1,4823299
0.1,4800707
0.1,4795816
0.11,4791595
0.12,4779016
0.12,4776327
0.12,4727644
0.12,4705590
0.13,4699410
0.13,4680991
0.13,4673775
0.13,4610116
0.14,4599463
0.14,4597201
0.15,4551559
0.15,4550582
0.16,4549990
0.16,4547093
0.16,4544357
0.17,4531878
0.17,4513801
0.18,4436149
0.19,4425247
0.19,4421545
0.19,4419922
0.19,4405769
0.19,4399809
0.2,4283900
0.2,4278571
0.21,4277572
0.21,4226902
0.21,4221021
0.21,4212776
0.22,4193667
0.22,4116908
0.26,4049236
0.28,3998744
0.3,3971562
0.3,3965972
0.3,3962095
0.3,3917003
0.32,3897114
0.33,3803770
0.33,3797226
0.34,3781657
0.36,3749107
0.37,3745577
0.37,3732608
0.37,3720122
0.38,3680826
0.39,3664418
0.4,3662506
0.41,3633500
0.43,3626774
0.43,3581895
0.45,3553309
0.46,3541883
0.47,3539132
0.47,3491580
0.49,3490038
0.5,3457092
0.52,3456728
0.53,3454617
0.53,3451994
0.54,3451012
0.54,3413229
0.55,3405579
0.56,3396845
0.56,3358358
0.59,3346525
0.59,3317630
0.6,3312442
0.6,3310611
0.61,3295214
0.64,3294277
0.64,3283609
0.64,3179521
0.64,3175795
0.65,3118829
0.68,3093573
0.68,3042943
0.69,3022485
0.7,2984750
0.71,2983138
0.74,2944632
0.75,2937311
0.76,2880556
0.79,2871944
0.82,2864115
0.82,2808153
0.83,2798833
0.85,2788504
0.85,2788002
0.86,2767509
0.87,2747726
0.88,2710538
0.93,2676859
0.94,2661344
0.94,2624080
0.95,2601980
0.96,2595182
0.96,2591989
0.97,2588616
0.98,2568466
0.99,2567611
0.99,2559052
1,2545989
1.01,2540531
1.03,2537749
1.06,2525548
1.06,2513080
1.07,2469981
1.12,2457534
1.13,2447575
1.19,2435104
1.2,2417945
1.22,2411494
1.24,2403662
1.24,2400117
1.26,2365593
1.27,2361629
1.28,2346385
1.32,2320140
1.34,2317173
1.34,2310690
1.36,2305516
1.36,2301198
1.38,2292291
1.38,2289992
1.4,2287973
1.42,2277768
1.44,2265425
1.47,2262317
1.49,2258545
1.5,2250340
1.53,2182275
1.56,2172658
1.58,2150609
1.59,2146597
1.63,2145254
1.64,2138080
1.64,2127371
1.69,2111985
1.72,2107779
1.72,2103349
1.73,2099621
1.74,2097384
1.79,2096251
1.8,2094974
1.81,2087531
1.83,2077606
1.83,2063537
1.84,2023616
1.88,2017815
1.9,2011056
1.94,2008309
1.95,2002748
1.96,1995249
2,1993511
2,1993445
2.01,1992252
2.02,1990881
2.02,1987239
2.04,1980777
2.05,1980253
2.06,1971511
2.07,1926809
2.09,1924044
2.1,1915618
2.13,1897995
2.15,1884840
2.15,1879691
2.16,1847645
2.17,1840992
2.22,1828395
2.27,1828313
2.29,1824850
2.3,1815895
2.32,1815181
2.33,1808288
2.36,1804171
2.36,1803825
2.37,1798864
2.37,1769657
2.53,1769075
2.63,1766822
2.73,1766300
2.76,1764757
2.81,1762088
2.83,1755362
2.83,1755167
2.86,1743298
2.94,1743283
3.04,1742356
3.05,1730775
3.11,1729854
3.13,1729651
3.14,1727091
3.16,1719888
3.17,1713397
3.17,1698304
3.18,1696651
3.2,1691670
3.2,1680632
3.26,1680630
3.27,1663979
3.29,1652640
3.32,1647203
3.35,1645756
3.36,1645550
3.38,1644103
3.39,1610183
3.4,1608334
3.44,1608028
3.45,1607080
3.46,1596486
3.46,1595039
3.51,1592338
3.59,1576586
3.8,1557843
3.96,1556816
3.97,1547490
3.98,1528307
4.24,1518998
4.37,1512677
4.39,1511230
4.44,1491171
4.72,1484428
4.74,1483436
4.82,1482033
4.84,1471166
4.93,1471140
4.94,1455665
4.98,1434315
5.05,1420777
5.05,1414075
5.11,1409390
5.13,1378433
5.16,1373145
5.16,1370949
5.27,1350418
5.31,1345458
5.36,1344081
5.36,1343892
5.38,1330609
5.41,1329804
5.48,1327828
5.5,1304717
5.67,1303672
5.67,1302834
5.67,1279433
5.7,1272158
5.77,1266757
5.84,1261507
5.88,1260130
5.95,1251054
5.98,1250541
5.99,1249340
6.05,1242824
6.19,1239116
6.21,1237343
6.24,1234717
6.26,1233511
6.26,1229938
6.27,1228561
6.27,1220378
6.53,1213372
6.56,1212056
6.6,1211386
6.66,1208661
6.81,1206504
6.84,1197596
7.06,1196948
7.07,1195251
7.1,1190764
7.26,1188154
7.29,1187959
7.29,1185249
7.35,1184800
7.35,1184567
7.36,1181662
7.39,1171490
7.47,1170917
7.54,1169088
7.56,1161437
7.67,1158771
7.71,1148372
7.86,1146496
7.91,1141955
8.13,1140578
8.16,1139693
8.2,1125726
8.41,1125037
8.47,1081913
8.64,1080489
8.7,1077759
8.77,1072636
8.86,1065989
9.03,1065501
9.19,1063521
9.23,1061327
9.27,1060265
9.33,1050844
9.35,1050367
9.41,1030834
9.56,1030639
9.73,1029996
9.74,1029188
9.99,1027811
10.07,1026973
10.28,1024855
10.32,1023793
10.5,1009497
10.72,997040
10.8,996909
10.85,993527
11.69,991953
11.77,985166
11.92,984971
12.05,984397
12.22,983895
12.51,983300
12.55,981479
12.62,980382
12.85,978158
13.04,975757
13.31,974777
13.45,974582
14.2,974450
14.27,973849
14.6,971729
14.75,971209
14.9,969281
15.26,951846
16.13,950468
16.31,936960
16.47,934483
16.78,933886
16.92,933549
17.86,924727
19.63,923080
0.02,5642865
0.02,5491196
0.03,5462452
0.03,5368777
0.04,5196475
0.05,5153009
0.06,5101263
0.06,5023097
0.06,4986461
0.07,4945603
0.07,4871595
0.08,4859034
0.09,4849382
0.09,4837196
0.09,4837068
0.1,4823299
0.11,4800707
0.11,4795816
0.11,4791595
0.12,4779016
0.12,4776327
0.12,4727644
0.12,4705590
0.13,4699410
0.13,4680991
0.14,4673775
0.14,4610116
0.14,4599463
0.15,4597201
0.16,4551559
0.16,4550582
0.16,4549990
0.17,4547093
0.17,4544357
0.17,4531878
0.18,4513801
0.18,4436149
0.19,4425247
0.2,4421545
0.2,4419922
0.2,4405769
0.2,4399809
0.2,4283900
0.2,4278571
0.21,4277572
0.21,4226902
0.21,4221021
0.22,4212776
0.22,4193667
0.22,4116908
0.26,4049236
0.29,3998744
0.3,3971562
0.31,3965972
0.31,3962095
0.31,3917003
0.32,3897114
0.33,3803770
0.34,3797226
0.34,3781657
0.37,3749107
0.37,3745577
0.37,3732608
0.38,3720122
0.38,3680826
0.39,3664418
0.41,3662506
0.41,3633500
0.43,3626774
0.43,3581895
0.45,3553309
0.46,3541883
0.47,3539132
0.47,3491580
0.49,3490038
0.5,3457092
0.53,3456728
0.53,3454617
0.54,3451994
0.55,3451012
0.55,3413229
0.55,3405579
0.56,3396845
0.56,3358358
0.59,3346525
0.59,3317630
0.6,3312442
0.61,3310611
0.61,3295214
0.64,3294277
0.64,3283609
0.64,3179521
0.64,3175795
0.65,3118829
0.68,3093573
0.69,3042943
0.69,3022485
0.7,2984750
0.71,2983138
0.74,2944632
0.75,2937311
0.76,2880556
0.8,2871944
0.82,2864115
0.83,2808153
0.83,2798833
0.85,2788504
0.85,2788002
0.87,2767509
0.87,2747726
0.88,2710538
0.93,2676859
0.94,2661344
0.94,2624080
0.95,2601980
0.96,2595182
0.96,2591989
0.97,2588616
0.98,2568466
0.99,2567611
0.99,2559052
1,2545989
1.02,2540531
1.03,2537749
1.06,2525548
1.06,2513080
1.07,2469981
1.12,2457534
1.13,2447575
1.19,2435104
1.2,2417945
1.22,2411494
1.24,2403662
1.24,2400117
1.26,2365593
1.27,2361629
1.28,2346385
1.32,2320140
1.34,2317173
1.34,2310690
1.35,2305516
1.35,2301198
1.37,2292291
1.37,2289992
1.39,2287973
1.4,2277768
1.43,2265425
1.45,2262317
1.47,2258545
1.48,2250340
1.52,2182275
1.55,2172658
1.58,2150609
1.58,2146597
1.62,2145254
1.63,2138080
1.63,2127371
1.68,2111985
1.71,2107779
1.71,2103349
1.72,2099621
1.73,2097384
1.78,2096251
1.79,2094974
1.8,2087531
1.82,2077606
1.82,2063537
1.83,2023616
1.87,2017815
1.88,2011056
1.93,2008309
1.94,2002748
1.95,1995249
1.99,1993511
2,1993445
2,1992252
2.01,1990881
2.01,1987239
2.03,1980777
2.04,1980253
2.05,1971511
2.06,1926809
2.08,1924044
2.09,1915618
2.12,1897995
2.13,1884840
2.14,1879691
2.15,1847645
2.15,1840992
2.2,1828395
2.26,1828313
2.27,1824850
2.28,1815895
2.31,1815181
2.32,1808288
2.34,1804171
2.35,1803825
2.35,1798864
2.36,1769657
2.41,1769075
2.45,1766822
2.5,1766300
2.52,1764757
2.56,1762088
2.59,1755362
2.6,1755167
2.64,1743298
2.69,1743283
2.74,1742356
2.75,1730775
2.79,1729854
2.8,1729651
2.81,1727091
2.82,1719888
2.82,1713397
2.82,1698304
2.83,1696651
2.84,1691670
2.84,1680632
2.9,1680630
2.9,1663979
2.93,1652640
2.96,1647203
2.98,1645756
2.99,1645550
3.01,1644103
3.02,1610183
3.03,1608334
3.07,1608028
3.07,1607080
3.08,1596486
3.08,1595039
3.13,1592338
3.18,1576586
3.3,1557843
3.38,1556816
3.39,1547490
3.4,1528307
3.51,1518998
3.56,1512677
3.56,1511230
3.58,1491171
3.73,1484428
3.74,1483436
3.8,1482033
3.82,1471166
3.91,1471140
3.92,1455665
3.96,1434315
4.02,1420777
4.02,1414075
4.08,1409390
4.1,1378433
4.13,1373145
4.13,1370949
4.24,1350418
4.27,1345458
4.32,1344081
4.32,1343892
4.34,1330609
4.36,1329804
4.43,1327828
4.46,1304717
4.68,1303672
4.68,1302834
4.69,1279433
4.72,1272158
4.79,1266757
4.87,1261507
4.91,1260130
5.01,1251054
5.08,1250541
5.08,1249340
5.16,1242824
5.3,1239116
5.32,1237343
5.35,1234717
5.37,1233511
5.37,1229938
5.38,1228561
5.39,1220378
5.64,1213372
5.66,1212056
5.7,1211386
5.74,1208661
5.9,1206504
5.93,1197596
6.17,1196948
6.19,1195251
6.21,1190764
6.38,1188154
6.41,1187959
6.41,1185249
6.47,1184800
6.47,1184567
6.48,1181662
6.51,1171490
6.59,1170917
6.66,1169088
6.68,1161437
6.8,1158771
6.86,1148372
6.99,1146496
7.05,1141955
7.27,1140578
7.3,1139693
7.35,1125726
7.54,1125037
7.6,1081913
7.75,1080489
7.82,1077759
7.88,1072636
7.96,1065989
8.13,1065501
8.27,1063521
8.31,1061327
8.33,1060265
8.38,1050844
8.4,1050367
8.47,1030834
8.62,1030639
8.79,1029996
8.79,1029188
9.02,1027811
9.1,1026973
9.31,1024855
9.36,1023793
9.54,1009497
9.75,997040
9.82,996909
9.84,993527
10.44,991953
10.51,985166
10.62,984971
10.81,984397
10.99,983895
11.23,983300
11.27,981479
11.34,980382
11.54,978158
11.72,975757
11.95,974777
12.07,974582
12.45,974450
12.49,973849
12.74,971729
12.87,971209
13,969281
13.31,951846
13.95,950468
14.04,936960
14.19,934483
14.44,933886
14.58,933549
15.09,924727
16.93,923080
18.81,923030
