0.02,5734141
0.03,5677425
0.03,5586420
0.03,5560017
0.04,5462042
0.04,5431087
0.05,5391804
0.05,5325117
0.05,5294115
0.06,5281283
0.06,5268167
0.07,5259031
0.07,5240548
0.07,5235733
0.08,5202385
0.08,5076281
0.08,4875048
0.08,4860941
0.09,4818231
0.1,4809657
0.1,4791434
0.11,4787286
0.11,4728628
0.11,4648017
0.13,4640620
0.13,4545154
0.14,4543874
0.14,4543505
0.14,4538976
0.14,4464225
0.15,4446727
0.16,4416088
0.16,4406805
0.16,4403065
0.17,4273959
0.18,4271908
0.19,4271590
0.19,4263219
0.19,4262317
0.19,4232298
0.2,4197533
0.21,4146768
0.21,4105150
0.21,4061439
0.21,4060163
0.22,4059923
0.23,4054096
0.23,4053428
0.24,3990247
0.24,3988101
0.24,3986199
0.25,3981765
0.25,3903089
0.3,3894001
0.31,3875479
0.32,3819562
0.32,3747489
0.34,3638322
0.34,3610340
0.35,3610189
0.36,3604922
0.37,3540390
0.39,3516275
0.4,3501175
0.42,3472298
0.42,3456770
0.43,3447088
0.44,3427173
0.46,3378523
0.48,3373719
0.48,3350432
0.48,3302342
0.49,3296549
0.49,3296141
0.49,3270555
0.51,3264018
0.51,3260593
0.52,3255588
0.53,3232822
0.55,3218953
0.55,3205918
0.56,3197653
0.56,3182918
0.57,3170042
0.58,3106519
0.58,3095652
0.62,3095552
0.63,3095508
0.63,3088525
0.64,3065919
0.65,3052424
0.66,3038810
0.67,2955296
0.69,2952216
0.69,2930443
0.71,2917310
0.73,2911406
0.73,2906401
0.74,2866443
0.75,2843860
0.75,2832935
0.77,2826054
0.78,2794351
0.79,2783027
0.81,2776881
0.85,2765810
0.85,2761887
0.85,2738726
0.87,2712039
0.87,2685220
0.91,2661819
0.91,2657794
0.91,2654829
0.94,2651168
0.94,2624630
0.98,2622427
1,2621590
1,2593725
1.05,2591173
1.08,2590879
1.08,2589959
1.08,2578990
1.11,2547582
1.12,2547312
1.13,2535480
1.13,2531373
1.17,2520968
1.18,2511652
1.18,2468818
1.19,2457148
1.21,2436961
1.21,2431073
1.21,2426502
1.24,2418155
1.24,2410101
1.25,2399292
1.28,2326483
1.33,2324776
1.34,2322398
1.35,2316625
1.4,2316295
1.4,2291024
1.41,2281493
1.42,2267196
1.43,2262185
1.44,2252118
1.46,2242587
1.47,2241390
1.49,2237214
1.51,2222639
1.51,2200826
1.57,2192900
1.57,2189958
1.59,2187024
1.6,2173554
1.61,2173493
1.62,2172574
1.64,2172559
1.65,2172057
1.66,2168469
1.69,2167445
1.7,2163255
1.7,2161500
1.73,2158511
1.77,2154920
1.77,2154365
1.79,2151562
1.81,2127020
1.82,2125924
1.82,2122286
1.83,2089341
1.85,2060633
1.91,2058119
1.92,2031923
1.95,2027460
1.99,2024946
2,2017707
2.02,2017234
2.03,2016619
2.04,1999733
2.07,1987358
2.09,1984798
2.09,1978960
2.1,1977865
2.12,1968276
2.17,1967409
2.21,1967017
2.23,1966493
2.23,1943493
2.24,1943452
2.25,1940739
2.28,1921004
2.3,1920655
2.33,1908661
2.39,1893025
2.4,1857004
2.41,1856704
2.43,1840911
2.45,1834664
2.45,1833187
2.49,1782294
2.49,1776047
2.53,1769999
2.54,1762034
2.55,1758769
2.55,1749119
2.59,1730211
2.62,1717937
2.62,1717754
2.66,1711074
2.67,1693639
2.68,1686196
2.68,1682376
2.69,1668026
2.69,1667346
2.69,1658061
2.7,1652549
2.7,1650752
2.71,1648437
2.73,1646694
2.76,1644921
2.8,1634027
2.81,1619037
2.85,1612820
2.89,1605997
2.95,1602350
2.97,1598412
2.98,1590091
3.05,1588155
3.06,1577056
3.08,1575406
3.09,1555006
3.23,1552885
3.26,1547074
3.27,1531112
3.31,1488214
3.38,1486217
3.38,1476903
3.4,1472604
3.42,1459809
3.42,1446088
3.49,1445914
3.49,1444785
3.49,1443648
3.5,1443377
3.53,1442060
3.56,1439796
3.57,1434217
3.58,1431777
3.59,1421623
3.67,1416231
3.78,1414434
3.78,1406148
3.92,1404096
3.96,1403483
3.99,1401415
3.99,1379418
4.03,1360694
4.1,1360004
4.15,1355147
4.17,1354594
4.24,1351275
4.27,1350279
4.35,1333309
4.37,1332296
4.38,1325204
4.47,1320478
4.47,1302973
4.51,1295373
4.55,1288990
4.6,1287857
4.6,1274028
4.61,1252655
4.64,1240780
4.73,1234113
4.75,1233860
4.77,1228389
4.78,1215913
4.85,1214817
4.87,1214797
4.91,1213538
5,1209379
5.02,1208940
5.04,1202684
5.05,1195082
5.14,1193204
5.15,1192381
5.19,1191585
5.3,1191470
5.48,1188889
5.54,1184324
5.64,1160117
5.67,1149630
5.84,1148688
5.86,1135891
5.87,1135367
5.87,1131587
5.89,1130471
5.89,1129158
5.9,1128474
5.99,1122870
6.08,1119173
6.13,1117432
6.21,1114134
6.24,1087902
6.28,1084618
6.4,1082078
6.41,1080529
6.43,1075553
6.43,1074082
6.44,1073754
6.55,1073610
6.55,1068387
6.64,1064919
6.75,1063751
6.8,1059432
6.8,1057251
6.91,1050935
6.99,1050156
7.07,1050016
7.08,1045738
7.09,1043298
7.18,1038532
7.21,1037531
7.23,1036752
7.26,1036341
7.3,1028098
7.41,1026982
7.51,1004751
7.63,1003857
7.63,996983
7.66,993870
7.71,984166
7.84,984116
7.84,983328
7.9,976197
7.97,976058
8,974869
8,971814
8.12,968516
8.41,967737
8.41,967230
8.5,966792
8.51,959557
8.56,955984
8.65,944908
8.7,941795
8.85,940608
8.92,924770
9.05,921512
9.07,914077
9.18,912698
9.36,908769
9.4,894298
9.55,894286
9.56,892670
9.63,891891
9.66,889801
9.68,889022
9.84,887789
9.88,885457
10.01,882802
10.07,882790
10.11,882023
10.23,882011
10.48,881952
10.48,881830
10.49,881818
10.72,881779
10.88,879748
11.07,879708
11.11,879696
11.56,879637
11.66,878858
11.86,878597
12.03,878335
12.07,874828
12.13,874611
12.13,874311
12.27,873542
12.4,873242
13.53,873037
13.61,870959
14.37,870947
16.98,870250
17.31,870238
18.89,867089
19.38,867044
19.81,866567
0.02,5734141
0.03,5677425
0.04,5586420
0.04,5560017
0.04,5462042
0.05,5431087
0.06,5391804
0.06,5325117
0.06,5294115
0.07,5281283
0.07,5268167
0.08,5259031
0.08,5240548
0.09,5235733
0.09,5202385
0.09,5076281
0.09,4875048
0.09,4860941
0.1,4818231
0.11,4809657
0.11,4791434
0.12,4787286
0.12,4728628
0.12,4648017
0.14,4640620
0.14,4545154
0.14,4543874
0.15,4543505
0.15,4538976
0.15,4464225
0.16,4446727
0.16,4416088
0.16,4406805
0.17,4403065
0.17,4273959
0.18,4271908
0.19,4271590
0.19,4263219
0.19,4262317
0.19,4232298
0.2,4197533
0.21,4146768
0.21,4105150
0.21,4061439
0.22,4060163
0.22,4059923
0.23,4054096
0.24,4053428
0.24,3990247
0.24,3988101
0.25,3986199
0.25,3981765
0.26,3903089
0.31,3894001
0.31,3875479
0.33,3819562
0.34,3747489
0.35,3638322
0.36,3610340
0.37,3610189
0.39,3604922
0.39,3540390
0.42,3516275
0.43,3501175
0.45,3472298
0.45,3456770
0.46,3447088
0.48,3427173
0.5,3378523
0.53,3373719
0.53,3350432
0.53,3302342
0.54,3296549
0.54,3296141
0.54,3270555
0.57,3264018
0.57,3260593
0.58,3255588
0.59,3232822
0.62,3218953
0.62,3205918
0.63,3197653
0.63,3182918
0.64,3170042
0.65,3106519
0.66,3095652
0.71,3095552
0.73,3095508
0.73,3088525
0.74,3065919
0.75,3052424
0.76,3038810
0.78,2955296
0.8,2952216
0.8,2930443
0.82,2917310
0.83,2911406
0.84,2906401
0.85,2866443
0.87,2843860
0.87,2832935
0.88,2826054
0.91,2794351
0.91,2783027
0.94,2776881
0.99,2765810
1,2761887
1,2738726
1.02,2712039
1.04,2685220
1.08,2661819
1.09,2657794
1.09,2654829
1.12,2651168
1.13,2624630
1.18,2622427
1.21,2621590
1.22,2593725
1.29,2591173
1.32,2590879
1.32,2589959
1.32,2578990
1.36,2547582
1.38,2547312
1.39,2535480
1.4,2531373
1.44,2520968
1.45,2511652
1.46,2468818
1.47,2457148
1.49,2436961
1.49,2431073
1.49,2426502
1.53,2418155
1.54,2410101
1.54,2399292
1.57,2326483
1.64,2324776
1.65,2322398
1.66,2316625
1.71,2316295
1.72,2291024
1.73,2281493
1.75,2267196
1.76,2262185
1.77,2252118
1.81,2242587
1.82,2241390
1.85,2237214
1.88,2222639
1.89,2200826
2.04,2192900
2.05,2189958
2.1,2187024
2.1,2173554
2.12,2173493
2.15,2172574
2.17,2172559
2.18,2172057
2.19,2168469
2.23,2167445
2.24,2163255
2.24,2161500
2.27,2158511
2.33,2154920
2.33,2154365
2.43,2151562
2.45,2127020
2.5,2125924
2.51,2122286
2.52,2089341
2.56,2060633
2.63,2058119
2.64,2031923
2.68,2027460
2.72,2024946
2.73,2017707
2.75,2017234
2.76,2016619
2.77,1999733
2.8,1987358
2.83,1984798
2.83,1978960
2.83,1977865
2.85,1968276
2.91,1967409
2.95,1967017
2.96,1966493
2.96,1943493
2.97,1943452
2.98,1940739
3.01,1921004
3.02,1920655
3.05,1908661
3.11,1893025
3.12,1857004
3.13,1856704
3.15,1840911
3.17,1834664
3.17,1833187
3.2,1782294
3.2,1776047
3.25,1769999
3.25,1762034
3.27,1758769
3.27,1749119
3.31,1730211
3.34,1717937
3.35,1717754
3.39,1711074
3.41,1693639
3.41,1686196
3.42,1682376
3.43,1668026
3.43,1667346
3.43,1658061
3.44,1652549
3.44,1650752
3.46,1648437
3.48,1646694
3.51,1644921
3.55,1634027
3.56,1619037
3.61,1612820
3.66,1605997
3.72,1602350
3.74,1598412
3.75,1590091
3.83,1588155
3.85,1577056
3.91,1575406
3.95,1555006
4.14,1552885
4.19,1547074
4.21,1531112
4.25,1488214
4.33,1486217
4.34,1476903
4.36,1472604
4.38,1459809
4.4,1446088
4.63,1445914
4.63,1444785
4.64,1443648
4.64,1443377
4.68,1442060
4.72,1439796
4.73,1434217
4.75,1431777
4.77,1421623
4.89,1416231
5.02,1414434
5.02,1406148
5.18,1404096
5.25,1403483
5.28,1401415
5.29,1379418
5.33,1360694
5.4,1360004
5.45,1355147
5.47,1354594
5.54,1351275
5.58,1350279
5.67,1333309
5.69,1332296
5.71,1325204
5.84,1320478
5.84,1302973
5.89,1295373
5.93,1288990
5.98,1287857
5.98,1274028
5.99,1252655
6.02,1240780
6.12,1234113
6.15,1233860
6.18,1228389
6.21,1215913
6.31,1214817
6.32,1214797
6.37,1213538
6.46,1209379
6.48,1208940
6.51,1202684
6.52,1195082
6.62,1193204
6.64,1192381
6.68,1191585
6.79,1191470
6.99,1188889
7.06,1184324
7.16,1160117
7.18,1149630
7.33,1148688
7.35,1135891
7.36,1135367
7.36,1131587
7.38,1130471
7.39,1129158
7.39,1128474
7.51,1122870
7.6,1119173
7.65,1117432
7.73,1114134
7.77,1087902
7.81,1084618
7.93,1082078
7.95,1080529
7.97,1075553
7.97,1074082
7.98,1073754
8.1,1073610
8.11,1068387
8.24,1064919
8.4,1063751
8.44,1059432
8.45,1057251
8.63,1050935
8.73,1050156
8.92,1050016
8.93,1045738
8.95,1043298
9.06,1038532
9.1,1037531
9.11,1036752
9.15,1036341
9.19,1028098
9.33,1026982
9.45,1004751
9.62,1003857
9.63,996983
9.67,993870
9.73,984166
9.86,984116
9.87,983328
9.94,976197
10.04,976058
10.08,974869
10.09,971814
10.29,968516
10.7,967737
10.71,967230
10.81,966792
10.83,959557
10.89,955984
11,944908
11.06,941795
11.24,940608
11.33,924770
11.5,921512
11.52,914077
11.65,912698
11.85,908769
11.9,894298
12.07,894286
12.09,892670
12.18,891891
12.21,889801
12.23,889022
12.49,887789
12.54,885457
12.68,882802
12.75,882790
12.8,882023
12.97,882011
13.27,881952
13.28,881830
13.32,881818
13.76,881779
13.99,879748
14.16,879708
14.2,879696
14.58,879637
14.66,878858
14.82,878597
14.98,878335
15.01,874828
15.06,874611
15.07,874311
15.18,873542
15.3,873242
16.11,873037
16.17,870959
16.99,870947
19.75,870250
