0.02,5674429
0.02,5557866
0.02,5537995
0.03,5516352
0.03,5509101
0.03,5301904
0.04,5293547
0.04,5281728
0.05,5200262
0.06,5105568
0.07,5013694
0.08,4985345
0.09,4965341
0.1,4956726
0.1,4844856
0.11,4774840
0.13,4679609
0.14,4659890
0.14,4627640
0.15,4614500
0.15,4578211
0.16,4557694
0.17,4557402
0.17,4550122
0.17,4548879
0.18,4545357
0.18,4530826
0.18,4493323
0.19,4486717
0.19,4483193
0.19,4477675
0.19,4468117
0.19,4402062
0.21,4369792
0.21,4362604
0.22,4306709
0.23,4265292
0.23,4262753
0.24,4222672
0.24,4186508
0.25,4150848
0.25,4102434
0.26,4084705
0.26,4079082
0.26,4071106
0.27,4056414
0.27,4052572
0.28,4037380
0.28,4002532
0.29,3990308
0.29,3986667
0.3,3950052
0.31,3942416
0.31,3940531
0.31,3928836
0.32,3917379
0.32,3903566
0.32,3864181
0.33,3847046
0.34,3774738
0.35,3758804
0.37,3737787
0.39,3703532
0.4,3665591
0.4,3647444
0.4,3640426
0.41,3639841
0.42,3587344
0.42,3572727
0.43,3558111
0.45,3549788
0.47,3523419
0.48,3516545
0.49,3511852
0.49,3464178
0.5,3457508
0.52,3422305
0.53,3367945
0.59,3352464
0.59,3350798
0.6,3289619
0.63,3277674
0.64,3248619
0.65,3244232
0.65,3242977
0.66,3234032
0.68,3203633
0.68,3197364
0.68,3191365
0.69,3143823
0.7,3135939
0.7,3087946
0.72,3084155
0.73,3077907
0.75,3047180
0.75,3046195
0.76,3041093
0.76,3028508
0.79,3021105
0.79,3019312
0.81,3014530
0.82,3001126
0.83,2987713
0.84,2950541
0.87,2945052
0.88,2937923
0.88,2933522
0.89,2915746
0.9,2896609
0.93,2891885
0.94,2888930
0.96,2882856
0.96,2880757
0.96,2872320
0.99,2870630
0.99,2851005
1,2846752
1.04,2827794
1.04,2787110
1.05,2782103
1.05,2778610
1.06,2759153
1.07,2741426
1.12,2735582
1.12,2732053
1.13,2725635
1.13,2722846
1.15,2722763
1.16,2711545
1.16,2709014
1.16,2691809
1.17,2691720
1.19,2688728
1.2,2682808
1.21,2645254
1.22,2639809
1.25,2628248
1.27,2625946
1.27,2618872
1.28,2564764
1.31,2540361
1.34,2520338
1.36,2488221
1.36,2484919
1.38,2476674
1.39,2458524
1.39,2455990
1.4,2444258
1.43,2435612
1.44,2425246
1.46,2387622
1.49,2377253
1.5,2375708
1.5,2362760
1.51,2348414
1.52,2341376
1.54,2338673
1.55,2334203
1.55,2303250
1.55,2295184
1.56,2284102
1.58,2279747
1.58,2254291
1.63,2248319
1.63,2246935
1.64,2240667
1.65,2239424
1.71,2238237
1.73,2234451
1.74,2233554
1.76,2181919
1.8,2160618
1.82,2160503
1.84,2153546
1.84,2150326
1.85,2136819
1.85,2120557
1.87,2106073
1.91,2105865
1.91,2093329
1.91,2076386
1.92,2075462
1.94,2050366
1.98,2045095
1.99,2044921
1.99,2030226
2.02,2027130
2.04,2013586
2.06,2009509
2.09,2002622
2.11,1997888
2.13,1997850
2.13,1985767
2.15,1985567
2.17,1956704
2.19,1955849
2.23,1952708
2.25,1944903
2.25,1885028
2.3,1883515
2.3,1876151
2.34,1871820
2.35,1871671
2.37,1867571
2.38,1846603
2.4,1828910
2.43,1828903
2.45,1828546
2.47,1827652
2.49,1822877
2.51,1818501
2.52,1800453
2.59,1799358
2.6,1786759
2.61,1786328
2.63,1783309
2.65,1771215
2.65,1766916
2.66,1702917
2.69,1701806
2.71,1695085
2.78,1688264
2.8,1686778
2.8,1675124
2.87,1644857
2.87,1644800
2.89,1633349
2.89,1630872
2.9,1630505
2.93,1618108
2.94,1617081
2.95,1552852
3.05,1546932
3.06,1541947
3.09,1535465
3.14,1532655
3.28,1531503
3.28,1529500
3.3,1518750
3.35,1516978
3.37,1515164
3.37,1509740
3.39,1509737
3.4,1506723
3.42,1480569
3.45,1479529
3.5,1471938
3.54,1471844
3.55,1452918
3.58,1449684
3.58,1446357
3.58,1445205
3.61,1445010
3.61,1438438
3.64,1421532
3.65,1412498
3.66,1388257
3.75,1383887
3.88,1381849
3.91,1370814
3.96,1357836
4.05,1357603
4.06,1353967
4.08,1352542
4.12,1335009
4.23,1334619
4.23,1332045
4.25,1321655
4.27,1311640
4.34,1308491
4.41,1308416
4.42,1301875
4.52,1282856
4.59,1278555
4.6,1278430
4.61,1276578
4.71,1272747
4.78,1270042
4.83,1268109
4.87,1264768
4.87,1259949
4.87,1259382
4.89,1257177
4.97,1254589
5.08,1250834
5.14,1247515
5.15,1240182
5.16,1228701
5.17,1226769
5.17,1225061
5.26,1223757
5.34,1223004
5.46,1222444
5.52,1212664
5.64,1211335
5.71,1210075
5.77,1199429
5.82,1191714
5.87,1187041
6.01,1181407
6.13,1179998
6.43,1172126
6.76,1146015
6.76,1145230
6.87,1141352
6.88,1138311
6.92,1128637
7.03,1128090
7.09,1124179
7.2,1115078
7.49,1091585
7.53,1090874
7.67,1081023
7.75,1080370
7.83,1071231
7.85,1070399
7.93,1056097
7.93,1051308
8.08,1050667
8.09,1050633
8.09,1045940
8.13,1042322
8.14,1039444
8.31,1032279
8.43,1026724
8.68,1025391
8.71,1020408
8.72,1020376
9.05,1013530
9.28,1010127
9.46,1007185
9.52,1006455
9.55,1001659
9.72,1001062
9.83,999642
9.9,999018
10.01,992603
10.11,990212
10.16,983705
10.23,980933
10.33,978184
10.46,977740
10.46,969272
10.63,968876
10.8,968257
11.23,968064
11.26,966960
11.47,966357
11.56,966273
11.78,965573
11.92,963101
11.92,960779
12.03,960442
12.91,958438
13.24,957654
13.31,955729
13.7,955431
14.94,948235
15.03,946998
15.4,946985
15.47,946900
15.81,945751
16.21,944843
16.78,943308
16.81,943215
17.03,943095
17.07,942442
17.24,941858
17.49,941188
17.61,939344
18.05,938107
18.77,937888
19.87,937600
0.02,5674429
0.03,5557866
0.03,5537995
0.04,5516352
0.04,5509101
0.04,5301904
0.05,5293547
0.06,5281728
0.06,5200262
0.07,5105568
0.09,5013694
0.1,4985345
0.12,4965341
0.12,4956726
0.13,4844856
0.14,4774840
0.16,4679609
0.17,4659890
0.18,4627640
0.19,4614500
0.19,4578211
0.2,4557694
0.22,4557402
0.22,4550122
0.22,4548879
0.23,4545357
0.23,4530826
0.23,4493323
0.24,4486717
0.24,4483193
0.24,4477675
0.24,4468117
0.24,4402062
0.26,4369792
0.26,4362604
0.26,4306709
0.28,4265292
0.28,4262753
0.29,4222672
0.29,4186508
0.3,4150848
0.3,4102434
0.3,4084705
0.31,4079082
0.31,4071106
0.31,4056414
0.32,4052572
0.33,4037380
0.33,4002532
0.34,3990308
0.34,3986667
0.35,3950052
0.36,3942416
0.36,3940531
0.36,3928836
0.37,3917379
0.37,3903566
0.37,3864181
0.38,3847046
0.39,3774738
0.4,3758804
0.42,3737787
0.44,3703532
0.45,3665591
0.45,3647444
0.45,3640426
0.46,3639841
0.46,3587344
0.47,3572727
0.47,3558111
0.5,3549788
0.52,3523419
0.54,3516545
0.55,3511852
0.56,3464178
0.56,3457508
0.6,3422305
0.6,3367945
0.68,3352464
0.68,3350798
0.68,3289619
0.72,3277674
0.72,3248619
0.74,3244232
0.74,3242977
0.75,3234032
0.76,3203633
0.77,3197364
0.77,3191365
0.78,3143823
0.79,3135939
0.8,3087946
0.82,3084155
0.83,3077907
0.86,3047180
0.87,3046195
0.87,3041093
0.88,3028508
0.92,3021105
0.92,3019312
0.95,3014530
0.96,3001126
0.97,2987713
0.98,2950541
1.02,2945052
1.03,2937923
1.04,2933522
1.05,2915746
1.06,2896609
1.09,2891885
1.09,2888930
1.11,2882856
1.11,2880757
1.12,2872320
1.14,2870630
1.14,2851005
1.15,2846752
1.18,2827794
1.18,2787110
1.19,2782103
1.19,2778610
1.2,2759153
1.22,2741426
1.26,2735582
1.26,2732053
1.27,2725635
1.27,2722846
1.29,2722763
1.3,2711545
1.3,2709014
1.3,2691809
1.31,2691720
1.33,2688728
1.34,2682808
1.36,2645254
1.37,2639809
1.4,2628248
1.42,2625946
1.42,2618872
1.43,2564764
1.47,2540361
1.5,2520338
1.52,2488221
1.52,2484919
1.54,2476674
1.56,2458524
1.56,2455990
1.57,2444258
1.61,2435612
1.63,2425246
1.65,2387622
1.68,2377253
1.69,2375708
1.7,2362760
1.71,2348414
1.72,2341376
1.75,2338673
1.75,2334203
1.75,2303250
1.76,2295184
1.77,2284102
1.79,2279747
1.8,2254291
1.85,2248319
1.85,2246935
1.86,2240667
1.87,2239424
1.93,2238237
1.96,2234451
1.96,2233554
1.98,2181919
2.03,2160618
2.05,2160503
2.08,2153546
2.08,2150326
2.08,2136819
2.09,2120557
2.12,2106073
2.15,2105865
2.16,2093329
2.17,2076386
2.17,2075462
2.2,2050366
2.26,2045095
2.27,2044921
2.27,2030226
2.3,2027130
2.32,2013586
2.35,2009509
2.39,2002622
2.41,1997888
2.43,1997850
2.43,1985767
2.45,1985567
2.47,1956704
2.5,1955849
2.54,1952708
2.55,1944903
2.56,1885028
2.62,1883515
2.62,1876151
2.65,1871820
2.67,1871671
2.69,1867571
2.7,1846603
2.72,1828910
2.76,1828903
2.78,1828546
2.8,1827652
2.82,1822877
2.84,1818501
2.86,1800453
2.92,1799358
2.93,1786759
2.94,1786328
2.96,1783309
2.98,1771215
2.98,1766916
3,1702917
3.03,1701806
3.06,1695085
3.16,1688264
3.18,1686778
3.19,1675124
3.28,1644857
3.28,1644800
3.31,1633349
3.31,1630872
3.32,1630505
3.36,1618108
3.37,1617081
3.39,1552852
3.53,1546932
3.56,1541947
3.59,1535465
3.65,1532655
3.81,1531503
3.82,1529500
3.84,1518750
3.89,1516978
3.93,1515164
3.93,1509740
3.96,1509737
3.98,1506723
4.01,1480569
4.05,1479529
4.12,1471938
4.16,1471844
4.18,1452918
4.21,1449684
4.22,1446357
4.22,1445205
4.26,1445010
4.26,1438438
4.29,1421532
4.3,1412498
4.32,1388257
4.41,1383887
4.57,1381849
4.62,1370814
4.7,1357836
4.84,1357603
4.87,1353967
4.89,1352542
4.95,1335009
5.08,1334619
5.09,1332045
5.11,1321655
5.13,1311640
5.21,1308491
5.28,1308416
5.29,1301875
5.38,1282856
5.44,1278555
5.46,1278430
5.47,1276578
5.57,1272747
5.65,1270042
5.72,1268109
5.76,1264768
5.77,1259949
5.77,1259382
5.79,1257177
5.88,1254589
5.99,1250834
6.06,1247515
6.06,1240182
6.08,1228701
6.08,1226769
6.08,1225061
6.2,1223757
6.3,1223004
6.45,1222444
6.52,1212664
6.65,1211335
6.73,1210075
6.81,1199429
6.87,1191714
6.93,1187041
7.13,1181407
7.27,1179998
7.59,1172126
8.06,1146015
8.06,1145230
8.19,1141352
8.2,1138311
8.24,1128637
8.38,1128090
8.42,1124179
8.53,1115078
8.79,1091585
8.83,1090874
8.96,1081023
9.04,1080370
9.12,1071231
9.14,1070399
9.22,1056097
9.22,1051308
9.36,1050667
9.37,1050633
9.37,1045940
9.42,1042322
9.42,1039444
9.58,1032279
9.7,1026724
9.94,1025391
9.97,1020408
9.98,1020376
10.3,1013530
10.54,1010127
10.72,1007185
10.78,1006455
10.81,1001659
11.03,1001062
11.16,999642
11.23,999018
11.32,992603
11.45,990212
11.51,983705
11.59,980933
11.74,978184
11.9,977740
11.9,969272
12.15,968876
12.32,968257
12.75,968064
12.77,966960
12.98,966357
13.12,966273
13.43,965573
13.65,963101
13.65,960779
13.81,960442
14.96,958438
15.41,957654
15.5,955729
16.01,955431
17.62,948235
17.76,946998
18.19,946985
18.29,946900
18.78,945751
19.27,944843
