0.02,5539985
0.08,5529231
0.13,5448108
0.19,5424774
0.23,5350141
0.29,5308038
0.43,5070325
0.47,4942831
0.52,4653449
0.54,4392321
0.55,4336904
0.56,4057341
0.59,3531447
0.63,3241433
0.64,3193092
0.66,2987520
0.67,2922287
0.68,2624288
0.69,2538211
0.7,2410275
0.71,2391113
0.72,2339682
0.73,2133926
0.75,1912826
0.76,1789889
0.77,1749697
0.78,1638098
0.79,1565857
0.8,1525993
0.81,1455445
0.82,1394244
0.84,1387171
0.84,1339029
0.85,1275929
0.86,1266312
0.87,1249552
0.88,1243540
0.9,1221577
0.9,1211227
0.91,1194790
0.92,1194276
0.94,1163599
0.95,1155989
0.97,1147428
0.98,1147075
0.98,1142269
1,1139814
1.01,1139163
1.01,1128225
1.02,1125634
1.03,1124992
1.04,1107182
1.04,1105117
1.05,1104901
1.07,1103152
1.09,1097506
1.09,1092552
1.1,1091810
1.11,1091349
1.13,1088585
1.15,1084747
1.16,1083806
1.16,1083769
1.19,1082083
1.19,1077428
1.2,1076184
1.24,1074255
1.28,1073954
1.32,1073942
1.49,1073905
1.52,1071760
1.62,1069703
1.64,1067608
1.64,1066235
1.68,1062368
1.8,1061635
1.84,1058230
2.06,1053764
2.08,1046691
2.09,1042602
2.22,1041541
