0.01,5564950
0.06,5475006
0.06,5438240
0.2,5345972
0.36,5291000
0.37,5153787
0.44,4765279
0.51,4524430
0.52,4152192
0.57,3989352
0.59,3892853
0.59,3838606
0.6,3609291
0.61,3384253
0.62,3293429
0.65,3121132
0.66,3049731
0.67,2974222
0.67,2796571
0.68,2632457
0.7,2401183
0.72,2261181
0.73,1993549
0.75,1921159
0.75,1910564
0.76,1824030
0.77,1744334
0.78,1594860
0.79,1530367
0.8,1477859
0.8,1426595
0.81,1399950
0.83,1377326
0.83,1369582
0.84,1364501
0.85,1334342
0.86,1292534
0.86,1286320
0.87,1282025
0.88,1252544
0.89,1243816
0.9,1227841
0.91,1209325
0.92,1196156
0.93,1185914
0.93,1184180
0.94,1177079
0.94,1176573
0.95,1174116
0.96,1167353
0.97,1155739
0.97,1150587
0.99,1139397
1.01,1134513
1.02,1122617
1.02,1119964
1.03,1115323
1.04,1109970
1.06,1107326
1.06,1105615
1.07,1102681
1.1,1098677
1.11,1096879
1.12,1095605
1.14,1095357
1.15,1095314
1.19,1094711
1.21,1094671
1.53,1094663
2.24,1094656
