0.03,5560906
0.06,5441993
0.11,5156441
0.36,5136335
0.43,4751783
0.51,4684359
0.57,4557374
0.57,4266201
0.58,3913524
0.6,3396022
0.63,3300580
0.64,3091473
0.67,2884963
0.68,2653467
0.69,2581270
0.71,2394275
0.72,2308932
0.73,2166217
0.73,2109204
0.74,2076525
0.75,1927994
0.77,1700851
0.77,1685188
0.79,1631035
0.82,1585184
0.83,1582307
0.84,1469096
0.84,1407930
0.85,1388225
0.86,1352522
0.87,1338381
0.88,1331100
0.89,1324547
0.9,1323441
0.9,1314811
0.91,1291135
0.92,1273856
0.93,1269975
0.94,1265875
0.95,1253815
0.95,1241425
0.96,1241305
0.97,1241138
0.98,1230652
0.99,1216545
1.01,1213806
1.01,1209836
1.02,1207206
1.02,1181720
1.03,1168533
1.04,1166008
1.04,1163219
1.06,1162918
1.07,1162040
1.08,1154677
1.09,1149427
1.1,1148837
1.11,1145356
1.11,1145212
1.12,1140094
1.13,1122266
1.14,1120991
1.15,1118775
1.15,1118448
1.17,1115060
1.17,1113839
1.18,1110015
1.19,1103723
1.21,1103029
1.22,1097594
1.24,1097485
1.26,1097262
1.34,1093697
1.54,1089416
1.56,1088493
1.56,1087801
1.58,1087221
1.66,1083379
1.84,1080934
