0.01,5752094
0.02,5409339
0.3,5380250
0.33,5227716
0.38,5187646
0.4,5011086
0.47,4832508
0.52,4776153
0.55,4746932
0.56,4255521
0.57,4233820
0.6,4143521
0.61,3961330
0.62,3883621
0.64,3801569
0.65,3526975
0.66,3261899
0.68,3013197
0.69,2860165
0.69,2846189
0.7,2755923
0.71,2720860
0.72,2716538
0.72,2624586
0.73,2324149
0.74,2118143
0.76,2029358
0.78,1848354
0.78,1799777
0.79,1753828
0.8,1597561
0.8,1568432
0.81,1495164
0.83,1352236
0.83,1313045
0.86,1290558
0.87,1284432
0.88,1278766
0.89,1233773
0.89,1222925
0.91,1210246
0.91,1197541
0.92,1158508
0.93,1152962
0.94,1148660
0.95,1141174
0.96,1137705
0.96,1130497
0.97,1122751
0.98,1105838
0.98,1091040
0.99,1075619
1,1075118
1.01,1074763
1.02,1071188
1.03,1066820
1.03,1058393
1.04,1053217
1.05,1044596
1.05,1042976
1.07,1040879
1.07,1039708
1.11,1039189
1.11,1031736
1.13,1031385
1.14,1031190
1.14,1011718
1.15,1006929
1.16,1005171
1.16,1003820
1.17,1000838
1.19,990239
1.24,990119
1.31,990112
1.45,989716
1.47,988878
1.48,987809
1.57,983967
1.83,983725
1.89,983573
2.29,978218
