0.01,6053947
0.01,6040272
0.01,6025203
0.01,6007665
0.01,6007136
0.01,5988512
0.01,5961060
0.01,5943522
0.01,5913604
0.01,5905453
0.01,5888379
0.01,5873482
0.02,5872953
0.02,5864621
0.02,5849724
0.02,5847048
0.04,5823482
0.04,5819657
0.04,5816460
0.04,5811506
0.07,5806493
0.07,5806229
0.08,5801539
0.08,5794977
0.11,5788098
0.11,5780712
0.12,5769186
0.12,5754234
0.12,5748741
0.13,5740486
0.13,5730476
0.13,5724983
0.15,5712903
0.18,5710779
0.18,5705286
0.2,5697031
0.24,5683031
0.3,5676561
0.31,5674437
0.31,5659540
0.32,5656864
0.35,5633298
0.35,5626276
0.35,5625147
0.42,5616309
0.42,5616045
0.44,5615180
0.44,5614615
0.44,5604793
0.66,5602421
0.68,5600573
1.16,5591805
4.19,5591317
4.2,5583166
4.24,5581318
12.36,5575076
60.52,5574801
60.53,5571214
60.56,5569949
66.19,5567042
66.19,5563455
69.13,5560597
69.13,5555104
69.14,5551517
69.16,5550252
106.78,5540534
195.84,5536569
259.4,5527553
259.41,5519402
288.44,5517527
288.44,5513940
288.44,5512675
294.73,5503195
311.2,5499050
324.77,5490034
324.78,5481883
341.36,5479795
341.59,5476941
341.65,5471644
347.96,5471501
347.97,5470236
348.01,5461677
348.35,5458815
370.06,5454735
463.55,5451762
468.39,5447797
468.54,5445425
468.56,5443577
471.21,5433822
478.57,5426214
478.58,5424366
478.75,5423335
498.44,5417093
