0.01,5738732
0.02,5520970
0.2,5386047
0.27,5376197
0.36,5281082
0.36,4894500
0.51,4703219
0.57,4486759
0.6,4476280
0.61,4320106
0.61,4020953
0.64,3551367
0.67,3219050
0.69,3049123
0.7,2883825
0.71,2643492
0.72,2472208
0.74,2306052
0.77,2106947
0.77,2098743
0.78,2018799
0.79,1892404
0.82,1653935
0.83,1605112
0.83,1522852
0.84,1456964
0.86,1450956
0.86,1418688
0.87,1414694
0.88,1345301
0.9,1316086
0.9,1310427
0.92,1294198
0.93,1280480
0.94,1260132
0.95,1253043
0.95,1239346
0.96,1213099
0.97,1207880
0.97,1204087
0.98,1196544
0.99,1196371
1,1184528
1.01,1176348
1.02,1170832
1.04,1165010
1.05,1163217
1.07,1162667
1.07,1158329
1.08,1157217
1.09,1153542
1.1,1151187
1.1,1142910
1.11,1127559
1.12,1124599
1.12,1116869
1.14,1116729
1.14,1111395
1.15,1104535
1.16,1104258
1.17,1104218
1.18,1102286
1.19,1098638
1.21,1086627
1.21,1082581
1.24,1079690
1.24,1079476
1.26,1072077
1.3,1071576
1.33,1070437
1.36,1069409
1.43,1068437
1.45,1065061
1.51,1064685
1.54,1062242
1.7,1062199
