0.01,6259719
0.01,5977829
0.02,5073219
0.05,5018376
0.46,4870811
0.52,4636156
0.55,4595861
0.58,4290451
0.59,4144114
0.6,4001182
0.63,3642474
0.67,3191412
0.69,3022686
0.7,2972365
0.7,2760524
0.72,2579243
0.73,2378474
0.74,2043473
0.78,1902046
0.78,1881971
0.79,1875975
0.8,1799792
0.81,1675892
0.82,1590574
0.83,1474573
0.85,1458682
0.86,1381975
0.88,1350992
0.9,1341636
0.92,1329348
0.92,1306944
0.94,1304168
0.94,1296248
0.95,1256811
0.98,1247898
0.98,1227014
0.99,1213617
1,1206947
1.01,1195697
1.02,1193071
1.04,1189414
1.06,1181435
1.07,1178972
1.09,1176886
1.09,1176782
1.11,1172744
1.11,1171188
1.12,1167814
1.17,1157200
1.18,1155309
1.18,1153395
1.21,1153041
1.27,1152494
1.31,1152164
1.36,1151057
1.41,1151006
1.42,1150194
1.66,1150157
1.67,1147861
1.86,1147434
