0.01,5609133
0.02,5572710
0.18,5515040
0.21,5453552
0.32,4998195
0.5,4966439
0.53,4921516
0.53,4399913
0.56,4269511
0.59,4113369
0.61,3951093
0.62,3865583
0.63,3724294
0.64,3519206
0.64,3380213
0.66,3307946
0.68,3234382
0.68,3234066
0.69,2791603
0.7,2697227
0.71,2549701
0.72,2474038
0.72,2310456
0.74,2107735
0.74,2004890
0.76,1897545
0.77,1825925
0.78,1738164
0.78,1711616
0.79,1600032
0.82,1480733
0.82,1431918
0.83,1391816
0.85,1324421
0.87,1302887
0.88,1299680
0.89,1283572
0.89,1279547
0.9,1254763
0.9,1231477
0.91,1225671
0.93,1201436
0.94,1200004
0.94,1191118
0.95,1190925
0.96,1186956
0.97,1177345
0.98,1167730
0.98,1163783
1,1157939
1.01,1155485
1.01,1149526
1.02,1139303
1.03,1133795
1.04,1129908
1.05,1128106
1.06,1124707
1.07,1123474
1.08,1120775
1.09,1119015
1.13,1118657
1.14,1118363
1.14,1116279
1.16,1112950
1.17,1112836
1.2,1112657
1.24,1112558
1.27,1112428
1.35,1111124
1.38,1110134
1.44,1109577
1.5,1107922
1.59,1106932
1.61,1105000
