0.02,5704621
0.03,5416700
0.03,5397117
0.03,5349713
0.04,5344345
0.05,5123891
0.05,5077603
0.06,5025524
0.06,4953282
0.07,4903415
0.08,4887557
0.09,4871447
0.09,4869238
0.09,4826535
0.09,4814839
0.09,4777272
0.1,4722616
0.1,4657957
0.11,4619808
0.12,4577413
0.13,4533747
0.13,4515251
0.14,4512518
0.14,4458408
0.16,4427947
0.16,4366706
0.18,4275995
0.2,4217313
0.21,4132251
0.22,4081679
0.22,3969243
0.25,3966433
0.26,3939343
0.26,3859346
0.29,3855268
0.3,3845519
0.31,3842919
0.31,3820158
0.32,3784415
0.34,3752247
0.34,3725755
0.34,3703107
0.35,3689588
0.36,3635112
0.36,3566661
0.37,3558746
0.37,3513784
0.38,3504388
0.39,3478174
0.4,3465877
0.4,3456220
0.41,3452951
0.42,3437852
0.42,3411612
0.43,3405082
0.43,3370208
0.44,3351636
0.44,3267894
0.44,3250859
0.45,3246372
0.46,3221166
0.46,3194960
0.47,3169207
0.49,3162399
0.49,3121866
0.51,3121309
0.52,3084343
0.54,3077139
0.56,3061276
0.56,3048148
0.56,3017792
0.57,3001132
0.57,2998754
0.57,2988607
0.59,2972925
0.61,2930951
0.61,2914296
0.62,2900289
0.66,2880115
0.68,2846000
0.69,2843452
0.69,2818180
0.69,2816047
0.71,2811239
0.74,2806027
0.75,2759262
0.76,2739323
0.77,2736945
0.78,2730431
0.8,2724346
0.8,2701577
0.81,2656426
0.82,2612414
0.83,2599158
0.84,2593227
0.85,2577610
0.85,2561387
0.86,2549700
0.87,2549240
0.88,2541612
0.89,2539419
0.89,2530439
0.89,2524981
0.91,2514434
0.91,2490826
0.91,2449250
0.93,2420471
0.93,2416709
0.95,2413052
0.96,2404723
0.99,2351036
1.01,2344586
1.04,2329038
1.06,2307871
1.06,2305555
1.07,2293881
1.08,2289562
1.08,2288729
1.09,2280786
1.11,2270002
1.15,2266481
1.2,2245823
1.2,2229810
1.22,2226700
1.25,2225047
1.25,2224009
1.27,2223689
1.29,2221030
1.31,2202763
1.36,2196900
1.36,2191687
1.37,2188965
1.38,2187004
1.39,2182230
1.42,2174039
1.42,2169886
1.45,2148139
1.45,2145344
1.46,2142657
1.48,2141729
1.49,2128594
1.49,2122079
1.53,2112262
1.56,2099538
1.59,2094703
1.59,2088222
1.6,2065235
1.68,2052046
1.71,2034406
1.73,2033849
1.76,2033253
1.78,2028766
1.79,2027628
1.82,2027317
1.85,2020628
1.88,1970891
1.94,1968281
1.95,1966571
1.96,1960115
1.96,1937302
2.02,1935706
2.04,1933311
2.06,1915335
2.09,1911014
2.12,1909147
2.13,1905371
2.13,1893229
2.15,1888076
2.16,1884984
2.18,1884272
2.21,1883372
2.21,1882006
2.21,1871732
2.23,1871515
2.24,1866936
2.25,1847971
2.28,1834062
2.28,1830851
2.33,1801053
2.34,1797103
2.36,1783787
2.42,1780106
2.43,1773244
2.47,1765887
2.58,1765067
2.64,1758996
2.65,1758959
2.72,1746530
2.79,1744949
2.81,1724914
2.87,1721477
2.89,1714121
2.95,1694876
2.99,1687371
3,1685040
3.12,1684711
3.21,1646451
3.3,1639386
3.36,1636621
3.43,1632875
3.43,1629951
3.48,1626971
3.49,1611179
3.56,1609895
3.61,1605070
3.69,1589359
3.71,1588108
3.72,1555755
3.8,1555156
3.8,1554651
3.82,1553560
3.84,1551880
3.85,1536882
3.85,1535598
3.9,1528704
3.91,1527178
3.91,1519944
3.93,1519283
3.95,1517618
3.96,1515843
3.97,1510291
4.05,1493646
4.1,1490739
4.12,1486963
4.19,1486291
4.2,1481275
4.23,1472221
4.25,1457020
4.3,1456935
4.3,1440924
4.35,1440907
4.36,1434054
4.37,1431191
4.39,1429518
4.41,1428619
4.44,1427133
4.44,1420018
4.45,1399135
4.47,1392981
4.5,1392297
4.54,1350774
4.56,1349700
4.58,1344398
4.58,1338324
4.61,1326757
4.61,1325809
4.62,1324121
4.65,1322283
4.66,1320653
4.66,1320052
4.67,1319214
4.68,1297707
4.76,1294994
4.8,1290279
4.82,1289153
4.83,1275370
4.85,1274230
4.91,1272801
4.94,1236939
4.97,1235933
4.97,1233466
5,1232535
5.01,1232115
5.09,1223510
5.14,1216610
5.15,1192609
5.24,1178852
5.26,1174626
5.4,1161972
5.44,1160513
5.45,1158820
5.59,1146652
5.69,1144101
5.7,1141170
5.79,1140638
5.84,1140347
5.85,1138817
5.89,1127092
5.93,1125618
5.94,1124780
5.95,1107492
5.97,1107004
6.02,1096857
6.1,1094662
6.24,1094306
6.39,1092111
6.59,1090711
6.78,1090249
6.91,1083874
6.93,1081884
6.99,1071141
7.1,1069942
7.19,1065951
7.26,1064672
7.3,1062649
7.73,1058780
7.88,1054418
7.93,1039211
8.04,1037752
8.09,1032745
8.18,1030201
8.38,1025308
8.6,1023685
8.71,1022441
8.76,1021162
8.99,1019539
9.28,1002554
9.49,1002155
9.58,997072
9.67,993959
9.84,991866
9.98,989982
10.16,989686
10.19,989626
10.31,980445
10.42,979990
10.43,979284
10.53,974588
10.61,972900
10.79,968527
11.03,963626
11.15,960502
11.78,960327
11.88,955387
11.9,951483
12.38,950978
12.47,944758
12.58,939587
12.65,938749
12.85,937936
12.99,935972
13.16,934191
13.41,933353
13.8,931797
14.34,930959
14.88,927372
14.93,925299
15.57,924461
15.79,922773
16.74,922369
16.98,921646
17.1,921112
17.17,920808
17.34,920189
17.93,920117
18.06,919351
0.02,5704621
0.02,5416700
0.02,5397117
0.02,5349713
0.03,5344345
0.03,5123891
0.04,5077603
0.04,5025524
0.04,4953282
0.05,4903415
0.06,4887557
0.06,4871447
0.07,4869238
0.07,4826535
0.07,4814839
0.07,4777272
0.07,4722616
0.08,4657957
0.08,4619808
0.09,4577413
0.1,4533747
0.1,4515251
0.1,4512518
0.11,4458408
0.13,4427947
0.13,4366706
0.14,4275995
0.16,4217313
0.18,4132251
0.18,4081679
0.19,3969243
0.21,3966433
0.23,3939343
0.23,3859346
0.25,3855268
0.27,3845519
0.27,3842919
0.27,3820158
0.28,3784415
0.3,3752247
0.3,3725755
0.3,3703107
0.31,3689588
0.32,3635112
0.32,3566661
0.33,3558746
0.33,3513784
0.34,3504388
0.35,3478174
0.36,3465877
0.36,3456220
0.37,3452951
0.38,3437852
0.38,3411612
0.39,3405082
0.39,3370208
0.4,3351636
0.4,3267894
0.4,3250859
0.41,3246372
0.42,3221166
0.42,3194960
0.43,3169207
0.45,3162399
0.45,3121866
0.47,3121309
0.48,3084343
0.5,3077139
0.52,3061276
0.52,3048148
0.52,3017792
0.53,3001132
0.53,2998754
0.53,2988607
0.54,2972925
0.57,2930951
0.57,2914296
0.58,2900289
0.62,2880115
0.63,2846000
0.64,2843452
0.64,2818180
0.64,2816047
0.66,2811239
0.69,2806027
0.69,2759262
0.7,2739323
0.71,2736945
0.72,2730431
0.74,2724346
0.74,2701577
0.75,2656426
0.76,2612414
0.77,2599158
0.78,2593227
0.79,2577610
0.79,2561387
0.8,2549700
0.82,2549240
0.83,2541612
0.83,2539419
0.84,2530439
0.84,2524981
0.86,2514434
0.87,2490826
0.87,2449250
0.89,2420471
0.9,2416709
0.92,2413052
0.94,2404723
0.97,2351036
1,2344586
1.03,2329038
1.05,2307871
1.05,2305555
1.07,2293881
1.07,2289562
1.08,2288729
1.08,2280786
1.1,2270002
1.15,2266481
1.2,2245823
1.21,2229810
1.22,2226700
1.24,2225047
1.25,2224009
1.26,2223689
1.29,2221030
1.31,2202763
1.41,2196900
1.41,2191687
1.41,2188965
1.43,2187004
1.44,2182230
1.47,2174039
1.48,2169886
1.51,2148139
1.51,2145344
1.52,2142657
1.54,2141729
1.55,2128594
1.55,2122079
1.59,2112262
1.62,2099538
1.66,2094703
1.66,2088222
1.67,2065235
1.75,2052046
1.78,2034406
1.81,2033849
1.82,2033253
1.84,2028766
1.84,2027628
1.87,2027317
1.88,2020628
1.9,1970891
1.93,1968281
1.94,1966571
1.94,1960115
1.94,1937302
1.97,1935706
1.98,1933311
1.99,1915335
2.01,1911014
2.03,1909147
2.03,1905371
2.04,1893229
2.06,1888076
2.06,1884984
2.09,1884272
2.11,1883372
2.11,1882006
2.12,1871732
2.13,1871515
2.14,1866936
2.15,1847971
2.18,1834062
2.18,1830851
2.22,1801053
2.23,1797103
2.24,1783787
2.28,1780106
2.29,1773244
2.32,1765887
2.37,1765067
2.39,1758996
2.4,1758959
2.43,1746530
2.47,1744949
2.48,1724914
2.52,1721477
2.53,1714121
2.56,1694876
2.58,1687371
2.59,1685040
2.66,1684711
2.72,1646451
2.79,1639386
2.83,1636621
2.88,1632875
2.89,1629951
2.93,1626971
2.95,1611179
3.02,1609895
3.07,1605070
3.15,1589359
3.17,1588108
3.18,1555755
3.26,1555156
3.27,1554651
3.29,1553560
3.32,1551880
3.33,1536882
3.33,1535598
3.38,1528704
3.39,1527178
3.39,1519944
3.41,1519283
3.43,1517618
3.43,1515843
3.44,1510291
3.52,1493646
3.57,1490739
3.59,1486963
3.66,1486291
3.68,1481275
3.71,1472221
3.73,1457020
3.78,1456935
3.79,1440924
3.84,1440907
3.86,1434054
3.86,1431191
3.89,1429518
3.92,1428619
3.95,1427133
3.96,1420018
3.96,1399135
3.98,1392981
4.02,1392297
4.06,1350774
4.07,1349700
4.09,1344398
4.1,1338324
4.12,1326757
4.13,1325809
4.14,1324121
4.17,1322283
4.18,1320653
4.19,1320052
4.2,1319214
4.21,1297707
4.3,1294994
4.34,1290279
4.35,1289153
4.36,1275370
4.39,1274230
4.44,1272801
4.48,1236939
4.51,1235933
4.51,1233466
4.55,1232535
4.56,1232115
4.64,1223510
4.7,1216610
4.71,1192609
4.81,1178852
4.84,1174626
4.98,1161972
5.03,1160513
5.04,1158820
5.19,1146652
5.29,1144101
5.3,1141170
5.39,1140638
5.45,1140347
5.46,1138817
5.5,1127092
5.54,1125618
5.56,1124780
5.57,1107492
5.58,1107004
5.64,1096857
5.73,1094662
5.87,1094306
6.02,1092111
6.25,1090711
6.45,1090249
6.59,1083874
6.62,1081884
6.69,1071141
6.8,1069942
6.89,1065951
6.96,1064672
7.01,1062649
7.45,1058780
7.57,1054418
7.62,1039211
7.73,1037752
7.78,1032745
7.87,1030201
8.04,1025308
8.24,1023685
8.35,1022441
8.4,1021162
8.61,1019539
8.88,1002554
9.06,1002155
9.15,997072
9.23,993959
9.38,991866
9.52,989982
9.69,989686
9.73,989626
9.86,980445
9.97,979990
9.98,979284
10.1,974588
10.17,972900
10.35,968527
10.55,963626
10.65,960502
11.19,960327
11.27,955387
11.29,951483
11.76,950978
11.86,944758
11.95,939587
12.02,938749
12.29,937936
12.41,935972
12.57,934191
12.78,933353
12.99,931797
13.46,930959
14,927372
14.04,925299
14.71,924461
14.93,922773
15.93,922369
16.2,921646
16.32,921112
16.39,920808
16.56,920189
17.17,920117
17.31,919351
