0.02,5720409
0.02,5369734
0.02,5309111
0.03,4994302
0.04,4956558
0.05,4943193
0.05,4917002
0.06,4914066
0.06,4854283
0.07,4799344
0.07,4790318
0.07,4783664
0.07,4722081
0.08,4608897
0.08,4532126
0.1,4520379
0.1,4454133
0.11,4451783
0.12,4437166
0.12,4436862
0.13,4394186
0.13,4367011
0.13,4347676
0.13,4340856
0.14,4330543
0.14,4325928
0.14,4325612
0.14,4292568
0.16,4253460
0.16,4232374
0.17,4188063
0.18,4151515
0.18,4144062
0.19,4142395
0.21,4138913
0.22,4123689
0.22,4112512
0.22,4073442
0.22,4072290
0.23,4064662
0.23,4058988
0.23,4051293
0.23,4034522
0.23,4000621
0.24,3997144
0.25,3954237
0.25,3910190
0.26,3876295
0.27,3836432
0.28,3700891
0.29,3680524
0.3,3662676
0.3,3566552
0.31,3493200
0.32,3470304
0.33,3458342
0.33,3430319
0.33,3412356
0.34,3402840
0.34,3395384
0.34,3384928
0.35,3381166
0.35,3365032
0.36,3364802
0.37,3332297
0.38,3323255
0.38,3283379
0.41,3246419
0.42,3244900
0.43,3207247
0.43,3150453
0.43,3081052
0.44,3056238
0.45,3035100
0.47,3032869
0.5,2989958
0.52,2973717
0.52,2925568
0.6,2886302
0.64,2882833
0.67,2855845
0.68,2854070
0.68,2821137
0.69,2804868
0.7,2788771
0.71,2787104
0.71,2765020
0.71,2752268
0.72,2751005
0.72,2748296
0.73,2745935
0.74,2736918
0.74,2667456
0.76,2661492
0.78,2626275
0.82,2624003
0.82,2618116
0.82,2602660
0.83,2601400
0.84,2594236
0.85,2579693
0.85,2573258
0.88,2560169
0.91,2547134
0.91,2518439
0.94,2517162
0.94,2512816
0.95,2477007
0.95,2474183
0.99,2443338
1.01,2441398
1.01,2417978
1.02,2403108
1.07,2397579
1.07,2397179
1.08,2395774
1.1,2379326
1.12,2378610
1.15,2367239
1.15,2350425
1.15,2333838
1.16,2333070
1.17,2330985
1.18,2323252
1.19,2312759
1.19,2306078
1.2,2295739
1.24,2293058
1.25,2281272
1.25,2252981
1.26,2252512
1.28,2232069
1.28,2216542
1.3,2198533
1.31,2183084
1.34,2174187
1.38,2167294
1.39,2152027
1.39,2147351
1.41,2132643
1.42,2130225
1.48,2089586
1.49,2088561
1.49,2084157
1.5,2062746
1.51,2012508
1.53,2006105
1.56,2001916
1.64,2000732
1.64,1999970
1.64,1996031
1.65,1994974
1.65,1984903
1.66,1980308
1.67,1971445
1.7,1970474
1.7,1918592
1.75,1917878
1.77,1914990
1.78,1911032
1.79,1910288
1.81,1898906
1.82,1888449
1.83,1879542
1.84,1868872
1.86,1863741
1.87,1846906
1.88,1846824
1.92,1843244
1.92,1841760
1.94,1832956
1.97,1829636
2.03,1829104
2.09,1824267
2.15,1821440
2.19,1819609
2.19,1818656
2.19,1801689
2.3,1792384
2.31,1791421
2.33,1779225
2.34,1766753
2.34,1765981
2.36,1762003
2.36,1758404
2.38,1754041
2.38,1717572
2.4,1680915
2.49,1677802
2.49,1676401
2.52,1618209
2.53,1615821
2.53,1615427
2.54,1614926
2.54,1594721
2.55,1554919
2.57,1548663
2.6,1547235
2.63,1546172
2.64,1539863
2.69,1538725
2.7,1530481
2.7,1529985
2.72,1521741
2.74,1520775
2.76,1516882
2.8,1513083
2.8,1502330
2.87,1500902
2.89,1499296
2.91,1488811
2.95,1468089
2.97,1446871
3.01,1433608
3.02,1431160
3.05,1424291
3.06,1423659
3.06,1419653
3.07,1396589
3.11,1396507
3.12,1384492
3.15,1384139
3.16,1376426
3.17,1374362
3.18,1370026
3.19,1367322
3.21,1367071
3.23,1366689
3.23,1363985
3.26,1348587
3.26,1347417
3.29,1337027
3.33,1332671
3.39,1331984
3.4,1328569
3.44,1325829
3.44,1304739
3.55,1300060
3.64,1300004
3.69,1294698
3.74,1261470
3.79,1254351
3.88,1251496
3.9,1230691
4.09,1230092
4.1,1226857
4.16,1226088
4.17,1225060
4.21,1224280
4.25,1214450
4.33,1213630
4.34,1200571
4.35,1200464
4.38,1197617
4.39,1196534
4.44,1196513
4.45,1193526
4.47,1191745
4.56,1185719
4.63,1185026
4.63,1172964
4.69,1172524
4.69,1172481
4.72,1172080
4.72,1171871
4.72,1164034
4.78,1154248
4.8,1149516
4.86,1142575
4.92,1140574
4.93,1140413
4.98,1135914
5.03,1130078
5.14,1128631
5.19,1127670
5.21,1122704
5.3,1122592
5.31,1120756
5.35,1117653
5.37,1116484
5.4,1116407
5.46,1112891
5.5,1111765
5.52,1110171
5.53,1109765
5.57,1109051
5.58,1106745
5.59,1104238
5.6,1103560
5.79,1089051
5.8,1087939
5.88,1085575
5.93,1072375
6.05,1067379
6.11,1065868
6.13,1064793
6.18,1063763
6.19,1063648
6.2,1062859
6.31,1058543
6.39,1056764
6.74,1056096
6.84,1054276
6.98,1051993
7,1049556
7.06,1041562
7.17,1040266
7.42,1032731
7.49,1030436
7.58,1030161
7.63,1029078
7.74,1027804
7.8,1025153
8.12,1024482
8.2,1024209
8.2,1023874
8.27,1021814
8.49,1016110
8.5,1016104
8.56,1014693
8.6,1014078
8.7,1010638
8.88,992925
8.96,992054
9.01,991036
9.07,986611
9.21,975776
9.37,974786
9.39,973818
9.42,973612
9.45,973540
9.59,973508
9.6,973346
9.64,973261
9.68,969073
9.96,968235
9.97,962118
10.13,956391
10.23,956340
10.37,954072
10.5,951622
10.83,951003
10.88,950995
10.9,949699
11.05,948549
11.14,947076
11.17,943473
11.28,942913
11.35,942387
11.37,942258
11.5,940077
11.51,939844
11.56,938218
11.67,936709
11.99,933975
12,933894
12.22,931443
12.31,931323
12.32,928847
12.36,926037
12.37,925997
12.45,924724
12.47,924470
12.5,920884
12.74,920877
12.8,918804
12.82,918458
12.86,918256
12.87,917148
13.37,914514
13.45,914189
13.51,913385
13.76,912422
13.8,910154
13.89,909020
13.92,908137
13.98,907222
14.12,904516
14.48,904509
14.6,902635
14.89,901789
15.53,901705
15.7,901633
16.16,898076
16.24,897519
16.48,897438
16.88,897431
17.02,895113
17.04,894023
17.92,888679
18,888319
18.01,887474
18.09,883600
18.36,883360
18.48,882562
19.16,882398
19.23,880730
0.02,5720409
0.03,5369734
0.03,5309111
0.04,4994302
0.05,4956558
0.05,4943193
0.05,4917002
0.06,4914066
0.07,4854283
0.07,4799344
0.07,4790318
0.07,4783664
0.08,4722081
0.08,4608897
0.08,4532126
0.1,4520379
0.1,4454133
0.12,4451783
0.12,4437166
0.12,4436862
0.13,4394186
0.13,4367011
0.13,4347676
0.14,4340856
0.14,4330543
0.14,4325928
0.15,4325612
0.15,4292568
0.16,4253460
0.16,4232374
0.18,4188063
0.18,4151515
0.19,4144062
0.2,4142395
0.22,4138913
0.22,4123689
0.22,4112512
0.22,4073442
0.23,4072290
0.23,4064662
0.23,4058988
0.23,4051293
0.23,4034522
0.24,4000621
0.24,3997144
0.25,3954237
0.25,3910190
0.26,3876295
0.27,3836432
0.28,3700891
0.29,3680524
0.3,3662676
0.3,3566552
0.31,3493200
0.31,3470304
0.32,3458342
0.33,3430319
0.33,3412356
0.33,3402840
0.34,3395384
0.34,3384928
0.34,3381166
0.35,3365032
0.36,3364802
0.36,3332297
0.38,3323255
0.38,3283379
0.4,3246419
0.41,3244900
0.42,3207247
0.42,3150453
0.42,3081052
0.43,3056238
0.44,3035100
0.46,3032869
0.48,2989958
0.5,2973717
0.5,2925568
0.57,2886302
0.6,2882833
0.64,2855845
0.64,2854070
0.65,2821137
0.65,2804868
0.67,2788771
0.67,2787104
0.67,2765020
0.68,2752268
0.69,2751005
0.69,2748296
0.7,2745935
0.71,2736918
0.71,2667456
0.73,2661492
0.75,2626275
0.79,2624003
0.79,2618116
0.79,2602660
0.8,2601400
0.81,2594236
0.82,2579693
0.82,2573258
0.85,2560169
0.88,2547134
0.88,2518439
0.91,2517162
0.91,2512816
0.92,2477007
0.92,2474183
0.97,2443338
0.98,2441398
0.99,2417978
0.99,2403108
1.06,2397579
1.06,2397179
1.07,2395774
1.1,2379326
1.11,2378610
1.15,2367239
1.15,2350425
1.15,2333838
1.16,2333070
1.16,2330985
1.18,2323252
1.18,2312759
1.19,2306078
1.2,2295739
1.25,2293058
1.26,2281272
1.27,2252981
1.27,2252512
1.29,2232069
1.3,2216542
1.31,2198533
1.33,2183084
1.35,2174187
1.4,2167294
1.4,2152027
1.4,2147351
1.43,2132643
1.44,2130225
1.5,2089586
1.51,2088561
1.51,2084157
1.53,2062746
1.53,2012508
1.55,2006105
1.59,2001916
1.67,2000732
1.68,1999970
1.68,1996031
1.69,1994974
1.69,1984903
1.7,1980308
1.72,1971445
1.75,1970474
1.76,1918592
1.81,1917878
1.83,1914990
1.84,1911032
1.86,1910288
1.87,1898906
1.88,1888449
1.89,1879542
1.9,1868872
1.92,1863741
1.93,1846906
1.94,1846824
1.98,1843244
1.98,1841760
2,1832956
2.03,1829636
2.09,1829104
2.15,1824267
2.22,1821440
2.26,1819609
2.26,1818656
2.26,1801689
2.37,1792384
2.38,1791421
2.41,1779225
2.41,1766753
2.42,1765981
2.44,1762003
2.44,1758404
2.45,1754041
2.46,1717572
2.47,1680915
2.56,1677802
2.57,1676401
2.59,1618209
2.61,1615821
2.61,1615427
2.61,1614926
2.61,1594721
2.62,1554919
2.65,1548663
2.67,1547235
2.71,1546172
2.71,1539863
2.77,1538725
2.78,1530481
2.78,1529985
2.8,1521741
2.82,1520775
2.84,1516882
2.88,1513083
2.88,1502330
2.95,1500902
2.97,1499296
2.99,1488811
3.03,1468089
3.05,1446871
3.09,1433608
3.1,1431160
3.13,1424291
3.14,1423659
3.14,1419653
3.15,1396589
3.19,1396507
3.2,1384492
3.23,1384139
3.24,1376426
3.25,1374362
3.27,1370026
3.28,1367322
3.31,1367071
3.34,1366689
3.34,1363985
3.38,1348587
3.39,1347417
3.42,1337027
3.46,1332671
3.53,1331984
3.55,1328569
3.59,1325829
3.59,1304739
3.71,1300060
3.85,1300004
3.95,1294698
4.01,1261470
4.06,1254351
4.16,1251496
4.18,1230691
4.38,1230092
4.38,1226857
4.44,1226088
4.46,1225060
4.5,1224280
4.54,1214450
4.61,1213630
4.62,1200571
4.64,1200464
4.69,1197617
4.7,1196534
4.77,1196513
4.79,1193526
4.81,1191745
4.91,1185719
4.99,1185026
5,1172964
5.06,1172524
5.06,1172481
5.09,1172080
5.09,1171871
5.09,1164034
5.15,1154248
5.18,1149516
5.29,1142575
5.36,1140574
5.37,1140413
5.43,1135914
5.48,1130078
5.6,1128631
5.65,1127670
5.67,1122704
5.76,1122592
5.77,1120756
5.82,1117653
5.83,1116484
5.86,1116407
5.92,1112891
5.96,1111765
5.99,1110171
6,1109765
6.03,1109051
6.04,1106745
6.06,1104238
6.06,1103560
6.26,1089051
6.26,1087939
6.35,1085575
6.4,1072375
6.52,1067379
6.58,1065868
6.6,1064793
6.66,1063763
6.67,1063648
6.68,1062859
6.79,1058543
6.86,1056764
7.23,1056096
7.33,1054276
7.48,1051993
7.51,1049556
7.57,1041562
7.69,1040266
7.96,1032731
8.02,1030436
8.1,1030161
8.16,1029078
8.27,1027804
8.32,1025153
8.64,1024482
8.72,1024209
8.73,1023874
8.78,1021814
8.99,1016110
8.99,1016104
9.05,1014693
9.1,1014078
9.19,1010638
9.37,992925
9.45,992054
9.5,991036
9.56,986611
9.7,975776
9.85,974786
9.87,973818
9.91,973612
9.94,973540
10.08,973508
10.09,973346
10.13,973261
10.16,969073
10.43,968235
10.44,962118
10.59,956391
10.66,956340
10.75,954072
10.85,951622
11.1,951003
11.15,950995
11.17,949699
11.31,948549
11.4,947076
11.43,943473
11.53,942913
11.59,942387
11.61,942258
11.73,940077
11.74,939844
11.78,938218
11.87,936709
12.14,933975
12.15,933894
12.33,931443
12.46,931323
12.46,928847
12.51,926037
12.51,925997
12.6,924724
12.61,924470
12.64,920884
12.87,920877
12.93,918804
12.94,918458
12.97,918256
12.97,917148
13.38,914514
13.45,914189
13.5,913385
13.69,912422
13.72,910154
13.8,909020
13.83,908137
13.87,907222
13.98,904516
14.26,904509
14.35,902635
14.58,901789
15.22,901705
15.41,901633
15.89,898076
15.97,897519
16.25,897438
16.65,897431
16.79,895113
16.81,894023
17.73,888679
17.81,888319
17.83,887474
17.92,883600
18.23,883360
18.4,882562
19.1,882398
19.18,880730
