0.14,8907025
0.53,8348897
0.7,8268408
0.76,7810497
0.77,7538993
0.79,7092363
0.84,7005303
0.88,6438856
0.9,6359532
0.92,5847717
0.94,5108248
0.97,4299803
0.99,3877658
1.05,3402876
1.07,3269538
1.1,2975899
1.11,2829783
1.13,2701290
1.14,2489129
1.16,2329529
1.18,2254723
1.19,2164409
1.2,2118829
1.2,1968592
1.27,1949173
1.28,1893543
1.3,1881457
1.33,1877193
1.34,1836903
1.35,1820789
1.36,1733562
1.38,1721137
1.4,1712877
1.43,1699908
1.45,1688073
1.46,1676085
1.53,1666176
1.54,1652597
1.55,1651310
1.56,1637954
1.58,1629278
1.59,1616075
1.6,1614592
1.63,1609889
1.66,1607204
1.69,1593054
1.7,1592185
1.71,1589273
1.74,1581739
1.78,1581532
1.79,1576303
1.84,1576061
1.85,1575539
1.89,1574333
1.91,1573875
1.93,1567446
1.94,1563220
1.95,1563078
1.96,1562629
2.05,1562454
2.06,1559533
2.07,1559357
2.09,1553717
2.18,1553478
