0.03,9812537
0.03,9610755
0.04,9603167
0.05,9545660
0.05,9500947
0.09,9381444
0.11,9369685
0.13,9302454
0.13,9089618
0.15,9072927
0.15,9048024
0.15,8931202
0.16,8831484
0.16,8783670
0.18,8767950
0.2,8716397
0.2,8698622
0.2,8690038
0.2,8594373
0.2,8574810
0.21,8571087
0.21,8490975
0.21,8311703
0.24,8289007
0.25,8031843
0.25,8031524
0.26,7965995
0.26,7896732
0.27,7894628
0.27,7835605
0.27,7792471
0.28,7782766
0.29,7748291
0.42,7690803
0.43,7672943
0.43,7606078
0.46,7517086
0.46,7498003
0.48,7480634
0.48,7453265
0.5,7395851
0.5,7374293
0.51,7343476
0.52,7324387
0.53,7253208
0.53,7252851
0.53,7223593
0.54,7188838
0.54,7151748
0.54,7110833
0.55,7028703
0.55,7011406
0.55,6971214
0.56,6929332
0.56,6915229
0.57,6886539
0.58,6818481
0.59,6761698
0.59,6721438
0.63,6711842
0.64,6598480
0.68,6539448
0.69,6504118
0.69,6502438
0.71,6500008
0.72,6496217
0.72,6448084
0.72,6428747
0.73,6424809
0.73,6418503
0.75,6405483
0.76,6379790
0.77,6248557
0.79,6079147
0.83,5970771
0.83,5942642
0.85,5919226
0.85,5917238
0.89,5900182
0.89,5877937
0.9,5869450
0.9,5846806
0.91,5839313
0.92,5827158
0.93,5803884
0.93,5794059
0.94,5757531
0.94,5723753
0.95,5703220
0.96,5681693
0.96,5619157
0.97,5583950
0.98,5546836
0.99,5539928
1,5499805
1,5405783
1.01,5316776
1.03,5273442
1.3,5260174
1.31,5255008
1.32,5197604
1.36,5169267
1.43,5168018
1.48,5124319
1.56,5072363
1.62,5021384
1.66,4955328
1.66,4920183
1.67,4898123
1.69,4876344
1.72,4868117
1.76,4856336
1.77,4820442
1.81,4761868
1.85,4761017
1.86,4757779
1.87,4745973
1.87,4732805
1.89,4722751
1.9,4641609
1.9,4567443
1.9,4521687
1.9,4516971
1.92,4515341
1.93,4447468
1.93,4392017
1.98,4378482
1.98,4376774
1.99,4315886
2.02,4302217
2.05,4294624
2.06,4292499
2.07,4252461
2.08,4222620
2.15,4163999
2.15,4159283
2.18,4148154
2.23,4085114
2.27,4083981
2.27,4069278
2.27,4051870
2.28,4009979
2.28,4008121
2.31,3998150
2.31,3997866
2.33,3993397
2.33,3990589
2.35,3968296
2.4,3966029
2.46,3962460
2.51,3961691
2.54,3961224
2.55,3926673
2.56,3923781
2.58,3907830
2.61,3883598
2.63,3882758
2.64,3878866
2.67,3877499
2.76,3864230
2.77,3821281
2.77,3777154
2.79,3733682
2.81,3731824
2.83,3725663
2.83,3720258
2.85,3715539
2.85,3710502
2.86,3706627
2.9,3706340
2.9,3689003
2.91,3680280
2.92,3520246
2.93,3519091
2.95,3479679
2.97,3440712
3.04,3424637
3.08,3399007
3.16,3398640
3.17,3396918
3.18,3391057
3.18,3338022
3.21,3292283
3.24,3284656
3.24,3260486
3.28,3256560
3.29,3241566
3.31,3209832
3.32,3209781
3.32,3206460
3.33,3205679
3.33,3196193
3.34,3195052
3.35,3094257
3.39,3092932
3.41,3029219
3.55,2997209
3.55,2994569
3.56,2975720
3.56,2974438
3.58,2973234
3.59,2969087
3.64,2952772
3.75,2951410
3.76,2949996
3.78,2947026
3.79,2944765
3.79,2911547
3.85,2909169
3.85,2906691
3.86,2867077
3.88,2866988
3.89,2854704
3.91,2774196
3.93,2771818
3.96,2769353
3.97,2752949
4,2697934
4.03,2689714
4.06,2666030
4.08,2655196
4.12,2649771
4.13,2645033
4.14,2601340
4.18,2599624
4.22,2588226
4.24,2586800
4.24,2582778
4.31,2579105
4.31,2576633
4.33,2575451
4.36,2531130
4.5,2530608
4.51,2530546
4.51,2526597
4.52,2511982
4.54,2506474
4.56,2486904
4.6,2481479
4.64,2480477
4.65,2475203
4.65,2446674
4.66,2438237
4.66,2420279
4.67,2417513
4.7,2402785
4.71,2395891
4.74,2391431
4.74,2390177
4.76,2385819
4.79,2376956
4.82,2277886
4.85,2235138
4.85,2235084
4.88,2216586
4.88,2200951
4.9,2199238
4.9,2198409
4.91,2193402
4.92,2192462
4.94,2190363
4.95,2189206
5.01,2171812
5.06,2156527
5.08,2155797
5.1,2153375
5.12,2152350
5.12,2152075
5.16,2148456
5.17,2141164
5.2,2131316
5.21,2112625
5.22,2089689
5.27,2077978
5.43,2075539
5.5,2074556
5.5,2066521
5.5,2066232
5.52,2065648
5.55,2062537
5.55,2061916
5.59,2056610
5.6,2055331
5.61,2055138
5.61,2053946
5.62,2053792
5.63,2049900
5.64,2041068
5.65,2039830
5.66,2039720
5.67,2035513
5.68,2030170
5.69,2029937
5.72,2025846
5.75,2015696
5.76,2013264
5.76,2001483
5.87,1998457
5.89,1998322
5.91,1991255
5.93,1973286
5.95,1964657
5.98,1906926
6,1899072
6.09,1891031
6.1,1871927
6.14,1865988
6.15,1864344
6.25,1864240
6.26,1856741
6.38,1855876
6.42,1852390
6.5,1822634
6.56,1821441
6.56,1813317
6.59,1801855
6.66,1800412
6.69,1787515
6.72,1785826
6.74,1785065
6.75,1783522
6.76,1782059
6.77,1781073
6.82,1779468
6.9,1753021
7,1703893
7.06,1703653
7.08,1702360
7.09,1700320
7.19,1697634
7.2,1693588
7.25,1692900
7.29,1692838
7.31,1689016
7.32,1682774
7.37,1678150
7.39,1675268
7.43,1669468
7.64,1660694
7.69,1651544
7.75,1649678
7.76,1648203
7.78,1648027
7.8,1643569
7.85,1639457
7.87,1636284
7.91,1635660
7.98,1623544
8.03,1608588
8.06,1590078
8.16,1585352
8.17,1582284
8.23,1576406
8.27,1575038
8.29,1575026
8.4,1572706
8.41,1572564
8.44,1553854
8.44,1552797
8.48,1549227
8.48,1548140
8.5,1547930
8.55,1543645
8.62,1541865
8.63,1539182
8.92,1538997
9.03,1538506
9.22,1537632
9.34,1536303
9.43,1527966
9.45,1525309
9.48,1523324
9.51,1491891
9.61,1488781
9.64,1487378
9.73,1487339
9.86,1486382
9.91,1482776
9.94,1482332
9.98,1480900
10.05,1479271
10.41,1475587
10.48,1473768
10.51,1471014
10.62,1470809
10.98,1470780
11.19,1468779
11.29,1463658
11.68,1462641
12.01,1460438
12.13,1454362
12.66,1453990
12.72,1452311
13,1452181
13.09,1449149
13.5,1443099
13.73,1437500
13.99,1435857
14.05,1435515
14.08,1434829
14.17,1433005
14.26,1428116
14.27,1428043
14.4,1427777
14.51,1427303
14.51,1427234
14.62,1423013
14.7,1421368
14.83,1414156
14.87,1414055
14.92,1412951
14.94,1412828
15.18,1405476
15.33,1404911
15.6,1401197
15.6,1401017
15.68,1398682
15.71,1397864
15.83,1395607
16.12,1395418
16.28,1394446
16.43,1393821
16.5,1393572
16.52,1391719
16.7,1389475
16.84,1389285
16.89,1388873
17.28,1388503
17.61,1388420
17.62,1388027
17.82,1370428
17.89,1369804
17.96,1367584
18.15,1364772
18.31,1358847
18.47,1358841
18.68,1358154
18.8,1349035
18.83,1347929
18.98,1347559
19.36,1347369
19.37,1343577
19.39,1342915
19.77,1339158
19.78,1335619
19.93,1335517
19.98,1335147
0.02,9812537
0.03,9610755
0.03,9603167
0.04,9545660
0.04,9500947
0.05,9381444
0.06,9369685
0.06,9302454
0.06,9089618
0.07,9072927
0.07,9048024
0.07,8931202
0.08,8831484
0.08,8783670
0.1,8767950
0.1,8716397
0.1,8698622
0.11,8690038
0.11,8594373
0.11,8574810
0.11,8571087
0.12,8490975
0.12,8311703
0.14,8289007
0.14,8031843
0.14,8031524
0.15,7965995
0.15,7896732
0.15,7894628
0.16,7835605
0.16,7792471
0.16,7782766
0.17,7748291
0.19,7690803
0.19,7672943
0.2,7606078
0.21,7517086
0.22,7498003
0.23,7480634
0.23,7453265
0.25,7395851
0.25,7374293
0.25,7343476
0.27,7324387
0.27,7253208
0.27,7252851
0.28,7223593
0.28,7188838
0.28,7151748
0.29,7110833
0.29,7028703
0.29,7011406
0.3,6971214
0.3,6929332
0.3,6915229
0.31,6886539
0.33,6818481
0.33,6761698
0.33,6721438
0.36,6711842
0.37,6598480
0.41,6539448
0.42,6504118
0.42,6502438
0.44,6500008
0.44,6496217
0.45,6448084
0.45,6428747
0.46,6424809
0.46,6418503
0.49,6405483
0.49,6379790
0.5,6248557
0.52,6079147
0.55,5970771
0.56,5942642
0.57,5919226
0.58,5917238
0.62,5900182
0.62,5877937
0.63,5869450
0.63,5846806
0.64,5839313
0.65,5827158
0.65,5803884
0.66,5794059
0.67,5757531
0.67,5723753
0.68,5703220
0.69,5681693
0.69,5619157
0.7,5583950
0.71,5546836
0.71,5539928
0.72,5499805
0.72,5405783
0.73,5316776
0.75,5273442
0.78,5260174
0.78,5255008
0.79,5197604
0.79,5169267
0.8,5168018
0.81,5124319
0.83,5072363
0.87,5021384
0.88,4955328
0.88,4920183
0.89,4898123
0.9,4876344
0.92,4868117
0.95,4856336
0.96,4820442
0.99,4761868
1.03,4761017
1.03,4757779
1.04,4745973
1.04,4732805
1.06,4722751
1.07,4641609
1.07,4567443
1.08,4521687
1.08,4516971
1.1,4515341
1.11,4447468
1.11,4392017
1.16,4378482
1.16,4376774
1.17,4315886
1.19,4302217
1.22,4294624
1.24,4292499
1.24,4252461
1.26,4222620
1.33,4163999
1.34,4159283
1.37,4148154
1.42,4085114
1.47,4083981
1.47,4069278
1.47,4051870
1.47,4009979
1.48,4008121
1.51,3998150
1.51,3997866
1.53,3993397
1.53,3990589
1.56,3968296
1.62,3966029
1.68,3962460
1.75,3961691
1.78,3961224
1.8,3926673
1.82,3923781
1.84,3907830
1.89,3883598
1.91,3882758
1.92,3878866
1.95,3877499
2.04,3864230
2.05,3821281
2.06,3777154
2.09,3733682
2.11,3731824
2.13,3725663
2.13,3720258
2.15,3715539
2.15,3710502
2.16,3706627
2.21,3706340
2.21,3689003
2.22,3680280
2.23,3520246
2.24,3519091
2.26,3479679
2.28,3440712
2.34,3424637
2.39,3399007
2.46,3398640
2.46,3396918
2.48,3391057
2.48,3338022
2.51,3292283
2.54,3284656
2.54,3260486
2.59,3256560
2.6,3241566
2.62,3209832
2.63,3209781
2.63,3206460
2.64,3205679
2.65,3196193
2.66,3195052
2.67,3094257
2.71,3092932
2.74,3029219
2.88,2997209
2.88,2994569
2.89,2975720
2.89,2974438
2.91,2973234
2.93,2969087
2.98,2952772
3.11,2951410
3.12,2949996
3.14,2947026
3.15,2944765
3.15,2911547
3.2,2909169
3.21,2906691
3.22,2867077
3.24,2866988
3.24,2854704
3.26,2774196
3.29,2771818
3.32,2769353
3.33,2752949
3.36,2697934
3.39,2689714
3.42,2666030
3.44,2655196
3.48,2649771
3.5,2645033
3.5,2601340
3.54,2599624
3.58,2588226
3.6,2586800
3.6,2582778
3.68,2579105
3.68,2576633
3.7,2575451
3.73,2531130
3.87,2530608
3.87,2530546
3.88,2526597
3.88,2511982
3.9,2506474
3.93,2486904
3.97,2481479
4.01,2480477
4.02,2475203
4.02,2446674
4.03,2438237
4.04,2420279
4.05,2417513
4.08,2402785
4.1,2395891
4.13,2391431
4.13,2390177
4.17,2385819
4.2,2376956
4.25,2277886
4.27,2235138
4.28,2235084
4.32,2216586
4.32,2200951
4.34,2199238
4.34,2198409
4.35,2193402
4.36,2192462
4.39,2190363
4.4,2189206
4.47,2171812
4.53,2156527
4.55,2155797
4.58,2153375
4.6,2152350
4.61,2152075
4.66,2148456
4.68,2141164
4.71,2131316
4.72,2112625
4.74,2089689
4.79,2077978
4.99,2075539
5.06,2074556
5.06,2066521
5.07,2066232
5.08,2065648
5.11,2062537
5.12,2061916
5.15,2056610
5.16,2055331
5.17,2055138
5.18,2053946
5.18,2053792
5.2,2049900
5.2,2041068
5.22,2039830
5.22,2039720
5.23,2035513
5.24,2030170
5.25,2029937
5.28,2025846
5.31,2015696
5.32,2013264
5.33,2001483
5.44,1998457
5.46,1998322
5.49,1991255
5.51,1973286
5.54,1964657
5.57,1906926
5.6,1899072
5.7,1891031
5.71,1871927
5.76,1865988
5.77,1864344
5.88,1864240
5.88,1856741
6.02,1855876
6.07,1852390
6.15,1822634
6.21,1821441
6.22,1813317
6.25,1801855
6.33,1800412
6.36,1787515
6.4,1785826
6.42,1785065
6.42,1783522
6.44,1782059
6.45,1781073
6.5,1779468
6.59,1753021
6.69,1703893
6.75,1703653
6.77,1702360
6.78,1700320
6.89,1697634
6.89,1693588
6.95,1692900
7,1692838
7.02,1689016
7.03,1682774
7.08,1678150
7.1,1675268
7.14,1669468
7.37,1660694
7.42,1651544
7.48,1649678
7.49,1648203
7.51,1648027
7.53,1643569
7.59,1639457
7.61,1636284
7.66,1635660
7.74,1623544
7.79,1608588
7.83,1590078
7.94,1585352
7.96,1582284
8.02,1576406
8.06,1575038
8.08,1575026
8.16,1572706
8.17,1572564
8.2,1553854
8.2,1552797
8.23,1549227
8.23,1548140
8.25,1547930
8.3,1543645
8.36,1541865
8.37,1539182
8.49,1538997
8.61,1538506
8.76,1537632
8.8,1536303
8.9,1527966
8.92,1525309
8.94,1523324
8.97,1491891
9.08,1488781
9.11,1487378
9.16,1487339
9.31,1486382
9.37,1482776
9.41,1482332
9.46,1480900
9.54,1479271
9.83,1475587
9.9,1473768
9.93,1471014
10.05,1470809
10.16,1470780
10.27,1468779
10.33,1463658
10.48,1462641
10.67,1460438
10.74,1454362
11.08,1453990
11.11,1452311
11.32,1452181
11.37,1449149
11.75,1443099
11.96,1437500
12.13,1435857
12.18,1435515
12.21,1434829
12.31,1433005
12.42,1428116
12.43,1428043
12.57,1427777
12.68,1427303
12.68,1427234
12.8,1423013
12.87,1421368
12.99,1414156
13.03,1414055
13.09,1412951
13.1,1412828
13.36,1405476
13.53,1404911
13.83,1401197
13.84,1401017
13.91,1398682
13.95,1397864
14.06,1395607
14.33,1395418
14.47,1394446
14.59,1393821
14.66,1393572
14.67,1391719
14.83,1389475
14.95,1389285
15,1388873
15.4,1388503
15.69,1388420
15.71,1388027
15.9,1370428
15.97,1369804
16.04,1367584
16.23,1364772
16.38,1358847
16.55,1358841
16.75,1358154
16.87,1349035
16.9,1347929
17.03,1347559
17.38,1347369
17.38,1343577
17.4,1342915
17.76,1339158
17.76,1335619
17.9,1335517
17.95,1335147
18.23,1335036
18.37,1334564
18.97,1334514
19,1334045
19.12,1333542
19.2,1333438
19.75,1333358
