0,9812537
0,9655335
0,9572055
0,9571844
0,9554472
0,9554337
0.01,9549554
0.01,9549201
0.01,9516384
0.01,9495206
0.01,9488103
0.01,9487892
0.01,9478365
0.01,9478230
0.02,9477614
0.02,9477479
0.02,9468929
0.02,9468918
0.02,9463812
0.03,9463459
0.05,9435825
0.05,9435614
0.05,9426087
0.05,9425952
0.06,9417402
0.06,9417391
0.06,9412285
0.06,9411932
0.09,9401998
0.09,9366860
0.09,9317519
0.09,9317308
0.09,9299936
0.09,9299801
0.09,9295018
0.09,9294665
0.09,9263047
0.1,9240670
0.1,9233567
0.1,9233356
0.1,9223829
0.1,9223694
0.14,9219839
0.15,9219828
0.16,9219492
0.17,9219353
0.46,9192020
0.55,9184579
0.71,9179267
0.97,9178799
0.98,9178457
1.56,9178162
1.98,9173710
1.99,9172176
2.02,9171708
2.02,9171366
2.22,9169191
2.32,9168496
3.39,9161433
3.39,9161298
3.39,9157443
3.39,9157432
3.39,9157096
3.39,9156957
3.4,9129624
3.4,9122183
3.4,9120649
3.41,9120181
3.41,9119839
3.46,9117664
3.47,9116969
7.64,9100266
7.64,9100183
7.64,9099887
7.64,9050546
7.64,9050335
7.64,9032963
7.64,9032828
7.65,9028045
7.65,9027692
7.66,8996453
7.66,8996266
7.66,8973697
7.66,8966594
7.66,8966383
7.67,8956856
7.68,8956721
7.78,8952866
7.82,8952519
7.85,8952380
8.55,8925047
8.74,8917606
22.94,8907379
22.94,8907112
22.94,8906971
22.95,8901041
23.42,8900538
24.5,8895801
54.17,8895670
54.18,8895403
54.18,8895262
54.18,8889332
59.19,8888823
219.73,8886046
219.86,8885537
221.47,8884486
223.17,8881320
223.2,8880811
352.65,8878590
352.66,8878243
352.66,8878104
352.75,8850771
352.78,8843330
354.51,8833103
354.51,8832836
354.51,8832695
354.51,8826765
354.54,8826262
354.7,8821525
359.03,8821394
359.03,8821127
359.03,8820986
359.03,8815056
360.05,8814547
379.62,8813953
379.91,8812902
380.13,8809736
380.14,8809227
