0.05,9909639
0.12,9586765
0.35,9232139
0.53,8758265
0.61,8500641
0.69,7350472
0.73,7166828
0.77,6406826
0.8,6296030
0.83,5735257
0.84,5341979
0.88,4560241
0.9,4511162
0.9,4084525
0.92,4079820
0.95,3738910
0.95,3440404
0.96,3279108
0.99,2936421
1,2907665
1.02,2888647
1.03,2622652
1.05,2611425
1.06,2352044
1.06,2335158
1.08,2127905
1.1,2097593
1.11,2065487
1.13,2018910
1.15,1970743
1.17,1958983
1.18,1895198
1.21,1870266
1.22,1834325
1.27,1818563
1.28,1815662
1.28,1743270
1.29,1725532
1.31,1701934
1.32,1688881
1.33,1667294
1.36,1656776
1.38,1627393
1.38,1584786
1.4,1580055
1.41,1566663
1.43,1562251
1.44,1556819
1.44,1548077
1.46,1539798
1.48,1536378
1.49,1529178
1.49,1528596
1.5,1509614
1.51,1503263
1.53,1497055
1.54,1495303
1.55,1491684
1.56,1491236
1.56,1488946
1.57,1479098
1.58,1476827
1.61,1476648
1.63,1476566
1.66,1474560
1.66,1473497
1.67,1473325
1.68,1468461
1.71,1466589
1.72,1466257
1.74,1464083
1.76,1464044
1.79,1463648
1.8,1462107
1.81,1461471
1.83,1460221
1.85,1460179
1.85,1459931
1.88,1458339
1.94,1455596
1.97,1455168
2.02,1453330
2.63,1453279
