0.04,10342936
0.06,10167454
0.08,10087435
0.16,10033564
0.21,9697539
0.32,9329572
0.44,9030074
1.05,8212486
1.25,8037602
1.35,7279427
1.46,6878862
1.55,5805025
1.63,5450707
1.67,5199453
1.68,4989419
1.7,4295397
1.73,4162304
1.77,3818009
1.81,3679620
1.86,3168404
1.87,3104000
1.9,2796842
1.93,2783200
1.94,2364740
1.97,2358644
2.01,2231140
2.03,2101623
2.04,2031802
2.09,2024583
2.11,2003772
2.14,1951484
2.21,1942733
2.26,1935548
2.27,1882270
2.32,1879119
2.33,1859102
2.37,1839168
2.39,1820086
2.4,1812078
2.41,1809438
2.43,1783597
2.44,1760005
2.47,1748884
2.48,1740388
2.5,1728081
2.51,1722827
2.56,1692090
2.57,1682478
2.6,1680052
2.66,1660127
2.68,1658639
2.7,1657480
2.71,1654908
2.74,1648562
2.78,1642434
2.8,1640051
2.83,1637284
2.85,1634667
2.87,1634505
2.9,1633699
2.91,1630984
2.95,1629867
2.97,1629784
3,1629170
3.01,1618845
3.05,1618433
3.07,1618422
3.08,1618221
3.1,1614483
3.11,1611399
3.12,1608745
3.15,1607632
3.19,1607487
3.21,1605493
3.22,1605292
3.24,1594733
3.25,1594397
3.32,1593925
3.43,1593350
3.55,1593107
3.77,1592993
4.16,1592095
4.25,1590021
4.39,1588348
4.67,1587610
