0.04,10167617
0.08,9553490
0.1,9348845
0.28,9271004
0.52,9081085
0.55,8845948
0.55,7741679
0.64,7565778
0.77,7366711
0.78,7068862
0.79,6763065
0.81,6475288
0.81,5653254
0.86,4867501
0.92,4538815
0.94,4298672
0.95,3856020
0.96,3553766
0.98,3198381
1.04,2883909
1.04,2720511
1.06,2504106
1.07,2343838
1.08,2272238
1.09,2199264
1.15,2124350
1.16,2101669
1.19,2088141
1.21,2081225
1.22,2024255
1.23,2001648
1.27,1980108
1.27,1928872
1.28,1924501
1.29,1848916
1.3,1830219
1.31,1819882
1.32,1805019
1.36,1793818
1.37,1783528
1.38,1770242
1.38,1744765
1.42,1739977
1.44,1732746
1.44,1732600
1.46,1728276
1.47,1720838
1.48,1719734
1.49,1708469
1.49,1706118
1.51,1701751
1.52,1697308
1.53,1694318
1.54,1692784
1.55,1692625
1.56,1692383
1.61,1690899
1.62,1688594
1.63,1685613
1.64,1675739
1.65,1675540
1.66,1675427
1.67,1673935
1.68,1672954
1.69,1665331
1.7,1663815
1.72,1659798
1.73,1659259
1.73,1658958
1.76,1658465
1.77,1658311
1.8,1650081
1.83,1649600
1.84,1648137
1.88,1647932
1.89,1645975
1.93,1645860
1.94,1645803
2.03,1645764
2.14,1645554
2.17,1644667
2.23,1643249
2.27,1643152
3.02,1643010
