0.01,10135869
0.03,9851547
0.06,9444804
0.36,9174050
0.42,9168728
0.51,9153899
0.51,8524656
0.65,8419351
0.69,7967452
0.74,7547197
0.75,6805542
0.79,6569088
0.83,6415790
0.84,5630235
0.85,5362314
0.86,5358729
0.88,5181195
0.9,4519927
0.9,4373864
0.93,4267275
0.94,3869116
0.95,3729456
0.96,3562131
0.98,3112734
1.01,3091767
1.02,2930734
1.03,2904375
1.04,2610183
1.05,2452250
1.1,2442871
1.11,2311465
1.12,2281310
1.14,2192255
1.16,2119743
1.18,2106335
1.18,2023730
1.19,2001156
1.21,1958122
1.22,1955407
1.23,1903982
1.28,1897153
1.28,1890925
1.3,1881484
1.32,1876457
1.33,1863551
1.34,1842535
1.34,1806225
1.35,1800637
1.38,1782539
1.4,1776977
1.42,1767478
1.43,1763952
1.44,1760925
1.44,1754041
1.45,1747771
1.46,1744855
1.5,1738253
1.5,1732133
1.51,1715150
1.52,1714889
1.53,1714234
1.54,1710645
1.55,1706151
1.56,1702336
1.57,1700809
1.57,1694872
1.58,1692547
1.62,1690459
1.62,1689808
1.63,1679108
1.65,1657522
1.66,1657459
1.67,1650758
1.67,1645386
1.68,1644431
1.7,1622518
1.71,1619111
1.72,1614710
1.73,1608351
1.74,1603353
1.8,1601080
1.81,1600826
1.85,1600409
1.86,1589850
1.89,1589520
1.91,1589378
1.93,1589237
1.97,1588728
1.98,1584991
2.05,1584726
2.06,1584438
2.13,1584387
2.15,1583184
2.34,1582970
