0.02,9737983
0.05,9493686
0.06,9262159
0.11,9158466
0.55,9104881
0.58,8414465
0.63,8125155
0.71,8098359
0.72,7417188
0.73,7150625
0.75,6975022
0.76,6708896
0.79,5534970
0.82,5352154
0.83,5091176
0.85,4564193
0.87,4423746
0.89,4011800
0.9,3518274
0.93,3338954
0.96,3194275
0.97,2877787
1,2575069
1,2510113
1.02,2190790
1.05,2172037
1.06,2169330
1.08,2137545
1.1,2122438
1.11,2097583
1.13,2025511
1.14,1941041
1.14,1909132
1.17,1898780
1.22,1892878
1.23,1872669
1.24,1841705
1.25,1830035
1.26,1812869
1.27,1809858
1.28,1778206
1.29,1759057
1.29,1736067
1.3,1726494
1.31,1724059
1.32,1722360
1.33,1710676
1.34,1708120
1.36,1703811
1.37,1691634
1.38,1680825
1.39,1670757
1.42,1660735
1.44,1658049
1.45,1655196
1.45,1651442
1.47,1651009
1.48,1648499
1.49,1639476
1.5,1639312
1.51,1627742
1.53,1623408
1.54,1621786
1.54,1620665
1.55,1619891
1.62,1616646
1.63,1616526
1.64,1611152
1.66,1610951
1.67,1610062
1.69,1607141
1.7,1606928
1.73,1604962
1.77,1604605
1.78,1604400
1.79,1597907
1.85,1597856
1.89,1589171
2.67,1588917
