0.02,9752277
0.14,9700209
0.17,9697275
0.23,9563674
0.31,9212446
0.58,8980284
0.64,8214340
0.71,7838710
0.75,7595451
0.79,7494281
0.79,6762566
0.8,6656965
0.81,6620576
0.83,6290105
0.84,6251968
0.85,6181558
0.86,5436453
0.89,5081444
0.9,4995619
0.91,4065147
0.95,3882659
0.96,3835890
0.98,3554424
0.99,3391267
1.01,3040290
1.03,2701990
1.07,2680807
1.08,2667109
1.09,2615326
1.11,2428297
1.12,2391424
1.13,2344695
1.16,2277647
1.17,2235526
1.18,2187923
1.18,2147908
1.19,2099164
1.2,2090009
1.21,2087577
1.22,2053888
1.23,2018771
1.25,2003752
1.26,1993226
1.27,1969783
1.28,1932064
1.31,1915804
1.32,1914806
1.34,1881342
1.35,1871557
1.36,1869638
1.36,1865423
1.37,1848506
1.39,1839447
1.41,1838706
1.41,1836677
1.42,1830510
1.43,1823219
1.44,1815441
1.45,1807579
1.46,1777323
1.47,1758826
1.49,1749412
1.5,1739736
1.51,1722368
1.52,1721918
1.52,1721089
1.54,1718401
1.55,1706585
1.56,1704532
1.58,1703167
1.59,1684478
1.6,1681703
1.61,1669330
1.61,1663295
1.62,1654068
1.63,1652049
1.66,1650990
1.69,1650942
1.74,1650382
1.76,1650317
1.8,1649363
1.81,1649190
1.82,1645595
1.86,1645591
1.86,1643585
1.91,1643372
1.93,1642164
1.97,1641023
1.98,1640453
2.08,1640383
2.29,1639561
2.35,1638400
2.36,1633245
2.42,1631247
2.44,1630325
2.44,1612812
