0.02,9812537
0.02,9681036
0.03,9486573
0.03,9467563
0.03,9429371
0.03,9306456
0.03,9190304
0.05,9168902
0.05,9108751
0.06,8931903
0.07,8870758
0.07,8868140
0.08,8740824
0.08,8508579
0.1,8492059
0.11,8451406
0.11,8416914
0.11,8342162
0.12,8285099
0.13,8229462
0.15,8206282
0.16,8203741
0.16,8084627
0.16,7959602
0.17,7893076
0.18,7890907
0.18,7881115
0.19,7879478
0.19,7825199
0.19,7788887
0.2,7784289
0.21,7755018
0.21,7743810
0.23,7710338
0.25,7477927
0.25,7415387
0.25,7387300
0.25,7372901
0.27,7369308
0.27,7353280
0.28,7343299
0.28,7122060
0.29,7117354
0.29,7052338
0.31,6920902
0.31,6692275
0.31,6647143
0.32,6640782
0.32,6637063
0.32,6625182
0.32,6621025
0.33,6564082
0.35,6450564
0.35,6438943
0.36,6437739
0.36,6410778
0.37,6406595
0.38,6341788
0.38,6281523
0.39,6281418
0.4,6258352
0.41,6210480
0.43,6203686
0.44,6201101
0.44,6195206
0.44,6028812
0.47,5953179
0.48,5875431
0.49,5802372
0.5,5786121
0.51,5780423
0.53,5780216
0.54,5779102
0.54,5605066
0.55,5581731
0.56,5569493
0.56,5481299
0.57,5478366
0.58,5397027
0.61,5396819
0.62,5366951
0.63,5309817
0.63,5208180
0.64,5188006
0.65,5100900
0.67,5087981
0.67,5065726
0.7,4926933
0.72,4925559
0.72,4797128
0.72,4796559
0.73,4740459
0.73,4703032
0.75,4676341
0.77,4673872
0.77,4639333
0.79,4586308
0.79,4576031
0.79,4573112
0.82,4563309
0.83,4558430
0.83,4555816
0.84,4545533
0.85,4527222
0.85,4521237
0.85,4518250
0.85,4505109
0.86,4503872
0.86,4501659
0.88,4499262
0.89,4495477
0.91,4426159
0.93,4416351
0.94,4387253
0.95,4362218
0.96,4323582
0.96,4315138
0.97,4296175
0.98,4286511
0.99,4282908
1,4264253
1.01,4247601
1.05,4247428
1.06,4182543
1.06,4181900
1.08,4094831
1.1,4037370
1.1,4015659
1.11,3920076
1.13,3911542
1.17,3899112
1.2,3871908
1.22,3805801
1.23,3775025
1.3,3768130
1.33,3673033
1.38,3672219
1.39,3671513
1.4,3670246
1.4,3646608
1.41,3620832
1.44,3607646
1.46,3595883
1.5,3589951
1.51,3576263
1.55,3571871
1.57,3571801
1.57,3542528
1.61,3489351
1.62,3487838
1.64,3459935
1.65,3457527
1.65,3456745
1.68,3428555
1.7,3421657
1.72,3396851
1.73,3394160
1.73,3383200
1.75,3342094
1.78,3341710
1.78,3339955
1.79,3339953
1.79,3338992
1.81,3333501
1.82,3306645
1.82,3295124
1.85,3283968
1.87,3238905
1.91,3212333
1.93,3208108
1.93,3207239
1.96,3206155
1.98,3203750
1.99,3195559
2,3174954
2.07,3172783
2.08,3170206
2.12,3127498
2.22,3126387
2.26,3125803
2.27,3117396
2.28,3097589
2.36,3054942
2.36,3035163
2.38,2943499
2.4,2940264
2.4,2928417
2.41,2927119
2.41,2927106
2.41,2892322
2.45,2891790
2.46,2884908
2.49,2884046
2.52,2838931
2.52,2804676
2.57,2800139
2.6,2773117
2.64,2769966
2.64,2768541
2.65,2744762
2.65,2728473
2.65,2726045
2.69,2723042
2.72,2681177
2.77,2680442
2.77,2673735
2.78,2670930
2.8,2668104
2.81,2668092
2.82,2667800
2.82,2643385
2.88,2639415
2.9,2634588
2.92,2601117
2.95,2516476
2.98,2506831
3.02,2456013
3.07,2451038
3.11,2449679
3.11,2446578
3.12,2444114
3.14,2435683
3.16,2428715
3.18,2425032
3.22,2420317
3.23,2412474
3.25,2388876
3.3,2385957
3.33,2385183
3.35,2361208
3.37,2348006
3.41,2347727
3.42,2319602
3.42,2314494
3.43,2313870
3.43,2311576
3.44,2287233
3.51,2286933
3.52,2278008
3.57,2253441
3.6,2251661
3.62,2251517
3.63,2248534
3.63,2244796
3.65,2233913
3.67,2233903
3.72,2231184
3.75,2218827
3.78,2218151
3.81,2212914
3.84,2206628
3.85,2205379
3.86,2201856
3.91,2200780
3.92,2188259
3.97,2097005
4,2089667
4.01,2086436
4.04,2078080
4.06,2073239
4.2,2070308
4.21,2046532
4.23,2045740
4.25,2037937
4.29,2037475
4.34,2037209
4.34,2036747
4.35,2036409
4.37,2035686
4.37,2034886
4.37,2028713
4.38,1981249
4.4,1981009
4.42,1959076
4.47,1958614
4.48,1958132
4.62,1954766
4.63,1951444
4.65,1939965
4.7,1934768
4.75,1931523
4.77,1921474
4.82,1910532
4.84,1903844
4.85,1893533
4.9,1893195
4.92,1891649
4.95,1890501
4.96,1882371
5.11,1868075
5.11,1832850
5.17,1830203
5.25,1827996
5.26,1827781
5.26,1827509
5.28,1810672
5.3,1807580
5.31,1807447
5.42,1795845
5.43,1794002
5.44,1792717
5.45,1789542
5.49,1777951
5.56,1777810
5.6,1777330
5.61,1746377
5.63,1746365
5.63,1740809
5.64,1740704
5.67,1739295
5.69,1735239
5.72,1733434
5.85,1732047
5.87,1730982
5.92,1723812
5.98,1723525
5.99,1717794
6.02,1716774
6.06,1710270
6.11,1661366
6.15,1661169
6.16,1660704
6.2,1659117
6.26,1657056
6.32,1653046
6.35,1648196
6.45,1643056
6.48,1635268
6.52,1631575
6.67,1630913
6.68,1612790
6.84,1591829
6.92,1590151
6.93,1579593
6.96,1578043
6.96,1577734
7.01,1577418
7.1,1576025
7.11,1574718
7.35,1570759
7.36,1567765
7.43,1567716
7.44,1567287
7.5,1567055
7.58,1543862
7.67,1543840
7.78,1536250
7.8,1536083
7.84,1535568
7.88,1535306
7.97,1534066
8,1532573
8.21,1529783
8.25,1497685
8.29,1485906
8.4,1485813
8.43,1485621
8.49,1484556
8.5,1468032
8.53,1467495
8.58,1449458
8.6,1447882
8.71,1439919
8.9,1439264
8.95,1439097
8.96,1439080
9.07,1438472
9.08,1435890
9.22,1426212
9.38,1421871
9.42,1420644
9.46,1419934
9.58,1419899
9.64,1418891
9.66,1417506
9.73,1417233
9.77,1416747
9.81,1415702
9.83,1414592
10.08,1413620
10.14,1413390
10.23,1409944
10.4,1409914
10.4,1409206
10.51,1408001
10.66,1407789
10.72,1404252
10.85,1403627
10.96,1396171
10.97,1395546
11.27,1395154
11.49,1395075
11.52,1389386
11.56,1389005
11.74,1378062
11.8,1376387
12.04,1375018
12.09,1364937
12.35,1360539
12.4,1359796
12.48,1358731
12.61,1358429
12.71,1357411
12.72,1357237
13.07,1357082
13.14,1324566
13.28,1323934
13.48,1323780
13.5,1323460
13.81,1323255
14.18,1322645
14.43,1322516
15.51,1322398
15.51,1321046
16.08,1321025
16.09,1318761
16.26,1318748
16.35,1318739
16.39,1318713
16.47,1318552
16.54,1316256
17.02,1315999
17.13,1315783
17.26,1315703
17.3,1315306
17.67,1314756
18.31,1314593
18.51,1314142
18.56,1312032
18.6,1311408
18.6,1309607
18.67,1309455
0.02,9812537
0.03,9681036
0.03,9486573
0.03,9467563
0.04,9429371
0.04,9306456
0.04,9190304
0.05,9168902
0.06,9108751
0.07,8931903
0.08,8870758
0.08,8868140
0.09,8740824
0.1,8508579
0.11,8492059
0.12,8451406
0.13,8416914
0.13,8342162
0.14,8285099
0.15,8229462
0.17,8206282
0.18,8203741
0.18,8084627
0.19,7959602
0.2,7893076
0.21,7890907
0.21,7881115
0.22,7879478
0.22,7825199
0.22,7788887
0.23,7784289
0.24,7755018
0.25,7743810
0.27,7710338
0.29,7477927
0.29,7415387
0.3,7387300
0.3,7372901
0.31,7369308
0.32,7353280
0.32,7343299
0.33,7122060
0.33,7117354
0.34,7052338
0.35,6920902
0.36,6692275
0.36,6647143
0.36,6640782
0.36,6637063
0.37,6625182
0.37,6621025
0.38,6564082
0.4,6450564
0.41,6438943
0.41,6437739
0.41,6410778
0.42,6406595
0.43,6341788
0.43,6281523
0.44,6281418
0.45,6258352
0.47,6210480
0.49,6203686
0.49,6201101
0.5,6195206
0.5,6028812
0.54,5953179
0.54,5875431
0.56,5802372
0.57,5786121
0.58,5780423
0.61,5780216
0.62,5779102
0.63,5605066
0.63,5581731
0.64,5569493
0.65,5481299
0.66,5478366
0.67,5397027
0.7,5396819
0.72,5366951
0.72,5309817
0.72,5208180
0.73,5188006
0.74,5100900
0.76,5087981
0.76,5065726
0.79,4926933
0.81,4925559
0.82,4797128
0.82,4796559
0.82,4740459
0.83,4703032
0.85,4676341
0.87,4673872
0.87,4639333
0.89,4586308
0.9,4576031
0.9,4573112
0.94,4563309
0.94,4558430
0.95,4555816
0.96,4545533
0.96,4527222
0.97,4521237
0.97,4518250
0.97,4505109
0.97,4503872
0.98,4501659
1,4499262
1.01,4495477
1.03,4426159
1.06,4416351
1.07,4387253
1.08,4362218
1.09,4323582
1.09,4315138
1.11,4296175
1.12,4286511
1.12,4282908
1.13,4264253
1.14,4247601
1.18,4247428
1.19,4182543
1.2,4181900
1.22,4094831
1.24,4037370
1.24,4015659
1.25,3920076
1.27,3911542
1.3,3899112
1.34,3871908
1.36,3805801
1.36,3775025
1.44,3768130
1.47,3673033
1.52,3672219
1.53,3671513
1.53,3670246
1.54,3646608
1.55,3620832
1.58,3607646
1.6,3595883
1.65,3589951
1.66,3576263
1.69,3571871
1.72,3571801
1.72,3542528
1.77,3489351
1.77,3487838
1.8,3459935
1.8,3457527
1.81,3456745
1.84,3428555
1.87,3421657
1.9,3396851
1.9,3394160
1.9,3383200
1.94,3342094
1.97,3341710
1.97,3339955
1.97,3339953
1.98,3338992
2,3333501
2.01,3306645
2.01,3295124
2.05,3283968
2.06,3238905
2.11,3212333
2.13,3208108
2.14,3207239
2.17,3206155
2.19,3203750
2.19,3195559
2.2,3174954
2.28,3172783
2.3,3170206
2.34,3127498
2.44,3126387
2.49,3125803
2.49,3117396
2.5,3097589
2.59,3054942
2.59,3035163
2.62,2943499
2.64,2940264
2.65,2928417
2.65,2927119
2.66,2927106
2.67,2892322
2.71,2891790
2.73,2884908
2.76,2884046
2.8,2838931
2.81,2804676
2.86,2800139
2.9,2773117
2.94,2769966
2.94,2768541
2.94,2744762
2.95,2728473
2.95,2726045
2.99,2723042
3.02,2681177
3.07,2680442
3.08,2673735
3.08,2670930
3.1,2668104
3.11,2668092
3.12,2667800
3.13,2643385
3.2,2639415
3.23,2634588
3.25,2601117
3.3,2516476
3.34,2506831
3.39,2456013
3.45,2451038
3.49,2449679
3.5,2446578
3.5,2444114
3.53,2435683
3.55,2428715
3.57,2425032
3.61,2420317
3.62,2412474
3.65,2388876
3.71,2385957
3.74,2385183
3.77,2361208
3.79,2348006
3.84,2347727
3.85,2319602
3.85,2314494
3.85,2313870
3.87,2311576
3.87,2287233
3.96,2286933
3.98,2278008
4.03,2253441
4.07,2251661
4.1,2251517
4.11,2248534
4.11,2244796
4.13,2233913
4.16,2233903
4.22,2231184
4.25,2218827
4.29,2218151
4.32,2212914
4.36,2206628
4.38,2205379
4.39,2201856
4.45,2200780
4.46,2188259
4.51,2097005
4.54,2089667
4.56,2086436
4.59,2078080
4.61,2073239
4.75,2070308
4.76,2046532
4.77,2045740
4.78,2037937
4.82,2037475
4.87,2037209
4.88,2036747
4.88,2036409
4.91,2035686
4.91,2034886
4.91,2028713
4.92,1981249
4.94,1981009
4.95,1959076
5,1958614
5.01,1958132
5.17,1954766
5.18,1951444
5.2,1939965
5.26,1934768
5.32,1931523
5.35,1921474
5.41,1910532
5.43,1903844
5.44,1893533
5.51,1893195
5.54,1891649
5.58,1890501
5.59,1882371
5.74,1868075
5.75,1832850
5.81,1830203
5.88,1827996
5.89,1827781
5.9,1827509
5.92,1810672
5.95,1807580
5.95,1807447
6.07,1795845
6.07,1794002
6.08,1792717
6.1,1789542
6.14,1777951
6.23,1777810
6.28,1777330
6.28,1746377
6.3,1746365
6.31,1740809
6.32,1740704
6.35,1739295
6.37,1735239
6.4,1733434
6.54,1732047
6.56,1730982
6.61,1723812
6.68,1723525
6.69,1717794
6.72,1716774
6.77,1710270
6.82,1661366
6.86,1661169
6.89,1660704
6.93,1659117
7,1657056
7.06,1653046
7.09,1648196
7.19,1643056
7.22,1635268
7.27,1631575
7.45,1630913
7.46,1612790
7.6,1591829
7.68,1590151
7.69,1579593
7.71,1578043
7.72,1577734
7.77,1577418
7.87,1576025
7.88,1574718
8.12,1570759
8.14,1567765
8.23,1567716
8.24,1567287
8.3,1567055
8.38,1543862
8.46,1543840
8.55,1536250
8.57,1536083
8.59,1535568
8.63,1535306
8.72,1534066
8.75,1532573
8.93,1529783
8.97,1497685
9.01,1485906
9.11,1485813
9.14,1485621
9.2,1484556
9.2,1468032
9.23,1467495
9.28,1449458
9.29,1447882
9.4,1439919
9.56,1439264
9.59,1439097
9.6,1439080
9.7,1438472
9.71,1435890
9.84,1426212
9.98,1421871
10.02,1420644
10.06,1419934
10.17,1419899
10.23,1418891
10.26,1417506
10.33,1417233
10.38,1416747
10.42,1415702
10.43,1414592
10.67,1413620
10.73,1413390
10.82,1409944
10.99,1409914
11,1409206
11.1,1408001
11.24,1407789
11.3,1404252
11.43,1403627
11.55,1396171
11.56,1395546
11.87,1395154
12.13,1395075
12.16,1389386
12.2,1389005
12.37,1378062
12.41,1376387
12.61,1375018
12.64,1364937
12.87,1360539
12.92,1359796
12.99,1358731
13.11,1358429
13.21,1357411
13.23,1357237
13.6,1357082
13.69,1324566
13.87,1323934
14.08,1323780
14.1,1323460
14.42,1323255
14.85,1322645
15.11,1322516
16.22,1322398
16.23,1321046
16.91,1321025
16.92,1318761
17.12,1318748
17.21,1318739
17.25,1318713
17.32,1318552
17.4,1316256
17.93,1315999
18.06,1315783
18.21,1315703
18.25,1315306
18.67,1314756
19.38,1314593
19.59,1314142
19.65,1312032
19.7,1311408
19.71,1309607
19.79,1309455
