0.02,10170997
0.05,9409845
0.14,9087263
0.25,8825087
0.63,8360145
0.66,8181316
0.72,7814212
0.72,7320614
0.75,6569457
0.81,6350307
0.85,5362170
0.87,4664464
0.93,4291090
0.94,4178968
0.96,3418673
0.98,3326216
1,2976416
1.05,2646543
1.08,2575742
1.09,2397327
1.15,2298356
1.16,2290501
1.17,2228936
1.17,2193283
1.18,2176377
1.19,2054024
1.21,2052568
1.27,2031855
1.29,2013178
1.3,2006744
1.31,1998235
1.35,1979910
1.35,1971608
1.37,1964840
1.38,1949553
1.4,1908809
1.4,1902192
1.41,1896158
1.43,1878661
1.45,1876136
1.46,1870899
1.47,1868719
1.48,1864216
1.5,1858183
1.5,1850276
1.51,1849302
1.52,1848355
1.55,1847961
1.56,1833694
1.56,1832505
1.6,1826040
1.61,1822576
1.62,1822515
1.62,1818142
1.64,1818072
1.65,1817161
1.66,1815769
1.67,1813714
1.67,1810225
1.68,1810042
1.69,1809336
1.71,1808588
1.72,1808176
1.73,1803974
1.75,1803371
1.76,1803094
1.77,1797805
1.78,1779767
1.79,1758334
1.83,1758100
1.85,1741336
1.86,1741123
1.9,1740564
1.91,1735079
1.93,1733902
1.94,1728843
1.96,1721161
1.96,1720644
1.98,1720412
1.99,1719563
2.01,1719280
2.02,1717843
2.04,1710951
2.05,1710101
2.09,1708877
2.13,1708450
2.23,1694671
2.24,1660344
2.26,1660090
2.33,1659615
2.37,1659287
2.38,1657403
2.39,1656218
2.44,1647475
2.5,1646892
2.54,1643379
2.61,1639636
