0.02,9249379
0.03,9235454
0.04,9187566
0.05,9166276
0.05,9005863
0.06,8980491
0.07,8832599
0.08,8822955
0.08,8720973
0.09,8660733
0.09,8601073
0.1,8581055
0.11,8567018
0.11,8541734
0.11,8481593
0.11,8479251
0.12,8420333
0.12,8322618
0.12,8285145
0.13,8271836
0.14,8240030
0.14,8206981
0.15,8145172
0.15,8134131
0.16,8046377
0.17,8029455
0.17,8027564
0.18,7846619
0.19,7810666
0.21,7783293
0.21,7782723
0.22,7773402
0.22,7702913
0.22,7688618
0.23,7595598
0.23,7584094
0.24,7570723
0.25,7530529
0.25,7525994
0.25,7456459
0.26,7439432
0.26,7427943
0.27,7401406
0.29,7317920
0.31,7316939
0.31,7313421
0.31,7304549
0.31,7287093
0.31,7195239
0.33,7179656
0.34,7125608
0.35,7114584
0.36,7096604
0.36,7046784
0.37,7006622
0.37,6852139
0.38,6821384
0.38,6791122
0.4,6699659
0.4,6688130
0.41,6687650
0.44,6678910
0.46,6664366
0.47,6642624
0.49,6635058
0.5,6575071
0.52,6496751
0.53,6494836
0.54,6494334
0.54,6373497
0.55,6365479
0.56,6297849
0.58,6282548
0.59,6266671
0.6,6219355
0.61,6202573
0.66,6088255
0.68,5990037
0.72,5959522
0.75,5884771
0.8,5801802
0.8,5788585
0.81,5767030
0.82,5712467
0.83,5711780
0.83,5681049
0.84,5638298
0.85,5616083
0.86,5565122
0.87,5560466
0.89,5478874
0.89,5368752
0.91,5365190
0.91,5364742
0.92,5299554
0.92,5299331
0.93,5299316
0.94,5217684
0.94,5191698
0.95,5178596
0.95,5096477
0.96,5078472
0.97,5048591
0.97,5024719
0.97,5006406
0.99,4955913
1.01,4952597
1.02,4952467
1.03,4936076
1.04,4864070
1.1,4799539
1.13,4793922
1.15,4785967
1.16,4749633
1.16,4684663
1.2,4677893
1.21,4633797
1.22,4622921
1.23,4587697
1.23,4539910
1.26,4525984
1.28,4498578
1.29,4486211
1.32,4390581
1.34,4235198
1.37,4189136
1.38,4185730
1.39,4149690
1.41,4043348
1.41,3967810
1.45,3958032
1.46,3954692
1.46,3915025
1.48,3908583
1.48,3907030
1.49,3906876
1.5,3893950
1.55,3883603
1.55,3855971
1.55,3803531
1.57,3803053
1.59,3802824
1.6,3780801
1.61,3779523
1.61,3717493
1.63,3714740
1.64,3712854
1.64,3656556
1.66,3649876
1.66,3635309
1.68,3632812
1.72,3630399
1.73,3624016
1.77,3622293
1.79,3622077
1.8,3598796
1.82,3590465
1.83,3589547
1.85,3583106
1.85,3580065
1.87,3495284
1.94,3489643
1.98,3460387
2,3445311
2.01,3434218
2.07,3432465
2.08,3409111
2.14,3405187
2.14,3387765
2.15,3365986
2.16,3365948
2.18,3331107
2.24,3294257
2.25,3294114
2.25,3254858
2.29,3241514
2.32,3227657
2.37,3215762
2.39,3200094
2.4,3197613
2.41,3189800
2.42,3182845
2.42,3177817
2.42,3166388
2.44,3166300
2.46,3166235
2.47,3161814
2.47,3138193
2.48,3137095
2.49,3132824
2.52,3105658
2.52,3074841
2.57,3069474
2.57,3060203
2.58,3032640
2.6,3019741
2.61,3019497
2.67,3018944
2.69,3015327
2.7,3000311
2.78,2995226
2.83,2994871
2.85,2994003
2.86,2983999
2.88,2964619
2.91,2957839
2.92,2954617
2.93,2954148
2.95,2920502
2.98,2918854
3.01,2915161
3.04,2905262
3.05,2868954
3.05,2848447
3.11,2838235
3.12,2810242
3.12,2807736
3.17,2804069
3.19,2801939
3.21,2794736
3.23,2773783
3.34,2772414
3.34,2762770
3.4,2754906
3.43,2750975
3.44,2750636
3.44,2739166
3.48,2738972
3.5,2737441
3.51,2732411
3.52,2724828
3.56,2723931
3.58,2722500
3.58,2710036
3.59,2705408
3.61,2684610
3.65,2680716
3.67,2676039
3.69,2667768
3.7,2661843
3.72,2657974
3.75,2636874
3.79,2634432
3.85,2623340
3.87,2617618
3.89,2607335
3.94,2606257
3.95,2601674
3.96,2601005
3.97,2600587
3.98,2582485
4.01,2579104
4.03,2539446
4.03,2539284
4.09,2538403
4.1,2490012
4.17,2434824
4.18,2430995
4.22,2428169
4.27,2421063
4.28,2415188
4.3,2414688
4.3,2412496
4.33,2387089
4.34,2385064
4.35,2381598
4.39,2376670
4.4,2360269
4.42,2358984
4.44,2349679
4.45,2344206
4.46,2343925
4.48,2310927
4.52,2306276
4.53,2305198
4.54,2261828
4.56,2225904
4.6,2216621
4.6,2214566
4.68,2205978
4.69,2176340
4.72,2160337
4.78,2156495
4.8,2156387
4.83,2155469
4.84,2154661
4.85,2147639
4.85,2147477
4.85,2146561
4.86,2145290
4.87,2141070
4.88,2133737
4.92,2130329
4.94,2130071
4.94,2123365
4.98,2118859
5.04,2113900
5.06,2085217
5.07,2084692
5.11,2082594
5.15,2075850
5.16,2074305
5.17,2074228
5.18,2071768
5.2,2062667
5.29,2055863
5.29,2050307
5.33,2028731
5.38,2024791
5.41,2021216
5.43,2020637
5.44,2018440
5.47,2015994
5.49,2011450
5.51,2010810
5.52,1991148
5.54,1985540
5.57,1982775
5.57,1982206
5.62,1980316
5.62,1974915
5.67,1973699
5.68,1966922
5.75,1958951
5.78,1958855
5.79,1956902
5.84,1950751
5.96,1930166
6.01,1929019
6.02,1928957
6.03,1923372
6.1,1923164
6.1,1922659
6.16,1905383
6.32,1903578
6.39,1892358
6.45,1890430
6.46,1887629
6.5,1882652
6.53,1874993
6.63,1870959
6.68,1867326
6.69,1856825
6.69,1856585
6.72,1852803
6.81,1852294
6.85,1844400
7.03,1841905
7.06,1839252
7.25,1838577
7.28,1821463
7.31,1818877
7.32,1816441
7.35,1815959
7.39,1815120
7.4,1811857
7.45,1810643
7.5,1810572
7.51,1809565
7.52,1805125
7.65,1805039
7.72,1805024
7.73,1781191
7.92,1762562
7.95,1753836
8.06,1739413
8.18,1728733
8.29,1727447
8.33,1723204
8.48,1719746
8.54,1709896
8.55,1709078
8.56,1707927
8.64,1707765
8.64,1680298
8.8,1679789
8.81,1679163
8.85,1677554
8.86,1677402
8.89,1677303
8.9,1676387
8.91,1657337
9,1646664
9.02,1646357
9.02,1646181
9.06,1645811
9.07,1644463
9.22,1643616
9.23,1616880
9.24,1609864
9.3,1604577
9.31,1594030
9.31,1585156
9.34,1584786
9.43,1581027
9.45,1576080
9.52,1575582
9.53,1575104
9.63,1573034
9.7,1569893
9.78,1569415
9.8,1569385
9.82,1568973
9.84,1562824
9.88,1552267
9.92,1512573
9.96,1510781
10.11,1506513
10.16,1504588
10.33,1482569
10.38,1474738
10.42,1474098
10.43,1465246
10.48,1464572
10.53,1463932
10.59,1461846
10.61,1460952
10.7,1460328
10.71,1459688
10.72,1430079
10.81,1423962
10.94,1423515
10.95,1422579
11.09,1420744
11.17,1420370
11.17,1420245
11.18,1420178
11.21,1419730
11.22,1419538
11.26,1419339
11.29,1418943
11.31,1418776
11.36,1418506
11.4,1411330
11.47,1409179
11.47,1401598
11.57,1401390
11.63,1401120
11.66,1399924
11.72,1398645
11.79,1397567
11.94,1397497
11.98,1397047
12.09,1396228
12.14,1395722
12.2,1395086
12.23,1392617
12.25,1392174
12.36,1391317
12.43,1391109
12.49,1390839
12.73,1390831
12.77,1389350
12.81,1389311
13.05,1376532
13.32,1376013
13.68,1374972
13.83,1373828
13.85,1373444
14.09,1372951
14.1,1372561
14.73,1372141
15.51,1371938
15.58,1371268
15.93,1371222
15.99,1370898
16.05,1370582
16.06,1369961
16.14,1369612
16.33,1369599
16.59,1367820
16.6,1367802
16.89,1361565
17.13,1359398
17.22,1351526
17.44,1351048
17.47,1349587
17.67,1349451
17.78,1348841
17.88,1348471
17.94,1348381
17.98,1347016
18.18,1343818
18.2,1343548
18.23,1343178
18.53,1332448
18.58,1332238
19.14,1331868
19.24,1331563
19.52,1330373
0.03,9249379
0.04,9235454
0.05,9187566
0.06,9166276
0.06,9005863
0.07,8980491
0.08,8832599
0.09,8822955
0.09,8720973
0.1,8660733
0.1,8601073
0.12,8581055
0.12,8567018
0.13,8541734
0.13,8481593
0.13,8479251
0.14,8420333
0.14,8322618
0.14,8285145
0.15,8271836
0.15,8240030
0.15,8206981
0.16,8145172
0.16,8134131
0.17,8046377
0.18,8029455
0.18,8027564
0.19,7846619
0.2,7810666
0.22,7783293
0.22,7782723
0.23,7773402
0.23,7702913
0.23,7688618
0.24,7595598
0.24,7584094
0.25,7570723
0.26,7530529
0.27,7525994
0.27,7456459
0.28,7439432
0.28,7427943
0.29,7401406
0.31,7317920
0.33,7316939
0.33,7313421
0.34,7304549
0.34,7287093
0.34,7195239
0.36,7179656
0.37,7125608
0.38,7114584
0.39,7096604
0.39,7046784
0.4,7006622
0.4,6852139
0.41,6821384
0.41,6791122
0.43,6699659
0.44,6688130
0.45,6687650
0.48,6678910
0.51,6664366
0.52,6642624
0.54,6635058
0.55,6575071
0.57,6496751
0.58,6494836
0.59,6494334
0.59,6373497
0.61,6365479
0.62,6297849
0.63,6282548
0.65,6266671
0.66,6219355
0.67,6202573
0.74,6088255
0.8,5990037
0.86,5959522
0.92,5884771
0.98,5801802
0.99,5788585
1,5767030
1.01,5712467
1.02,5711780
1.02,5681049
1.03,5638298
1.04,5616083
1.04,5565122
1.06,5560466
1.09,5478874
1.09,5368752
1.1,5365190
1.11,5364742
1.11,5299554
1.12,5299331
1.13,5299316
1.14,5217684
1.14,5191698
1.15,5178596
1.16,5096477
1.16,5078472
1.18,5048591
1.18,5024719
1.18,5006406
1.19,4955913
1.22,4952597
1.23,4952467
1.24,4936076
1.25,4864070
1.32,4799539
1.34,4793922
1.36,4785967
1.37,4749633
1.37,4684663
1.4,4677893
1.42,4633797
1.43,4622921
1.44,4587697
1.45,4539910
1.47,4525984
1.49,4498578
1.5,4486211
1.53,4390581
1.56,4235198
1.59,4189136
1.6,4185730
1.61,4149690
1.63,4043348
1.63,3967810
1.68,3958032
1.69,3954692
1.69,3915025
1.71,3908583
1.71,3907030
1.72,3906876
1.73,3893950
1.76,3883603
1.77,3855971
1.77,3803531
1.79,3803053
1.81,3802824
1.82,3780801
1.83,3779523
1.83,3717493
1.85,3714740
1.87,3712854
1.87,3656556
1.89,3649876
1.89,3635309
1.91,3632812
1.95,3630399
1.96,3624016
2,3622293
2.02,3622077
2.03,3598796
2.05,3590465
2.06,3589547
2.08,3583106
2.08,3580065
2.1,3495284
2.18,3489643
2.22,3460387
2.23,3445311
2.24,3434218
2.3,3432465
2.31,3409111
2.37,3405187
2.37,3387765
2.38,3365986
2.39,3365948
2.41,3331107
2.46,3294257
2.47,3294114
2.48,3254858
2.52,3241514
2.55,3227657
2.63,3215762
2.66,3200094
2.69,3197613
2.71,3189800
2.75,3182845
2.76,3177817
2.77,3166388
2.82,3166300
2.85,3166235
2.88,3161814
2.88,3138193
2.88,3137095
2.91,3132824
2.95,3105658
2.95,3074841
3.01,3069474
3.02,3060203
3.02,3032640
3.05,3019741
3.06,3019497
3.14,3018944
3.16,3015327
3.16,3000311
3.24,2995226
3.31,2994871
3.33,2994003
3.34,2983999
3.36,2964619
3.4,2957839
3.41,2954617
3.42,2954148
3.45,2920502
3.56,2918854
3.63,2915161
3.68,2905262
3.69,2868954
3.69,2848447
3.96,2838235
3.97,2810242
3.97,2807736
4.08,2804069
4.11,2801939
4.13,2794736
4.15,2773783
4.3,2772414
4.3,2762770
4.44,2754906
4.49,2750975
4.5,2750636
4.51,2739166
4.56,2738972
4.6,2737441
4.6,2732411
4.62,2724828
4.68,2723931
4.71,2722500
4.72,2710036
4.72,2705408
4.75,2684610
4.82,2680716
4.84,2676039
4.87,2667768
4.89,2661843
5.28,2657974
5.41,2636874
5.5,2634432
5.59,2623340
5.62,2617618
5.72,2607335
5.97,2606257
5.99,2601674
6.04,2601005
6.08,2600587
6.08,2582485
6.21,2579104
6.26,2539446
6.26,2539284
6.45,2538403
6.58,2490012
6.94,2434824
6.96,2430995
7.27,2428169
7.46,2421063
7.48,2415188
7.5,2414688
7.51,2412496
7.57,2387089
7.58,2385064
7.6,2381598
7.79,2376670
7.8,2360269
7.84,2358984
7.88,2349679
7.94,2344206
7.96,2343925
8.15,2310927
8.37,2306276
8.38,2305198
8.41,2261828
8.44,2225904
8.49,2216621
8.49,2214566
8.61,2205978
8.62,2176340
8.66,2160337
8.74,2156495
8.77,2156387
8.81,2155469
8.82,2154661
8.82,2147639
8.83,2147477
8.83,2146561
8.84,2145290
8.86,2141070
8.86,2133737
8.91,2130329
8.93,2130071
8.93,2123365
8.98,2118859
9.04,2113900
9.06,2085217
9.08,2084692
9.13,2082594
9.18,2075850
9.19,2074305
9.21,2074228
9.21,2071768
9.25,2062667
9.36,2055863
9.36,2050307
9.41,2028731
9.46,2024791
9.49,2021216
9.52,2020637
9.53,2018440
9.57,2015994
9.59,2011450
9.6,2010810
9.62,1991148
9.64,1985540
9.68,1982775
9.68,1982206
9.73,1980316
9.73,1974915
9.79,1973699
9.8,1966922
9.88,1958951
9.91,1958855
9.92,1956902
9.98,1950751
10.2,1930166
10.36,1929019
10.37,1928957
10.39,1923372
10.48,1923164
10.49,1922659
10.56,1905383
10.79,1903578
10.88,1892358
10.98,1890430
11,1887629
11.06,1882652
11.1,1874993
11.22,1870959
11.29,1867326
11.3,1856825
11.3,1856585
11.33,1852803
11.44,1852294
11.48,1844400
11.66,1841905
11.72,1839252
12.35,1838577
12.39,1821463
12.43,1818877
12.44,1816441
12.48,1815959
12.53,1815120
12.55,1811857
12.73,1810643
12.89,1810572
12.92,1809565
12.97,1805125
13.44,1805039
13.54,1805024
13.55,1781191
13.79,1762562
13.82,1753836
13.93,1739413
14.07,1728733
14.25,1727447
14.35,1723204
14.52,1719746
14.58,1709896
14.59,1709078
14.6,1707927
14.68,1707765
14.68,1680298
14.95,1679789
14.96,1679163
15.03,1677554
15.05,1677402
15.1,1677303
15.11,1676387
15.12,1657337
15.21,1646664
15.23,1646357
15.23,1646181
15.26,1645811
15.28,1644463
15.58,1643616
15.6,1616880
15.6,1609864
15.66,1604577
15.67,1594030
15.68,1585156
15.71,1584786
15.79,1581027
15.81,1576080
15.87,1575582
15.89,1575104
15.98,1573034
16.05,1569893
16.13,1569415
16.16,1569385
16.18,1568973
16.2,1562824
16.25,1552267
16.29,1512573
16.33,1510781
16.49,1506513
16.54,1504588
16.71,1482569
16.76,1474738
16.8,1474098
16.8,1465246
16.86,1464572
16.91,1463932
16.96,1461846
17,1460952
17.08,1460328
17.08,1459688
17.1,1430079
17.18,1423962
17.3,1423515
17.31,1422579
17.5,1420744
17.62,1420370
17.63,1420245
17.64,1420178
17.68,1419730
17.71,1419538
17.74,1419339
17.77,1418943
17.78,1418776
17.83,1418506
17.86,1411330
17.91,1409179
17.91,1401598
18,1401390
18.06,1401120
18.09,1399924
18.13,1398645
18.18,1397567
18.32,1397497
18.36,1397047
18.46,1396228
18.51,1395722
18.56,1395086
18.58,1392617
18.6,1392174
18.68,1391317
18.75,1391109
18.8,1390839
19.03,1390831
19.07,1389350
19.1,1389311
19.36,1376532
19.61,1376013
19.93,1374972
