0.03,9766606
0.06,9432186
0.15,9368978
0.22,9356756
0.43,9207482
0.47,8932170
0.51,8600621
0.63,8514219
0.65,7558001
0.67,7520219
0.76,6863088
0.77,6833229
0.78,6786490
0.78,6528932
0.79,6514903
0.81,6310410
0.82,5887400
0.83,5040818
0.87,4929952
0.89,4903803
0.9,4858760
0.91,3853222
0.92,3820124
0.93,3815903
0.94,3228264
0.96,3033695
0.98,3004058
0.99,2936028
1,2826294
1.02,2725116
1.03,2668482
1.04,2640322
1.05,2629843
1.06,2383195
1.07,2265458
1.09,2234940
1.11,2182116
1.12,2154627
1.14,2071562
1.16,1986692
1.17,1928750
1.18,1902595
1.19,1895539
1.21,1858847
1.22,1817562
1.23,1802081
1.23,1778752
1.26,1754271
1.26,1739417
1.27,1728405
1.28,1726692
1.29,1705579
1.3,1698844
1.31,1674967
1.33,1668359
1.34,1661694
1.35,1649887
1.37,1648444
1.38,1638774
1.39,1638279
1.41,1636970
1.42,1635061
1.43,1630498
1.44,1629723
1.46,1626729
1.47,1624095
1.48,1617027
1.49,1614115
1.51,1612580
1.52,1597623
1.53,1587772
1.54,1587621
1.55,1580506
1.59,1578389
1.62,1572960
1.64,1559692
1.64,1559326
1.65,1555138
1.66,1554989
1.68,1554384
1.69,1553396
1.7,1532306
1.72,1521486
1.72,1521425
1.73,1521220
1.74,1520090
1.76,1519578
1.79,1519325
1.8,1516211
1.83,1514670
1.84,1514416
1.89,1514274
1.9,1514147
1.91,1513643
1.97,1513623
2.01,1512828
2.04,1512722
2.05,1512159
2.08,1510552
2.23,1510209
2.36,1508042
2.47,1502933
2.48,1502098
