0.02,9809545
0.03,9225267
0.04,9222140
0.04,9200960
0.04,9195702
0.05,9109980
0.05,9093979
0.05,9068744
0.06,8740313
0.06,8732674
0.07,8707355
0.07,8573347
0.07,8570486
0.08,8398975
0.09,8340844
0.09,8319229
0.1,8228076
0.1,8196955
0.11,8048667
0.12,8044971
0.12,7871413
0.13,7842681
0.13,7821758
0.13,7754925
0.14,7629119
0.15,7610650
0.15,7589388
0.16,7572285
0.16,7481184
0.16,7435944
0.17,7348292
0.18,7347392
0.18,7341610
0.19,7339200
0.19,7327401
0.19,7324156
0.2,7297796
0.2,7160314
0.21,7108549
0.21,6949110
0.21,6946475
0.21,6938279
0.22,6750379
0.23,6685558
0.23,6569882
0.26,6557693
0.27,6556969
0.27,6523399
0.27,6508355
0.28,6458461
0.29,6419598
0.3,6368517
0.34,6343724
0.34,6338088
0.34,6326669
0.35,6315426
0.35,6247621
0.36,6203030
0.37,6198491
0.38,6176019
0.39,6086244
0.4,5978468
0.4,5973813
0.4,5969907
0.41,5933174
0.42,5926249
0.43,5834803
0.43,5603808
0.46,5598722
0.46,5596526
0.48,5595398
0.48,5562621
0.49,5552070
0.49,5522471
0.51,5506540
0.52,5491366
0.53,5483010
0.54,5472991
0.55,5463811
0.55,5435324
0.56,5368051
0.57,5367394
0.57,5223529
0.61,5221805
0.61,5177851
0.62,5156481
0.62,5153411
0.63,5083216
0.67,5078936
0.67,5064684
0.68,5052314
0.68,5050546
0.72,5038992
0.72,5034987
0.74,5018428
0.75,4975567
0.75,4956045
0.76,4943423
0.76,4924442
0.77,4904406
0.78,4887904
0.78,4799903
0.79,4791315
0.8,4790595
0.81,4789468
0.82,4774690
0.84,4547681
0.88,4511876
0.9,4508406
0.9,4475754
0.93,4471111
0.94,4468338
0.94,4409761
0.97,4385277
0.97,4350308
0.98,4339360
0.99,4332789
1,4309830
1.01,4274363
1.02,4233541
1.02,4211419
1.03,4191225
1.03,4186357
1.04,4168559
1.05,4168392
1.06,4168018
1.06,4158329
1.07,4070158
1.08,4068992
1.08,4068813
1.1,4058048
1.11,4036087
1.11,4035603
1.12,4006048
1.13,3995736
1.14,3965382
1.15,3946779
1.17,3936467
1.17,3895173
1.18,3884414
1.19,3838430
1.22,3812249
1.23,3807494
1.25,3754314
1.28,3704218
1.31,3636269
1.39,3608937
1.43,3599948
1.5,3597890
1.51,3499080
1.54,3486048
1.59,3485544
1.59,3474704
1.6,3466974
1.61,3427847
1.63,3363569
1.65,3336227
1.69,3317886
1.7,3313537
1.74,3307769
1.75,3297895
1.78,3287219
1.8,3280812
1.82,3271319
1.83,3263646
1.84,3258850
1.86,3249989
1.88,3249194
1.9,3248059
1.93,3244189
1.94,3239886
1.99,3232959
2,3232712
2.01,3212299
2.01,3206312
2.01,3179330
2.09,3142480
2.21,3137010
2.22,3132100
2.24,3130051
2.26,3125141
2.27,3123361
2.28,3118444
2.28,3115315
2.29,3088940
2.3,3085826
2.35,3076141
2.37,3064551
2.38,3037612
2.39,3036619
2.39,3029042
2.46,2968021
2.59,2960574
2.61,2940014
2.62,2935827
2.62,2931119
2.63,2909429
2.63,2900125
2.65,2897236
2.65,2897060
2.68,2887432
2.69,2819801
2.73,2800716
2.75,2719902
2.76,2675808
2.86,2667783
2.88,2630718
2.91,2626282
2.92,2614849
2.92,2607015
2.94,2604038
2.94,2603600
2.96,2598685
2.98,2588683
3.01,2574377
3.03,2572871
3.04,2547297
3.09,2538407
3.13,2515910
3.18,2509362
3.2,2508318
3.22,2508298
3.24,2488347
3.26,2475892
3.26,2475191
3.26,2461271
3.29,2443144
3.31,2440600
3.31,2440022
3.34,2439789
3.35,2423039
3.36,2421707
3.38,2420992
3.38,2420794
3.4,2409991
3.47,2315168
3.51,2311574
3.52,2302196
3.53,2299985
3.55,2297741
3.56,2288829
3.63,2288651
3.64,2270937
3.68,2269922
3.71,2261880
3.74,2244534
3.88,2233654
3.88,2230197
3.89,2214281
3.95,2213848
3.95,2211265
4,2210284
4.01,2196486
4.03,2196337
4.05,2193632
4.08,2191158
4.09,2183923
4.17,2182903
4.19,2178254
4.21,2171837
4.32,2168930
4.39,2167748
4.46,2166059
4.5,2146290
4.52,2146110
4.54,2131656
4.57,2125960
4.63,2104884
4.65,2097151
4.91,2096993
4.99,2096673
5.02,2085362
5.05,2084515
5.06,2082695
5.06,2078816
5.06,2078421
5.08,2078241
5.11,2028496
5.14,2024860
5.19,1986063
5.25,1985743
5.25,1985585
5.3,1983803
5.3,1983746
5.37,1982879
5.43,1978011
5.45,1913216
5.53,1904373
5.56,1902915
5.56,1891692
5.62,1887405
5.62,1880911
5.69,1871842
5.71,1866852
5.83,1864661
5.84,1860412
5.87,1858416
5.92,1840880
5.92,1838183
5.98,1837733
5.98,1829774
6.01,1829532
6.02,1829324
6.02,1829032
6.16,1826708
6.17,1826514
6.24,1824827
6.24,1822241
6.25,1821977
6.29,1816638
6.36,1815583
6.37,1809848
6.38,1806464
6.38,1806190
6.44,1804081
6.52,1802603
6.52,1802374
6.52,1801560
6.55,1801334
6.59,1800939
6.61,1768234
6.61,1767914
6.67,1766889
6.68,1747673
6.69,1740797
6.83,1737733
6.84,1736981
6.86,1736509
6.95,1735257
6.98,1709654
7.02,1705085
7.05,1691018
7.09,1689975
7.21,1685788
7.23,1684437
7.25,1681709
7.26,1680161
7.28,1677433
7.32,1668517
7.39,1666057
7.54,1665820
7.58,1662905
7.62,1661568
7.72,1634980
7.82,1629366
7.9,1605698
7.92,1605226
7.94,1604420
8.34,1595564
8.39,1595092
8.48,1595072
8.64,1594990
8.97,1593065
9,1592565
9,1591836
9.05,1591460
9.12,1590265
9.18,1577227
9.19,1576907
9.24,1572561
9.27,1567165
9.32,1566348
9.48,1564818
9.6,1564731
9.8,1563793
9.86,1554743
10.03,1554709
10.06,1553353
10.09,1541320
10.17,1491525
10.19,1490998
10.21,1490526
10.24,1485584
10.35,1481058
10.4,1466977
10.41,1466314
10.52,1466292
10.57,1466010
10.59,1464967
10.64,1463867
10.68,1462829
10.84,1462273
10.85,1459463
10.95,1453750
10.98,1453430
11.01,1453224
11.02,1452904
11.19,1450865
11.25,1448493
11.46,1446121
11.53,1445801
11.57,1445769
11.61,1444126
11.71,1440977
11.75,1439984
11.85,1438551
11.89,1434843
11.99,1434243
12.1,1430099
12.15,1428993
12.3,1428551
12.33,1428337
12.43,1428244
12.43,1428231
12.46,1427835
12.47,1414939
12.56,1412608
12.67,1411555
12.67,1403282
12.71,1399181
12.96,1398865
12.97,1398647
13.07,1398627
13.11,1398545
13.16,1398175
13.38,1362944
13.42,1362625
13.42,1344773
13.43,1344745
13.5,1343788
13.71,1339633
13.77,1337704
13.82,1332829
14.1,1332252
14.17,1332072
14.17,1331395
14.33,1331357
14.43,1330917
14.58,1330752
14.77,1330593
14.82,1328444
14.91,1328074
15.09,1327740
15.34,1327630
15.36,1327594
15.37,1327452
15.37,1325181
15.4,1323670
15.52,1323661
15.57,1321533
15.62,1320916
15.65,1319099
15.75,1318172
15.98,1317510
16.01,1315009
16.23,1314646
16.49,1314509
16.59,1314478
16.63,1313190
17.09,1312084
17.23,1311714
17.29,1311240
18.02,1311098
19.7,1311033
19.85,1308946
0.02,9809545
0.03,9225267
0.04,9222140
0.04,9200960
0.04,9195702
0.05,9109980
0.05,9093979
0.05,9068744
0.06,8740313
0.06,8732674
0.07,8707355
0.07,8573347
0.07,8570486
0.07,8398975
0.08,8340844
0.09,8319229
0.09,8228076
0.1,8196955
0.1,8048667
0.11,8044971
0.12,7871413
0.12,7842681
0.13,7821758
0.13,7754925
0.14,7629119
0.14,7610650
0.15,7589388
0.15,7572285
0.16,7481184
0.16,7435944
0.17,7348292
0.18,7347392
0.18,7341610
0.18,7339200
0.19,7327401
0.19,7324156
0.2,7297796
0.2,7160314
0.21,7108549
0.21,6949110
0.21,6946475
0.21,6938279
0.21,6750379
0.22,6685558
0.22,6569882
0.25,6557693
0.26,6556969
0.26,6523399
0.26,6508355
0.27,6458461
0.28,6419598
0.29,6368517
0.32,6343724
0.32,6338088
0.33,6326669
0.34,6315426
0.34,6247621
0.34,6203030
0.35,6198491
0.36,6176019
0.37,6086244
0.38,5978468
0.38,5973813
0.38,5969907
0.39,5933174
0.4,5926249
0.4,5834803
0.41,5603808
0.43,5598722
0.44,5596526
0.45,5595398
0.46,5562621
0.46,5552070
0.47,5522471
0.48,5506540
0.49,5491366
0.5,5483010
0.51,5472991
0.52,5463811
0.52,5435324
0.52,5368051
0.54,5367394
0.54,5223529
0.58,5221805
0.58,5177851
0.58,5156481
0.58,5153411
0.6,5083216
0.63,5078936
0.64,5064684
0.64,5052314
0.64,5050546
0.68,5038992
0.68,5034987
0.71,5018428
0.71,4975567
0.72,4956045
0.72,4943423
0.73,4924442
0.73,4904406
0.74,4887904
0.74,4799903
0.75,4791315
0.76,4790595
0.77,4789468
0.78,4774690
0.81,4547681
0.84,4511876
0.86,4508406
0.86,4475754
0.9,4471111
0.9,4468338
0.9,4409761
0.93,4385277
0.94,4350308
0.94,4339360
0.95,4332789
0.96,4309830
0.98,4274363
0.98,4233541
0.98,4211419
0.99,4191225
0.99,4186357
1,4168559
1.01,4168392
1.02,4168018
1.02,4158329
1.03,4070158
1.04,4068992
1.04,4068813
1.06,4058048
1.07,4036087
1.07,4035603
1.08,4006048
1.08,3995736
1.09,3965382
1.1,3946779
1.12,3936467
1.12,3895173
1.13,3884414
1.14,3838430
1.17,3812249
1.18,3807494
1.2,3754314
1.23,3704218
1.26,3636269
1.31,3608937
1.33,3599948
1.37,3597890
1.37,3499080
1.39,3486048
1.42,3485544
1.42,3474704
1.42,3466974
1.43,3427847
1.45,3363569
1.47,3336227
1.5,3317886
1.51,3313537
1.54,3307769
1.55,3297895
1.57,3287219
1.59,3280812
1.6,3271319
1.61,3263646
1.62,3258850
1.64,3249989
1.66,3249194
1.67,3248059
1.7,3244189
1.71,3239886
1.76,3232959
1.76,3232712
1.77,3212299
1.78,3206312
1.78,3179330
1.86,3142480
1.96,3137010
1.97,3132100
1.99,3130051
2,3125141
2.01,3123361
2.01,3118444
2.02,3115315
2.03,3088940
2.04,3085826
2.08,3076141
2.1,3064551
2.11,3037612
2.11,3036619
2.12,3029042
2.19,2968021
2.32,2960574
2.34,2940014
2.34,2935827
2.35,2931119
2.35,2909429
2.35,2900125
2.37,2897236
2.38,2897060
2.4,2887432
2.41,2819801
2.45,2800716
2.47,2719902
2.48,2675808
2.57,2667783
2.58,2630718
2.61,2626282
2.62,2614849
2.62,2607015
2.64,2604038
2.64,2603600
2.65,2598685
2.67,2588683
2.71,2574377
2.72,2572871
2.73,2547297
2.77,2538407
2.81,2515910
2.86,2509362
2.88,2508318
2.89,2508298
2.91,2488347
2.93,2475892
2.94,2475191
2.94,2461271
2.96,2443144
2.98,2440600
2.99,2440022
3.01,2439789
3.02,2423039
3.03,2421707
3.05,2420992
3.05,2420794
3.07,2409991
3.14,2315168
3.17,2311574
3.19,2302196
3.19,2299985
3.21,2297741
3.23,2288829
3.29,2288651
3.3,2270937
3.33,2269922
3.34,2261880
3.36,2244534
3.43,2233654
3.44,2230197
3.45,2214281
3.5,2213848
3.5,2211265
3.54,2210284
3.55,2196486
3.58,2196337
3.59,2193632
3.63,2191158
3.63,2183923
3.71,2182903
3.73,2178254
3.75,2171837
3.85,2168930
3.92,2167748
3.98,2166059
4.02,2146290
4.03,2146110
4.05,2131656
4.08,2125960
4.14,2104884
4.16,2097151
4.41,2096993
4.49,2096673
4.51,2085362
4.54,2084515
4.55,2082695
4.56,2078816
4.56,2078421
4.58,2078241
4.6,2028496
4.63,2024860
4.69,1986063
4.74,1985743
4.74,1985585
4.79,1983803
4.79,1983746
4.86,1982879
4.91,1978011
4.93,1913216
5,1904373
5.03,1902915
5.03,1891692
5.09,1887405
5.09,1880911
5.16,1871842
5.18,1866852
5.3,1864661
5.3,1860412
5.34,1858416
5.38,1840880
5.38,1838183
5.44,1837733
5.44,1829774
5.47,1829532
5.48,1829324
5.48,1829032
5.62,1826708
5.63,1826514
5.69,1824827
5.7,1822241
5.71,1821977
5.74,1816638
5.82,1815583
5.82,1809848
5.83,1806464
5.84,1806190
5.89,1804081
5.97,1802603
5.97,1802374
5.97,1801560
5.99,1801334
6.04,1800939
6.06,1768234
6.06,1767914
6.12,1766889
6.12,1747673
6.14,1740797
6.28,1737733
6.28,1736981
6.31,1736509
6.4,1735257
6.42,1709654
6.46,1705085
6.48,1691018
6.52,1689975
6.63,1685788
6.65,1684437
6.67,1681709
6.68,1680161
6.7,1677433
6.74,1668517
6.81,1666057
6.94,1665820
6.97,1662905
7,1661568
7.1,1634980
7.19,1629366
7.26,1605698
7.28,1605226
7.3,1604420
7.51,1595564
7.53,1595092
7.55,1595072
7.63,1594990
7.88,1593065
7.9,1592565
7.9,1591836
7.95,1591460
8,1590265
8.04,1577227
8.05,1576907
8.07,1572561
8.09,1567165
8.12,1566348
8.26,1564818
8.36,1564731
8.53,1563793
8.58,1554743
8.69,1554709
8.71,1553353
8.75,1541320
8.82,1491525
8.83,1490998
8.86,1490526
8.88,1485584
8.99,1481058
9.05,1466977
9.05,1466314
9.16,1466292
9.21,1466010
9.23,1464967
9.28,1463867
9.31,1462829
9.45,1462273
9.46,1459463
9.55,1453750
9.58,1453430
9.61,1453224
9.61,1452904
9.75,1450865
9.8,1448493
9.98,1446121
10.04,1445801
10.08,1445769
10.12,1444126
10.2,1440977
10.23,1439984
10.31,1438551
10.34,1434843
10.44,1434243
10.54,1430099
10.58,1428993
10.71,1428551
10.73,1428337
10.82,1428244
10.83,1428231
10.85,1427835
10.86,1414939
10.94,1412608
11.03,1411555
11.04,1403282
11.07,1399181
11.28,1398865
11.29,1398647
11.39,1398627
11.42,1398545
11.46,1398175
11.65,1362944
11.68,1362625
11.68,1344773
11.69,1344745
11.75,1343788
11.94,1339633
12,1337704
12.04,1332829
12.28,1332252
12.34,1332072
12.35,1331395
12.49,1331357
12.57,1330917
12.7,1330752
12.87,1330593
12.91,1328444
12.99,1328074
13.14,1327740
13.39,1327630
13.41,1327594
13.41,1327452
13.42,1325181
13.44,1323670
13.56,1323661
13.61,1321533
13.66,1320916
13.69,1319099
13.79,1318172
14,1317510
14.04,1315009
14.2,1314646
14.38,1314509
14.47,1314478
14.51,1313190
14.94,1312084
15.08,1311714
15.14,1311240
15.85,1311098
17.5,1311033
17.61,1308946
19.33,1308901
19.4,1307430
