0.01,10721703
0.02,10240546
0.02,10218758
0.04,10027629
0.09,9745349
0.24,9716328
0.29,9216725
0.44,9132874
0.58,8591125
0.71,8375617
0.72,8066086
0.76,7996699
0.78,7464700
0.78,7237394
0.8,7210440
0.81,6942884
0.84,6240497
0.86,5660543
0.87,5127479
0.89,4969133
0.93,4496912
0.94,4240069
0.95,4015283
0.96,3933033
0.97,3677623
0.98,3524004
1,3380310
1.02,3143654
1.03,2911081
1.07,2621817
1.11,2572096
1.13,2431235
1.14,2327251
1.14,2188941
1.19,2166159
1.2,2153157
1.2,2050620
1.21,2038142
1.22,1981475
1.23,1935697
1.26,1854002
1.27,1810592
1.28,1782162
1.32,1748398
1.33,1738336
1.34,1724802
1.36,1717475
1.38,1709307
1.4,1688891
1.42,1687200
1.44,1683971
1.45,1676098
1.47,1671230
1.49,1665823
1.5,1664590
1.51,1647719
1.51,1642458
1.52,1640180
1.56,1637378
1.57,1635755
1.57,1634001
1.58,1633402
1.59,1626677
1.6,1625456
1.62,1625273
1.63,1622483
1.65,1612645
1.66,1611021
1.67,1610646
1.68,1610128
1.7,1604189
1.71,1603526
1.75,1601274
1.76,1597834
1.77,1597740
1.78,1597535
1.79,1590935
1.8,1590862
1.86,1590857
1.87,1590817
1.88,1590319
1.89,1587192
1.9,1586372
1.93,1585898
2.04,1584719
2.07,1582575
2.09,1582574
2.12,1579293
2.14,1579258
2.24,1574264
2.36,1573266
2.74,1573061
