0.02,9705239
0.03,9687287
0.03,9428694
0.04,9427951
0.04,9358331
0.04,9219279
0.04,9174716
0.04,9141657
0.05,9090232
0.05,9019182
0.05,9002694
0.06,8970382
0.06,8880523
0.07,8879544
0.07,8756974
0.08,8599977
0.09,8478958
0.1,8341657
0.1,8295868
0.1,8195951
0.1,7932033
0.11,7931830
0.12,7929222
0.12,7925922
0.12,7888685
0.13,7852843
0.14,7818771
0.14,7814612
0.14,7803446
0.14,7787928
0.14,7724241
0.15,7683882
0.16,7594550
0.16,7570013
0.17,7484092
0.18,7452567
0.19,7417420
0.2,7389309
0.21,7343428
0.21,7324130
0.21,7275482
0.23,7234147
0.24,7226979
0.24,7202524
0.24,7132681
0.25,7074370
0.25,6944477
0.26,6923285
0.26,6781417
0.27,6718094
0.28,6704891
0.29,6637386
0.3,6524503
0.3,6521174
0.31,6519033
0.31,6424353
0.35,6411859
0.36,6352388
0.36,6322175
0.37,6295214
0.38,6288102
0.38,6283645
0.39,6235521
0.4,6205475
0.41,6166999
0.41,6073285
0.42,6013626
0.42,5981854
0.43,5963253
0.45,5960376
0.46,5885428
0.47,5825681
0.48,5799566
0.48,5725681
0.5,5724905
0.5,5720482
0.5,5651772
0.6,5541548
0.64,5537831
0.64,5530712
0.66,5523463
0.67,5474521
0.68,5341709
0.69,5330218
0.71,5322057
0.71,5320895
0.72,5250418
0.73,5213033
0.73,5085952
0.75,4982910
0.75,4944607
0.75,4892140
0.78,4790605
0.86,4748526
0.92,4680820
0.93,4672463
0.93,4613322
0.95,4594898
0.95,4588048
0.95,4575364
0.98,4575309
0.99,4535202
1.03,4491337
1.05,4476415
1.06,4472921
1.07,4470173
1.08,4463380
1.09,4446954
1.1,4433305
1.1,4433302
1.11,4307498
1.13,4306332
1.14,4290226
1.15,4283820
1.17,4262191
1.19,4247892
1.23,4211501
1.25,4197336
1.27,4099237
1.29,4097493
1.3,4071770
1.31,4021664
1.33,3916353
1.34,3904336
1.37,3857230
1.38,3841876
1.38,3812117
1.42,3811414
1.44,3801879
1.46,3776635
1.46,3750964
1.53,3750742
1.55,3745981
1.56,3721331
1.6,3717617
1.63,3702454
1.65,3684929
1.65,3678016
1.66,3621337
1.67,3551802
1.74,3547344
1.75,3501429
1.76,3468407
1.79,3442072
1.84,3440500
1.84,3434076
1.85,3433619
1.85,3412741
1.87,3377718
1.89,3334797
1.92,3328469
2,3291908
2,3279207
2.05,3256409
2.09,3254675
2.09,3221668
2.14,3214139
2.17,3194263
2.2,3177721
2.21,3147016
2.22,3092510
2.25,3063418
2.28,3059808
2.29,3054647
2.3,3023041
2.3,3013992
2.3,3008089
2.33,2981062
2.35,2964875
2.38,2960114
2.39,2958108
2.4,2951580
2.41,2935594
2.42,2904227
2.45,2884459
2.47,2878522
2.49,2877676
2.5,2874124
2.52,2870945
2.54,2867320
2.55,2856705
2.55,2849395
2.56,2835228
2.58,2831091
2.59,2821087
2.6,2803442
2.65,2797000
2.67,2794387
2.69,2788752
2.72,2742028
2.73,2740893
2.74,2736368
2.74,2698144
2.75,2696957
2.79,2685864
2.85,2653556
2.92,2634855
2.96,2627385
2.97,2621361
2.99,2619419
3.03,2599534
3.04,2582716
3.06,2566243
3.06,2556811
3.11,2553643
3.12,2552714
3.15,2550500
3.16,2538984
3.19,2537205
3.24,2536809
3.26,2530125
3.28,2526609
3.28,2523822
3.32,2521195
3.33,2509471
3.34,2505452
3.34,2503542
3.36,2480155
3.38,2475588
3.39,2450679
3.4,2436623
3.44,2417566
3.47,2411993
3.49,2410341
3.5,2370423
3.56,2345842
3.58,2335392
3.6,2325677
3.62,2305513
3.68,2302965
3.71,2283935
3.74,2211189
3.74,2210864
3.76,2192428
3.79,2182827
3.87,2181611
3.87,2166543
4.04,2164279
4.07,2164145
4.11,2163183
4.11,2160821
4.12,2117348
4.12,2107418
4.16,2086795
4.18,2082736
4.23,2068097
4.26,2068060
4.3,2042816
4.32,2036187
4.36,2036065
4.39,2034527
4.39,2033517
4.39,1969143
4.42,1966595
4.43,1962326
4.45,1946731
4.49,1939976
4.53,1939763
4.55,1888254
4.62,1884505
4.64,1875456
4.66,1872999
4.69,1871692
4.7,1871532
4.7,1864159
4.7,1861138
4.73,1854961
4.76,1854585
4.78,1853766
4.79,1846986
4.82,1845382
4.83,1844616
4.86,1844530
4.86,1796220
4.89,1796078
4.91,1794255
4.94,1793905
4.94,1793776
5.03,1793458
5.04,1792272
5.04,1786307
5.06,1783408
5.11,1776424
5.17,1766528
5.19,1758157
5.2,1756564
5.21,1754957
5.28,1754214
5.29,1753038
5.29,1751419
5.33,1750070
5.5,1747540
5.5,1747207
5.52,1724696
5.57,1724642
5.65,1720615
5.71,1715591
5.75,1714340
5.77,1711842
5.82,1669760
5.84,1668021
5.88,1667896
5.89,1667403
5.89,1660149
5.9,1659268
5.91,1658045
5.91,1657846
5.92,1657193
5.94,1655008
5.95,1617798
5.98,1614960
6.04,1612280
6.18,1594314
6.2,1593775
6.28,1588317
6.31,1587778
6.34,1586582
6.35,1586418
6.42,1584825
6.54,1572092
6.65,1571717
6.69,1567420
6.75,1565016
6.81,1562405
6.84,1562374
7.12,1560964
7.14,1560864
7.16,1559374
7.17,1557402
7.21,1556033
7.27,1555959
7.37,1555634
7.45,1538377
7.57,1536601
7.58,1535416
7.58,1534178
7.61,1533577
7.61,1528593
7.7,1527864
7.7,1522465
7.71,1521826
7.72,1520975
7.8,1519009
8.01,1513888
8.12,1511189
8.23,1507731
8.35,1507720
8.39,1500582
8.4,1499773
8.41,1499411
8.46,1497878
8.55,1495764
8.56,1495189
8.64,1477435
8.77,1467477
8.86,1457730
8.9,1456773
9.05,1453067
9.06,1451398
9.23,1444273
9.34,1441876
9.53,1440616
9.57,1432624
9.66,1430658
9.83,1430330
9.83,1424533
9.94,1424149
9.96,1422460
10.23,1422360
10.27,1421983
10.42,1413916
10.58,1413826
10.66,1413352
10.79,1398921
10.86,1395369
10.9,1377944
11.11,1377834
11.12,1375134
11.18,1374379
11.26,1374123
11.28,1374075
11.39,1373911
11.41,1373515
11.54,1373039
11.7,1365602
11.89,1357685
12.5,1357209
12.5,1357167
12.71,1357090
12.82,1353189
13.31,1352364
13.43,1351850
13.49,1351828
13.76,1347610
13.76,1347588
13.84,1347453
13.85,1346884
14.19,1346285
14.23,1344319
14.26,1343754
14.32,1343197
14.46,1341635
14.53,1340819
14.63,1340694
14.92,1340489
14.97,1340374
15.02,1340169
15.05,1339558
15.29,1339390
15.37,1338689
15.43,1337208
15.77,1336512
15.84,1336422
16.05,1334646
16.14,1333984
16.29,1330475
16.31,1330058
16.39,1329396
16.46,1329085
16.56,1327173
16.9,1322418
17.08,1322021
17.12,1321521
17.38,1316141
17.55,1315597
17.74,1315479
17.97,1315255
18.06,1315040
18.1,1314935
18.1,1313646
18.12,1279233
18.59,1276322
19.12,1274771
19.29,1269242
19.75,1268342
19.93,1268166
0.03,9705239
0.04,9687287
0.04,9428694
0.05,9427951
0.05,9358331
0.05,9219279
0.05,9174716
0.06,9141657
0.06,9090232
0.07,9019182
0.07,9002694
0.07,8970382
0.08,8880523
0.09,8879544
0.1,8756974
0.1,8599977
0.11,8478958
0.12,8341657
0.13,8295868
0.13,8195951
0.13,7932033
0.14,7931830
0.15,7929222
0.15,7925922
0.16,7888685
0.16,7852843
0.17,7818771
0.17,7814612
0.17,7803446
0.17,7787928
0.17,7724241
0.18,7683882
0.19,7594550
0.19,7570013
0.19,7484092
0.21,7452567
0.22,7417420
0.22,7389309
0.23,7343428
0.24,7324130
0.24,7275482
0.26,7234147
0.27,7226979
0.27,7202524
0.27,7132681
0.28,7074370
0.29,6944477
0.29,6923285
0.3,6781417
0.3,6718094
0.31,6704891
0.32,6637386
0.33,6524503
0.34,6521174
0.34,6519033
0.34,6424353
0.38,6411859
0.39,6352388
0.39,6322175
0.41,6295214
0.41,6288102
0.41,6283645
0.42,6235521
0.43,6205475
0.45,6166999
0.45,6073285
0.46,6013626
0.47,5981854
0.47,5963253
0.49,5960376
0.5,5885428
0.51,5825681
0.52,5799566
0.52,5725681
0.54,5724905
0.55,5720482
0.55,5651772
0.64,5541548
0.67,5537831
0.68,5530712
0.69,5523463
0.71,5474521
0.71,5341709
0.72,5330218
0.74,5322057
0.74,5320895
0.75,5250418
0.75,5213033
0.76,5085952
0.77,4982910
0.78,4944607
0.78,4892140
0.8,4790605
0.87,4748526
0.92,4680820
0.93,4672463
0.93,4613322
0.95,4594898
0.95,4588048
0.95,4575364
0.98,4575309
0.99,4535202
1.04,4491337
1.06,4476415
1.07,4472921
1.09,4470173
1.1,4463380
1.11,4446954
1.12,4433305
1.12,4433302
1.13,4307498
1.16,4306332
1.17,4290226
1.18,4283820
1.2,4262191
1.22,4247892
1.27,4211501
1.29,4197336
1.32,4099237
1.34,4097493
1.36,4071770
1.36,4021664
1.39,3916353
1.4,3904336
1.44,3857230
1.44,3841876
1.45,3812117
1.49,3811414
1.51,3801879
1.53,3776635
1.54,3750964
1.62,3750742
1.64,3745981
1.65,3721331
1.7,3717617
1.75,3702454
1.77,3684929
1.77,3678016
1.79,3621337
1.79,3551802
1.89,3547344
1.9,3501429
1.91,3468407
1.95,3442072
2,3440500
2,3434076
2.01,3433619
2.01,3412741
2.04,3377718
2.06,3334797
2.09,3328469
2.18,3291908
2.18,3279207
2.24,3256409
2.27,3254675
2.27,3221668
2.33,3214139
2.36,3194263
2.39,3177721
2.4,3147016
2.41,3092510
2.43,3063418
2.46,3059808
2.47,3054647
2.48,3023041
2.48,3013992
2.48,3008089
2.51,2981062
2.53,2964875
2.56,2960114
2.58,2958108
2.59,2951580
2.59,2935594
2.61,2904227
2.64,2884459
2.66,2878522
2.69,2877676
2.69,2874124
2.72,2870945
2.75,2867320
2.76,2856705
2.76,2849395
2.77,2835228
2.79,2831091
2.8,2821087
2.81,2803442
2.86,2797000
2.88,2794387
2.91,2788752
2.94,2742028
2.95,2740893
2.96,2736368
2.96,2698144
2.97,2696957
3.02,2685864
3.09,2653556
3.17,2634855
3.21,2627385
3.22,2621361
3.23,2619419
3.28,2599534
3.29,2582716
3.31,2566243
3.31,2556811
3.36,2553643
3.37,2552714
3.4,2550500
3.41,2538984
3.44,2537205
3.52,2536809
3.54,2530125
3.56,2526609
3.56,2523822
3.6,2521195
3.61,2509471
3.61,2505452
3.61,2503542
3.63,2480155
3.66,2475588
3.67,2450679
3.68,2436623
3.72,2417566
3.76,2411993
3.78,2410341
3.78,2370423
3.84,2345842
3.86,2335392
3.88,2325677
3.9,2305513
3.97,2302965
4,2283935
4.02,2211189
4.03,2210864
4.05,2192428
4.08,2182827
4.18,2181611
4.18,2166543
4.39,2164279
4.41,2164145
4.46,2163183
4.46,2160821
4.47,2117348
4.47,2107418
4.52,2086795
4.54,2082736
4.6,2068097
4.63,2068060
4.67,2042816
4.69,2036187
4.75,2036065
4.78,2034527
4.78,2033517
4.78,1969143
4.82,1966595
4.83,1962326
4.86,1946731
4.9,1939976
4.94,1939763
4.96,1888254
5.03,1884505
5.05,1875456
5.07,1872999
5.1,1871692
5.1,1871532
5.11,1864159
5.11,1861138
5.13,1854961
5.17,1854585
5.18,1853766
5.2,1846986
5.22,1845382
5.23,1844616
5.26,1844530
5.27,1796220
5.3,1796078
5.31,1794255
5.35,1793905
5.35,1793776
5.43,1793458
5.45,1792272
5.45,1786307
5.47,1783408
5.52,1776424
5.6,1766528
5.62,1758157
5.64,1756564
5.65,1754957
5.73,1754214
5.74,1753038
5.74,1751419
5.79,1750070
5.97,1747540
5.97,1747207
5.99,1724696
6.05,1724642
6.14,1720615
6.21,1715591
6.24,1714340
6.26,1711842
6.33,1669760
6.34,1668021
6.4,1667896
6.4,1667403
6.41,1660149
6.41,1659268
6.42,1658045
6.43,1657846
6.44,1657193
6.45,1655008
6.47,1617798
6.5,1614960
6.57,1612280
6.71,1594314
6.73,1593775
6.81,1588317
6.85,1587778
6.88,1586582
6.89,1586418
6.96,1584825
7.09,1572092
7.21,1571717
7.26,1567420
7.33,1565016
7.4,1562405
7.44,1562374
7.75,1560964
7.78,1560864
7.8,1559374
7.81,1557402
7.86,1556033
7.93,1555959
8.07,1555634
8.16,1538377
8.28,1536601
8.3,1535416
8.3,1534178
8.32,1533577
8.33,1528593
8.42,1527864
8.43,1522465
8.43,1521826
8.45,1520975
8.54,1519009
8.77,1513888
8.94,1511189
9.13,1507731
9.33,1507720
9.39,1500582
9.41,1499773
9.43,1499411
9.5,1497878
9.63,1495764
9.65,1495189
9.77,1477435
9.94,1467477
10.05,1457730
10.11,1456773
10.3,1453067
10.31,1451398
10.5,1444273
10.64,1441876
10.83,1440616
10.88,1432624
10.97,1430658
11.17,1430330
11.17,1424533
11.3,1424149
11.32,1422460
11.62,1422360
11.66,1421983
11.82,1413916
12,1413826
12.09,1413352
12.23,1398921
12.3,1395369
12.34,1377944
12.59,1377834
12.6,1375134
12.67,1374379
12.75,1374123
12.77,1374075
12.88,1373911
12.91,1373515
13.01,1373039
13.13,1365602
13.25,1357685
13.46,1357209
13.46,1357167
13.67,1357090
13.79,1353189
14.03,1352364
14.12,1351850
14.13,1351828
14.23,1347610
14.23,1347588
14.29,1347453
14.3,1346884
14.54,1346285
14.57,1344319
14.6,1343754
14.66,1343197
14.79,1341635
14.85,1340819
14.94,1340694
15.22,1340489
15.28,1340374
15.32,1340169
15.35,1339558
15.48,1339390
15.51,1338689
15.56,1337208
15.88,1336512
15.94,1336422
16.11,1334646
16.16,1333984
16.26,1330475
16.28,1330058
16.35,1329396
16.42,1329085
16.5,1327173
16.82,1322418
16.93,1322021
16.96,1321521
17.2,1316141
17.37,1315597
17.54,1315479
17.75,1315255
17.84,1315040
17.87,1314935
17.87,1313646
17.9,1279233
18.35,1276322
18.85,1274771
19.02,1269242
19.4,1268342
19.55,1268166
