0.03,9812537
0.03,9811013
0.04,9733556
0.04,9412776
0.04,9300978
0.05,9113411
0.06,9082170
0.07,9026359
0.07,8989514
0.07,8955972
0.07,8942421
0.08,8916566
0.08,8892884
0.08,8860742
0.08,8669792
0.09,8669754
0.09,8621333
0.1,8613406
0.1,8603975
0.11,8602352
0.11,8416421
0.13,8357624
0.13,8268053
0.14,8197915
0.15,8166443
0.15,8126643
0.15,8028307
0.15,7987056
0.16,7911828
0.16,7866426
0.16,7860585
0.17,7840181
0.17,7713738
0.18,7617899
0.18,7593614
0.19,7521153
0.2,7487856
0.2,7382052
0.22,7364666
0.22,7323452
0.22,7322312
0.23,7285151
0.24,7259408
0.25,7196632
0.25,7122355
0.26,7122184
0.27,7101131
0.27,7093054
0.28,7083645
0.28,7078219
0.28,7068737
0.28,7054254
0.28,6959570
0.29,6948963
0.3,6906433
0.31,6845881
0.32,6775241
0.33,6736346
0.33,6722760
0.35,6700305
0.36,6681180
0.37,6635876
0.43,6634228
0.43,6617619
0.44,6605942
0.45,6537722
0.49,6527169
0.5,6500306
0.5,6498390
0.5,6491973
0.5,6464433
0.51,6376520
0.53,6296600
0.53,6289413
0.55,6252290
0.58,6249910
0.59,6183237
0.62,6174483
0.62,6170618
0.64,6146440
0.65,6134862
0.66,6117994
0.66,6073365
0.7,6053272
0.72,6042146
0.75,6015037
0.77,5862580
0.78,5840226
0.79,5769885
0.81,5750200
0.82,5721036
0.83,5673205
0.84,5672617
0.85,5625043
0.86,5335692
0.87,5301336
0.89,5296935
0.9,5251719
0.92,5234476
0.92,5229519
0.99,5221987
1,5189000
1.01,5185557
1.02,5184947
1.02,5184754
1.02,5132895
1.02,5082871
1.03,5049730
1.08,5040443
1.08,5029507
1.09,5006198
1.11,4930281
1.15,4828039
1.22,4809860
1.24,4751321
1.28,4710909
1.29,4683953
1.31,4644478
1.32,4641366
1.33,4637677
1.34,4620283
1.34,4619514
1.35,4525622
1.37,4524490
1.37,4465966
1.38,4464754
1.4,4420382
1.42,4269587
1.43,4254298
1.43,4241001
1.49,4207229
1.5,4122495
1.51,4121543
1.53,4119588
1.55,4105753
1.57,4102575
1.59,4101128
1.6,4081811
1.64,4074536
1.71,3994321
1.71,3987913
1.73,3985469
1.73,3985457
1.75,3983319
1.75,3888025
1.76,3884306
1.77,3884286
1.78,3881593
1.79,3867248
1.79,3851359
1.8,3849697
1.82,3779312
1.86,3774105
1.87,3757400
1.89,3742565
1.92,3733360
1.94,3702541
1.98,3700251
1.99,3662989
1.99,3661276
1.99,3624542
2,3620787
2.02,3577990
2.07,3567398
2.12,3566491
2.14,3561555
2.15,3558193
2.17,3551784
2.18,3548937
2.2,3548936
2.21,3548280
2.22,3539643
2.22,3539247
2.23,3531007
2.23,3528137
2.24,3499882
2.25,3485775
2.28,3479933
2.29,3466476
2.31,3452016
2.33,3445285
2.33,3431191
2.35,3399333
2.39,3399201
2.41,3329651
2.44,3217488
2.44,3212639
2.48,3197205
2.51,3178953
2.52,3148151
2.57,3140545
2.6,3136257
2.6,3129221
2.62,3125552
2.64,3123329
2.65,3123004
2.66,3115332
2.66,3114978
2.7,3114724
2.71,3092770
2.73,3081760
2.74,3080491
2.77,3063384
2.8,3061704
2.83,3055811
2.84,3038398
2.84,3031983
2.86,3017876
2.86,2942751
2.91,2936419
2.93,2934841
2.96,2934438
2.98,2931099
3.01,2920331
3.02,2912824
3.1,2903654
3.11,2888465
3.15,2884513
3.21,2881838
3.21,2841710
3.25,2840674
3.26,2821647
3.27,2814137
3.28,2812563
3.3,2782060
3.35,2746403
3.46,2744976
3.47,2686751
3.49,2676259
3.55,2675607
3.57,2672873
3.59,2670580
3.63,2669838
3.63,2650521
3.65,2627455
3.67,2625017
3.7,2620137
3.71,2619698
3.73,2618179
3.76,2611109
3.76,2584343
3.79,2580986
3.79,2578414
3.85,2575371
3.86,2573640
3.92,2572779
3.92,2570770
4,2568544
4.01,2566093
4.02,2557235
4.02,2556933
4.12,2514963
4.15,2514089
4.15,2510163
4.17,2508394
4.21,2507796
4.21,2507748
4.24,2507603
4.28,2507499
4.28,2506440
4.29,2500869
4.39,2492799
4.4,2477543
4.42,2406648
4.43,2383287
4.48,2379707
4.49,2375303
4.52,2346141
4.57,2345267
4.59,2344847
4.64,2336575
4.65,2328268
4.66,2327848
4.67,2324541
4.7,2322680
4.72,2320328
4.74,2314676
4.76,2308559
4.77,2308376
4.83,2300378
4.84,2288869
4.91,2287405
4.93,2256499
4.95,2256083
4.97,2252545
4.98,2252380
5.05,2223724
5.06,2192858
5.08,2191129
5.12,2189733
5.14,2187328
5.2,2158576
5.23,2154468
5.25,2142309
5.28,2119254
5.31,2106478
5.36,2098659
5.37,2093748
5.48,2093034
5.48,2091097
5.52,2078387
5.57,2078251
5.61,2077640
5.63,2075004
5.67,2062322
5.71,2059602
5.73,2059438
5.75,2057661
5.8,2044296
5.8,2040548
5.93,2039161
6.02,2038765
6.04,2037337
6.1,2036013
6.1,2034087
6.12,2028492
6.12,2008252
6.2,2005009
6.29,2003127
6.3,1990781
6.33,1990677
6.4,1989246
6.41,1949810
6.46,1943923
6.47,1942996
6.47,1934316
6.54,1932150
6.56,1931621
6.59,1929403
6.64,1922938
6.65,1920710
6.67,1920320
6.7,1914264
6.79,1911696
6.8,1905192
6.88,1904258
6.95,1903450
6.96,1899688
7.02,1898640
7.07,1895520
7.26,1892586
7.3,1890526
7.31,1889423
7.36,1880547
7.42,1868211
7.49,1864053
7.56,1863657
7.57,1860008
7.63,1855719
7.69,1852917
7.69,1852597
7.8,1851862
7.82,1849328
7.93,1846539
8.08,1846219
8.14,1842962
8.18,1840248
8.32,1838822
8.33,1838502
8.45,1837446
8.48,1812898
8.86,1808242
8.93,1781062
9.59,1773732
9.92,1773707
9.95,1773681
10.01,1771641
10.07,1770942
10.1,1770655
10.24,1768851
10.27,1730452
10.39,1730287
10.43,1729467
10.48,1725778
10.5,1723653
10.56,1687230
10.62,1684754
10.68,1680610
10.83,1680392
10.84,1680309
10.93,1680290
10.98,1676248
10.99,1675928
11.22,1650273
11.36,1648287
11.5,1646854
11.58,1646633
11.59,1645570
11.62,1644519
11.75,1643675
11.81,1627330
11.83,1585386
12.06,1585035
12.12,1582914
12.13,1576292
12.29,1552547
12.33,1549891
12.37,1541929
12.44,1537009
12.6,1499191
12.69,1499163
12.71,1498871
12.76,1498864
12.76,1498717
12.79,1497133
12.91,1496377
13.05,1496196
13.07,1494926
13.18,1491412
13.2,1482745
13.46,1482723
13.55,1482599
13.55,1482577
13.56,1482181
13.59,1481939
13.61,1474146
13.76,1473835
13.84,1473298
13.86,1472590
13.88,1466025
14.26,1465547
14.43,1460736
14.58,1458153
14.73,1457560
14.75,1451462
14.78,1451220
14.82,1450129
14.86,1449857
14.9,1446107
15.1,1445992
15.16,1445417
15.24,1445109
15.31,1444814
15.41,1441747
15.44,1441377
15.47,1408127
15.48,1407757
15.62,1407720
15.7,1406710
15.72,1406088
15.82,1319730
15.89,1319256
15.95,1315314
15.98,1314833
16.05,1311029
16.09,1307181
16.16,1306611
16.2,1306580
16.25,1303797
16.56,1302896
16.57,1302679
16.59,1263941
16.87,1263463
17.3,1263426
17.46,1263258
17.51,1263221
17.55,1262670
17.55,1262645
17.67,1262633
17.77,1259472
18.05,1254578
18.26,1249531
18.41,1249326
18.45,1248344
18.66,1248295
18.89,1248090
19.19,1244863
19.2,1244609
19.53,1244467
19.73,1244351
0.02,9812537
0.03,9811013
0.04,9733556
0.04,9412776
0.04,9300978
0.05,9113411
0.06,9082170
0.07,9026359
0.07,8989514
0.07,8955972
0.07,8942421
0.08,8916566
0.08,8892884
0.08,8860742
0.08,8669792
0.09,8669754
0.1,8621333
0.1,8613406
0.1,8603975
0.11,8602352
0.11,8416421
0.13,8357624
0.13,8268053
0.14,8197915
0.15,8166443
0.15,8126643
0.15,8028307
0.16,7987056
0.16,7911828
0.16,7866426
0.17,7860585
0.17,7840181
0.17,7713738
0.18,7617899
0.19,7593614
0.2,7521153
0.2,7487856
0.21,7382052
0.22,7364666
0.22,7323452
0.23,7322312
0.24,7285151
0.25,7259408
0.25,7196632
0.26,7122355
0.26,7122184
0.27,7101131
0.28,7093054
0.28,7083645
0.29,7078219
0.29,7068737
0.29,7054254
0.29,6959570
0.3,6948963
0.31,6906433
0.31,6845881
0.32,6775241
0.33,6736346
0.34,6722760
0.36,6700305
0.37,6681180
0.37,6635876
0.44,6634228
0.44,6617619
0.45,6605942
0.46,6537722
0.5,6527169
0.5,6500306
0.51,6498390
0.51,6491973
0.51,6464433
0.51,6376520
0.53,6296600
0.53,6289413
0.55,6252290
0.58,6249910
0.59,6183237
0.61,6174483
0.61,6170618
0.63,6146440
0.64,6134862
0.64,6117994
0.64,6073365
0.68,6053272
0.69,6042146
0.72,6015037
0.74,5862580
0.75,5840226
0.76,5769885
0.77,5750200
0.78,5721036
0.79,5673205
0.8,5672617
0.8,5625043
0.82,5335692
0.82,5301336
0.84,5296935
0.85,5251719
0.86,5234476
0.87,5229519
0.93,5221987
0.94,5189000
0.95,5185557
0.95,5184947
0.95,5184754
0.96,5132895
0.96,5082871
0.97,5049730
1.01,5040443
1.01,5029507
1.02,5006198
1.04,4930281
1.07,4828039
1.14,4809860
1.16,4751321
1.19,4710909
1.2,4683953
1.22,4644478
1.22,4641366
1.23,4637677
1.25,4620283
1.25,4619514
1.26,4525622
1.27,4524490
1.28,4465966
1.28,4464754
1.31,4420382
1.33,4269587
1.34,4254298
1.34,4241001
1.39,4207229
1.41,4122495
1.41,4121543
1.43,4119588
1.46,4105753
1.47,4102575
1.5,4101128
1.51,4081811
1.55,4074536
1.61,3994321
1.61,3987913
1.63,3985469
1.63,3985457
1.65,3983319
1.65,3888025
1.66,3884306
1.67,3884286
1.68,3881593
1.68,3867248
1.69,3851359
1.7,3849697
1.71,3779312
1.75,3774105
1.76,3757400
1.79,3742565
1.81,3733360
1.84,3702541
1.87,3700251
1.88,3662989
1.89,3661276
1.89,3624542
1.9,3620787
1.91,3577990
1.97,3567398
2.01,3566491
2.04,3561555
2.05,3558193
2.08,3551784
2.08,3548937
2.1,3548936
2.11,3548280
2.12,3539643
2.13,3539247
2.13,3531007
2.14,3528137
2.15,3499882
2.16,3485775
2.18,3479933
2.19,3466476
2.22,3452016
2.23,3445285
2.24,3431191
2.26,3399333
2.3,3399201
2.33,3329651
2.35,3217488
2.36,3212639
2.4,3197205
2.43,3178953
2.44,3148151
2.49,3140545
2.51,3136257
2.52,3129221
2.54,3125552
2.56,3123329
2.57,3123004
2.58,3115332
2.58,3114978
2.62,3114724
2.63,3092770
2.65,3081760
2.67,3080491
2.69,3063384
2.72,3061704
2.76,3055811
2.77,3038398
2.77,3031983
2.79,3017876
2.79,2942751
2.84,2936419
2.86,2934841
2.89,2934438
2.91,2931099
2.95,2920331
2.96,2912824
3.03,2903654
3.04,2888465
3.08,2884513
3.14,2881838
3.14,2841710
3.17,2840674
3.19,2821647
3.2,2814137
3.2,2812563
3.23,2782060
3.27,2746403
3.38,2744976
3.39,2686751
3.41,2676259
3.47,2675607
3.49,2672873
3.51,2670580
3.54,2669838
3.55,2650521
3.56,2627455
3.59,2625017
3.62,2620137
3.63,2619698
3.64,2618179
3.67,2611109
3.67,2584343
3.7,2580986
3.7,2578414
3.76,2575371
3.77,2573640
3.82,2572779
3.83,2570770
3.91,2568544
3.93,2566093
3.94,2557235
3.94,2556933
4.03,2514963
4.07,2514089
4.07,2510163
4.09,2508394
4.13,2507796
4.13,2507748
4.16,2507603
4.2,2507499
4.2,2506440
4.22,2500869
4.31,2492799
4.33,2477543
4.34,2406648
4.36,2383287
4.41,2379707
4.42,2375303
4.45,2346141
4.5,2345267
4.52,2344847
4.57,2336575
4.59,2328268
4.6,2327848
4.61,2324541
4.64,2322680
4.66,2320328
4.68,2314676
4.7,2308559
4.71,2308376
4.77,2300378
4.78,2288869
4.86,2287405
4.88,2256499
4.9,2256083
4.93,2252545
4.94,2252380
5,2223724
5.02,2192858
5.04,2191129
5.09,2189733
5.1,2187328
5.16,2158576
5.19,2154468
5.22,2142309
5.25,2119254
5.28,2106478
5.33,2098659
5.34,2093748
5.45,2093034
5.46,2091097
5.5,2078387
5.55,2078251
5.59,2077640
5.61,2075004
5.65,2062322
5.69,2059602
5.72,2059438
5.74,2057661
5.78,2044296
5.79,2040548
5.92,2039161
6.01,2038765
6.03,2037337
6.09,2036013
6.09,2034087
6.12,2028492
6.12,2008252
6.2,2005009
6.29,2003127
6.3,1990781
6.33,1990677
6.4,1989246
6.42,1949810
6.47,1943923
6.48,1942996
6.48,1934316
6.55,1932150
6.57,1931621
6.6,1929403
6.65,1922938
6.66,1920710
6.69,1920320
6.72,1914264
6.81,1911696
6.82,1905192
6.9,1904258
6.98,1903450
6.98,1899688
7.04,1898640
7.09,1895520
7.28,1892586
7.33,1890526
7.33,1889423
7.39,1880547
7.44,1868211
7.51,1864053
7.57,1863657
7.58,1860008
7.64,1855719
7.7,1852917
7.7,1852597
7.8,1851862
7.82,1849328
7.92,1846539
8.07,1846219
8.13,1842962
8.17,1840248
8.29,1838822
8.3,1838502
8.4,1837446
8.43,1812898
8.7,1808242
8.74,1781062
9.09,1773732
9.28,1773707
9.29,1773681
9.34,1771641
9.4,1770942
9.42,1770655
9.54,1768851
9.57,1730452
9.68,1730287
9.72,1729467
9.76,1725778
9.79,1723653
9.85,1687230
9.92,1684754
9.98,1680610
10.12,1680392
10.13,1680309
10.2,1680290
10.25,1676248
10.26,1675928
10.43,1650273
10.55,1648287
10.68,1646854
10.75,1646633
10.76,1645570
10.78,1644519
10.9,1643675
10.96,1627330
10.97,1585386
11.11,1585035
11.17,1582914
11.17,1576292
11.31,1552547
11.36,1549891
11.39,1541929
11.45,1537009
11.59,1499191
11.66,1499163
11.67,1498871
11.71,1498864
11.71,1498717
11.73,1497133
11.83,1496377
11.96,1496196
11.98,1494926
12.08,1491412
12.1,1482745
12.34,1482723
12.42,1482599
12.42,1482577
12.43,1482181
12.45,1481939
12.46,1474146
12.54,1473835
12.58,1473298
12.59,1472590
12.6,1466025
12.78,1465547
12.89,1460736
13.01,1458153
13.11,1457560
13.13,1451462
13.15,1451220
13.18,1450129
13.21,1449857
13.24,1446107
13.4,1445992
13.46,1445417
13.54,1445109
13.61,1444814
13.72,1441747
13.75,1441377
13.78,1408127
13.8,1407757
13.94,1407720
14.02,1406710
14.04,1406088
14.13,1319730
14.2,1319256
14.25,1315314
14.28,1314833
14.35,1311029
14.39,1307181
14.47,1306611
14.5,1306580
14.56,1303797
14.87,1302896
14.88,1302679
14.9,1263941
15.19,1263463
15.64,1263426
15.81,1263258
15.86,1263221
15.9,1262670
15.9,1262645
16.03,1262633
16.13,1259472
16.42,1254578
16.64,1249531
16.81,1249326
16.85,1248344
17.07,1248295
17.31,1248090
17.62,1244863
17.63,1244609
17.98,1244467
18.2,1244351
18.66,1244337
18.99,1243265
19.02,1241775
19.37,1241144
