0.03,9812537
0.03,9741447
0.04,9714249
0.04,9584245
0.04,9505964
0.05,9304299
0.06,9205335
0.06,9068307
0.07,9035889
0.08,8949307
0.08,8948801
0.08,8862700
0.09,8747271
0.09,8744376
0.1,8602408
0.1,8600472
0.1,8563809
0.11,8531141
0.11,8529984
0.11,8460804
0.12,8458896
0.12,8210319
0.13,8199404
0.13,8190951
0.13,8157687
0.14,8025595
0.14,7926222
0.15,7721561
0.15,7554864
0.17,7480753
0.18,7429010
0.18,7425292
0.18,7416824
0.19,7230032
0.19,7191453
0.2,7183573
0.2,7149076
0.2,7071789
0.22,6989603
0.25,6981267
0.25,6955173
0.25,6902997
0.25,6897334
0.26,6869862
0.27,6864668
0.27,6824366
0.3,6813450
0.3,6784910
0.3,6758117
0.32,6670085
0.32,6659365
0.33,6634018
0.33,6571775
0.35,6507659
0.36,6493669
0.36,6421957
0.37,6329007
0.37,6324798
0.38,6273446
0.38,6195270
0.39,6126559
0.4,6113172
0.41,6098184
0.43,6080042
0.44,5997607
0.46,5996191
0.46,5993248
0.47,5921794
0.48,5868643
0.48,5864860
0.49,5861437
0.5,5746678
0.52,5713005
0.55,5678616
0.57,5649089
0.58,5612556
0.58,5579122
0.61,5515425
0.64,5495746
0.66,5488459
0.67,5481904
0.68,5455153
0.7,5397881
0.76,5393133
0.76,5354969
0.78,5336759
0.79,5294790
0.81,5267771
0.83,5176729
0.85,5173824
0.86,5173020
0.89,5162183
0.91,5136704
0.91,5108321
0.93,5102829
0.94,5073645
0.94,5061055
0.95,4999292
0.97,4991761
0.98,4943708
0.99,4941687
1.02,4930564
1.05,4908616
1.06,4890609
1.07,4888460
1.08,4872312
1.11,4856951
1.13,4856074
1.14,4836666
1.16,4787781
1.2,4778070
1.2,4771250
1.23,4728604
1.23,4722556
1.24,4639863
1.26,4637261
1.27,4589670
1.27,4583540
1.29,4541808
1.3,4538298
1.3,4510153
1.32,4502810
1.33,4502457
1.36,4500452
1.36,4470687
1.36,4470436
1.38,4421329
1.39,4407751
1.4,4407111
1.41,4376815
1.45,4254093
1.48,4251188
1.49,4232298
1.49,4232211
1.51,4220321
1.52,4216948
1.57,4214418
1.6,4210149
1.62,4198528
1.63,4195879
1.64,4181077
1.66,4165798
1.68,4162594
1.7,4150292
1.72,4140936
1.73,4130989
1.75,4089276
1.84,4087500
1.85,4084802
1.86,4076860
1.87,4061608
1.88,4056524
1.89,4049582
1.89,4049339
1.91,4031906
1.92,4031553
1.93,4021231
1.95,4013353
1.95,3950988
1.96,3936891
1.98,3870030
2,3861614
2,3853862
2.01,3836940
2.01,3793557
2.04,3785700
2.05,3783609
2.07,3767702
2.07,3739659
2.09,3737526
2.09,3736477
2.1,3732762
2.13,3731669
2.15,3725851
2.15,3718596
2.18,3711077
2.2,3632696
2.21,3605464
2.22,3590743
2.26,3558248
2.29,3515912
2.32,3509409
2.32,3481874
2.33,3481499
2.36,3475333
2.39,3469711
2.4,3462509
2.42,3441613
2.44,3404200
2.51,3400412
2.52,3399025
2.52,3390484
2.58,3390398
2.59,3389216
2.59,3316895
2.59,3303976
2.63,3301031
2.64,3256766
2.67,3256117
2.68,3160600
2.69,3159008
2.7,3148421
2.7,3095942
2.71,3075538
2.8,3075337
2.8,3064567
2.8,2973223
2.82,2969464
2.83,2968701
2.85,2942041
2.89,2941114
2.89,2936057
2.9,2935809
2.91,2916171
2.91,2908707
2.93,2858362
2.94,2854402
2.96,2852887
2.98,2850440
2.98,2849513
3.03,2840602
3.04,2837834
3.06,2828520
3.08,2828092
3.09,2795816
3.11,2793118
3.11,2787041
3.13,2780399
3.16,2777791
3.18,2777773
3.19,2759775
3.25,2758425
3.26,2757382
3.28,2746956
3.34,2745602
3.35,2744780
3.38,2737851
3.43,2723679
3.44,2717209
3.47,2716900
3.48,2716857
3.51,2716027
3.51,2708980
3.56,2696662
3.56,2656277
3.6,2654891
3.61,2640725
3.65,2637491
3.65,2634772
3.73,2631177
3.76,2629890
3.79,2625891
3.79,2623565
3.81,2620136
3.84,2619771
3.85,2619287
3.85,2614362
3.88,2593113
3.94,2587129
3.94,2586809
3.97,2577802
3.97,2577128
3.98,2574210
4.02,2562543
4.03,2546022
4.07,2545438
4.11,2542701
4.13,2532570
4.13,2529396
4.16,2529228
4.17,2524239
4.18,2523569
4.21,2519715
4.21,2516178
4.26,2493720
4.36,2491510
4.38,2490149
4.43,2480018
4.45,2454312
4.46,2453790
4.49,2444247
4.53,2430851
4.55,2429078
4.56,2412162
4.61,2402940
4.68,2398018
4.68,2334396
4.69,2290559
4.72,2235460
4.75,2231041
4.76,2215326
4.87,2213342
4.88,2211384
4.9,2205966
4.91,2147107
4.93,2131390
4.96,2128224
4.97,2114093
4.97,2105217
4.98,2104433
5,2103147
5.03,2098487
5.05,2090022
5.24,2089066
5.34,2066019
5.44,2064811
5.56,2054235
5.59,2054141
5.62,2050759
5.77,2047416
5.85,2044582
5.86,2036364
6.03,2020372
6.07,2018943
6.13,2015157
6.19,2010722
6.27,2006514
6.32,2006444
6.32,2004662
6.39,2002365
6.39,2001857
6.43,2000897
6.69,1993223
6.73,1987511
6.74,1951470
6.77,1946190
6.79,1942651
6.87,1939960
6.95,1934512
7.04,1933109
7.07,1931049
7.22,1930168
7.42,1927201
7.43,1924277
7.47,1902348
7.54,1896007
7.57,1893895
7.59,1843649
7.65,1842343
7.75,1834213
7.84,1824242
8.36,1824146
8.46,1823474
8.54,1804190
8.59,1779445
8.69,1775777
8.71,1774121
8.81,1763415
8.87,1758238
8.98,1757211
9.07,1754125
9.09,1749013
9.15,1746317
9.31,1746309
9.35,1740503
9.36,1739151
9.41,1736212
9.49,1729419
9.52,1712644
9.6,1709391
9.7,1708397
9.71,1706771
9.82,1701170
9.91,1698749
10.02,1698319
10.15,1679430
10.2,1676506
10.24,1673420
10.34,1672825
10.57,1668211
10.66,1667043
10.68,1658950
10.75,1654100
10.78,1653857
10.8,1653037
10.88,1651077
10.9,1649946
10.99,1648541
10.99,1635360
11,1631529
11,1630864
11,1603946
11.05,1582921
11.06,1578971
11.09,1578079
11.48,1578070
11.49,1577941
11.52,1574081
11.57,1573905
11.62,1573356
11.76,1572000
11.78,1567012
11.83,1565960
12.07,1565543
12.12,1559084
12.12,1558532
12.56,1558186
12.64,1557998
12.65,1557375
12.87,1552124
12.88,1521933
13.04,1520574
13.33,1519065
13.48,1518765
13.6,1518539
13.61,1517499
13.84,1513286
13.88,1504159
13.91,1503523
14.38,1503316
14.49,1502593
14.5,1500940
14.58,1500556
14.99,1498099
15.23,1497430
15.43,1497201
15.5,1497135
15.59,1496095
15.64,1495199
15.66,1494962
15.72,1475579
15.73,1475540
15.77,1475513
15.78,1475231
15.81,1473219
15.82,1473153
15.87,1472439
15.89,1472238
16.08,1472109
16.18,1472043
16.18,1459939
16.27,1459837
16.28,1459806
16.28,1459057
16.31,1457798
16.52,1457402
16.57,1456512
16.66,1455861
16.75,1455435
16.76,1454777
16.82,1453311
17.02,1453057
17.3,1447125
18.21,1446924
18.65,1445572
18.71,1445430
18.93,1443170
18.95,1440014
0.02,9812537
0.03,9741447
0.03,9714249
0.03,9584245
0.03,9505964
0.04,9304299
0.05,9205335
0.05,9068307
0.05,9035889
0.06,8949307
0.06,8948801
0.07,8862700
0.07,8747271
0.08,8744376
0.08,8602408
0.08,8600472
0.08,8563809
0.09,8531141
0.09,8529984
0.1,8460804
0.1,8458896
0.11,8210319
0.11,8199404
0.12,8190951
0.12,8157687
0.13,8025595
0.13,7926222
0.13,7721561
0.14,7554864
0.16,7480753
0.17,7429010
0.17,7425292
0.17,7416824
0.17,7230032
0.18,7191453
0.19,7183573
0.19,7149076
0.19,7071789
0.21,6989603
0.23,6981267
0.23,6955173
0.23,6902997
0.24,6897334
0.25,6869862
0.26,6864668
0.26,6824366
0.29,6813450
0.29,6784910
0.29,6758117
0.31,6670085
0.32,6659365
0.33,6634018
0.33,6571775
0.35,6507659
0.35,6493669
0.36,6421957
0.37,6329007
0.37,6324798
0.38,6273446
0.38,6195270
0.39,6126559
0.4,6113172
0.42,6098184
0.43,6080042
0.44,5997607
0.46,5996191
0.46,5993248
0.47,5921794
0.48,5868643
0.48,5864860
0.49,5861437
0.5,5746678
0.52,5713005
0.55,5678616
0.57,5649089
0.58,5612556
0.58,5579122
0.61,5515425
0.66,5495746
0.67,5488459
0.69,5481904
0.7,5455153
0.72,5397881
0.78,5393133
0.78,5354969
0.81,5336759
0.81,5294790
0.83,5267771
0.85,5176729
0.88,5173824
0.89,5173020
0.92,5162183
0.95,5136704
0.95,5108321
0.97,5102829
0.97,5073645
0.98,5061055
0.99,4999292
1.01,4991761
1.03,4943708
1.04,4941687
1.07,4930564
1.1,4908616
1.11,4890609
1.11,4888460
1.12,4872312
1.15,4856951
1.17,4856074
1.18,4836666
1.2,4787781
1.23,4778070
1.24,4771250
1.26,4728604
1.26,4722556
1.27,4639863
1.28,4637261
1.29,4589670
1.29,4583540
1.32,4541808
1.33,4538298
1.33,4510153
1.34,4502810
1.35,4502457
1.38,4500452
1.38,4470687
1.38,4470436
1.41,4421329
1.41,4407751
1.42,4407111
1.44,4376815
1.48,4254093
1.51,4251188
1.52,4232298
1.52,4232211
1.54,4220321
1.54,4216948
1.6,4214418
1.64,4210149
1.66,4198528
1.67,4195879
1.68,4181077
1.7,4165798
1.72,4162594
1.74,4150292
1.77,4140936
1.78,4130989
1.8,4089276
1.9,4087500
1.92,4084802
1.92,4076860
1.95,4061608
1.96,4056524
1.97,4049582
1.97,4049339
1.99,4031906
2,4031553
2.02,4021231
2.04,4013353
2.04,3950988
2.05,3936891
2.07,3870030
2.09,3861614
2.09,3853862
2.1,3836940
2.1,3793557
2.13,3785700
2.14,3783609
2.16,3767702
2.17,3739659
2.18,3737526
2.19,3736477
2.2,3732762
2.23,3731669
2.25,3725851
2.26,3718596
2.29,3711077
2.31,3632696
2.31,3605464
2.33,3590743
2.38,3558248
2.4,3515912
2.43,3509409
2.43,3481874
2.44,3481499
2.48,3475333
2.5,3469711
2.52,3462509
2.53,3441613
2.55,3404200
2.64,3400412
2.65,3399025
2.65,3390484
2.72,3390398
2.73,3389216
2.74,3316895
2.74,3303976
2.79,3301031
2.81,3256766
2.84,3256117
2.85,3160600
2.87,3159008
2.88,3148421
2.88,3095942
2.89,3075538
2.97,3075337
2.98,3064567
2.98,2973223
3,2969464
3,2968701
3.03,2942041
3.06,2941114
3.07,2936057
3.08,2935809
3.09,2916171
3.09,2908707
3.11,2858362
3.12,2854402
3.15,2852887
3.16,2850440
3.17,2849513
3.22,2840602
3.24,2837834
3.26,2828520
3.29,2828092
3.3,2795816
3.32,2793118
3.32,2787041
3.35,2780399
3.39,2777791
3.41,2777773
3.42,2759775
3.5,2758425
3.52,2757382
3.53,2746956
3.59,2745602
3.61,2744780
3.63,2737851
3.7,2723679
3.71,2717209
3.74,2716900
3.76,2716857
3.79,2716027
3.79,2708980
3.84,2696662
3.85,2656277
3.89,2654891
3.9,2640725
3.95,2637491
3.95,2634772
4.05,2631177
4.09,2629890
4.12,2625891
4.13,2623565
4.15,2620136
4.18,2619771
4.19,2619287
4.19,2614362
4.22,2593113
4.3,2587129
4.3,2586809
4.32,2577802
4.32,2577128
4.34,2574210
4.38,2562543
4.4,2546022
4.45,2545438
4.49,2542701
4.51,2532570
4.52,2529396
4.54,2529228
4.55,2524239
4.57,2523569
4.6,2519715
4.6,2516178
4.65,2493720
4.74,2491510
4.77,2490149
4.81,2480018
4.82,2454312
4.83,2453790
4.87,2444247
4.93,2430851
4.95,2429078
4.96,2412162
5.01,2402940
5.08,2398018
5.08,2334396
5.1,2290559
5.14,2235460
5.17,2231041
5.18,2215326
5.3,2213342
5.32,2211384
5.34,2205966
5.36,2147107
5.38,2131390
5.42,2128224
5.43,2114093
5.44,2105217
5.45,2104433
5.46,2103147
5.5,2098487
5.52,2090022
5.66,2089066
5.7,2066019
5.75,2064811
5.86,2054235
5.89,2054141
5.91,2050759
6.01,2047416
6.08,2044582
6.09,2036364
6.27,2020372
6.3,2018943
6.36,2015157
6.43,2010722
6.52,2006514
6.56,2006444
6.57,2004662
6.63,2002365
6.64,2001857
6.68,2000897
6.95,1993223
6.99,1987511
7,1951470
7.03,1946190
7.04,1942651
7.12,1939960
7.18,1934512
7.24,1933109
7.26,1931049
7.34,1930168
7.41,1927201
7.41,1924277
7.46,1902348
7.52,1896007
7.55,1893895
7.57,1843649
7.61,1842343
7.69,1834213
7.72,1824242
8,1824146
8.11,1823474
8.2,1804190
8.25,1779445
8.35,1775777
8.36,1774121
8.43,1763415
8.46,1758238
8.53,1757211
8.59,1754125
8.61,1749013
8.68,1746317
8.82,1746309
8.85,1740503
8.86,1739151
8.91,1736212
8.98,1729419
9.01,1712644
9.06,1709391
9.11,1708397
9.11,1706771
9.2,1701170
9.27,1698749
9.37,1698319
9.48,1679430
9.52,1676506
9.56,1673420
9.62,1672825
9.72,1668211
9.78,1667043
9.8,1658950
9.87,1654100
9.89,1653857
9.91,1653037
9.97,1651077
10,1649946
10.08,1648541
10.08,1635360
10.09,1631529
10.09,1630864
10.09,1603946
10.13,1582921
10.14,1578971
10.16,1578079
10.42,1578070
10.42,1577941
10.44,1574081
10.49,1573905
10.56,1573356
10.69,1572000
10.7,1567012
10.75,1565960
10.96,1565543
10.99,1559084
11,1558532
11.24,1558186
11.31,1557998
11.32,1557375
11.55,1552124
11.56,1521933
11.69,1520574
11.99,1519065
12.15,1518765
12.26,1518539
12.26,1517499
12.38,1513286
12.4,1504159
12.41,1503523
12.55,1503316
12.58,1502593
12.59,1500940
12.64,1500556
12.89,1498099
13.06,1497430
13.27,1497201
13.34,1497135
13.44,1496095
13.48,1495199
13.5,1494962
13.58,1475579
13.58,1475540
13.63,1475513
13.64,1475231
13.67,1473219
13.68,1473153
13.75,1472439
13.77,1472238
13.9,1472109
13.99,1472043
14,1459939
14.1,1459837
14.1,1459806
14.11,1459057
14.13,1457798
14.37,1457402
14.44,1456512
14.54,1455861
14.65,1455435
14.66,1454777
14.73,1453311
14.98,1453057
15.59,1447125
16.95,1446924
17.55,1445572
17.69,1445430
18,1443170
18.02,1440014
19.02,1439872
19.08,1431332
19.21,1430867
19.29,1430696
19.52,1429802
19.53,1424795
19.94,1424650
19.96,1424641
