0.02,9812537
0.03,9729294
0.03,9572680
0.03,9545498
0.04,9403920
0.04,9294601
0.04,9261948
0.04,9136662
0.05,9133584
0.05,9122403
0.05,9090187
0.05,8858274
0.07,8854551
0.07,8851340
0.08,8843577
0.08,8782875
0.08,8751089
0.09,8628369
0.09,8591936
0.09,8525043
0.1,8422304
0.11,8391298
0.12,8315902
0.12,8292890
0.12,8291783
0.13,8072756
0.13,8060479
0.13,8054934
0.14,7947473
0.15,7892531
0.16,7542730
0.16,7480649
0.18,7479663
0.18,7463722
0.18,7459346
0.18,7457428
0.18,7324120
0.19,7186588
0.19,7175559
0.19,7100630
0.2,7063554
0.22,7015532
0.24,6992964
0.25,6941448
0.26,6910312
0.26,6860673
0.27,6731871
0.27,6605000
0.27,6592786
0.28,6579170
0.28,6542716
0.29,6537181
0.31,6434109
0.32,6424190
0.33,6387299
0.34,6350329
0.34,6348547
0.34,6343468
0.35,6322892
0.35,6298871
0.35,6279679
0.36,6193692
0.39,6155081
0.41,6074112
0.42,6056896
0.42,6054335
0.42,6043408
0.43,5980619
0.44,5960864
0.44,5950393
0.45,5949215
0.46,5830923
0.52,5825233
0.52,5806056
0.52,5755702
0.53,5734861
0.55,5695090
0.55,5631495
0.57,5582193
0.59,5582042
0.6,5574992
0.61,5536011
0.62,5531046
0.62,5530651
0.62,5509930
0.64,5492461
0.64,5428936
0.66,5413669
0.66,5397000
0.67,5268799
0.68,5173840
0.7,5161049
0.7,5150988
0.71,5043886
0.73,4921655
0.73,4895124
0.74,4857682
0.74,4790447
0.75,4760198
0.77,4732770
0.77,4699484
0.81,4673219
0.81,4652884
0.89,4642839
0.89,4623036
0.95,4577508
0.98,4559050
0.99,4542508
0.99,4533086
1.01,4503054
1.05,4501339
1.07,4489525
1.07,4472190
1.08,4439355
1.12,4436531
1.18,4434496
1.18,4418023
1.18,4410302
1.19,4409314
1.19,4309525
1.19,4308750
1.2,4293191
1.22,4219513
1.23,4137219
1.26,4121844
1.29,4112636
1.29,4103848
1.32,4091363
1.32,4077777
1.33,4074840
1.34,4043249
1.34,4037315
1.35,3962368
1.44,3921101
1.49,3913733
1.51,3855878
1.51,3839277
1.53,3838744
1.55,3834390
1.55,3823353
1.56,3812614
1.57,3812011
1.57,3807155
1.57,3798810
1.58,3777297
1.6,3766612
1.61,3744843
1.62,3729805
1.62,3725862
1.62,3724013
1.64,3717975
1.64,3644189
1.64,3642890
1.65,3639442
1.66,3639102
1.66,3636931
1.66,3622938
1.67,3605163
1.67,3603676
1.7,3595351
1.7,3583034
1.7,3581608
1.7,3568241
1.7,3566754
1.72,3459496
1.72,3437506
1.72,3411738
1.74,3403060
1.76,3377735
1.77,3375579
1.79,3371959
1.81,3371958
1.82,3329792
1.83,3289864
1.85,3277871
1.85,3275873
1.86,3275690
1.86,3275087
1.86,3233213
1.87,3226111
1.9,3221439
1.93,3217637
1.94,3210892
1.96,3146366
1.96,3141255
1.99,3140929
2.01,3138428
2.02,3133403
2.02,3113932
2.04,3113917
2.07,3050472
2.1,3040841
2.13,3029247
2.16,2971113
2.19,2968893
2.21,2966116
2.21,2906155
2.22,2893345
2.23,2828645
2.29,2828413
2.3,2824230
2.3,2796264
2.37,2784037
2.37,2699637
2.4,2686294
2.43,2678037
2.46,2676504
2.47,2639789
2.47,2638717
2.48,2606081
2.53,2603365
2.58,2564652
2.6,2539835
2.6,2535698
2.61,2533974
2.64,2531899
2.65,2514273
2.67,2514087
2.67,2504508
2.69,2503313
2.71,2498156
2.72,2496862
2.72,2489037
2.73,2479141
2.76,2473064
2.77,2462412
2.8,2451724
2.85,2415567
2.89,2411305
2.92,2410945
2.94,2384495
2.94,2378235
2.95,2374545
2.96,2349658
2.99,2349317
3.01,2348547
3.06,2344388
3.06,2333398
3.07,2331863
3.08,2331855
3.1,2318988
3.12,2318631
3.13,2312554
3.14,2287493
3.17,2230327
3.22,2219172
3.26,2218711
3.27,2209291
3.29,2205892
3.29,2202769
3.3,2192498
3.32,2177608
3.37,2177285
3.39,2144143
3.41,2140671
3.44,2140670
3.45,2138038
3.47,2132448
3.49,2132239
3.5,2124833
3.52,2122200
3.59,2117900
3.6,2107228
3.62,2079678
3.65,2073793
3.67,2073722
3.67,2070574
3.74,2052222
3.8,2050009
3.8,2041428
3.81,2040099
3.88,2033197
3.89,2032340
3.91,2030818
3.93,2025403
3.93,2021506
3.94,2021006
3.94,2020533
3.96,2019801
3.97,2006971
4.02,2006809
4.04,2005766
4.11,2002258
4.2,1994353
4.23,1993875
4.24,1980874
4.25,1980428
4.29,1978589
4.38,1976142
4.38,1975230
4.39,1966823
4.51,1960863
4.56,1960849
4.57,1959785
4.57,1953249
4.61,1949558
4.62,1928954
4.64,1926032
4.64,1925572
4.7,1924926
4.7,1923255
4.74,1922370
4.74,1922024
4.77,1878051
4.84,1877008
4.85,1876346
4.86,1876240
4.87,1874832
4.88,1870834
4.99,1821614
5.01,1819546
5.01,1816454
5.03,1812851
5.17,1808462
5.18,1807604
5.31,1806232
5.46,1804220
5.49,1803558
5.67,1802354
5.7,1802281
5.7,1799011
5.73,1784708
5.78,1760928
5.85,1760489
5.9,1739814
5.93,1737753
5.94,1737187
5.97,1730276
5.99,1728810
6,1728041
6.03,1720264
6.06,1702855
6.12,1695187
6.12,1667795
6.18,1667425
6.23,1665235
6.24,1664065
6.33,1616397
6.38,1605596
6.4,1604921
6.45,1602989
6.49,1601708
6.56,1592771
6.63,1586783
6.7,1582504
6.75,1573968
6.92,1572674
7.05,1572151
7.09,1562035
7.12,1561989
7.15,1554955
7.24,1546014
7.31,1539861
7.37,1539081
7.37,1538761
7.4,1538572
7.51,1529729
7.56,1529587
7.76,1527933
7.78,1527083
7.79,1526121
7.79,1526008
7.88,1525986
7.91,1524940
7.93,1524569
8.16,1522846
8.23,1522221
8.45,1521313
8.47,1517223
8.52,1516823
8.84,1516116
8.89,1514339
9.11,1513977
9.17,1512049
9.22,1512027
9.24,1501471
9.39,1499337
9.39,1477837
9.41,1477517
9.49,1476804
9.68,1471681
9.74,1470991
9.82,1467836
9.83,1457295
9.86,1456618
9.92,1456596
9.97,1452610
10.14,1452132
10.2,1448243
10.31,1448221
10.39,1448035
10.5,1443125
10.73,1442755
10.78,1442203
11.54,1441375
11.6,1440832
12.06,1440105
12.06,1440012
12.18,1439495
12.34,1431897
12.55,1430846
12.97,1427761
13.4,1398380
13.41,1397355
13.45,1396628
13.56,1394321
13.84,1390478
14.45,1389918
14.63,1386761
14.96,1361956
15.3,1360367
15.51,1359634
15.74,1358605
16.31,1358586
16.42,1356951
16.61,1338388
17.29,1338018
17.41,1322338
17.89,1321047
17.93,1316570
18.78,1316249
18.91,1312983
0.03,9812537
0.03,9729294
0.03,9572680
0.03,9545498
0.04,9403920
0.05,9294601
0.06,9261948
0.06,9136662
0.06,9133584
0.06,9122403
0.07,9090187
0.08,8858274
0.1,8854551
0.11,8851340
0.11,8843577
0.11,8782875
0.12,8751089
0.12,8628369
0.13,8591936
0.14,8525043
0.14,8422304
0.16,8391298
0.17,8315902
0.17,8292890
0.18,8291783
0.18,8072756
0.19,8060479
0.19,8054934
0.2,7947473
0.22,7892531
0.22,7542730
0.23,7480649
0.24,7479663
0.25,7463722
0.25,7459346
0.25,7457428
0.25,7324120
0.26,7186588
0.26,7175559
0.26,7100630
0.28,7063554
0.29,7015532
0.32,6992964
0.33,6941448
0.34,6910312
0.34,6860673
0.34,6731871
0.35,6605000
0.35,6592786
0.36,6579170
0.36,6542716
0.37,6537181
0.4,6434109
0.4,6424190
0.42,6387299
0.43,6350329
0.43,6348547
0.44,6343468
0.45,6322892
0.45,6298871
0.46,6279679
0.47,6193692
0.5,6155081
0.52,6074112
0.53,6056896
0.53,6054335
0.54,6043408
0.54,5980619
0.56,5960864
0.56,5950393
0.58,5949215
0.59,5830923
0.65,5825233
0.65,5806056
0.65,5755702
0.67,5734861
0.69,5695090
0.69,5631495
0.71,5582193
0.73,5582042
0.74,5574992
0.75,5536011
0.76,5531046
0.76,5530651
0.76,5509930
0.78,5492461
0.78,5428936
0.8,5413669
0.8,5397000
0.81,5268799
0.83,5173840
0.84,5161049
0.85,5150988
0.86,5043886
0.88,4921655
0.88,4895124
0.89,4857682
0.89,4790447
0.9,4760198
0.93,4732770
0.94,4699484
0.99,4673219
0.99,4652884
1.08,4642839
1.09,4623036
1.15,4577508
1.18,4559050
1.19,4542508
1.19,4533086
1.22,4503054
1.26,4501339
1.28,4489525
1.28,4472190
1.28,4439355
1.33,4436531
1.39,4434496
1.39,4418023
1.4,4410302
1.4,4409314
1.4,4309525
1.41,4308750
1.42,4293191
1.44,4219513
1.45,4137219
1.48,4121844
1.51,4112636
1.52,4103848
1.55,4091363
1.56,4077777
1.56,4074840
1.57,4043249
1.58,4037315
1.58,3962368
1.69,3921101
1.75,3913733
1.78,3855878
1.79,3839277
1.81,3838744
1.83,3834390
1.84,3823353
1.85,3812614
1.86,3812011
1.86,3807155
1.87,3798810
1.88,3777297
1.9,3766612
1.91,3744843
1.92,3729805
1.93,3725862
1.93,3724013
1.95,3717975
1.95,3644189
1.95,3642890
1.95,3639442
1.97,3639102
1.98,3636931
1.98,3622938
1.98,3605163
1.98,3603676
2.01,3595351
2.01,3583034
2.02,3581608
2.02,3568241
2.02,3566754
2.04,3459496
2.04,3437506
2.04,3411738
2.06,3403060
2.08,3377735
2.1,3375579
2.12,3371959
2.14,3371958
2.15,3329792
2.16,3289864
2.19,3277871
2.2,3275873
2.2,3275690
2.2,3275087
2.21,3233213
2.21,3226111
2.25,3221439
2.3,3217637
2.32,3210892
2.34,3146366
2.35,3141255
2.38,3140929
2.41,3138428
2.41,3133403
2.42,3113932
2.44,3113917
2.47,3050472
2.5,3040841
2.53,3029247
2.58,2971113
2.61,2968893
2.64,2966116
2.64,2906155
2.64,2893345
2.66,2828645
2.76,2828413
2.77,2824230
2.77,2796264
2.85,2784037
2.85,2699637
2.88,2686294
2.92,2678037
2.94,2676504
2.95,2639789
2.96,2638717
2.97,2606081
3.01,2603365
3.08,2564652
3.12,2539835
3.13,2535698
3.14,2533974
3.19,2531899
3.19,2514273
3.22,2514087
3.22,2504508
3.24,2503313
3.27,2498156
3.27,2496862
3.28,2489037
3.3,2479141
3.33,2473064
3.35,2462412
3.4,2451724
3.47,2415567
3.51,2411305
3.54,2410945
3.56,2384495
3.57,2378235
3.58,2374545
3.59,2349658
3.62,2349317
3.66,2348547
3.71,2344388
3.71,2333398
3.72,2331863
3.74,2331855
3.75,2318988
3.77,2318631
3.78,2312554
3.8,2287493
3.84,2230327
3.91,2219172
3.97,2218711
3.98,2209291
4,2205892
4,2202769
4.01,2192498
4.03,2177608
4.1,2177285
4.16,2144143
4.19,2140671
4.24,2140670
4.25,2138038
4.26,2132448
4.29,2132239
4.3,2124833
4.32,2122200
4.41,2117900
4.42,2107228
4.43,2079678
4.47,2073793
4.48,2073722
4.49,2070574
4.57,2052222
4.62,2050009
4.63,2041428
4.64,2040099
4.71,2033197
4.73,2032340
4.75,2030818
4.76,2025403
4.76,2021506
4.78,2021006
4.78,2020533
4.8,2019801
4.81,2006971
4.87,2006809
4.89,2005766
4.96,2002258
5.06,1994353
5.08,1993875
5.1,1980874
5.1,1980428
5.15,1978589
5.24,1976142
5.24,1975230
5.25,1966823
5.38,1960863
5.45,1960849
5.45,1959785
5.46,1953249
5.5,1949558
5.51,1928954
5.53,1926032
5.53,1925572
5.6,1924926
5.6,1923255
5.64,1922370
5.64,1922024
5.67,1878051
5.73,1877008
5.75,1876346
5.76,1876240
5.77,1874832
5.77,1870834
5.89,1821614
5.91,1819546
5.91,1816454
5.94,1812851
6.07,1808462
6.09,1807604
6.23,1806232
6.39,1804220
6.42,1803558
6.62,1802354
6.64,1802281
6.65,1799011
6.68,1784708
6.73,1760928
6.81,1760489
6.86,1739814
6.9,1737753
6.91,1737187
6.94,1730276
6.96,1728810
6.97,1728041
7.01,1720264
7.04,1702855
7.09,1695187
7.1,1667795
7.17,1667425
7.21,1665235
7.23,1664065
7.32,1616397
7.38,1605596
7.4,1604921
7.45,1602989
7.49,1601708
7.56,1592771
7.63,1586783
7.71,1582504
7.76,1573968
7.92,1572674
8.05,1572151
8.09,1562035
8.11,1561989
8.16,1554955
8.24,1546014
8.3,1539861
8.34,1539081
8.35,1538761
8.38,1538572
8.47,1529729
8.52,1529587
8.68,1527933
8.69,1527083
8.7,1526121
8.71,1526008
8.77,1525986
8.8,1524940
8.82,1524569
9.03,1522846
9.1,1522221
9.29,1521313
9.31,1517223
9.36,1516823
9.63,1516116
9.68,1514339
9.85,1513977
9.91,1512049
9.95,1512027
9.98,1501471
10.11,1499337
10.11,1477837
10.13,1477517
10.2,1476804
10.42,1471681
10.49,1470991
10.56,1467836
10.57,1457295
10.6,1456618
10.65,1456596
10.69,1452610
10.85,1452132
10.92,1448243
11.03,1448221
11.1,1448035
11.22,1443125
11.42,1442755
11.48,1442203
12.28,1441375
12.32,1440832
12.72,1440105
12.73,1440012
12.81,1439495
12.95,1431897
13.17,1430846
13.65,1427761
14.13,1398380
14.14,1397355
14.17,1396628
14.3,1394321
14.6,1390478
15.25,1389918
15.45,1386761
15.78,1361956
16.13,1360367
16.35,1359634
16.6,1358605
17.23,1358586
17.33,1356951
17.54,1338388
18.33,1338018
18.45,1322338
19.01,1321047
19.05,1316570
