0.01,728993
0.02,714616
0.06,704175
0.28,622712
0.75,603168
0.76,588457
0.78,587254
0.81,539765
0.81,532087
0.84,492618
0.87,476227
0.87,462537
0.88,434133
0.91,421126
0.92,410831
0.96,346601
0.99,342856
1,334632
1,330739
1.01,322281
1.02,321695
1.03,320785
1.04,314116
1.05,297774
1.06,291412
1.06,279671
1.07,267914
1.08,262086
1.1,256013
1.12,240344
1.13,228505
1.14,219991
1.15,216698
1.16,209829
1.17,207330
1.18,195823
1.2,193196
1.21,193165
1.23,189475
1.24,180677
1.26,178288
1.26,176848
1.28,176719
1.31,173941
1.32,172709
1.32,171588
1.33,170661
1.34,170373
1.35,169975
1.37,169829
1.38,169748
1.4,169154
1.41,168891
1.42,168234
1.44,168180
1.45,167415
1.46,166043
1.48,166030
1.5,165419
1.5,165157
1.54,164922
1.55,164885
1.58,164778
1.59,164510
1.6,164219
1.61,163371
1.65,163358
1.66,161908
1.67,161643
1.69,161576
1.7,160841
1.74,160293
1.75,160209
1.77,160183
1.81,160160
1.83,159671
1.95,159469
1.97,159370
2,159359
2.06,159022
2.07,158785
2.09,158077
2.15,158058
2.16,157913
2.2,157789
2.35,157701
