0.01,759003
0.01,709463
0.05,703979
0.08,693906
0.09,672045
0.43,651286
0.52,636622
0.53,630197
0.59,617661
0.63,617024
0.64,564875
0.68,552751
0.71,465552
0.72,461320
0.72,449901
0.77,434697
0.77,422633
0.79,402452
0.81,391192
0.82,379999
0.82,333185
0.84,316228
0.87,300272
0.88,290519
0.89,282970
0.9,274649
0.91,249729
0.92,234807
0.93,226861
0.95,222799
0.96,222124
0.97,218805
0.98,218257
0.99,213210
0.99,211726
1.01,201763
1.02,194110
1.03,191236
1.04,185103
1.05,182342
1.06,176352
1.06,174217
1.07,173979
1.08,173803
1.11,173080
1.12,171167
1.13,169895
1.14,169098
1.15,169026
1.17,168728
1.21,168192
1.22,168125
1.23,167788
1.24,166865
1.24,166863
1.25,166673
1.28,166376
1.3,166212
1.31,166081
1.32,165865
1.34,165807
1.35,165197
1.37,164936
1.38,164283
1.38,163996
1.39,163787
1.41,163741
1.42,163502
1.47,162285
1.48,162004
1.5,161769
1.53,161057
1.56,160278
1.67,160052
1.76,159999
