0.02,692495
0.03,690332
0.03,690129
0.03,683427
0.03,675088
0.04,662302
0.04,658305
0.04,656638
0.04,655542
0.05,638627
0.05,632637
0.05,624661
0.06,623723
0.07,619563
0.07,618858
0.07,607226
0.08,597093
0.1,597047
0.11,589665
0.11,585206
0.12,574793
0.16,572516
0.16,566114
0.17,565329
0.18,563488
0.2,562868
0.2,559580
0.21,559172
0.22,558854
0.23,557779
0.24,556603
0.24,553374
0.26,553310
0.28,550965
0.29,548738
0.29,548121
0.29,547197
0.3,546396
0.3,545023
0.31,543288
0.31,541883
0.32,541062
0.33,539761
0.34,538420
0.34,537989
0.35,531082
0.35,519335
0.36,518610
0.37,514292
0.38,512904
0.38,511501
0.39,505004
0.39,501807
0.4,500521
0.4,498401
0.4,498083
0.41,497489
0.41,497209
0.42,492837
0.43,490576
0.43,489212
0.43,488967
0.44,488572
0.45,483076
0.45,480232
0.46,477974
0.48,470582
0.52,468177
0.52,467952
0.53,467079
0.53,466768
0.54,463107
0.55,461212
0.56,460920
0.56,460695
0.57,459057
0.58,458854
0.58,457961
0.59,457310
0.59,452215
0.64,448531
0.65,446921
0.66,436680
0.69,435240
0.72,434723
0.72,432723
0.73,429477
0.73,425533
0.73,425323
0.74,423280
0.76,419143
0.77,417129
0.81,415425
0.83,409055
0.84,408957
0.84,406473
0.87,402173
0.89,400352
0.9,397510
0.91,397365
0.92,393590
0.94,393575
0.95,392501
0.95,386777
0.97,385180
1,381233
1.01,381153
1.04,379647
1.06,378752
1.07,376321
1.08,372500
1.12,371415
1.13,367487
1.13,365639
1.21,364838
1.23,363296
1.24,362763
1.28,362493
1.29,362467
1.29,357351
1.34,353251
1.34,352464
1.35,350956
1.38,350813
1.39,345426
1.39,342733
1.43,341767
1.44,340935
1.44,340279
1.44,339615
1.45,338573
1.45,335336
1.46,333434
1.48,333427
1.5,328869
1.54,326862
1.55,321422
1.6,320545
1.61,320124
1.61,319534
1.61,319485
1.62,317353
1.65,314614
1.65,314353
1.66,312501
1.67,311493
1.77,310248
1.8,309564
1.82,307236
1.83,306344
1.89,306126
1.91,305826
1.91,303217
1.98,302965
1.99,302026
2,301927
2.01,301452
2.02,299751
2.11,299368
2.18,296919
2.19,296713
2.2,293807
2.22,292920
2.33,292058
2.33,291131
2.36,286294
2.39,282300
2.47,278977
2.54,278906
2.54,278051
2.55,277566
2.56,277354
2.56,277100
2.58,275513
2.6,272707
2.62,271246
2.63,270332
2.67,266266
2.7,265476
2.71,265060
2.74,262078
2.76,259639
2.79,258256
2.81,256336
2.82,254680
2.85,253058
2.85,252333
2.89,249289
2.91,248194
2.93,247555
2.94,246769
2.99,245667
3.03,244042
3.05,243540
3.09,242618
3.16,240012
3.17,239471
3.26,238491
3.32,230753
3.34,230663
3.35,229587
3.38,229019
3.52,228175
3.62,228032
3.69,227898
3.7,227889
3.7,227203
3.74,226047
3.75,225586
3.87,225494
3.91,223140
3.93,222265
4.08,220768
4.1,220756
4.11,220603
4.19,220342
4.21,220005
4.22,216843
4.27,216570
4.29,216391
4.31,215957
4.39,215440
4.43,215058
4.46,214943
4.49,214808
4.56,214225
4.56,214160
4.58,212092
4.64,211545
4.69,211293
4.69,209620
4.75,209161
4.88,208553
4.88,208316
5.04,208219
5.09,207646
5.11,207437
5.12,207192
5.18,206314
5.32,204806
5.5,204669
5.56,204016
5.67,203172
5.72,202914
5.76,202725
5.78,201189
5.84,199749
5.88,199690
5.99,197764
6.12,197732
6.18,197490
6.18,197457
6.33,196963
6.35,196437
6.52,196433
6.61,196195
6.78,193883
6.82,193671
6.87,192796
7,192444
7.21,191783
7.34,189186
7.37,188237
7.37,188090
7.46,187240
7.51,187221
7.56,186770
7.75,186696
7.79,186388
7.81,186371
7.83,186072
7.85,185918
7.87,184825
7.94,182946
8.03,182827
8.05,182020
8.08,181967
8.09,181595
8.14,181204
8.35,180538
8.47,180063
8.51,179618
8.57,178849
8.58,178623
8.69,178289
8.73,177737
8.76,176147
9.18,175448
9.49,174108
9.85,172671
9.88,171015
9.93,170492
9.95,170281
10.06,169369
10.1,168393
10.24,167962
10.46,167749
10.48,167456
10.52,166980
10.84,165532
11.13,164727
11.22,164677
11.26,164609
11.28,163335
11.47,163133
11.52,163047
11.85,163045
11.88,161988
12.12,161546
12.34,161188
12.42,159843
12.58,159161
12.76,158887
12.76,158401
12.85,158136
12.92,158086
12.95,157420
13.99,156938
14.07,156172
14.14,156091
14.29,155538
14.67,155488
14.71,155262
15.09,155215
15.21,154931
15.26,154911
15.89,154750
16.03,154703
16.04,154477
16.66,154401
16.92,154193
16.96,154142
17,153407
17.1,153361
17.13,152691
17.51,152396
17.86,152132
17.94,151906
18.18,151821
18.48,151775
18.78,151549
18.86,151502
18.91,151493
19.08,150530
19.88,150508
0.03,692495
0.04,690332
0.04,690129
0.04,683427
0.05,675088
0.05,662302
0.05,658305
0.06,656638
0.06,655542
0.06,638627
0.07,632637
0.08,624661
0.09,623723
0.1,619563
0.1,618858
0.1,607226
0.11,597093
0.12,597047
0.13,589665
0.14,585206
0.15,574793
0.19,572516
0.19,566114
0.2,565329
0.21,563488
0.24,562868
0.24,559580
0.25,559172
0.26,558854
0.28,557779
0.29,556603
0.3,553374
0.32,553310
0.34,550965
0.36,548738
0.36,548121
0.36,547197
0.37,546396
0.37,545023
0.38,543288
0.39,541883
0.4,541062
0.41,539761
0.42,538420
0.43,537989
0.43,531082
0.44,519335
0.45,518610
0.46,514292
0.47,512904
0.48,511501
0.49,505004
0.49,501807
0.5,500521
0.51,498401
0.51,498083
0.51,497489
0.52,497209
0.53,492837
0.54,490576
0.55,489212
0.55,488967
0.56,488572
0.57,483076
0.58,480232
0.58,477974
0.62,470582
0.67,468177
0.68,467952
0.69,467079
0.69,466768
0.7,463107
0.72,461212
0.74,460920
0.74,460695
0.75,459057
0.76,458854
0.76,457961
0.77,457310
0.78,452215
0.85,448531
0.86,446921
0.88,436680
1.03,435240
1.08,434723
1.08,432723
1.1,429477
1.1,425533
1.11,425323
1.11,423280
1.14,419143
1.15,417129
1.17,415425
1.2,409055
1.2,408957
1.2,406473
1.25,402173
1.27,400352
1.33,397510
1.36,397365
1.4,393590
1.49,393575
1.5,392501
1.5,386777
1.54,385180
1.66,381233
1.75,381153
1.79,379647
1.81,378752
1.82,376321
1.86,372500
1.91,371415
1.93,367487
1.93,365639
2.03,364838
2.05,363296
2.06,362763
2.12,362493
2.14,362467
2.15,357351
2.27,353251
2.28,352464
2.29,350956
2.35,350813
2.36,345426
2.37,342733
2.43,341767
2.44,340935
2.44,340279
2.45,339615
2.45,338573
2.46,335336
2.46,333434
2.5,333427
2.52,328869
2.58,326862
2.59,321422
2.76,320545
2.77,320124
2.79,319534
2.79,319485
2.8,317353
2.87,314614
2.88,314353
2.9,312501
2.91,311493
3.02,310248
3.05,309564
3.07,307236
3.09,306344
3.18,306126
3.2,305826
3.24,303217
3.38,302965
3.4,302026
3.4,301927
3.42,301452
3.43,299751
3.52,299368
3.57,296919
3.58,296713
3.59,293807
3.68,292920
3.81,292058
3.82,291131
3.86,286294
3.89,282300
3.97,278977
4.03,278906
4.03,278051
4.04,277566
4.05,277354
4.06,277100
4.07,275513
4.09,272707
4.11,271246
4.12,270332
4.16,266266
4.19,265476
4.2,265060
4.23,262078
4.26,259639
4.28,258256
4.31,256336
4.32,254680
4.35,253058
4.36,252333
4.4,249289
4.42,248194
4.44,247555
4.45,246769
4.5,245667
4.55,244042
4.57,243540
4.61,242618
4.68,240012
4.69,239471
4.79,238491
4.85,230753
4.88,230663
4.88,229587
4.91,229019
5.05,228175
5.2,228032
5.28,227898
5.29,227889
5.3,227203
5.33,226047
5.34,225586
5.47,225494
5.53,223140
5.55,222265
5.76,220768
5.78,220756
5.81,220603
5.9,220342
5.93,220005
5.94,216843
5.99,216570
6.02,216391
6.03,215957
6.13,215440
6.2,215058
6.23,214943
6.26,214808
6.34,214225
6.34,214160
6.38,212092
6.46,211545
6.52,211293
6.52,209620
6.59,209161
6.72,208553
6.73,208316
6.9,208219
6.96,207646
6.98,207437
7,207192
7.08,206314
7.22,204806
7.48,204669
7.56,204016
7.72,203172
7.78,202914
7.86,202725
7.88,201189
7.96,199749
8.02,199690
8.12,197764
8.27,197732
8.34,197490
8.35,197457
8.54,196963
8.58,196437
8.78,196433
8.93,196195
9.18,193883
9.23,193671
9.28,192796
9.41,192444
9.63,191783
9.78,189186
9.81,188237
9.81,188090
9.89,187240
9.96,187221
10.01,186770
10.22,186696
10.26,186388
10.27,186371
10.29,186072
10.32,185918
10.34,184825
10.41,182946
10.5,182827
10.52,182020
10.54,181967
10.56,181595
10.61,181204
10.82,180538
10.96,180063
11,179618
11.05,178849
11.06,178623
11.17,178289
11.21,177737
11.24,176147
11.75,175448
12.13,174108
12.6,172671
12.63,171015
12.69,170492
12.71,170281
12.81,169369
12.85,168393
12.99,167962
13.2,167749
13.22,167456
13.27,166980
13.58,165532
13.84,164727
13.93,164677
13.96,164609
13.97,163335
14.12,163133
14.15,163047
14.43,163045
14.46,161988
14.65,161546
14.89,161188
14.97,159843
15.13,159161
15.27,158887
15.27,158401
15.34,158136
15.39,158086
15.42,157420
16.22,156938
16.28,156172
16.33,156091
16.45,155538
16.73,155488
16.77,155262
17.14,155215
17.26,154931
17.3,154911
17.92,154750
18.06,154703
18.07,154477
18.66,154401
18.92,154193
18.95,154142
18.99,153407
19.08,153361
19.11,152691
19.45,152396
19.78,152132
19.86,151906
