0.04,718874
0.05,716184
0.09,709069
0.12,690030
0.51,645556
0.52,630686
0.54,628514
0.63,591416
0.68,559408
0.7,524596
0.71,520402
0.72,502435
0.73,487418
0.75,478767
0.77,461016
0.78,393597
0.83,364377
0.84,339170
0.87,328203
0.88,307214
0.89,302080
0.9,301334
0.9,252826
0.94,242967
0.96,237323
0.99,223712
0.99,215464
1.02,211418
1.02,205356
1.04,197161
1.07,193699
1.09,188943
1.1,187458
1.11,181191
1.12,180416
1.14,180230
1.16,178897
1.17,178000
1.18,177887
1.18,176581
1.19,174101
1.2,173849
1.21,173317
1.22,172169
1.23,172142
1.23,172062
1.26,171771
1.26,171582
1.28,171077
1.34,170552
1.36,170387
1.37,170278
1.38,170045
1.39,169444
1.4,169405
1.4,169042
1.41,168883
1.43,168736
1.43,168485
1.44,167170
1.45,166149
1.46,166055
1.46,165596
1.49,164380
1.52,164200
1.54,164009
1.58,163789
1.58,163558
1.59,161624
1.6,161252
1.62,160966
1.63,160957
1.65,160882
1.68,160388
1.69,160280
1.69,160216
1.78,160032
1.87,158478
2.18,158459
2.2,158454
2.21,157728
2.27,157628
2.27,157625
2.34,157191
