0.01,711739
0.06,678612
0.3,650511
0.51,644885
0.51,619073
0.63,603212
0.67,580376
0.7,507478
0.72,493395
0.75,488001
0.75,464946
0.77,463665
0.79,444609
0.8,440458
0.81,439221
0.81,408344
0.82,397349
0.84,360517
0.84,345343
0.86,333822
0.88,321988
0.89,308739
0.9,308711
0.91,300922
0.92,269899
0.94,251326
0.95,233591
0.98,227495
0.98,215608
1,206332
1.01,205741
1.02,204492
1.03,202223
1.04,194033
1.06,192026
1.08,184838
1.09,184813
1.1,181393
1.11,179115
1.11,177152
1.14,176266
1.15,175849
1.15,174172
1.16,172866
1.17,172142
1.18,171002
1.18,169256
1.19,167936
1.21,167863
1.21,167539
1.22,167049
1.23,166763
1.24,166357
1.25,165098
1.26,164843
1.28,164801
1.29,164495
1.3,164488
1.31,163867
1.32,162672
1.34,162081
1.35,162052
1.36,161642
1.38,161565
1.39,161292
1.4,161194
1.42,161029
1.44,160276
1.46,159877
1.52,159682
1.55,159117
1.58,158743
