0.01,736088
0.03,689122
0.04,685952
0.07,682351
0.13,667006
0.33,663627
0.53,631166
0.64,591686
0.69,582779
0.7,570053
0.7,542717
0.74,521467
0.77,499782
0.79,485591
0.8,468249
0.8,455629
0.81,427470
0.83,425837
0.84,406082
0.85,378381
0.86,372194
0.87,368684
0.87,324473
0.88,317055
0.9,311758
0.91,307656
0.92,302606
0.93,277240
0.95,267549
0.97,263209
0.97,253357
0.98,241991
1,235218
1.01,232637
1.01,229600
1.03,227520
1.04,219181
1.04,203455
1.07,202914
1.09,201906
1.1,199792
1.11,199658
1.11,196204
1.12,193447
1.13,192176
1.14,191091
1.14,190072
1.15,188486
1.16,185574
1.18,185304
1.19,182842
1.2,182537
1.21,180837
1.21,179394
1.24,177238
1.25,177075
1.26,176644
1.27,175039
1.3,174922
1.35,174841
1.35,173068
1.36,172921
1.38,171478
1.39,171429
1.4,171232
1.41,170687
1.42,170183
1.44,169946
1.45,169661
1.47,168262
1.48,167735
1.53,167428
1.55,166561
1.57,166016
1.6,165281
1.61,165155
1.66,164731
1.7,164556
1.88,164338
2.06,164084
