0.02,670571
0.03,663540
0.04,661262
0.05,657842
0.05,651173
0.06,645891
0.06,645286
0.07,641344
0.07,637974
0.08,633046
0.08,630328
0.09,623920
0.09,609144
0.1,583883
0.11,580427
0.12,579680
0.12,577025
0.12,574291
0.13,573143
0.14,572097
0.15,571933
0.15,571863
0.15,563192
0.16,550931
0.17,550686
0.17,550471
0.17,549309
0.17,545926
0.18,543717
0.18,543489
0.19,543471
0.19,542945
0.19,539818
0.2,538077
0.2,537462
0.21,534814
0.22,534049
0.22,533918
0.23,533887
0.23,532807
0.23,532420
0.24,531104
0.24,526867
0.24,522592
0.25,521284
0.26,519764
0.26,519153
0.28,508818
0.29,501862
0.3,499393
0.33,498077
0.34,497389
0.35,496112
0.35,494752
0.36,493099
0.36,492221
0.37,491954
0.38,491009
0.4,486489
0.42,485881
0.43,485292
0.43,483396
0.44,483308
0.44,482931
0.45,482089
0.46,481655
0.47,481191
0.47,478200
0.48,477077
0.48,476126
0.49,475211
0.49,467869
0.51,467521
0.52,466910
0.54,466180
0.55,465335
0.56,465158
0.56,461179
0.57,457916
0.58,452217
0.58,451990
0.62,450859
0.62,449908
0.63,449706
0.63,448784
0.63,447467
0.63,446742
0.64,446484
0.65,443873
0.65,440508
0.68,437016
0.69,434292
0.72,433969
0.72,426322
0.74,425818
0.74,424411
0.76,424338
0.76,423778
0.77,422939
0.78,422701
0.8,421298
0.81,419695
0.83,419227
0.84,418394
0.86,414222
0.9,410518
0.91,409436
0.91,407883
0.92,403634
0.93,403527
0.95,399184
0.96,398461
0.96,394069
0.97,390783
0.97,388812
0.98,386360
0.98,385488
0.99,383887
1.01,382179
1.04,381778
1.06,361695
1.1,361525
1.12,359315
1.17,359298
1.19,359066
1.2,357997
1.25,357477
1.25,356719
1.29,356589
1.33,353717
1.34,353283
1.35,350137
1.38,349079
1.38,346868
1.42,345111
1.44,341298
1.45,335817
1.47,330867
1.51,330278
1.53,328850
1.6,326160
1.63,325423
1.67,324183
1.67,321654
1.69,319225
1.73,318728
1.73,318559
1.78,313718
1.82,309098
1.83,308601
1.87,308027
1.87,303686
1.89,299952
1.9,299354
1.92,298874
1.93,298727
1.93,298222
1.96,296780
2.05,294408
2.08,292457
2.1,291445
2.11,291411
2.12,290433
2.12,290321
2.13,289866
2.15,288995
2.17,288965
2.17,288440
2.17,288398
2.18,287304
2.21,286112
2.28,285626
2.28,285010
2.28,284285
2.3,284246
2.31,282949
2.39,282612
2.4,280261
2.41,279970
2.43,279828
2.45,279332
2.46,277968
2.47,277806
2.53,276344
2.57,276130
2.59,275057
2.63,274885
2.67,274042
2.69,273368
2.69,272858
2.76,272653
2.77,272337
2.78,272086
2.79,270503
2.81,269965
2.9,268631
2.9,268543
2.91,267041
2.98,266515
2.99,265346
2.99,265057
3,264967
3.05,264120
3.06,261449
3.07,261382
3.08,260828
3.08,258769
3.14,256196
3.25,254444
3.28,254203
3.32,251321
3.34,251302
3.39,251071
3.41,249994
3.42,249338
3.43,246261
3.47,245917
3.52,245105
3.55,242467
3.73,241461
3.73,241220
3.78,240411
3.86,240185
3.87,236511
3.88,231614
3.89,230769
3.93,230267
3.95,229563
3.96,228084
3.96,227782
3.97,227126
3.99,227125
4.01,227046
4.07,226167
4.08,226079
4.1,225771
4.11,224297
4.13,223901
4.18,223043
4.22,221888
4.23,220768
4.37,220551
4.42,219411
4.43,218094
4.44,217562
4.49,217003
4.51,216393
4.54,215426
4.7,214682
4.75,214390
4.79,214040
4.87,213877
4.88,211596
4.94,210623
4.96,209257
5.14,208622
5.15,208016
5.21,207688
5.36,205369
5.39,204914
5.48,200039
5.51,200032
5.53,199915
5.53,199625
5.54,198321
5.57,196229
5.63,196030
5.66,195312
5.73,194303
5.77,193946
5.77,193474
5.8,193149
5.81,189768
5.92,189569
5.93,189399
5.93,189385
5.95,189296
5.97,188849
5.99,188189
6.01,187477
6.1,186956
6.12,186539
6.22,186126
6.24,184523
6.31,184205
6.34,184105
6.42,183418
6.45,181726
6.58,180868
6.71,180543
6.75,180536
6.91,179373
6.94,178317
7.03,176432
7.13,176248
7.52,176172
7.57,175125
7.72,174810
7.78,174677
7.78,174421
7.92,174367
8.07,174108
8.17,173724
8.36,173477
8.54,172876
8.67,172797
8.79,172244
8.9,171449
8.98,170741
9,170491
9.15,168860
9.55,168439
9.81,168138
9.87,166786
10.06,166602
10.22,166324
10.32,165865
10.34,165434
11.12,164850
11.4,164403
11.5,163671
11.96,163208
12.14,163078
12.28,162911
12.29,162850
12.61,162647
12.74,160622
12.84,160422
12.97,160416
13.07,160402
13.11,160140
13.24,159691
13.68,159195
14.11,158774
14.23,158690
14.58,158625
14.64,157805
14.84,157740
14.98,157532
15.08,157434
15.09,157023
15.39,156890
15.41,156665
16.12,156558
16.17,156179
17.2,153826
17.71,153695
17.83,153214
18.2,153212
18.45,152628
19.08,152542
19.26,152444
19.36,152376
19.37,152371
19.46,151364
19.79,151139
19.94,151089
0.02,670571
0.05,663540
0.06,661262
0.07,657842
0.07,651173
0.08,645891
0.09,645286
0.09,641344
0.1,637974
0.11,633046
0.12,630328
0.13,623920
0.14,609144
0.14,583883
0.16,580427
0.17,579680
0.18,577025
0.19,574291
0.21,573143
0.21,572097
0.22,571933
0.22,571863
0.22,563192
0.24,550931
0.25,550686
0.27,550471
0.29,549309
0.29,545926
0.29,543717
0.3,543489
0.32,543471
0.32,542945
0.33,539818
0.34,538077
0.34,537462
0.35,534814
0.36,534049
0.36,533918
0.39,533887
0.39,532807
0.39,532420
0.39,531104
0.4,526867
0.41,522592
0.42,521284
0.43,519764
0.43,519153
0.46,508818
0.48,501862
0.48,499393
0.55,498077
0.56,497389
0.57,496112
0.58,494752
0.59,493099
0.59,492221
0.6,491954
0.63,491009
0.66,486489
0.69,485881
0.71,485292
0.71,483396
0.71,483308
0.72,482931
0.73,482089
0.75,481655
0.76,481191
0.76,478200
0.77,477077
0.77,476126
0.77,475211
0.78,467869
0.8,467521
0.81,466910
0.83,466180
0.84,465335
0.85,465158
0.86,461179
0.86,457916
0.87,452217
0.87,451990
0.91,450859
0.92,449908
0.92,449706
0.93,448784
0.93,447467
0.93,446742
0.94,446484
0.94,443873
0.95,440508
0.98,437016
0.99,434292
1.01,433969
1.02,426322
1.04,425818
1.04,424411
1.06,424338
1.06,423778
1.07,422939
1.08,422701
1.1,421298
1.11,419695
1.12,419227
1.13,418394
1.14,414222
1.17,410518
1.18,409436
1.19,407883
1.19,403634
1.2,403527
1.21,399184
1.22,398461
1.23,394069
1.24,390783
1.24,388812
1.25,386360
1.25,385488
1.26,383887
1.28,382179
1.31,381778
1.33,361695
1.37,361525
1.38,359315
1.44,359298
1.46,359066
1.47,357997
1.52,357477
1.52,356719
1.56,356589
1.6,353717
1.61,353283
1.62,350137
1.65,349079
1.66,346868
1.69,345111
1.72,341298
1.73,335817
1.77,330867
1.83,330278
1.89,328850
2.01,326160
2.06,325423
2.12,324183
2.14,321654
2.17,319225
2.21,318728
2.21,318559
2.27,313718
2.35,309098
2.4,308601
2.49,308027
2.5,303686
2.52,299952
2.53,299354
2.55,298874
2.57,298727
2.57,298222
2.6,296780
2.69,294408
2.73,292457
2.75,291445
2.77,291411
2.77,290433
2.78,290321
2.79,289866
2.82,288995
2.84,288965
2.84,288440
2.84,288398
2.85,287304
2.88,286112
2.96,285626
2.96,285010
2.96,284285
2.99,284246
3,282949
3.09,282612
3.1,280261
3.11,279970
3.15,279828
3.16,279332
3.18,277968
3.19,277806
3.25,276344
3.3,276130
3.33,275057
3.38,274885
3.44,274042
3.46,273368
3.46,272858
3.56,272653
3.58,272337
3.59,272086
3.6,270503
3.63,269965
3.74,268631
3.75,268543
3.75,267041
3.84,266515
3.85,265346
3.85,265057
3.86,264967
3.94,264120
3.94,261449
3.96,261382
3.97,260828
3.97,258769
4.03,256196
4.16,254444
4.2,254203
4.27,251321
4.29,251302
4.37,251071
4.4,249994
4.42,249338
4.43,246261
4.5,245917
4.55,245105
4.61,242467
4.88,241461
4.88,241220
4.93,240411
5.04,240185
5.05,236511
5.07,231614
5.09,230769
5.13,230267
5.16,229563
5.17,228084
5.17,227782
5.18,227126
5.21,227125
5.24,227046
5.32,226167
5.35,226079
5.37,225771
5.38,224297
5.41,223901
5.48,223043
5.53,221888
5.55,220768
5.74,220551
5.78,219411
5.79,218094
5.8,217562
5.85,217003
5.87,216393
5.91,215426
6.1,214682
6.19,214390
6.26,214040
6.37,213877
6.38,211596
6.46,210623
6.48,209257
6.69,208622
6.71,208016
6.79,207688
6.99,205369
7.03,204914
7.13,200039
7.16,200032
7.2,199915
7.21,199625
7.22,198321
7.28,196229
7.39,196030
7.45,195312
7.54,194303
7.6,193946
7.6,193474
7.66,193149
7.67,189768
7.82,189569
7.83,189399
7.84,189385
7.85,189296
7.9,188849
7.93,188189
7.96,187477
8.07,186956
8.08,186539
8.22,186126
8.24,184523
8.33,184205
8.37,184105
8.46,183418
8.49,181726
8.63,180868
8.76,180543
8.8,180536
8.96,179373
8.99,178317
9.08,176432
9.18,176248
9.54,176172
9.58,175125
9.75,174810
9.82,174677
9.82,174421
9.96,174367
10.12,174108
10.22,173724
10.55,173477
10.73,172876
10.86,172797
10.96,172244
11.07,171449
11.15,170741
11.17,170491
11.31,168860
11.72,168439
12.11,168138
12.19,166786
12.44,166602
12.6,166324
12.7,165865
12.73,165434
13.49,164850
13.83,164403
13.94,163671
14.54,163208
14.76,163078
14.94,162911
14.95,162850
15.34,162647
15.49,160622
15.62,160422
15.76,160416
15.89,160402
15.94,160140
16.09,159691
16.56,159195
17.04,158774
17.22,158690
17.71,158625
17.79,157805
17.99,157740
18.13,157532
18.23,157434
18.25,157023
18.64,156890
18.67,156665
19.81,156558
19.93,156179
