0.01,703510
0.02,700796
0.23,697499
0.24,695865
0.37,693552
0.47,686641
0.6,673609
0.6,613186
0.67,587828
0.68,576953
0.7,542498
0.73,514638
0.76,453512
0.79,447590
0.8,421990
0.82,364954
0.84,359076
0.86,354821
0.89,312947
0.89,301213
0.91,295958
0.93,285011
0.93,260612
0.96,245376
0.98,242443
0.99,237568
1.02,229379
1.03,224734
1.03,217217
1.04,212886
1.05,203795
1.08,199990
1.09,195073
1.09,193605
1.11,191176
1.12,188809
1.12,187654
1.13,186605
1.14,185679
1.15,185624
1.16,184937
1.16,184611
1.17,181450
1.18,180612
1.19,180386
1.2,180337
1.21,180060
1.22,179985
1.23,178791
1.24,178078
1.26,177284
1.27,177163
1.28,176836
1.29,176573
1.3,176385
1.32,175149
1.34,174670
1.34,174658
1.37,174499
1.41,174214
1.42,173553
1.47,173290
1.49,173138
1.51,173106
1.55,172989
1.56,172233
1.58,172158
1.68,172081
2.43,172018
