0.17,686831
0.35,686163
0.47,672394
0.53,639925
0.6,617068
0.65,597889
0.67,586033
0.7,544599
0.74,528736
0.75,522918
0.77,504861
0.78,492440
0.79,482298
0.8,461989
0.81,415635
0.81,395574
0.84,363133
0.87,350267
0.89,337862
0.89,334207
0.9,288884
0.93,286696
0.95,272082
0.98,266003
0.98,265744
1.01,253356
1.02,239720
1.04,233795
1.07,233296
1.07,228019
1.08,227912
1.09,220205
1.1,217070
1.11,212114
1.13,210154
1.14,208189
1.15,207250
1.15,205730
1.16,201580
1.18,198258
1.19,192510
1.2,191617
1.23,188971
1.24,188752
1.24,187039
1.25,184534
1.26,182785
1.27,182264
1.28,181201
1.29,179839
1.3,179301
1.31,179009
1.32,178601
1.32,177953
1.33,177438
1.34,176501
1.37,175913
1.43,175885
1.45,175314
1.46,174291
1.5,173839
1.51,173298
1.53,173264
1.55,173112
1.55,173080
1.69,172907
1.78,172717
2.08,172121
2.09,171952
2.1,170474
2.15,170114
2.18,169642
2.41,169486
