0,692495
0,691803
0,691388
0,690165
0,686014
0,685322
0,685167
0.01,684752
0.01,682660
0.01,678772
0.01,678461
0.01,678000
0.02,677798
0.02,676922
0.02,676611
0.02,676150
0.07,671583
0.07,671272
0.07,670811
0.11,670445
0.11,670134
0.11,669673
0.14,669444
0.14,668983
0.31,668662
0.38,668324
0.62,666618
0.62,665480
0.62,664498
0.63,663755
0.63,663479
0.65,663369
0.65,662953
0.85,662935
1.43,662861
1.43,662445
1.66,662203
1.66,662199
1.66,661449
1.67,661274
1.67,661131
1.67,660277
2.02,659554
2.1,658995
2.96,658862
4.5,658567
11.08,657855
12.42,657543
21.29,657448
21.3,656906
21.3,655995
23.68,655459
23.83,655191
23.84,654598
23.84,654280
23.93,653981
23.98,653555
23.98,653233
24.01,653096
24.01,652537
24.01,652109
24.02,651567
24.02,650656
25.43,650429
25.44,649518
132.09,649476
132.1,648934
132.1,648023
133.51,647796
133.51,646885
153.59,646843
158.48,646568
160.61,646008
160.66,645182
160.67,645037
160.67,644185
163.77,643462
164.57,642903
183.67,642475
222.01,641707
226.74,641246
226.77,640926
375,640378
375.13,640336
