0.02,692495
0.02,690064
0.02,689758
0.03,687926
0.03,648827
0.04,643434
0.04,643393
0.04,638899
0.05,636508
0.05,635382
0.05,625367
0.05,616790
0.06,614970
0.06,593812
0.07,583584
0.08,576974
0.09,573889
0.09,565275
0.1,562897
0.11,553104
0.12,547868
0.13,547034
0.13,546607
0.14,546404
0.14,543317
0.14,542636
0.15,541653
0.16,539981
0.16,538311
0.17,532852
0.17,531537
0.18,523962
0.18,520147
0.19,512634
0.2,511541
0.2,508884
0.2,507711
0.22,507489
0.22,506934
0.22,506780
0.22,502501
0.22,500965
0.26,497301
0.26,496333
0.26,494603
0.28,494084
0.29,493454
0.29,493374
0.3,493274
0.31,490230
0.33,490027
0.33,488256
0.33,487974
0.35,485527
0.35,483369
0.35,479918
0.37,476935
0.37,473434
0.4,472038
0.41,471595
0.41,462814
0.42,462251
0.44,458521
0.44,456375
0.46,454093
0.47,451800
0.47,448977
0.48,446093
0.48,442617
0.5,442601
0.5,441133
0.51,440231
0.52,433283
0.53,432123
0.53,431642
0.54,431580
0.54,426632
0.55,426026
0.56,424557
0.56,422516
0.58,422512
0.59,418912
0.6,416355
0.6,416259
0.6,414417
0.61,409620
0.62,404665
0.62,403889
0.63,399955
0.67,399029
0.68,397967
0.68,396790
0.69,395495
0.69,392216
0.7,390878
0.72,389470
0.72,386741
0.77,386234
0.79,381650
0.8,380601
0.83,380415
0.83,380031
0.83,379801
0.85,375957
0.89,365471
0.94,362942
0.94,361068
1.01,360086
1.08,358819
1.09,356567
1.13,356417
1.13,356229
1.19,352853
1.2,352704
1.21,350550
1.21,347411
1.24,346309
1.27,345114
1.3,342142
1.31,341612
1.31,340122
1.32,340116
1.32,338818
1.33,336580
1.34,335624
1.35,334858
1.36,333327
1.38,333134
1.38,332653
1.41,332030
1.46,331805
1.46,331473
1.48,329480
1.5,328714
1.52,327667
1.53,326474
1.54,321023
1.54,320987
1.56,318126
1.56,318010
1.59,317590
1.61,316217
1.61,314625
1.63,314066
1.63,311079
1.65,310752
1.66,310702
1.67,309157
1.68,308332
1.72,308167
1.75,306635
1.75,304395
1.75,303196
1.76,301626
1.77,301453
1.77,296664
1.83,295124
1.89,292296
1.91,291460
1.92,289683
2,288430
2.01,287764
2.01,284478
2.06,282804
2.08,282052
2.12,281899
2.13,280700
2.17,279574
2.18,275628
2.18,275176
2.19,275070
2.19,273389
2.2,272581
2.22,272256
2.22,271973
2.23,268201
2.24,268082
2.24,266373
2.24,265338
2.36,265190
2.37,265075
2.38,264664
2.39,263338
2.4,263115
2.42,262928
2.42,261713
2.43,261237
2.44,259212
2.44,258993
2.46,258946
2.47,258495
2.49,258469
2.49,257868
2.5,255463
2.51,254848
2.53,254586
2.55,250760
2.58,250607
2.61,249059
2.63,248939
2.68,248124
2.69,247888
2.72,244432
2.76,244354
2.77,242363
2.82,242312
2.86,242240
2.87,242151
2.88,240809
2.88,240341
2.89,239924
2.89,238942
2.9,238481
2.91,237614
2.95,236831
2.98,235964
3,235752
3.02,232229
3.03,232126
3.09,231472
3.1,231405
3.12,231291
3.16,231229
3.21,230948
3.22,229988
3.29,229886
3.3,227951
3.31,227587
3.36,227138
3.37,225987
3.4,225892
3.47,224996
3.56,224241
3.69,224187
3.7,223956
3.71,222744
3.74,222707
3.75,222554
3.75,221909
3.86,221255
3.91,221239
3.91,220873
4.03,220530
4.05,219937
4.09,219921
4.15,219833
4.16,219244
4.18,218164
4.18,215741
4.37,215306
4.38,213724
4.47,211859
4.57,211412
4.61,210885
4.62,210470
4.78,210365
4.82,210279
4.84,206683
5.02,206555
5.08,205704
5.12,203978
5.21,203893
5.23,203754
5.26,203518
5.29,203386
5.3,203248
5.32,202650
5.33,201365
5.44,201255
5.45,201132
5.48,201036
5.55,199979
5.6,199953
5.62,199689
5.65,198550
5.65,198377
5.66,198236
5.81,197764
5.85,197755
5.85,197491
5.92,196167
5.93,194737
5.95,193942
5.95,193793
5.96,193750
6.04,193248
6.08,193091
6.12,192365
6.19,191867
6.25,191418
6.45,191254
6.47,190641
6.5,190547
6.52,189633
6.56,189595
6.62,187799
6.68,187748
6.72,186680
6.75,186627
6.76,185449
6.85,185392
6.91,184671
7.13,184512
7.13,183442
7.19,182329
7.2,181987
7.41,181173
7.61,180974
7.84,180844
7.88,179720
7.99,178807
8.29,178411
8.33,178072
8.69,177436
8.79,177400
8.84,176846
8.89,175800
9.05,175783
9.13,175483
9.14,174922
9.22,174899
9.28,174738
9.37,173405
9.41,173088
9.5,172980
9.63,172928
9.67,172511
9.71,171729
9.76,171403
9.95,171307
10.04,171107
10.15,170395
10.44,169095
10.52,168984
10.62,168122
10.84,168002
10.98,166704
10.99,162957
11.03,162876
11.13,162569
11.18,162135
11.22,161702
11.44,161392
11.55,161317
11.68,160768
11.75,160595
11.81,159757
11.84,159501
11.86,159484
11.87,159446
11.96,159272
12,159088
12.03,158479
12.3,158380
12.53,156285
12.85,156265
12.99,154803
13.14,153955
13.34,152431
13.71,152425
13.96,152234
14.08,152053
14.28,151746
14.35,150607
14.93,150462
14.95,149949
15.61,149508
15.99,149327
16.47,148711
17.19,148608
17.79,148497
18.01,147174
18.14,146953
18.41,146727
19.4,146348
19.75,146340
19.79,145368
19.94,145158
19.95,144932
0.02,692495
0.03,690064
0.03,689758
0.03,687926
0.03,648827
0.04,643434
0.04,643393
0.05,638899
0.05,636508
0.05,635382
0.05,625367
0.05,616790
0.06,614970
0.07,593812
0.07,583584
0.08,576974
0.1,573889
0.1,565275
0.1,562897
0.11,553104
0.12,547868
0.13,547034
0.14,546607
0.14,546404
0.15,543317
0.15,542636
0.16,541653
0.16,539981
0.17,538311
0.18,532852
0.18,531537
0.18,523962
0.19,520147
0.2,512634
0.21,511541
0.21,508884
0.21,507711
0.23,507489
0.23,506934
0.23,506780
0.24,502501
0.24,500965
0.27,497301
0.27,496333
0.28,494603
0.3,494084
0.3,493454
0.3,493374
0.32,493274
0.32,490230
0.35,490027
0.35,488256
0.35,487974
0.37,485527
0.37,483369
0.37,479918
0.39,476935
0.4,473434
0.42,472038
0.43,471595
0.43,462814
0.44,462251
0.46,458521
0.47,456375
0.48,454093
0.49,451800
0.5,448977
0.51,446093
0.51,442617
0.52,442601
0.53,441133
0.54,440231
0.54,433283
0.55,432123
0.56,431642
0.57,431580
0.57,426632
0.58,426026
0.59,424557
0.59,422516
0.61,422512
0.62,418912
0.63,416355
0.64,416259
0.64,414417
0.64,409620
0.65,404665
0.65,403889
0.66,399955
0.71,399029
0.72,397967
0.72,396790
0.73,395495
0.73,392216
0.75,390878
0.76,389470
0.76,386741
0.82,386234
0.84,381650
0.84,380601
0.88,380415
0.88,380031
0.88,379801
0.9,375957
0.94,365471
0.99,362942
0.99,361068
1.05,360086
1.09,358819
1.1,356567
1.12,356417
1.13,356229
1.16,352853
1.17,352704
1.18,350550
1.18,347411
1.24,346309
1.28,345114
1.32,342142
1.33,341612
1.33,340122
1.33,340116
1.34,338818
1.35,336580
1.36,335624
1.37,334858
1.38,333327
1.4,333134
1.4,332653
1.43,332030
1.48,331805
1.48,331473
1.5,329480
1.53,328714
1.54,327667
1.55,326474
1.57,321023
1.57,320987
1.58,318126
1.58,318010
1.62,317590
1.63,316217
1.64,314625
1.65,314066
1.66,311079
1.68,310752
1.68,310702
1.69,309157
1.71,308332
1.74,308167
1.77,306635
1.77,304395
1.78,303196
1.78,301626
1.8,301453
1.8,296664
1.86,295124
1.92,292296
1.94,291460
1.95,289683
2.04,288430
2.05,287764
2.05,284478
2.11,282804
2.12,282052
2.16,281899
2.17,280700
2.21,279574
2.23,275628
2.23,275176
2.23,275070
2.24,273389
2.25,272581
2.26,272256
2.27,271973
2.28,268201
2.29,268082
2.29,266373
2.29,265338
2.45,265190
2.45,265075
2.47,264664
2.47,263338
2.49,263115
2.51,262928
2.51,261713
2.52,261237
2.54,259212
2.54,258993
2.56,258946
2.56,258495
2.59,258469
2.59,257868
2.6,255463
2.61,254848
2.64,254586
2.65,250760
2.68,250607
2.71,249059
2.74,248939
2.79,248124
2.81,247888
2.84,244432
2.88,244354
2.88,242363
2.94,242312
2.98,242240
3,242151
3,240809
3,240341
3.01,239924
3.01,238942
3.03,238481
3.04,237614
3.08,236831
3.11,235964
3.13,235752
3.15,232229
3.16,232126
3.22,231472
3.23,231405
3.26,231291
3.31,231229
3.36,230948
3.38,229988
3.48,229886
3.49,227951
3.51,227587
3.57,227138
3.58,225987
3.6,225892
3.68,224996
3.77,224241
3.9,224187
3.91,223956
3.93,222744
3.96,222707
3.97,222554
3.97,221909
4.09,221255
4.14,221239
4.14,220873
4.27,220530
4.29,219937
4.34,219921
4.42,219833
4.43,219244
4.45,218164
4.46,215741
4.66,215306
4.67,213724
4.77,211859
4.88,211412
4.92,210885
4.93,210470
5.09,210365
5.14,210279
5.16,206683
5.35,206555
5.4,205704
5.45,203978
5.54,203893
5.57,203754
5.6,203518
5.64,203386
5.65,203248
5.67,202650
5.67,201365
5.78,201255
5.79,201132
5.82,201036
5.9,199979
5.95,199953
5.98,199689
6.01,198550
6.02,198377
6.02,198236
6.2,197764
6.24,197755
6.24,197491
6.33,196167
6.34,194737
6.36,193942
6.36,193793
6.37,193750
6.47,193248
6.51,193091
6.56,192365
6.64,191867
6.7,191418
6.89,191254
6.93,190641
6.95,190547
6.99,189633
7.05,189595
7.11,187799
7.18,187748
7.23,186680
7.28,186627
7.29,185449
7.39,185392
7.45,184671
7.69,184512
7.69,183442
7.76,182329
7.77,181987
7.98,181173
8.17,180974
8.38,180844
8.43,179720
8.54,178807
8.87,178411
8.9,178072
9.22,177436
9.32,177400
9.38,176846
9.43,175800
9.58,175783
9.66,175483
9.67,174922
9.75,174899
9.83,174738
9.92,173405
9.97,173088
10.07,172980
10.21,172928
10.25,172511
10.29,171729
10.34,171403
10.57,171307
10.66,171107
10.77,170395
11.05,169095
11.13,168984
11.24,168122
11.45,168002
11.58,166704
11.58,162957
11.63,162876
11.71,162569
11.76,162135
11.79,161702
11.97,161392
12.08,161317
12.2,160768
12.26,160595
12.31,159757
12.34,159501
12.36,159484
12.36,159446
12.44,159272
12.48,159088
12.5,158479
12.76,158380
12.98,156285
13.31,156265
13.45,154803
13.59,153955
13.8,152431
14.14,152425
14.44,152234
14.56,152053
14.85,151746
14.93,150607
15.44,150462
15.46,149949
16.06,149508
16.43,149327
16.89,148711
17.31,148608
17.68,148497
17.86,147174
17.92,146953
18.15,146727
18.63,146348
18.97,146340
19.01,145368
19.15,145158
19.17,144932
19.86,144879
