0.01,687627
0.43,677966
0.51,673686
0.52,663040
0.55,633889
0.61,597105
0.64,585462
0.66,528240
0.73,521763
0.74,451635
0.75,446496
0.8,438586
0.81,406461
0.83,406067
0.84,371906
0.86,345536
0.87,330768
0.89,300653
0.91,291643
0.92,290845
0.92,270394
0.93,267132
0.95,256581
0.95,246039
0.96,238715
0.97,230472
0.98,229706
0.99,225890
0.99,217653
1,213588
1.02,212548
1.05,203574
1.05,200961
1.06,197870
1.08,191672
1.09,190725
1.1,189250
1.11,188619
1.16,187367
1.16,186556
1.17,185311
1.18,182726
1.19,182349
1.2,182167
1.22,181679
1.23,181406
1.24,180993
1.25,179883
1.26,179864
1.27,178728
1.29,177773
1.29,177481
1.3,177447
1.31,176966
1.33,176649
1.34,176585
1.35,176434
1.38,175772
1.4,174952
1.43,174572
1.43,174447
1.47,174257
1.47,173554
1.55,173469
1.57,173073
1.63,172881
1.64,172848
1.66,172812
1.78,172703
1.81,172485
1.87,171970
1.99,171657
2.05,171370
2.16,171259
