0.01,723154
0.02,710766
0.06,703768
0.08,688211
0.11,667535
0.55,630158
0.58,610366
0.65,579057
0.72,546308
0.75,508989
0.78,465919
0.81,424741
0.84,397429
0.87,376968
0.88,348980
0.9,345632
0.91,324444
0.92,309077
0.93,283275
0.94,281208
0.96,256691
0.97,253137
0.99,241917
1.01,225089
1.04,219208
1.05,218853
1.06,217575
1.07,211302
1.08,203622
1.09,199276
1.09,193300
1.1,190116
1.11,186235
1.12,184173
1.14,184047
1.15,183601
1.17,182457
1.18,179346
1.19,177513
1.2,177376
1.2,176025
1.21,173377
1.24,168872
1.24,168130
1.25,168073
1.26,167272
1.28,167076
1.29,166653
1.32,166207
1.33,165839
1.36,165581
1.42,165374
1.43,164901
1.44,164428
1.44,163208
1.5,162684
1.51,162673
1.57,162455
1.61,162240
1.62,161708
1.65,161508
1.69,161369
1.71,161346
1.75,161179
1.84,161103
1.9,160948
1.92,160928
1.95,160349
2.35,160072
