0.02,692495
0.02,691967
0.02,682076
0.04,680150
0.04,677812
0.04,676287
0.05,676223
0.05,672961
0.05,667086
0.05,653031
0.07,630970
0.07,629288
0.08,617674
0.09,616398
0.1,607270
0.1,603695
0.1,591808
0.11,590914
0.12,575358
0.12,573250
0.12,571115
0.12,570531
0.13,567848
0.14,564332
0.14,563000
0.14,560278
0.15,559810
0.16,559694
0.16,558895
0.16,553488
0.18,547046
0.18,544000
0.19,543428
0.19,541662
0.2,538509
0.2,536906
0.2,533450
0.21,526176
0.23,525189
0.23,523777
0.24,523284
0.24,523245
0.25,507105
0.26,503823
0.29,497296
0.3,495630
0.31,494768
0.32,494387
0.32,492884
0.34,489680
0.36,488308
0.41,485543
0.42,485407
0.43,484015
0.43,483956
0.46,483359
0.48,483018
0.48,482287
0.5,482090
0.5,481557
0.5,479669
0.5,478804
0.51,478427
0.52,477834
0.52,477472
0.53,477245
0.55,473509
0.55,471125
0.56,471081
0.56,467489
0.57,460908
0.6,456362
0.62,453330
0.63,451854
0.63,450928
0.63,449708
0.64,443638
0.64,441706
0.65,440079
0.67,440009
0.7,438593
0.7,436932
0.72,435730
0.76,434301
0.76,430789
0.79,430730
0.82,427211
0.84,426686
0.89,425433
0.94,424531
1.03,424074
1.03,423724
1.04,419022
1.06,414359
1.06,411749
1.08,400600
1.1,397859
1.14,393977
1.14,391063
1.17,389487
1.18,388691
1.19,388491
1.2,387981
1.21,386837
1.21,384485
1.21,384057
1.22,381261
1.22,380079
1.23,373627
1.23,366864
1.25,366476
1.27,360985
1.28,359589
1.29,355942
1.29,351495
1.3,345011
1.34,344867
1.35,343689
1.36,341452
1.38,341145
1.4,339946
1.43,339747
1.43,339324
1.46,336103
1.49,335247
1.49,332761
1.5,328897
1.51,320841
1.59,320320
1.62,320177
1.62,319749
1.68,315981
1.68,315559
1.7,314736
1.72,314731
1.72,314669
1.72,312861
1.74,311227
1.75,307154
1.78,306684
1.8,302994
1.8,302951
1.83,302854
1.84,302080
1.87,301994
1.88,301358
1.9,300519
1.9,298898
1.92,298199
1.92,298081
1.92,297205
1.96,296739
1.97,296322
1.99,295919
2,295118
2.01,294836
2.02,293863
2.06,293245
2.1,291528
2.12,290175
2.12,286995
2.13,286316
2.16,286050
2.17,285746
2.18,285611
2.21,285511
2.21,282147
2.22,281093
2.28,280417
2.28,279064
2.29,277142
2.35,277122
2.35,274541
2.38,272987
2.39,272883
2.4,272830
2.42,272114
2.45,269753
2.47,267901
2.47,267105
2.55,266037
2.55,264365
2.55,263725
2.57,261060
2.6,259990
2.61,257950
2.67,256427
2.69,256311
2.72,255681
2.75,254088
2.77,252808
2.84,251704
2.85,251528
2.86,251334
2.86,249549
2.97,249259
3.15,248705
3.16,248126
3.2,246629
3.31,246546
3.37,245068
3.43,244249
3.45,242950
3.49,242854
3.55,241767
3.59,240860
3.63,239205
3.64,239109
3.66,237182
3.69,237103
3.7,237089
3.75,236076
3.82,235030
3.86,234004
3.88,232254
3.92,225733
3.95,225649
3.95,224936
4,224863
4.03,224742
4.05,223916
4.09,223893
4.11,223520
4.24,223234
4.24,222998
4.3,222889
4.47,221797
4.59,220591
4.59,220182
4.63,215635
4.65,215399
4.66,215357
4.66,214175
4.69,213595
4.81,213042
4.84,212972
4.93,211537
4.96,211396
5.07,211272
5.08,209847
5.14,208909
5.15,208675
5.26,208610
5.26,207908
5.28,207780
5.35,207602
5.4,207479
5.42,205835
5.58,204194
5.68,203181
5.68,202322
5.75,199777
5.77,199127
5.78,197654
5.78,197498
5.85,197367
5.91,196972
5.97,195477
6.03,194359
6.15,193534
6.27,191639
6.28,190082
6.34,189003
6.47,188043
6.54,187937
6.55,187895
6.63,187843
6.64,187705
6.64,187573
6.64,186988
6.83,186899
6.85,185898
6.99,185406
7,185301
7.03,185038
7.04,184151
7.16,183602
7.26,183466
7.38,182243
7.45,181912
7.58,180637
7.59,180524
7.6,180505
7.67,180463
7.8,179695
7.81,179543
7.81,179338
7.82,178248
7.88,177827
8.04,176864
8.04,176407
8.1,176105
8.12,175412
8.17,175344
8.24,174299
8.25,173395
8.28,172041
8.32,171941
8.33,171759
8.34,171499
8.41,171121
8.64,171104
8.66,170630
8.68,170219
8.71,169037
8.9,168212
8.9,168007
9.12,166453
9.39,166419
9.41,166411
9.42,166251
9.44,164914
9.49,163456
9.61,163399
9.64,163164
9.81,161919
10.07,161012
10.28,160990
10.36,160976
10.43,160639
10.87,160217
11.07,159764
11.28,159618
11.48,152850
11.71,152786
11.74,152346
12.11,151761
12.29,151491
12.63,151281
12.82,150307
12.99,150214
13.35,149427
13.82,149128
14.46,148955
14.73,148918
14.76,148510
15.14,148498
15.36,148452
15.37,148361
15.63,148226
16.03,147945
16.32,147674
17.38,146604
17.86,146340
18.2,145812
18.39,145485
18.62,145326
19.36,145082
19.61,144928
19.71,144894
0.03,692495
0.03,691967
0.03,682076
0.05,680150
0.05,677812
0.06,676287
0.06,676223
0.07,672961
0.07,667086
0.07,653031
0.09,630970
0.09,629288
0.11,617674
0.11,616398
0.12,607270
0.13,603695
0.13,591808
0.14,590914
0.15,575358
0.15,573250
0.15,571115
0.15,570531
0.16,567848
0.17,564332
0.17,563000
0.18,560278
0.18,559810
0.19,559694
0.2,558895
0.2,553488
0.22,547046
0.22,544000
0.23,543428
0.25,541662
0.25,538509
0.26,536906
0.27,533450
0.27,526176
0.31,525189
0.31,523777
0.32,523284
0.33,523245
0.34,507105
0.36,503823
0.39,497296
0.44,495630
0.46,494768
0.46,494387
0.46,492884
0.5,489680
0.52,488308
0.58,485543
0.6,485407
0.61,484015
0.61,483956
0.64,483359
0.67,483018
0.67,482287
0.68,482090
0.68,481557
0.68,479669
0.69,478804
0.69,478427
0.7,477834
0.71,477472
0.71,477245
0.74,473509
0.75,471125
0.75,471081
0.76,467489
0.76,460908
0.8,456362
0.82,453330
0.83,451854
0.84,450928
0.84,449708
0.84,443638
0.85,441706
0.86,440079
0.89,440009
0.91,438593
0.91,436932
0.93,435730
0.97,434301
0.98,430789
1,430730
1.03,427211
1.04,426686
1.08,425433
1.09,424531
1.13,424074
1.13,423724
1.13,419022
1.14,414359
1.15,411749
1.17,400600
1.2,397859
1.23,393977
1.23,391063
1.26,389487
1.27,388691
1.29,388491
1.29,387981
1.3,386837
1.3,384485
1.31,384057
1.32,381261
1.32,380079
1.32,373627
1.33,366864
1.34,366476
1.36,360985
1.37,359589
1.38,355942
1.38,351495
1.39,345011
1.43,344867
1.44,343689
1.46,341452
1.48,341145
1.52,339946
1.56,339747
1.56,339324
1.6,336103
1.64,335247
1.65,332761
1.67,328897
1.68,320841
1.77,320320
1.8,320177
1.8,319749
1.87,315981
1.88,315559
1.91,314736
1.93,314731
1.94,314669
1.94,312861
1.96,311227
1.98,307154
2.02,306684
2.05,302994
2.06,302951
2.1,302854
2.11,302080
2.16,301994
2.17,301358
2.19,300519
2.19,298898
2.24,298199
2.24,298081
2.25,297205
2.3,296739
2.31,296322
2.34,295919
2.36,295118
2.38,294836
2.4,293863
2.45,293245
2.49,291528
2.52,290175
2.52,286995
2.54,286316
2.58,286050
2.59,285746
2.6,285611
2.63,285511
2.64,282147
2.64,281093
2.7,280417
2.71,279064
2.72,277142
2.78,277122
2.78,274541
2.81,272987
2.83,272883
2.84,272830
2.85,272114
2.9,269753
2.92,267901
2.94,267105
3.13,266037
3.13,264365
3.14,263725
3.16,261060
3.23,259990
3.24,257950
3.33,256427
3.37,256311
3.44,255681
3.49,254088
3.52,252808
3.72,251704
3.73,251528
3.74,251334
3.75,249549
3.88,249259
4.17,248705
4.18,248126
4.24,246629
4.38,246546
4.47,245068
4.55,244249
4.56,242950
4.66,242854
4.76,241767
4.81,240860
4.86,239205
4.87,239109
4.9,237182
4.92,237103
4.93,237089
4.99,236076
5.06,235030
5.1,234004
5.13,232254
5.18,225733
5.21,225649
5.21,224936
5.26,224863
5.29,224742
5.31,223916
5.35,223893
5.36,223520
5.49,223234
5.49,222998
5.55,222889
5.76,221797
5.87,220591
5.88,220182
5.92,215635
5.94,215399
5.95,215357
5.95,214175
5.98,213595
6.09,213042
6.12,212972
6.24,211537
6.27,211396
6.42,211272
6.45,209847
6.51,208909
6.53,208675
6.65,208610
6.66,207908
6.68,207780
6.76,207602
6.81,207479
6.83,205835
7.01,204194
7.14,203181
7.14,202322
7.22,199777
7.25,199127
7.26,197654
7.26,197498
7.35,197367
7.45,196972
7.55,195477
7.63,194359
7.77,193534
7.91,191639
7.93,190082
8.02,189003
8.18,188043
8.27,187937
8.28,187895
8.38,187843
8.39,187705
8.39,187573
8.39,186988
8.66,186899
8.68,185898
8.88,185406
8.9,185301
8.95,185038
8.95,184151
9.12,183602
9.23,183466
9.35,182243
9.45,181912
9.63,180637
9.64,180524
9.66,180505
9.75,180463
9.92,179695
9.93,179543
9.93,179338
9.95,178248
10.03,177827
10.22,176864
10.22,176407
10.31,176105
10.33,175412
10.39,175344
10.47,174299
10.48,173395
10.52,172041
10.56,171941
10.57,171759
10.59,171499
10.76,171121
11.21,171104
11.25,170630
11.29,170219
11.33,169037
11.58,168212
11.58,168007
11.87,166453
12.34,166419
12.36,166411
12.37,166251
12.4,164914
12.46,163456
12.58,163399
12.62,163164
12.81,161919
13.1,161012
13.32,160990
13.4,160976
13.49,160639
13.97,160217
14.21,159764
14.42,159618
14.67,152850
14.95,152786
14.98,152346
15.33,151761
15.51,151491
15.83,151281
16.01,150307
16.18,150214
16.5,149427
17,149128
17.75,148955
18.17,148918
18.2,148510
18.58,148498
18.81,148452
18.82,148361
19.08,148226
19.49,147945
19.79,147674
