0.02,692495
0.02,690072
0.03,678605
0.03,673279
0.04,672888
0.04,661393
0.04,659915
0.04,651545
0.04,646849
0.06,645767
0.07,644879
0.07,640590
0.08,633347
0.08,631922
0.09,627609
0.09,621060
0.1,608477
0.11,604959
0.11,601686
0.11,598005
0.11,591800
0.12,587207
0.13,581667
0.14,581016
0.15,580564
0.15,577517
0.15,575171
0.17,574316
0.17,571639
0.17,570293
0.18,568955
0.18,567181
0.19,562181
0.19,555805
0.19,555558
0.2,552822
0.21,548675
0.21,548411
0.21,548114
0.22,545608
0.22,543218
0.23,536484
0.24,534974
0.24,534903
0.25,532385
0.26,526514
0.29,524264
0.3,520379
0.31,515357
0.31,514217
0.33,513975
0.33,509516
0.34,509073
0.34,508546
0.34,507633
0.34,504175
0.35,499215
0.36,497030
0.37,493697
0.38,489492
0.38,489124
0.4,480973
0.42,480244
0.42,478770
0.44,478109
0.46,476213
0.46,467817
0.46,467677
0.48,455248
0.51,455222
0.51,451449
0.54,451373
0.55,446949
0.55,446093
0.55,443414
0.58,443251
0.58,437802
0.6,437798
0.61,432499
0.62,432450
0.64,432392
0.64,428513
0.68,427414
0.68,426322
0.69,425093
0.71,423505
0.72,420123
0.72,413785
0.74,410142
0.76,409889
0.76,409050
0.76,404338
0.77,401028
0.77,399329
0.79,398194
0.79,392053
0.86,391954
0.86,391877
0.87,390915
0.87,389191
0.89,384529
0.9,384234
0.92,380143
0.95,379767
1,379407
1.01,378689
1.03,377571
1.08,377163
1.08,376079
1.09,372896
1.11,371056
1.11,370789
1.12,368737
1.16,368169
1.17,367147
1.17,366215
1.2,366043
1.21,364923
1.23,364842
1.24,363568
1.3,363517
1.3,361131
1.32,360131
1.33,358544
1.33,356647
1.34,356120
1.34,355553
1.35,350246
1.36,347404
1.38,345293
1.43,345068
1.43,344821
1.44,342432
1.46,341569
1.48,340718
1.5,340167
1.5,339540
1.51,337570
1.53,336586
1.54,335345
1.55,335206
1.56,334959
1.57,332787
1.58,331830
1.63,331086
1.64,329387
1.65,328932
1.67,328592
1.68,328344
1.69,325727
1.7,322132
1.71,322115
1.72,318734
1.72,317187
1.74,314644
1.75,314586
1.75,313123
1.76,310467
1.77,309541
1.79,308897
1.83,308258
1.85,301770
1.86,301312
1.86,301054
1.87,300760
1.88,300749
1.88,299824
1.9,297866
1.92,296094
1.93,293441
1.93,291514
1.93,288559
1.96,287310
1.98,286362
2.04,284973
2.06,284816
2.06,284326
2.07,283281
2.08,281629
2.11,281159
2.11,280904
2.14,275678
2.23,274990
2.23,273099
2.26,272584
2.3,270935
2.32,270768
2.39,270602
2.41,269412
2.44,269356
2.47,267471
2.49,266485
2.5,266191
2.51,265972
2.52,265914
2.52,264784
2.54,264478
2.55,261786
2.56,261710
2.6,259697
2.64,256901
2.69,256682
2.69,256484
2.71,255545
2.83,255370
2.83,255209
2.84,254255
2.91,254238
2.93,254077
2.95,254031
2.98,253446
3.02,250960
3.03,249691
3.07,248448
3.14,247878
3.15,247442
3.15,246977
3.17,246026
3.21,245316
3.26,245166
3.27,244819
3.29,244138
3.3,241578
3.32,240668
3.37,240368
3.44,239569
3.46,239199
3.48,238748
3.48,238338
3.49,237430
3.51,237269
3.53,236936
3.54,236598
3.55,231161
3.63,230943
3.69,230892
3.73,229804
3.74,229699
3.86,228459
3.93,227956
3.96,227953
3.99,227685
4.01,226915
4.02,226535
4.03,226451
4.08,225774
4.11,223548
4.13,221816
4.18,218883
4.2,216305
4.24,216135
4.26,215910
4.27,214825
4.33,213843
4.42,212919
4.43,212412
4.48,212341
4.49,212004
4.56,210367
4.62,210131
4.64,208045
4.65,207593
4.71,206204
4.8,205944
4.81,205250
4.89,204013
4.91,203731
4.93,203307
4.93,203080
4.95,202785
5.01,202391
5.04,202347
5.06,202066
5.09,201942
5.12,201843
5.13,201572
5.23,201453
5.24,201427
5.26,200591
5.27,198876
5.41,198772
5.42,198284
5.43,198052
5.45,197733
5.49,197173
5.51,196637
5.51,195771
5.53,194406
5.55,194387
5.57,194244
5.67,193851
5.72,193416
5.79,193264
5.82,189589
5.9,189297
5.98,187070
6.05,185818
6.16,184770
6.17,184460
6.19,183805
6.27,183773
6.29,183495
6.39,183223
6.41,181530
6.44,181466
6.54,181295
6.64,179470
6.78,179287
6.82,177997
6.97,177194
7.01,175080
7.02,174009
7.25,173746
7.26,173707
7.33,173524
7.36,173414
7.43,169674
7.46,169502
7.46,169404
7.53,168764
7.68,168468
7.87,168372
7.92,168094
8.02,166782
8.24,166680
8.31,166465
8.32,166228
8.44,166156
8.46,165317
8.69,163733
8.76,163355
9.02,163316
9.1,163246
9.28,162516
9.33,162506
9.35,162210
9.4,161228
9.61,160717
9.63,160655
9.67,160410
9.85,160163
9.94,159652
10.08,159563
10.08,159382
10.17,158433
10.39,158014
10.45,156412
11.06,156380
11.15,156363
11.16,156238
11.45,156134
11.53,154733
11.61,154614
11.64,154588
11.67,153912
12.19,153324
12.25,152957
12.74,152734
13.06,152675
13.09,152311
13.22,151519
13.37,150703
13.67,150564
13.68,150504
13.79,150141
13.95,149453
14.18,149220
14.29,148083
14.82,148023
15.15,147747
15.32,147610
15.83,147315
16.18,147311
16.21,147295
16.32,147291
16.35,146980
16.71,146939
16.86,146761
16.89,146616
16.96,146380
17.04,145912
17.33,145615
17.76,145350
17.77,145234
17.96,145163
17.99,144888
18.4,144734
18.54,144530
18.64,144374
19.2,143922
19.62,143754
19.68,143542
0.02,692495
0.02,690072
0.03,678605
0.03,673279
0.04,672888
0.04,661393
0.04,659915
0.04,651545
0.04,646849
0.06,645767
0.07,644879
0.07,640590
0.08,633347
0.08,631922
0.08,627609
0.09,621060
0.1,608477
0.11,604959
0.11,601686
0.11,598005
0.11,591800
0.12,587207
0.13,581667
0.14,581016
0.15,580564
0.15,577517
0.15,575171
0.16,574316
0.17,571639
0.17,570293
0.18,568955
0.18,567181
0.18,562181
0.18,555805
0.19,555558
0.2,552822
0.2,548675
0.21,548411
0.21,548114
0.22,545608
0.22,543218
0.22,536484
0.24,534974
0.24,534903
0.24,532385
0.25,526514
0.28,524264
0.3,520379
0.3,515357
0.31,514217
0.32,513975
0.32,509516
0.33,509073
0.33,508546
0.33,507633
0.34,504175
0.34,499215
0.35,497030
0.36,493697
0.37,489492
0.37,489124
0.39,480973
0.4,480244
0.41,478770
0.43,478109
0.45,476213
0.45,467817
0.45,467677
0.47,455248
0.49,455222
0.5,451449
0.53,451373
0.53,446949
0.53,446093
0.54,443414
0.56,443251
0.56,437802
0.58,437798
0.6,432499
0.6,432450
0.62,432392
0.63,428513
0.66,427414
0.66,426322
0.67,425093
0.7,423505
0.7,420123
0.7,413785
0.72,410142
0.74,409889
0.75,409050
0.75,404338
0.75,401028
0.76,399329
0.77,398194
0.77,392053
0.81,391954
0.81,391877
0.82,390915
0.82,389191
0.83,384529
0.85,384234
0.86,380143
0.89,379767
0.93,379407
0.94,378689
0.96,377571
1,377163
1,376079
1.01,372896
1.02,371056
1.02,370789
1.03,368737
1.07,368169
1.08,367147
1.08,366215
1.12,366043
1.12,364923
1.14,364842
1.16,363568
1.21,363517
1.21,361131
1.24,360131
1.24,358544
1.24,356647
1.25,356120
1.26,355553
1.27,350246
1.27,347404
1.3,345293
1.34,345068
1.34,344821
1.35,342432
1.37,341569
1.39,340718
1.4,340167
1.4,339540
1.42,337570
1.43,336586
1.45,335345
1.46,335206
1.47,334959
1.48,332787
1.49,331830
1.53,331086
1.53,329387
1.55,328932
1.56,328592
1.57,328344
1.59,325727
1.6,322132
1.6,322115
1.61,318734
1.61,317187
1.64,314644
1.64,314586
1.64,313123
1.66,310467
1.67,309541
1.68,308897
1.72,308258
1.74,301770
1.75,301312
1.75,301054
1.76,300760
1.77,300749
1.77,299824
1.78,297866
1.8,296094
1.81,293441
1.81,291514
1.82,288559
1.85,287310
1.86,286362
1.93,284973
1.94,284816
1.95,284326
1.95,283281
1.97,281629
2,281159
2,280904
2.02,275678
2.11,274990
2.11,273099
2.15,272584
2.18,270935
2.2,270768
2.27,270602
2.29,269412
2.32,269356
2.34,267471
2.36,266485
2.38,266191
2.39,265972
2.39,265914
2.4,264784
2.42,264478
2.43,261786
2.44,261710
2.48,259697
2.51,256901
2.57,256682
2.57,256484
2.58,255545
2.7,255370
2.71,255209
2.72,254255
2.78,254238
2.81,254077
2.83,254031
2.85,253446
2.9,250960
2.9,249691
2.94,248448
3.01,247878
3.01,247442
3.02,246977
3.04,246026
3.08,245316
3.13,245166
3.13,244819
3.16,244138
3.17,241578
3.19,240668
3.23,240368
3.3,239569
3.32,239199
3.34,238748
3.35,238338
3.35,237430
3.37,237269
3.4,236936
3.4,236598
3.41,231161
3.49,230943
3.51,230892
3.54,229804
3.54,229699
3.63,228459
3.68,227956
3.7,227953
3.73,227685
3.75,226915
3.76,226535
3.77,226451
3.82,225774
3.84,223548
3.86,221816
3.91,218883
3.94,216305
3.98,216135
3.99,215910
4,214825
4.06,213843
4.16,212919
4.17,212412
4.21,212341
4.22,212004
4.29,210367
4.35,210131
4.37,208045
4.38,207593
4.44,206204
4.53,205944
4.53,205250
4.61,204013
4.63,203731
4.64,203307
4.65,203080
4.67,202785
4.72,202391
4.75,202347
4.78,202066
4.8,201942
4.83,201843
4.84,201572
4.93,201453
4.94,201427
4.96,200591
4.96,198876
5.07,198772
5.08,198284
5.09,198052
5.11,197733
5.15,197173
5.17,196637
5.17,195771
5.2,194406
5.22,194387
5.24,194244
5.34,193851
5.38,193416
5.45,193264
5.47,189589
5.57,189297
5.65,187070
5.72,185818
5.82,184770
5.83,184460
5.85,183805
5.92,183773
5.95,183495
6.02,183223
6.04,181530
6.07,181466
6.14,181295
6.21,179470
6.33,179287
6.37,177997
6.51,177194
6.55,175080
6.55,174009
6.75,173746
6.76,173707
6.83,173524
6.86,173414
6.93,169674
6.95,169502
6.96,169404
7.02,168764
7.16,168468
7.32,168372
7.37,168094
7.47,166782
7.65,166680
7.71,166465
7.72,166228
7.83,166156
7.84,165317
8.05,163733
8.11,163355
8.35,163316
8.43,163246
8.59,162516
8.64,162506
8.66,162210
8.71,161228
8.92,160717
8.94,160655
8.98,160410
9.15,160163
9.22,159652
9.35,159563
9.35,159382
9.44,158433
9.62,158014
9.67,156412
10.25,156380
10.33,156363
10.34,156238
10.6,156134
10.67,154733
10.74,154614
10.77,154588
10.8,153912
11.26,153324
11.33,152957
11.87,152734
12.28,152675
12.31,152311
12.45,151519
12.61,150703
12.92,150564
12.92,150504
13.01,150141
13.15,149453
13.39,149220
13.49,148083
14.06,148023
14.42,147747
14.57,147610
15.13,147315
15.48,147311
15.52,147295
15.64,147291
15.66,146980
16.05,146939
16.22,146761
16.25,146616
16.34,146380
16.42,145912
16.71,145615
17.16,145350
17.18,145234
17.36,145163
17.4,144888
17.84,144734
17.98,144530
18.08,144374
18.79,143922
19.41,143754
19.5,143542
