0.12,717880
0.12,693916
0.25,674036
0.43,673901
0.51,673610
0.56,659854
0.57,651473
0.58,641932
0.59,629516
0.63,629463
0.65,621380
0.66,611028
0.68,528476
0.73,461275
0.76,450966
0.79,414356
0.82,409010
0.82,406873
0.83,383774
0.85,370882
0.86,341957
0.87,323129
0.89,299208
0.92,269557
0.95,258784
0.96,240417
0.99,240110
0.99,233319
1,228252
1.01,223983
1.02,215912
1.02,204769
1.04,201835
1.05,200998
1.05,198220
1.07,192179
1.09,190576
1.1,186371
1.11,184477
1.12,183617
1.12,179542
1.13,178593
1.16,178309
1.17,178294
1.18,177840
1.19,176929
1.2,175335
1.21,175178
1.22,174107
1.23,171869
1.24,169800
1.25,168607
1.26,168155
1.26,168074
1.28,166198
1.29,164527
1.29,164477
1.3,164248
1.31,161172
1.32,160621
1.33,159555
1.34,158435
1.36,158138
1.38,157752
1.44,157285
1.47,157052
1.48,156978
1.54,156674
1.55,156645
1.57,156242
1.64,156229
1.68,156181
1.69,156067
1.73,155923
1.73,155521
2.33,155498
