0.02,692495
0.02,688667
0.03,688059
0.03,686107
0.04,684981
0.04,680783
0.05,678958
0.05,675555
0.05,674353
0.05,669712
0.05,667882
0.06,667813
0.06,663146
0.08,662089
0.08,657538
0.08,647307
0.1,643471
0.1,643281
0.11,636515
0.12,631668
0.12,629342
0.13,627126
0.15,621085
0.15,620013
0.16,609824
0.16,597557
0.16,597398
0.17,592612
0.18,591237
0.19,588210
0.2,581715
0.2,580367
0.21,576242
0.21,565448
0.23,560547
0.23,548044
0.25,547820
0.25,545442
0.26,541635
0.26,537271
0.29,535833
0.3,527196
0.31,519261
0.32,518014
0.33,517349
0.33,515842
0.36,512032
0.36,503718
0.37,500350
0.38,499326
0.39,498986
0.39,495555
0.39,484920
0.39,484588
0.4,483507
0.4,480532
0.41,475759
0.41,474861
0.42,472395
0.43,463968
0.46,458384
0.47,456761
0.47,455356
0.49,454513
0.49,453601
0.5,445778
0.53,445171
0.55,444721
0.56,444130
0.57,437579
0.57,435062
0.58,434691
0.58,433774
0.59,423165
0.65,418671
0.69,418337
0.71,409858
0.72,408356
0.73,404953
0.76,402677
0.77,397024
0.79,395045
0.8,393201
0.81,390631
0.86,388791
0.92,385675
0.99,385649
1.02,385453
1.08,384283
1.08,384211
1.09,383444
1.1,383063
1.1,381095
1.11,379286
1.12,378799
1.12,376398
1.13,376242
1.17,375968
1.19,368951
1.2,366445
1.21,366393
1.22,364750
1.23,360471
1.24,357193
1.26,355580
1.29,355357
1.29,355151
1.3,350808
1.31,346032
1.34,345623
1.35,344476
1.37,344347
1.38,344108
1.38,341036
1.41,335221
1.41,334775
1.41,334065
1.43,331745
1.46,330829
1.46,330353
1.51,330287
1.55,327322
1.56,326328
1.57,325102
1.62,322987
1.64,322551
1.66,322192
1.69,319486
1.69,318988
1.7,318438
1.7,318212
1.71,311564
1.73,311309
1.75,309105
1.78,308580
1.78,305812
1.84,303817
1.85,301628
1.91,300813
1.91,300753
1.92,299344
1.93,298092
1.95,297276
1.96,295898
2,291840
2.08,291647
2.13,290943
2.13,289499
2.14,287087
2.27,286593
2.3,286380
2.32,283462
2.38,282750
2.39,282464
2.4,280654
2.44,279416
2.49,278731
2.49,275439
2.52,274308
2.57,271885
2.57,271659
2.6,270781
2.65,270192
2.68,268804
2.69,268707
2.73,268503
2.82,267399
2.85,266589
2.87,266464
2.9,265099
2.91,264434
2.97,262189
2.97,262075
2.98,262058
3,261620
3.03,260434
3.03,260028
3.09,259754
3.12,259325
3.17,259097
3.19,258405
3.19,255704
3.21,255550
3.22,254898
3.22,254507
3.24,252290
3.27,251924
3.28,251724
3.31,250767
3.34,250599
3.35,249840
3.37,248436
3.42,247433
3.47,244375
3.55,243329
3.55,242994
3.69,241649
3.7,241423
3.79,239175
3.95,237791
4,237369
4,237095
4,236836
4.01,236272
4.04,235888
4.09,234167
4.17,233256
4.23,233137
4.31,232580
4.34,232111
4.34,230753
4.35,230295
4.38,225760
4.38,224474
4.44,224248
4.49,222154
4.58,221382
4.6,221279
4.68,220043
4.69,219751
4.72,217600
4.73,216961
4.89,216721
4.9,215114
4.95,214794
4.95,214754
4.95,214500
4.97,213522
4.98,212904
4.99,212900
5.03,212569
5.03,212439
5.03,209920
5.09,209631
5.1,209072
5.12,208202
5.14,206939
5.16,206695
5.18,206670
5.2,205505
5.22,205377
5.22,204585
5.29,204512
5.32,204071
5.33,203868
5.44,203217
5.53,202759
5.55,202326
5.57,202082
5.59,201595
5.62,200483
5.66,198777
5.74,197645
5.83,197502
5.91,194872
5.97,194805
5.98,194768
6.08,194309
6.14,193026
6.15,192922
6.19,192399
6.21,191932
6.24,190413
6.34,190373
6.36,189890
6.38,189867
6.39,189744
6.4,188458
6.53,188191
6.54,188112
6.56,187356
6.59,186306
6.64,185734
6.66,185398
6.67,184900
6.72,184182
6.72,183677
6.83,183521
6.83,183141
6.85,181934
6.91,181901
6.95,181537
7,181487
7.09,180984
7.11,180812
7.16,180442
7.21,180274
7.22,180073
7.28,179820
7.4,179632
7.4,179563
7.43,179444
7.44,179354
7.49,178271
7.52,178212
7.61,178107
7.64,177447
7.76,177366
7.87,177206
7.89,177101
7.91,174956
8.27,174175
8.31,173961
8.32,173714
8.37,173063
8.45,172758
8.56,172309
8.57,172292
8.6,171426
8.61,171372
8.74,171303
8.8,170931
8.86,170541
8.9,170488
8.96,170433
8.97,170377
8.98,170256
8.99,170160
9.04,169400
9.14,167640
9.21,167456
9.24,167197
9.29,166749
9.34,166306
9.41,165349
9.48,164998
9.63,164511
9.77,164130
10.12,163859
10.12,163809
10.19,162526
10.29,162301
10.46,161432
10.55,161274
10.61,161140
10.63,161079
10.65,159929
10.8,159817
10.81,159385
10.86,159328
11.25,159289
11.41,159010
11.63,158674
11.66,158484
11.7,158352
12.12,157672
12.31,157494
12.65,157154
12.67,156280
12.71,154978
12.85,154708
13.21,153855
13.37,153629
13.68,153476
13.71,153111
14.87,152654
15.43,152399
15.76,151819
16.45,151735
16.59,151722
16.83,151410
17.32,151402
17.35,151166
17.72,151062
17.77,150515
17.94,150411
18.32,150258
18.32,149918
18.36,149561
18.51,149485
18.67,148586
19.15,147270
19.57,146971
19.63,146780
19.75,146652
19.92,145820
0.03,692495
0.03,688667
0.04,688059
0.04,686107
0.05,684981
0.06,680783
0.06,678958
0.07,675555
0.07,674353
0.07,669712
0.08,667882
0.08,667813
0.09,663146
0.11,662089
0.11,657538
0.12,647307
0.14,643471
0.14,643281
0.15,636515
0.17,631668
0.17,629342
0.19,627126
0.22,621085
0.24,620013
0.24,609824
0.25,597557
0.25,597398
0.27,592612
0.28,591237
0.29,588210
0.31,581715
0.32,580367
0.34,576242
0.34,565448
0.37,560547
0.37,548044
0.4,547820
0.4,545442
0.42,541635
0.42,537271
0.47,535833
0.48,527196
0.49,519261
0.5,518014
0.51,517349
0.52,515842
0.56,512032
0.57,503718
0.59,500350
0.61,499326
0.61,498986
0.62,495555
0.62,484920
0.62,484588
0.62,483507
0.63,480532
0.65,475759
0.66,474861
0.68,472395
0.68,463968
0.73,458384
0.74,456761
0.74,455356
0.76,454513
0.76,453601
0.77,445778
0.82,445171
0.84,444721
0.85,444130
0.86,437579
0.87,435062
0.87,434691
0.88,433774
0.88,423165
0.96,418671
1.02,418337
1.07,409858
1.09,408356
1.11,404953
1.16,402677
1.21,397024
1.23,395045
1.24,393201
1.25,390631
1.31,388791
1.34,385675
1.4,385649
1.41,385453
1.46,384283
1.47,384211
1.47,383444
1.48,383063
1.48,381095
1.5,379286
1.51,378799
1.51,376398
1.52,376242
1.58,375968
1.6,368951
1.61,366445
1.63,366393
1.64,364750
1.65,360471
1.66,357193
1.68,355580
1.73,355357
1.73,355151
1.74,350808
1.75,346032
1.78,345623
1.78,344476
1.82,344347
1.82,344108
1.83,341036
1.87,335221
1.88,334775
1.88,334065
1.91,331745
1.95,330829
1.97,330353
2.08,330287
2.14,327322
2.19,326328
2.2,325102
2.34,322987
2.38,322551
2.43,322192
2.47,319486
2.47,318988
2.49,318438
2.49,318212
2.51,311564
2.53,311309
2.56,309105
2.61,308580
2.61,305812
2.72,303817
2.73,301628
2.83,300813
2.84,300753
2.85,299344
2.87,298092
2.91,297276
2.91,295898
3,291840
3.18,291647
3.3,290943
3.31,289499
3.31,287087
3.49,286593
3.53,286380
3.55,283462
3.63,282750
3.65,282464
3.67,280654
3.76,279416
3.92,278731
3.92,275439
4.01,274308
4.11,271885
4.12,271659
4.24,270781
4.53,270192
4.61,268804
4.71,268707
4.86,268503
5.24,267399
5.32,266589
5.43,266464
5.48,265099
5.5,264434
5.62,262189
5.63,262075
5.64,262058
5.66,261620
5.72,260434
5.73,260028
5.87,259754
5.95,259325
6.09,259097
6.11,258405
6.12,255704
6.14,255550
6.15,254898
6.16,254507
6.2,252290
6.25,251924
6.29,251724
6.33,250767
6.43,250599
6.46,249840
6.5,248436
6.61,247433
6.68,244375
6.75,243329
6.76,242994
6.89,241649
6.91,241423
7,239175
7.21,237791
7.28,237369
7.29,237095
7.29,236836
7.32,236272
7.35,235888
7.41,234167
7.5,233256
7.58,233137
7.67,232580
7.72,232111
7.72,230753
7.73,230295
7.77,225760
7.77,224474
7.86,224248
7.91,222154
8.01,221382
8.02,221279
8.11,220043
8.12,219751
8.16,217600
8.17,216961
8.33,216721
8.33,215114
8.39,214794
8.39,214754
8.39,214500
8.41,213522
8.42,212904
8.43,212900
8.47,212569
8.48,212439
8.48,209920
8.54,209631
8.55,209072
8.57,208202
8.6,206939
8.62,206695
8.64,206670
8.66,205505
8.69,205377
8.69,204585
8.76,204512
8.79,204071
8.8,203868
8.92,203217
9.01,202759
9.04,202326
9.07,202082
9.09,201595
9.12,200483
9.17,198777
9.25,197645
9.35,197502
9.43,194872
9.5,194805
9.51,194768
9.64,194309
9.71,193026
9.73,192922
9.77,192399
9.8,191932
9.83,190413
9.94,190373
9.97,189890
10.01,189867
10.03,189744
10.04,188458
10.2,188191
10.22,188112
10.24,187356
10.28,186306
10.35,185734
10.36,185398
10.37,184900
10.42,184182
10.43,183677
10.55,183521
10.55,183141
10.57,181934
10.64,181901
10.69,181537
10.74,181487
10.84,180984
10.87,180812
10.93,180442
10.98,180274
10.99,180073
11.06,179820
11.19,179632
11.19,179563
11.22,179444
11.23,179354
11.28,178271
11.32,178212
11.43,178107
11.46,177447
11.6,177366
11.73,177206
11.75,177101
11.78,174956
12.23,174175
12.3,173961
12.32,173714
12.37,173063
12.47,172758
12.59,172309
12.6,172292
12.63,171426
12.65,171372
12.77,171303
12.83,170931
12.9,170541
12.93,170488
12.99,170433
13,170377
13.02,170256
13.02,170160
13.06,169400
13.17,167640
13.23,167456
13.26,167197
13.31,166749
13.36,166306
13.43,165349
13.5,164998
13.66,164511
13.8,164130
14.17,163859
14.17,163809
14.25,162526
14.34,162301
14.5,161432
14.59,161274
14.66,161140
14.68,161079
14.71,159929
14.86,159817
14.87,159385
14.92,159328
15.03,159289
15.15,159010
15.27,158674
15.29,158484
15.32,158352
15.4,157672
15.42,157494
15.48,157154
15.49,156280
15.52,154978
15.6,154708
15.72,153855
15.78,153629
15.84,153476
15.84,153111
16.18,152654
16.36,152399
16.41,151819
16.89,151735
17.04,151722
17.27,151410
17.77,151402
17.8,151166
18.16,151062
18.22,150515
18.45,150411
18.86,150258
18.86,149918
18.92,149561
19.1,149485
19.28,148586
19.8,147270
